[1.035s] Invoking command in '/home/julien/Documents/ros/robot_arm/ros2_ws_robot/src/prog_robot': PYTHONPATH=/home/julien/Documents/ros/robot_arm/ros2_ws_robot/build/prog_robot/prefix_override:/home/julien/Documents/ros/robot_arm/ros2_ws_robot/install/prog_robot/lib/python3.10/site-packages:${PYTHONPATH} /usr/bin/python3 setup.py egg_info --egg-base ../../build/prog_robot build --build-base /home/julien/Documents/ros/robot_arm/ros2_ws_robot/build/prog_robot/build install --record /home/julien/Documents/ros/robot_arm/ros2_ws_robot/build/prog_robot/install.log --single-version-externally-managed
[1.393s] running egg_info
[1.393s] writing ../../build/prog_robot/prog_robot.egg-info/PKG-INFO
[1.394s] writing dependency_links to ../../build/prog_robot/prog_robot.egg-info/dependency_links.txt
[1.394s] writing entry points to ../../build/prog_robot/prog_robot.egg-info/entry_points.txt
[1.394s] writing requirements to ../../build/prog_robot/prog_robot.egg-info/requires.txt
[1.394s] writing top-level names to ../../build/prog_robot/prog_robot.egg-info/top_level.txt
[1.397s] reading manifest file '../../build/prog_robot/prog_robot.egg-info/SOURCES.txt'
[1.398s] writing manifest file '../../build/prog_robot/prog_robot.egg-info/SOURCES.txt'
[1.398s] running build
[1.398s] running build_py
[1.398s] running install
[1.399s] running install_lib
[1.401s] running install_data
[1.401s] copying launch/simu.launch.py -> /home/julien/Documents/ros/robot_arm/ros2_ws_robot/install/prog_robot/share/prog_robot
[1.402s] running install_egg_info
[1.403s] removing '/home/julien/Documents/ros/robot_arm/ros2_ws_robot/install/prog_robot/lib/python3.10/site-packages/prog_robot-0.0.0-py3.10.egg-info' (and everything under it)
[1.408s] Copying ../../build/prog_robot/prog_robot.egg-info to /home/julien/Documents/ros/robot_arm/ros2_ws_robot/install/prog_robot/lib/python3.10/site-packages/prog_robot-0.0.0-py3.10.egg-info
[1.408s] running install_scripts
[1.432s] Installing go_home script to /home/julien/Documents/ros/robot_arm/ros2_ws_robot/install/prog_robot/lib/prog_robot
[1.432s] Installing move script to /home/julien/Documents/ros/robot_arm/ros2_ws_robot/install/prog_robot/lib/prog_robot
[1.433s] Installing pub_to_arduino script to /home/julien/Documents/ros/robot_arm/ros2_ws_robot/install/prog_robot/lib/prog_robot
[1.433s] writing list of installed files to '/home/julien/Documents/ros/robot_arm/ros2_ws_robot/build/prog_robot/install.log'
[1.469s] Invoked command in '/home/julien/Documents/ros/robot_arm/ros2_ws_robot/src/prog_robot' returned '0': PYTHONPATH=/home/julien/Documents/ros/robot_arm/ros2_ws_robot/build/prog_robot/prefix_override:/home/julien/Documents/ros/robot_arm/ros2_ws_robot/install/prog_robot/lib/python3.10/site-packages:${PYTHONPATH} /usr/bin/python3 setup.py egg_info --egg-base ../../build/prog_robot build --build-base /home/julien/Documents/ros/robot_arm/ros2_ws_robot/build/prog_robot/build install --record /home/julien/Documents/ros/robot_arm/ros2_ws_robot/build/prog_robot/install.log --single-version-externally-managed
