[1.791s] Invoking command in '/home/julien/Documents/ros/robot_arm/ros2_ws_robot/src/tictactoe': PYTHONPATH=/home/julien/Documents/ros/robot_arm/ros2_ws_robot/build/tictactoe/prefix_override:/home/julien/Documents/ros/robot_arm/ros2_ws_robot/install/tictactoe/lib/python3.10/site-packages:${PYTHONPATH} /usr/bin/python3 setup.py egg_info --egg-base ../../build/tictactoe build --build-base /home/julien/Documents/ros/robot_arm/ros2_ws_robot/build/tictactoe/build install --record /home/julien/Documents/ros/robot_arm/ros2_ws_robot/build/tictactoe/install.log --single-version-externally-managed
[2.176s] running egg_info
[2.180s] writing ../../build/tictactoe/tictactoe.egg-info/PKG-INFO
[2.186s] writing dependency_links to ../../build/tictactoe/tictactoe.egg-info/dependency_links.txt
[2.187s] writing entry points to ../../build/tictactoe/tictactoe.egg-info/entry_points.txt
[2.187s] writing requirements to ../../build/tictactoe/tictactoe.egg-info/requires.txt
[2.187s] writing top-level names to ../../build/tictactoe/tictactoe.egg-info/top_level.txt
[2.189s] reading manifest file '../../build/tictactoe/tictactoe.egg-info/SOURCES.txt'
[2.190s] writing manifest file '../../build/tictactoe/tictactoe.egg-info/SOURCES.txt'
[2.190s] running build
[2.190s] running build_py
[2.190s] running install
[2.193s] running install_lib
[2.196s] running install_data
[2.199s] running install_egg_info
[2.202s] removing '/home/julien/Documents/ros/robot_arm/ros2_ws_robot/install/tictactoe/lib/python3.10/site-packages/tictactoe-0.0.0-py3.10.egg-info' (and everything under it)
[2.207s] Copying ../../build/tictactoe/tictactoe.egg-info to /home/julien/Documents/ros/robot_arm/ros2_ws_robot/install/tictactoe/lib/python3.10/site-packages/tictactoe-0.0.0-py3.10.egg-info
[2.219s] running install_scripts
[2.291s] Installing main script to /home/julien/Documents/ros/robot_arm/ros2_ws_robot/install/tictactoe/lib/tictactoe
[2.291s] writing list of installed files to '/home/julien/Documents/ros/robot_arm/ros2_ws_robot/build/tictactoe/install.log'
[2.347s] Invoked command in '/home/julien/Documents/ros/robot_arm/ros2_ws_robot/src/tictactoe' returned '0': PYTHONPATH=/home/julien/Documents/ros/robot_arm/ros2_ws_robot/build/tictactoe/prefix_override:/home/julien/Documents/ros/robot_arm/ros2_ws_robot/install/tictactoe/lib/python3.10/site-packages:${PYTHONPATH} /usr/bin/python3 setup.py egg_info --egg-base ../../build/tictactoe build --build-base /home/julien/Documents/ros/robot_arm/ros2_ws_robot/build/tictactoe/build install --record /home/julien/Documents/ros/robot_arm/ros2_ws_robot/build/tictactoe/install.log --single-version-externally-managed
