[3.145s] Invoking command in '/home/julien/Documents/ros/robot_arm/src/prog_robot': PYTHONPATH=/home/julien/Documents/ros/robot_arm/build/prog_robot/prefix_override:/home/julien/Documents/ros/robot_arm/install/prog_robot/lib/python3.10/site-packages:${PYTHONPATH} /usr/bin/python3 setup.py egg_info --egg-base ../../build/prog_robot build --build-base /home/julien/Documents/ros/robot_arm/build/prog_robot/build install --record /home/julien/Documents/ros/robot_arm/build/prog_robot/install.log --single-version-externally-managed
[4.342s] running egg_info
[4.344s] writing ../../build/prog_robot/prog_robot.egg-info/PKG-INFO
[4.345s] writing dependency_links to ../../build/prog_robot/prog_robot.egg-info/dependency_links.txt
[4.346s] writing entry points to ../../build/prog_robot/prog_robot.egg-info/entry_points.txt
[4.346s] writing requirements to ../../build/prog_robot/prog_robot.egg-info/requires.txt
[4.346s] writing top-level names to ../../build/prog_robot/prog_robot.egg-info/top_level.txt
[4.353s] reading manifest file '../../build/prog_robot/prog_robot.egg-info/SOURCES.txt'
[4.357s] writing manifest file '../../build/prog_robot/prog_robot.egg-info/SOURCES.txt'
[4.358s] running build
[4.358s] running build_py
[4.358s] copying prog_robot/move.py -> /home/julien/Documents/ros/robot_arm/build/prog_robot/build/lib/prog_robot
[4.359s] running install
[4.360s] /usr/lib/python3/dist-packages/setuptools/command/install.py:34: SetuptoolsDeprecationWarning: setup.py install is deprecated. Use build and pip and other standards-based tools.
[4.360s]   warnings.warn(
[4.361s] running install_lib
[4.364s] copying /home/julien/Documents/ros/robot_arm/build/prog_robot/build/lib/prog_robot/move.py -> /home/julien/Documents/ros/robot_arm/install/prog_robot/lib/python3.10/site-packages/prog_robot
[4.367s] byte-compiling /home/julien/Documents/ros/robot_arm/install/prog_robot/lib/python3.10/site-packages/prog_robot/move.py to move.cpython-310.pyc
[4.370s] running install_data
[4.372s] running install_egg_info
[4.381s] removing '/home/julien/Documents/ros/robot_arm/install/prog_robot/lib/python3.10/site-packages/prog_robot-0.0.0-py3.10.egg-info' (and everything under it)
[4.383s] Copying ../../build/prog_robot/prog_robot.egg-info to /home/julien/Documents/ros/robot_arm/install/prog_robot/lib/python3.10/site-packages/prog_robot-0.0.0-py3.10.egg-info
[4.387s] running install_scripts
[4.478s] Installing move script to /home/julien/Documents/ros/robot_arm/install/prog_robot/lib/prog_robot
[4.478s] Installing pub_to_arduino script to /home/julien/Documents/ros/robot_arm/install/prog_robot/lib/prog_robot
[4.480s] writing list of installed files to '/home/julien/Documents/ros/robot_arm/build/prog_robot/install.log'
[4.559s] Invoked command in '/home/julien/Documents/ros/robot_arm/src/prog_robot' returned '0': PYTHONPATH=/home/julien/Documents/ros/robot_arm/build/prog_robot/prefix_override:/home/julien/Documents/ros/robot_arm/install/prog_robot/lib/python3.10/site-packages:${PYTHONPATH} /usr/bin/python3 setup.py egg_info --egg-base ../../build/prog_robot build --build-base /home/julien/Documents/ros/robot_arm/build/prog_robot/build install --record /home/julien/Documents/ros/robot_arm/build/prog_robot/install.log --single-version-externally-managed
