[0.351s] DEBUG:colcon:Command line arguments: ['/usr/bin/colcon', 'build']
[0.351s] DEBUG:colcon:Parsed command line arguments: Namespace(log_base=None, log_level=None, verb_name='build', build_base='build', install_base='install', merge_install=False, symlink_install=False, test_result_base=None, continue_on_error=False, executor='parallel', parallel_workers=4, event_handlers=None, ignore_user_meta=False, metas=['./colcon.meta'], base_paths=['.'], packages_ignore=None, packages_ignore_regex=None, paths=None, packages_up_to=None, packages_up_to_regex=None, packages_above=None, packages_above_and_dependencies=None, packages_above_depth=None, packages_select_by_dep=None, packages_skip_by_dep=None, packages_skip_up_to=None, packages_select_build_failed=False, packages_skip_build_finished=False, packages_select_test_failures=False, packages_skip_test_passed=False, packages_select=None, packages_skip=None, packages_select_regex=None, packages_skip_regex=None, packages_start=None, packages_end=None, allow_overriding=[], cmake_args=None, cmake_target=None, cmake_target_skip_unavailable=False, cmake_clean_cache=False, cmake_clean_first=False, cmake_force_configure=False, ament_cmake_args=None, catkin_cmake_args=None, catkin_skip_building_tests=False, mixin_files=None, mixin=None, verb_parser=<colcon_mixin.mixin.mixin_argument.MixinArgumentDecorator object at 0x7f07b423f460>, verb_extension=<colcon_core.verb.build.BuildVerb object at 0x7f07b4a44400>, main=<bound method BuildVerb.main of <colcon_core.verb.build.BuildVerb object at 0x7f07b4a44400>>, mixin_verb=('build',))
[0.376s] Level 1:colcon.colcon_core.package_discovery:discover_packages(colcon_meta) check parameters
[0.376s] Level 1:colcon.colcon_core.package_discovery:discover_packages(recursive) check parameters
[0.376s] Level 1:colcon.colcon_core.package_discovery:discover_packages(ignore) check parameters
[0.376s] Level 1:colcon.colcon_core.package_discovery:discover_packages(path) check parameters
[0.376s] Level 1:colcon.colcon_core.package_discovery:discover_packages(colcon_meta) discover
[0.376s] Level 1:colcon.colcon_core.package_discovery:discover_packages(recursive) discover
[0.376s] INFO:colcon.colcon_core.package_discovery:Crawling recursively for packages in '/home/julien/Documents/ros/robot_arm'
[0.376s] Level 1:colcon.colcon_core.package_identification:_identify(.) by extensions ['ignore', 'ignore_ament_install']
[0.377s] Level 1:colcon.colcon_core.package_identification:_identify(.) by extension 'ignore'
[0.377s] Level 1:colcon.colcon_core.package_identification:_identify(.) by extension 'ignore_ament_install'
[0.377s] Level 1:colcon.colcon_core.package_identification:_identify(.) by extensions ['colcon_pkg']
[0.377s] Level 1:colcon.colcon_core.package_identification:_identify(.) by extension 'colcon_pkg'
[0.377s] Level 1:colcon.colcon_core.package_identification:_identify(.) by extensions ['colcon_meta']
[0.377s] Level 1:colcon.colcon_core.package_identification:_identify(.) by extension 'colcon_meta'
[0.377s] Level 1:colcon.colcon_core.package_identification:_identify(.) by extensions ['ros']
[0.377s] Level 1:colcon.colcon_core.package_identification:_identify(.) by extension 'ros'
[0.388s] Level 1:colcon.colcon_core.package_identification:_identify(.) by extensions ['cmake', 'python']
[0.388s] Level 1:colcon.colcon_core.package_identification:_identify(.) by extension 'cmake'
[0.388s] Level 1:colcon.colcon_core.package_identification:_identify(.) by extension 'python'
[0.388s] Level 1:colcon.colcon_core.package_identification:_identify(.) by extensions ['python_setup_py']
[0.388s] Level 1:colcon.colcon_core.package_identification:_identify(.) by extension 'python_setup_py'
[0.388s] Level 1:colcon.colcon_core.package_identification:_identify(build) by extensions ['ignore', 'ignore_ament_install']
[0.389s] Level 1:colcon.colcon_core.package_identification:_identify(build) by extension 'ignore'
[0.389s] Level 1:colcon.colcon_core.package_identification:_identify(build) ignored
[0.389s] Level 1:colcon.colcon_core.package_identification:_identify(install) by extensions ['ignore', 'ignore_ament_install']
[0.389s] Level 1:colcon.colcon_core.package_identification:_identify(install) by extension 'ignore'
[0.389s] Level 1:colcon.colcon_core.package_identification:_identify(install) ignored
[0.389s] Level 1:colcon.colcon_core.package_identification:_identify(log) by extensions ['ignore', 'ignore_ament_install']
[0.389s] Level 1:colcon.colcon_core.package_identification:_identify(log) by extension 'ignore'
[0.389s] Level 1:colcon.colcon_core.package_identification:_identify(log) ignored
[0.389s] Level 1:colcon.colcon_core.package_identification:_identify(src) by extensions ['ignore', 'ignore_ament_install']
[0.389s] Level 1:colcon.colcon_core.package_identification:_identify(src) by extension 'ignore'
[0.389s] Level 1:colcon.colcon_core.package_identification:_identify(src) by extension 'ignore_ament_install'
[0.389s] Level 1:colcon.colcon_core.package_identification:_identify(src) by extensions ['colcon_pkg']
[0.389s] Level 1:colcon.colcon_core.package_identification:_identify(src) by extension 'colcon_pkg'
[0.389s] Level 1:colcon.colcon_core.package_identification:_identify(src) by extensions ['colcon_meta']
[0.389s] Level 1:colcon.colcon_core.package_identification:_identify(src) by extension 'colcon_meta'
[0.389s] Level 1:colcon.colcon_core.package_identification:_identify(src) by extensions ['ros']
[0.390s] Level 1:colcon.colcon_core.package_identification:_identify(src) by extension 'ros'
[0.390s] Level 1:colcon.colcon_core.package_identification:_identify(src) by extensions ['cmake', 'python']
[0.390s] Level 1:colcon.colcon_core.package_identification:_identify(src) by extension 'cmake'
[0.390s] Level 1:colcon.colcon_core.package_identification:_identify(src) by extension 'python'
[0.390s] Level 1:colcon.colcon_core.package_identification:_identify(src) by extensions ['python_setup_py']
[0.390s] Level 1:colcon.colcon_core.package_identification:_identify(src) by extension 'python_setup_py'
[0.390s] Level 1:colcon.colcon_core.package_identification:_identify(src/Robot_description) by extensions ['ignore', 'ignore_ament_install']
[0.390s] Level 1:colcon.colcon_core.package_identification:_identify(src/Robot_description) by extension 'ignore'
[0.390s] Level 1:colcon.colcon_core.package_identification:_identify(src/Robot_description) by extension 'ignore_ament_install'
[0.390s] Level 1:colcon.colcon_core.package_identification:_identify(src/Robot_description) by extensions ['colcon_pkg']
[0.390s] Level 1:colcon.colcon_core.package_identification:_identify(src/Robot_description) by extension 'colcon_pkg'
[0.390s] Level 1:colcon.colcon_core.package_identification:_identify(src/Robot_description) by extensions ['colcon_meta']
[0.390s] Level 1:colcon.colcon_core.package_identification:_identify(src/Robot_description) by extension 'colcon_meta'
[0.390s] Level 1:colcon.colcon_core.package_identification:_identify(src/Robot_description) by extensions ['ros']
[0.390s] Level 1:colcon.colcon_core.package_identification:_identify(src/Robot_description) by extension 'ros'
[0.393s] DEBUG:colcon.colcon_core.package_identification:Package 'src/Robot_description' with type 'ros.ament_cmake' and name 'Robot_description'
[0.393s] Level 1:colcon.colcon_core.package_identification:_identify(src/prog_robot) by extensions ['ignore', 'ignore_ament_install']
[0.393s] Level 1:colcon.colcon_core.package_identification:_identify(src/prog_robot) by extension 'ignore'
[0.393s] Level 1:colcon.colcon_core.package_identification:_identify(src/prog_robot) by extension 'ignore_ament_install'
[0.393s] Level 1:colcon.colcon_core.package_identification:_identify(src/prog_robot) by extensions ['colcon_pkg']
[0.393s] Level 1:colcon.colcon_core.package_identification:_identify(src/prog_robot) by extension 'colcon_pkg'
[0.393s] Level 1:colcon.colcon_core.package_identification:_identify(src/prog_robot) by extensions ['colcon_meta']
[0.393s] Level 1:colcon.colcon_core.package_identification:_identify(src/prog_robot) by extension 'colcon_meta'
[0.393s] Level 1:colcon.colcon_core.package_identification:_identify(src/prog_robot) by extensions ['ros']
[0.393s] Level 1:colcon.colcon_core.package_identification:_identify(src/prog_robot) by extension 'ros'
[0.393s] DEBUG:colcon.colcon_core.package_identification:Package 'src/prog_robot' with type 'ros.ament_python' and name 'prog_robot'
[0.394s] Level 1:colcon.colcon_core.package_identification:_identify(src/robot_moveit_config) by extensions ['ignore', 'ignore_ament_install']
[0.394s] Level 1:colcon.colcon_core.package_identification:_identify(src/robot_moveit_config) by extension 'ignore'
[0.394s] Level 1:colcon.colcon_core.package_identification:_identify(src/robot_moveit_config) by extension 'ignore_ament_install'
[0.394s] Level 1:colcon.colcon_core.package_identification:_identify(src/robot_moveit_config) by extensions ['colcon_pkg']
[0.394s] Level 1:colcon.colcon_core.package_identification:_identify(src/robot_moveit_config) by extension 'colcon_pkg'
[0.394s] Level 1:colcon.colcon_core.package_identification:_identify(src/robot_moveit_config) by extensions ['colcon_meta']
[0.394s] Level 1:colcon.colcon_core.package_identification:_identify(src/robot_moveit_config) by extension 'colcon_meta'
[0.394s] Level 1:colcon.colcon_core.package_identification:_identify(src/robot_moveit_config) by extensions ['ros']
[0.394s] Level 1:colcon.colcon_core.package_identification:_identify(src/robot_moveit_config) by extension 'ros'
[0.395s] DEBUG:colcon.colcon_core.package_identification:Package 'src/robot_moveit_config' with type 'ros.ament_cmake' and name 'robot_moveit_config'
[0.395s] Level 1:colcon.colcon_core.package_discovery:discover_packages(recursive) using defaults
[0.395s] Level 1:colcon.colcon_core.package_discovery:discover_packages(ignore) discover
[0.395s] Level 1:colcon.colcon_core.package_discovery:discover_packages(ignore) using defaults
[0.395s] Level 1:colcon.colcon_core.package_discovery:discover_packages(path) discover
[0.395s] Level 1:colcon.colcon_core.package_discovery:discover_packages(path) using defaults
[0.418s] Level 1:colcon.colcon_core.package_discovery:discover_packages(prefix_path) check parameters
[0.418s] Level 1:colcon.colcon_core.package_discovery:discover_packages(prefix_path) discover
[0.425s] DEBUG:colcon.colcon_installed_package_information.package_discovery:Found 55 installed packages in /home/julien/Documents/ros/ws_moveit2/install
[0.426s] DEBUG:colcon.colcon_installed_package_information.package_discovery:Found 2 installed packages in /home/julien/Documents/ros/ws_ros2/install
[0.429s] DEBUG:colcon.colcon_installed_package_information.package_discovery:Found 331 installed packages in /opt/ros/humble
[0.432s] Level 1:colcon.colcon_core.package_discovery:discover_packages(prefix_path) using defaults
[0.506s] Level 5:colcon.colcon_core.verb:set package 'Robot_description' build argument 'cmake_args' from command line to 'None'
[0.506s] Level 5:colcon.colcon_core.verb:set package 'Robot_description' build argument 'cmake_target' from command line to 'None'
[0.506s] Level 5:colcon.colcon_core.verb:set package 'Robot_description' build argument 'cmake_target_skip_unavailable' from command line to 'False'
[0.506s] Level 5:colcon.colcon_core.verb:set package 'Robot_description' build argument 'cmake_clean_cache' from command line to 'False'
[0.506s] Level 5:colcon.colcon_core.verb:set package 'Robot_description' build argument 'cmake_clean_first' from command line to 'False'
[0.506s] Level 5:colcon.colcon_core.verb:set package 'Robot_description' build argument 'cmake_force_configure' from command line to 'False'
[0.506s] Level 5:colcon.colcon_core.verb:set package 'Robot_description' build argument 'ament_cmake_args' from command line to 'None'
[0.506s] Level 5:colcon.colcon_core.verb:set package 'Robot_description' build argument 'catkin_cmake_args' from command line to 'None'
[0.506s] Level 5:colcon.colcon_core.verb:set package 'Robot_description' build argument 'catkin_skip_building_tests' from command line to 'False'
[0.506s] DEBUG:colcon.colcon_core.verb:Building package 'Robot_description' with the following arguments: {'ament_cmake_args': None, 'build_base': '/home/julien/Documents/ros/robot_arm/build/Robot_description', 'catkin_cmake_args': None, 'catkin_skip_building_tests': False, 'cmake_args': None, 'cmake_clean_cache': False, 'cmake_clean_first': False, 'cmake_force_configure': False, 'cmake_target': None, 'cmake_target_skip_unavailable': False, 'install_base': '/home/julien/Documents/ros/robot_arm/install/Robot_description', 'merge_install': False, 'path': '/home/julien/Documents/ros/robot_arm/src/Robot_description', 'symlink_install': False, 'test_result_base': None}
[0.507s] Level 5:colcon.colcon_core.verb:set package 'prog_robot' build argument 'cmake_args' from command line to 'None'
[0.507s] Level 5:colcon.colcon_core.verb:set package 'prog_robot' build argument 'cmake_target' from command line to 'None'
[0.507s] Level 5:colcon.colcon_core.verb:set package 'prog_robot' build argument 'cmake_target_skip_unavailable' from command line to 'False'
[0.507s] Level 5:colcon.colcon_core.verb:set package 'prog_robot' build argument 'cmake_clean_cache' from command line to 'False'
[0.507s] Level 5:colcon.colcon_core.verb:set package 'prog_robot' build argument 'cmake_clean_first' from command line to 'False'
[0.508s] Level 5:colcon.colcon_core.verb:set package 'prog_robot' build argument 'cmake_force_configure' from command line to 'False'
[0.508s] Level 5:colcon.colcon_core.verb:set package 'prog_robot' build argument 'ament_cmake_args' from command line to 'None'
[0.508s] Level 5:colcon.colcon_core.verb:set package 'prog_robot' build argument 'catkin_cmake_args' from command line to 'None'
[0.508s] Level 5:colcon.colcon_core.verb:set package 'prog_robot' build argument 'catkin_skip_building_tests' from command line to 'False'
[0.508s] DEBUG:colcon.colcon_core.verb:Building package 'prog_robot' with the following arguments: {'ament_cmake_args': None, 'build_base': '/home/julien/Documents/ros/robot_arm/build/prog_robot', 'catkin_cmake_args': None, 'catkin_skip_building_tests': False, 'cmake_args': None, 'cmake_clean_cache': False, 'cmake_clean_first': False, 'cmake_force_configure': False, 'cmake_target': None, 'cmake_target_skip_unavailable': False, 'install_base': '/home/julien/Documents/ros/robot_arm/install/prog_robot', 'merge_install': False, 'path': '/home/julien/Documents/ros/robot_arm/src/prog_robot', 'symlink_install': False, 'test_result_base': None}
[0.508s] Level 5:colcon.colcon_core.verb:set package 'robot_moveit_config' build argument 'cmake_args' from command line to 'None'
[0.509s] Level 5:colcon.colcon_core.verb:set package 'robot_moveit_config' build argument 'cmake_target' from command line to 'None'
[0.509s] Level 5:colcon.colcon_core.verb:set package 'robot_moveit_config' build argument 'cmake_target_skip_unavailable' from command line to 'False'
[0.509s] Level 5:colcon.colcon_core.verb:set package 'robot_moveit_config' build argument 'cmake_clean_cache' from command line to 'False'
[0.509s] Level 5:colcon.colcon_core.verb:set package 'robot_moveit_config' build argument 'cmake_clean_first' from command line to 'False'
[0.509s] Level 5:colcon.colcon_core.verb:set package 'robot_moveit_config' build argument 'cmake_force_configure' from command line to 'False'
[0.509s] Level 5:colcon.colcon_core.verb:set package 'robot_moveit_config' build argument 'ament_cmake_args' from command line to 'None'
[0.509s] Level 5:colcon.colcon_core.verb:set package 'robot_moveit_config' build argument 'catkin_cmake_args' from command line to 'None'
[0.509s] Level 5:colcon.colcon_core.verb:set package 'robot_moveit_config' build argument 'catkin_skip_building_tests' from command line to 'False'
[0.509s] DEBUG:colcon.colcon_core.verb:Building package 'robot_moveit_config' with the following arguments: {'ament_cmake_args': None, 'build_base': '/home/julien/Documents/ros/robot_arm/build/robot_moveit_config', 'catkin_cmake_args': None, 'catkin_skip_building_tests': False, 'cmake_args': None, 'cmake_clean_cache': False, 'cmake_clean_first': False, 'cmake_force_configure': False, 'cmake_target': None, 'cmake_target_skip_unavailable': False, 'install_base': '/home/julien/Documents/ros/robot_arm/install/robot_moveit_config', 'merge_install': False, 'path': '/home/julien/Documents/ros/robot_arm/src/robot_moveit_config', 'symlink_install': False, 'test_result_base': None}
[0.509s] INFO:colcon.colcon_core.executor:Executing jobs using 'parallel' executor
[0.513s] DEBUG:colcon.colcon_parallel_executor.executor.parallel:run_until_complete
[0.513s] INFO:colcon.colcon_ros.task.ament_cmake.build:Building ROS package in '/home/julien/Documents/ros/robot_arm/src/Robot_description' with build type 'ament_cmake'
[0.513s] INFO:colcon.colcon_cmake.task.cmake.build:Building CMake package in '/home/julien/Documents/ros/robot_arm/src/Robot_description'
[0.517s] INFO:colcon.colcon_core.plugin_system:Skipping extension 'colcon_core.shell.bat': Not used on non-Windows systems
[0.518s] INFO:colcon.colcon_core.shell:Skip shell extension 'powershell' for command environment: Not usable outside of PowerShell
[0.518s] DEBUG:colcon.colcon_core.shell:Skip shell extension 'dsv' for command environment
[0.527s] INFO:colcon.colcon_ros.task.ament_python.build:Building ROS package in '/home/julien/Documents/ros/robot_arm/src/prog_robot' with build type 'ament_python'
[0.527s] Level 1:colcon.colcon_core.shell:create_environment_hook('prog_robot', 'ament_prefix_path')
[0.529s] INFO:colcon.colcon_core.shell:Creating environment hook '/home/julien/Documents/ros/robot_arm/install/prog_robot/share/prog_robot/hook/ament_prefix_path.ps1'
[0.530s] INFO:colcon.colcon_core.shell:Creating environment descriptor '/home/julien/Documents/ros/robot_arm/install/prog_robot/share/prog_robot/hook/ament_prefix_path.dsv'
[0.530s] INFO:colcon.colcon_core.shell:Creating environment hook '/home/julien/Documents/ros/robot_arm/install/prog_robot/share/prog_robot/hook/ament_prefix_path.sh'
[0.532s] INFO:colcon.colcon_core.shell:Skip shell extension 'powershell' for command environment: Not usable outside of PowerShell
[0.532s] DEBUG:colcon.colcon_core.shell:Skip shell extension 'dsv' for command environment
[0.546s] DEBUG:colcon.colcon_core.event_handler.log_command:Invoking command in '/home/julien/Documents/ros/robot_arm/build/Robot_description': CMAKE_PREFIX_PATH=${CMAKE_PREFIX_PATH}:/home/julien/Documents/ros/ws_moveit2/install/moveit_configs_utils:/home/julien/Documents/ros/ws_moveit2/install/launch_param_builder:/opt/ros/humble /usr/bin/cmake /home/julien/Documents/ros/robot_arm/src/Robot_description -DCMAKE_INSTALL_PREFIX=/home/julien/Documents/ros/robot_arm/install/Robot_description
[0.830s] INFO:colcon.colcon_core.task.python.build:Building Python package in '/home/julien/Documents/ros/robot_arm/src/prog_robot'
[0.831s] INFO:colcon.colcon_core.shell:Skip shell extension 'powershell' for command environment: Not usable outside of PowerShell
[0.832s] DEBUG:colcon.colcon_core.shell:Skip shell extension 'dsv' for command environment
[1.263s] DEBUG:colcon.colcon_core.event_handler.log_command:Invoking command in '/home/julien/Documents/ros/robot_arm/src/prog_robot': PYTHONPATH=/home/julien/Documents/ros/robot_arm/build/prog_robot/prefix_override:/home/julien/Documents/ros/robot_arm/install/prog_robot/lib/python3.10/site-packages:${PYTHONPATH} /usr/bin/python3 setup.py egg_info --egg-base ../../build/prog_robot build --build-base /home/julien/Documents/ros/robot_arm/build/prog_robot/build install --record /home/julien/Documents/ros/robot_arm/build/prog_robot/install.log --single-version-externally-managed
[1.598s] DEBUG:colcon.colcon_core.event_handler.log_command:Invoked command in '/home/julien/Documents/ros/robot_arm/src/prog_robot' returned '0': PYTHONPATH=/home/julien/Documents/ros/robot_arm/build/prog_robot/prefix_override:/home/julien/Documents/ros/robot_arm/install/prog_robot/lib/python3.10/site-packages:${PYTHONPATH} /usr/bin/python3 setup.py egg_info --egg-base ../../build/prog_robot build --build-base /home/julien/Documents/ros/robot_arm/build/prog_robot/build install --record /home/julien/Documents/ros/robot_arm/build/prog_robot/install.log --single-version-externally-managed
[1.603s] Level 1:colcon.colcon_core.environment:checking '/home/julien/Documents/ros/robot_arm/install/prog_robot' for CMake module files
[1.604s] Level 1:colcon.colcon_core.environment:checking '/home/julien/Documents/ros/robot_arm/install/prog_robot' for CMake config files
[1.605s] Level 1:colcon.colcon_core.environment:checking '/home/julien/Documents/ros/robot_arm/install/prog_robot/lib'
[1.605s] Level 1:colcon.colcon_core.environment:checking '/home/julien/Documents/ros/robot_arm/install/prog_robot/bin'
[1.605s] Level 1:colcon.colcon_core.environment:checking '/home/julien/Documents/ros/robot_arm/install/prog_robot/lib/pkgconfig/prog_robot.pc'
[1.605s] Level 1:colcon.colcon_core.environment:checking '/home/julien/Documents/ros/robot_arm/install/prog_robot/lib/python3.10/site-packages'
[1.605s] Level 1:colcon.colcon_core.shell:create_environment_hook('prog_robot', 'pythonpath')
[1.607s] INFO:colcon.colcon_core.shell:Creating environment hook '/home/julien/Documents/ros/robot_arm/install/prog_robot/share/prog_robot/hook/pythonpath.ps1'
[1.608s] INFO:colcon.colcon_core.shell:Creating environment descriptor '/home/julien/Documents/ros/robot_arm/install/prog_robot/share/prog_robot/hook/pythonpath.dsv'
[1.608s] INFO:colcon.colcon_core.shell:Creating environment hook '/home/julien/Documents/ros/robot_arm/install/prog_robot/share/prog_robot/hook/pythonpath.sh'
[1.609s] Level 1:colcon.colcon_core.environment:checking '/home/julien/Documents/ros/robot_arm/install/prog_robot/bin'
[1.609s] Level 1:colcon.colcon_core.environment:create_environment_scripts_only(prog_robot)
[1.610s] INFO:colcon.colcon_core.shell:Creating package script '/home/julien/Documents/ros/robot_arm/install/prog_robot/share/prog_robot/package.ps1'
[1.612s] INFO:colcon.colcon_core.shell:Creating package descriptor '/home/julien/Documents/ros/robot_arm/install/prog_robot/share/prog_robot/package.dsv'
[1.612s] INFO:colcon.colcon_core.shell:Creating package script '/home/julien/Documents/ros/robot_arm/install/prog_robot/share/prog_robot/package.sh'
[1.613s] INFO:colcon.colcon_core.shell:Creating package script '/home/julien/Documents/ros/robot_arm/install/prog_robot/share/prog_robot/package.bash'
[1.614s] INFO:colcon.colcon_core.shell:Creating package script '/home/julien/Documents/ros/robot_arm/install/prog_robot/share/prog_robot/package.zsh'
[1.614s] Level 1:colcon.colcon_core.environment:create_file_with_runtime_dependencies(/home/julien/Documents/ros/robot_arm/install/prog_robot/share/colcon-core/packages/prog_robot)
[1.618s] DEBUG:colcon.colcon_core.event_handler.log_command:Invoked command in '/home/julien/Documents/ros/robot_arm/build/Robot_description' returned '0': CMAKE_PREFIX_PATH=${CMAKE_PREFIX_PATH}:/home/julien/Documents/ros/ws_moveit2/install/moveit_configs_utils:/home/julien/Documents/ros/ws_moveit2/install/launch_param_builder:/opt/ros/humble /usr/bin/cmake /home/julien/Documents/ros/robot_arm/src/Robot_description -DCMAKE_INSTALL_PREFIX=/home/julien/Documents/ros/robot_arm/install/Robot_description
[1.619s] DEBUG:colcon.colcon_core.event_handler.log_command:Invoking command in '/home/julien/Documents/ros/robot_arm/build/Robot_description': CMAKE_PREFIX_PATH=${CMAKE_PREFIX_PATH}:/home/julien/Documents/ros/ws_moveit2/install/moveit_configs_utils:/home/julien/Documents/ros/ws_moveit2/install/launch_param_builder:/opt/ros/humble /usr/bin/cmake --build /home/julien/Documents/ros/robot_arm/build/Robot_description -- -j4 -l4
[1.682s] DEBUG:colcon.colcon_core.event_handler.log_command:Invoked command in '/home/julien/Documents/ros/robot_arm/build/Robot_description' returned '0': CMAKE_PREFIX_PATH=${CMAKE_PREFIX_PATH}:/home/julien/Documents/ros/ws_moveit2/install/moveit_configs_utils:/home/julien/Documents/ros/ws_moveit2/install/launch_param_builder:/opt/ros/humble /usr/bin/cmake --build /home/julien/Documents/ros/robot_arm/build/Robot_description -- -j4 -l4
[1.747s] DEBUG:colcon.colcon_core.event_handler.log_command:Invoking command in '/home/julien/Documents/ros/robot_arm/build/Robot_description': CMAKE_PREFIX_PATH=${CMAKE_PREFIX_PATH}:/home/julien/Documents/ros/ws_moveit2/install/moveit_configs_utils:/home/julien/Documents/ros/ws_moveit2/install/launch_param_builder:/opt/ros/humble /usr/bin/cmake --install /home/julien/Documents/ros/robot_arm/build/Robot_description
[1.801s] Level 1:colcon.colcon_core.environment:create_environment_scripts_only(Robot_description)
[1.804s] Level 1:colcon.colcon_core.environment:checking '/home/julien/Documents/ros/robot_arm/install/Robot_description' for CMake module files
[1.804s] DEBUG:colcon.colcon_core.event_handler.log_command:Invoked command in '/home/julien/Documents/ros/robot_arm/build/Robot_description' returned '0': CMAKE_PREFIX_PATH=${CMAKE_PREFIX_PATH}:/home/julien/Documents/ros/ws_moveit2/install/moveit_configs_utils:/home/julien/Documents/ros/ws_moveit2/install/launch_param_builder:/opt/ros/humble /usr/bin/cmake --install /home/julien/Documents/ros/robot_arm/build/Robot_description
[1.805s] Level 1:colcon.colcon_core.environment:checking '/home/julien/Documents/ros/robot_arm/install/Robot_description' for CMake config files
[1.805s] Level 1:colcon.colcon_core.shell:create_environment_hook('Robot_description', 'cmake_prefix_path')
[1.807s] INFO:colcon.colcon_core.shell:Creating environment hook '/home/julien/Documents/ros/robot_arm/install/Robot_description/share/Robot_description/hook/cmake_prefix_path.ps1'
[1.807s] INFO:colcon.colcon_core.shell:Creating environment descriptor '/home/julien/Documents/ros/robot_arm/install/Robot_description/share/Robot_description/hook/cmake_prefix_path.dsv'
[1.808s] INFO:colcon.colcon_core.shell:Creating environment hook '/home/julien/Documents/ros/robot_arm/install/Robot_description/share/Robot_description/hook/cmake_prefix_path.sh'
[1.808s] Level 1:colcon.colcon_core.environment:checking '/home/julien/Documents/ros/robot_arm/install/Robot_description/bin'
[1.808s] Level 1:colcon.colcon_core.environment:checking '/home/julien/Documents/ros/robot_arm/install/Robot_description/lib/pkgconfig/Robot_description.pc'
[1.808s] Level 1:colcon.colcon_core.environment:checking '/home/julien/Documents/ros/robot_arm/install/Robot_description/lib/python3.10/site-packages'
[1.809s] Level 1:colcon.colcon_core.environment:checking '/home/julien/Documents/ros/robot_arm/install/Robot_description/bin'
[1.810s] INFO:colcon.colcon_core.shell:Creating package script '/home/julien/Documents/ros/robot_arm/install/Robot_description/share/Robot_description/package.ps1'
[1.810s] INFO:colcon.colcon_core.shell:Creating package descriptor '/home/julien/Documents/ros/robot_arm/install/Robot_description/share/Robot_description/package.dsv'
[1.811s] INFO:colcon.colcon_core.shell:Creating package script '/home/julien/Documents/ros/robot_arm/install/Robot_description/share/Robot_description/package.sh'
[1.811s] INFO:colcon.colcon_core.shell:Creating package script '/home/julien/Documents/ros/robot_arm/install/Robot_description/share/Robot_description/package.bash'
[1.811s] INFO:colcon.colcon_core.shell:Creating package script '/home/julien/Documents/ros/robot_arm/install/Robot_description/share/Robot_description/package.zsh'
[1.812s] Level 1:colcon.colcon_core.environment:create_file_with_runtime_dependencies(/home/julien/Documents/ros/robot_arm/install/Robot_description/share/colcon-core/packages/Robot_description)
[1.863s] Level 1:colcon.colcon_core.environment:create_environment_scripts_only(Robot_description)
[1.865s] Level 1:colcon.colcon_core.environment:checking '/home/julien/Documents/ros/robot_arm/install/Robot_description' for CMake module files
[1.865s] Level 1:colcon.colcon_core.environment:checking '/home/julien/Documents/ros/robot_arm/install/Robot_description' for CMake config files
[1.866s] Level 1:colcon.colcon_core.shell:create_environment_hook('Robot_description', 'cmake_prefix_path')
[1.867s] INFO:colcon.colcon_core.shell:Creating environment hook '/home/julien/Documents/ros/robot_arm/install/Robot_description/share/Robot_description/hook/cmake_prefix_path.ps1'
[1.867s] INFO:colcon.colcon_core.shell:Creating environment descriptor '/home/julien/Documents/ros/robot_arm/install/Robot_description/share/Robot_description/hook/cmake_prefix_path.dsv'
[1.868s] INFO:colcon.colcon_core.shell:Creating environment hook '/home/julien/Documents/ros/robot_arm/install/Robot_description/share/Robot_description/hook/cmake_prefix_path.sh'
[1.868s] Level 1:colcon.colcon_core.environment:checking '/home/julien/Documents/ros/robot_arm/install/Robot_description/bin'
[1.868s] Level 1:colcon.colcon_core.environment:checking '/home/julien/Documents/ros/robot_arm/install/Robot_description/lib/pkgconfig/Robot_description.pc'
[1.868s] Level 1:colcon.colcon_core.environment:checking '/home/julien/Documents/ros/robot_arm/install/Robot_description/lib/python3.10/site-packages'
[1.869s] Level 1:colcon.colcon_core.environment:checking '/home/julien/Documents/ros/robot_arm/install/Robot_description/bin'
[1.871s] INFO:colcon.colcon_core.shell:Creating package script '/home/julien/Documents/ros/robot_arm/install/Robot_description/share/Robot_description/package.ps1'
[1.872s] INFO:colcon.colcon_core.shell:Creating package descriptor '/home/julien/Documents/ros/robot_arm/install/Robot_description/share/Robot_description/package.dsv'
[1.872s] INFO:colcon.colcon_core.shell:Creating package script '/home/julien/Documents/ros/robot_arm/install/Robot_description/share/Robot_description/package.sh'
[1.872s] INFO:colcon.colcon_core.shell:Creating package script '/home/julien/Documents/ros/robot_arm/install/Robot_description/share/Robot_description/package.bash'
[1.873s] INFO:colcon.colcon_core.shell:Creating package script '/home/julien/Documents/ros/robot_arm/install/Robot_description/share/Robot_description/package.zsh'
[1.873s] Level 1:colcon.colcon_core.environment:create_file_with_runtime_dependencies(/home/julien/Documents/ros/robot_arm/install/Robot_description/share/colcon-core/packages/Robot_description)
[1.874s] INFO:colcon.colcon_ros.task.ament_cmake.build:Building ROS package in '/home/julien/Documents/ros/robot_arm/src/robot_moveit_config' with build type 'ament_cmake'
[1.874s] INFO:colcon.colcon_cmake.task.cmake.build:Building CMake package in '/home/julien/Documents/ros/robot_arm/src/robot_moveit_config'
[1.875s] INFO:colcon.colcon_core.shell:Skip shell extension 'powershell' for command environment: Not usable outside of PowerShell
[1.875s] DEBUG:colcon.colcon_core.shell:Skip shell extension 'dsv' for command environment
[1.895s] DEBUG:colcon.colcon_core.event_handler.log_command:Invoking command in '/home/julien/Documents/ros/robot_arm/build/robot_moveit_config': AMENT_PREFIX_PATH=/home/julien/Documents/ros/robot_arm/install/Robot_description:${AMENT_PREFIX_PATH} CMAKE_PREFIX_PATH=/home/julien/Documents/ros/robot_arm/install/Robot_description:/home/julien/Documents/ros/ws_ros2/install/hello_moveit:/home/julien/Documents/ros/ws_ros2/install/cpp_pubsub:/home/julien/Documents/ros/ws_moveit2/install/pilz_industrial_motion_planner_testutils:/home/julien/Documents/ros/ws_moveit2/install/moveit_runtime:/home/julien/Documents/ros/ws_moveit2/install/moveit2_tutorials:/home/julien/Documents/ros/ws_moveit2/install/moveit:/home/julien/Documents/ros/ws_moveit2/install/moveit_planners:/home/julien/Documents/ros/ws_moveit2/install/pilz_industrial_motion_planner:/home/julien/Documents/ros/ws_moveit2/install/moveit_visual_tools:/home/julien/Documents/ros/ws_moveit2/install/moveit_task_constructor_visualization:/home/julien/Documents/ros/ws_moveit2/install/moveit_task_constructor_demo:/home/julien/Documents/ros/ws_moveit2/install/moveit_task_constructor_capabilities:/home/julien/Documents/ros/ws_moveit2/install/moveit_task_constructor_core:/home/julien/Documents/ros/ws_moveit2/install/moveit_ros_control_interface:/home/julien/Documents/ros/ws_moveit2/install/moveit_plugins:/home/julien/Documents/ros/ws_moveit2/install/moveit_simple_controller_manager:/home/julien/Documents/ros/ws_moveit2/install/moveit_setup_assistant:/home/julien/Documents/ros/ws_moveit2/install/moveit_setup_srdf_plugins:/home/julien/Documents/ros/ws_moveit2/install/moveit_setup_core_plugins:/home/julien/Documents/ros/ws_moveit2/install/moveit_setup_controllers:/home/julien/Documents/ros/ws_moveit2/install/moveit_setup_app_plugins:/home/julien/Documents/ros/ws_moveit2/install/moveit_setup_framework:/home/julien/Documents/ros/ws_moveit2/install/moveit_servo:/home/julien/Documents/ros/ws_moveit2/install/moveit_ros:/home/julien/Documents/ros/ws_moveit2/install/moveit_ros_visualization:/home/julien/Documents/ros/ws_moveit2/install/moveit_hybrid_planning:/home/julien/Documents/ros/ws_moveit2/install/moveit_ros_planning_interface:/home/julien/Documents/ros/ws_moveit2/install/moveit_ros_benchmarks:/home/julien/Documents/ros/ws_moveit2/install/moveit_ros_warehouse:/home/julien/Documents/ros/ws_moveit2/install/moveit_ros_robot_interaction:/home/julien/Documents/ros/ws_moveit2/install/moveit_ros_perception:/home/julien/Documents/ros/ws_moveit2/install/moveit_resources_prbt_pg70_support:/home/julien/Documents/ros/ws_moveit2/install/moveit_resources_prbt_moveit_config:/home/julien/Documents/ros/ws_moveit2/install/moveit_ros_move_group:/home/julien/Documents/ros/ws_moveit2/install/moveit_planners_ompl:/home/julien/Documents/ros/ws_moveit2/install/moveit_ros_planning:/home/julien/Documents/ros/ws_moveit2/install/moveit_ros_occupancy_map_monitor:/home/julien/Documents/ros/ws_moveit2/install/moveit_resources_prbt_ikfast_manipulator_plugin:/home/julien/Documents/ros/ws_moveit2/install/moveit_planners_chomp:/home/julien/Documents/ros/ws_moveit2/install/moveit_kinematics:/home/julien/Documents/ros/ws_moveit2/install/moveit_chomp_optimizer_adapter:/home/julien/Documents/ros/ws_moveit2/install/chomp_motion_planner:/home/julien/Documents/ros/ws_moveit2/install/moveit_core:/home/julien/Documents/ros/ws_moveit2/install/srdfdom:/home/julien/Documents/ros/ws_moveit2/install/rviz_marker_tools:/home/julien/Documents/ros/ws_moveit2/install/rosparam_shortcuts:/home/julien/Documents/ros/ws_moveit2/install/moveit_task_constructor_msgs:/home/julien/Documents/ros/ws_moveit2/install/moveit_resources_prbt_support:/home/julien/Documents/ros/ws_moveit2/install/moveit_resources:/home/julien/Documents/ros/ws_moveit2/install/moveit_resources_pr2_description:/home/julien/Documents/ros/ws_moveit2/install/moveit_resources_panda_moveit_config:/home/julien/Documents/ros/ws_moveit2/install/moveit_resources_panda_description:/home/julien/Documents/ros/ws_moveit2/install/moveit_resources_fanuc_moveit_config:/home/julien/Documents/ros/ws_moveit2/install/moveit_resources_fanuc_description:/home/julien/Documents/ros/ws_moveit2/install/moveit_common:/home/julien/Documents/ros/ws_moveit2/install/moveit_configs_utils:/home/julien/Documents/ros/ws_moveit2/install/launch_param_builder:/opt/ros/humble /usr/bin/cmake /home/julien/Documents/ros/robot_arm/src/robot_moveit_config -DCMAKE_INSTALL_PREFIX=/home/julien/Documents/ros/robot_arm/install/robot_moveit_config
[2.851s] DEBUG:colcon.colcon_core.event_handler.log_command:Invoked command in '/home/julien/Documents/ros/robot_arm/build/robot_moveit_config' returned '0': AMENT_PREFIX_PATH=/home/julien/Documents/ros/robot_arm/install/Robot_description:${AMENT_PREFIX_PATH} CMAKE_PREFIX_PATH=/home/julien/Documents/ros/robot_arm/install/Robot_description:/home/julien/Documents/ros/ws_ros2/install/hello_moveit:/home/julien/Documents/ros/ws_ros2/install/cpp_pubsub:/home/julien/Documents/ros/ws_moveit2/install/pilz_industrial_motion_planner_testutils:/home/julien/Documents/ros/ws_moveit2/install/moveit_runtime:/home/julien/Documents/ros/ws_moveit2/install/moveit2_tutorials:/home/julien/Documents/ros/ws_moveit2/install/moveit:/home/julien/Documents/ros/ws_moveit2/install/moveit_planners:/home/julien/Documents/ros/ws_moveit2/install/pilz_industrial_motion_planner:/home/julien/Documents/ros/ws_moveit2/install/moveit_visual_tools:/home/julien/Documents/ros/ws_moveit2/install/moveit_task_constructor_visualization:/home/julien/Documents/ros/ws_moveit2/install/moveit_task_constructor_demo:/home/julien/Documents/ros/ws_moveit2/install/moveit_task_constructor_capabilities:/home/julien/Documents/ros/ws_moveit2/install/moveit_task_constructor_core:/home/julien/Documents/ros/ws_moveit2/install/moveit_ros_control_interface:/home/julien/Documents/ros/ws_moveit2/install/moveit_plugins:/home/julien/Documents/ros/ws_moveit2/install/moveit_simple_controller_manager:/home/julien/Documents/ros/ws_moveit2/install/moveit_setup_assistant:/home/julien/Documents/ros/ws_moveit2/install/moveit_setup_srdf_plugins:/home/julien/Documents/ros/ws_moveit2/install/moveit_setup_core_plugins:/home/julien/Documents/ros/ws_moveit2/install/moveit_setup_controllers:/home/julien/Documents/ros/ws_moveit2/install/moveit_setup_app_plugins:/home/julien/Documents/ros/ws_moveit2/install/moveit_setup_framework:/home/julien/Documents/ros/ws_moveit2/install/moveit_servo:/home/julien/Documents/ros/ws_moveit2/install/moveit_ros:/home/julien/Documents/ros/ws_moveit2/install/moveit_ros_visualization:/home/julien/Documents/ros/ws_moveit2/install/moveit_hybrid_planning:/home/julien/Documents/ros/ws_moveit2/install/moveit_ros_planning_interface:/home/julien/Documents/ros/ws_moveit2/install/moveit_ros_benchmarks:/home/julien/Documents/ros/ws_moveit2/install/moveit_ros_warehouse:/home/julien/Documents/ros/ws_moveit2/install/moveit_ros_robot_interaction:/home/julien/Documents/ros/ws_moveit2/install/moveit_ros_perception:/home/julien/Documents/ros/ws_moveit2/install/moveit_resources_prbt_pg70_support:/home/julien/Documents/ros/ws_moveit2/install/moveit_resources_prbt_moveit_config:/home/julien/Documents/ros/ws_moveit2/install/moveit_ros_move_group:/home/julien/Documents/ros/ws_moveit2/install/moveit_planners_ompl:/home/julien/Documents/ros/ws_moveit2/install/moveit_ros_planning:/home/julien/Documents/ros/ws_moveit2/install/moveit_ros_occupancy_map_monitor:/home/julien/Documents/ros/ws_moveit2/install/moveit_resources_prbt_ikfast_manipulator_plugin:/home/julien/Documents/ros/ws_moveit2/install/moveit_planners_chomp:/home/julien/Documents/ros/ws_moveit2/install/moveit_kinematics:/home/julien/Documents/ros/ws_moveit2/install/moveit_chomp_optimizer_adapter:/home/julien/Documents/ros/ws_moveit2/install/chomp_motion_planner:/home/julien/Documents/ros/ws_moveit2/install/moveit_core:/home/julien/Documents/ros/ws_moveit2/install/srdfdom:/home/julien/Documents/ros/ws_moveit2/install/rviz_marker_tools:/home/julien/Documents/ros/ws_moveit2/install/rosparam_shortcuts:/home/julien/Documents/ros/ws_moveit2/install/moveit_task_constructor_msgs:/home/julien/Documents/ros/ws_moveit2/install/moveit_resources_prbt_support:/home/julien/Documents/ros/ws_moveit2/install/moveit_resources:/home/julien/Documents/ros/ws_moveit2/install/moveit_resources_pr2_description:/home/julien/Documents/ros/ws_moveit2/install/moveit_resources_panda_moveit_config:/home/julien/Documents/ros/ws_moveit2/install/moveit_resources_panda_description:/home/julien/Documents/ros/ws_moveit2/install/moveit_resources_fanuc_moveit_config:/home/julien/Documents/ros/ws_moveit2/install/moveit_resources_fanuc_description:/home/julien/Documents/ros/ws_moveit2/install/moveit_common:/home/julien/Documents/ros/ws_moveit2/install/moveit_configs_utils:/home/julien/Documents/ros/ws_moveit2/install/launch_param_builder:/opt/ros/humble /usr/bin/cmake /home/julien/Documents/ros/robot_arm/src/robot_moveit_config -DCMAKE_INSTALL_PREFIX=/home/julien/Documents/ros/robot_arm/install/robot_moveit_config
[2.853s] DEBUG:colcon.colcon_core.event_handler.log_command:Invoking command in '/home/julien/Documents/ros/robot_arm/build/robot_moveit_config': AMENT_PREFIX_PATH=/home/julien/Documents/ros/robot_arm/install/Robot_description:${AMENT_PREFIX_PATH} CMAKE_PREFIX_PATH=/home/julien/Documents/ros/robot_arm/install/Robot_description:/home/julien/Documents/ros/ws_ros2/install/hello_moveit:/home/julien/Documents/ros/ws_ros2/install/cpp_pubsub:/home/julien/Documents/ros/ws_moveit2/install/pilz_industrial_motion_planner_testutils:/home/julien/Documents/ros/ws_moveit2/install/moveit_runtime:/home/julien/Documents/ros/ws_moveit2/install/moveit2_tutorials:/home/julien/Documents/ros/ws_moveit2/install/moveit:/home/julien/Documents/ros/ws_moveit2/install/moveit_planners:/home/julien/Documents/ros/ws_moveit2/install/pilz_industrial_motion_planner:/home/julien/Documents/ros/ws_moveit2/install/moveit_visual_tools:/home/julien/Documents/ros/ws_moveit2/install/moveit_task_constructor_visualization:/home/julien/Documents/ros/ws_moveit2/install/moveit_task_constructor_demo:/home/julien/Documents/ros/ws_moveit2/install/moveit_task_constructor_capabilities:/home/julien/Documents/ros/ws_moveit2/install/moveit_task_constructor_core:/home/julien/Documents/ros/ws_moveit2/install/moveit_ros_control_interface:/home/julien/Documents/ros/ws_moveit2/install/moveit_plugins:/home/julien/Documents/ros/ws_moveit2/install/moveit_simple_controller_manager:/home/julien/Documents/ros/ws_moveit2/install/moveit_setup_assistant:/home/julien/Documents/ros/ws_moveit2/install/moveit_setup_srdf_plugins:/home/julien/Documents/ros/ws_moveit2/install/moveit_setup_core_plugins:/home/julien/Documents/ros/ws_moveit2/install/moveit_setup_controllers:/home/julien/Documents/ros/ws_moveit2/install/moveit_setup_app_plugins:/home/julien/Documents/ros/ws_moveit2/install/moveit_setup_framework:/home/julien/Documents/ros/ws_moveit2/install/moveit_servo:/home/julien/Documents/ros/ws_moveit2/install/moveit_ros:/home/julien/Documents/ros/ws_moveit2/install/moveit_ros_visualization:/home/julien/Documents/ros/ws_moveit2/install/moveit_hybrid_planning:/home/julien/Documents/ros/ws_moveit2/install/moveit_ros_planning_interface:/home/julien/Documents/ros/ws_moveit2/install/moveit_ros_benchmarks:/home/julien/Documents/ros/ws_moveit2/install/moveit_ros_warehouse:/home/julien/Documents/ros/ws_moveit2/install/moveit_ros_robot_interaction:/home/julien/Documents/ros/ws_moveit2/install/moveit_ros_perception:/home/julien/Documents/ros/ws_moveit2/install/moveit_resources_prbt_pg70_support:/home/julien/Documents/ros/ws_moveit2/install/moveit_resources_prbt_moveit_config:/home/julien/Documents/ros/ws_moveit2/install/moveit_ros_move_group:/home/julien/Documents/ros/ws_moveit2/install/moveit_planners_ompl:/home/julien/Documents/ros/ws_moveit2/install/moveit_ros_planning:/home/julien/Documents/ros/ws_moveit2/install/moveit_ros_occupancy_map_monitor:/home/julien/Documents/ros/ws_moveit2/install/moveit_resources_prbt_ikfast_manipulator_plugin:/home/julien/Documents/ros/ws_moveit2/install/moveit_planners_chomp:/home/julien/Documents/ros/ws_moveit2/install/moveit_kinematics:/home/julien/Documents/ros/ws_moveit2/install/moveit_chomp_optimizer_adapter:/home/julien/Documents/ros/ws_moveit2/install/chomp_motion_planner:/home/julien/Documents/ros/ws_moveit2/install/moveit_core:/home/julien/Documents/ros/ws_moveit2/install/srdfdom:/home/julien/Documents/ros/ws_moveit2/install/rviz_marker_tools:/home/julien/Documents/ros/ws_moveit2/install/rosparam_shortcuts:/home/julien/Documents/ros/ws_moveit2/install/moveit_task_constructor_msgs:/home/julien/Documents/ros/ws_moveit2/install/moveit_resources_prbt_support:/home/julien/Documents/ros/ws_moveit2/install/moveit_resources:/home/julien/Documents/ros/ws_moveit2/install/moveit_resources_pr2_description:/home/julien/Documents/ros/ws_moveit2/install/moveit_resources_panda_moveit_config:/home/julien/Documents/ros/ws_moveit2/install/moveit_resources_panda_description:/home/julien/Documents/ros/ws_moveit2/install/moveit_resources_fanuc_moveit_config:/home/julien/Documents/ros/ws_moveit2/install/moveit_resources_fanuc_description:/home/julien/Documents/ros/ws_moveit2/install/moveit_common:/home/julien/Documents/ros/ws_moveit2/install/moveit_configs_utils:/home/julien/Documents/ros/ws_moveit2/install/launch_param_builder:/opt/ros/humble /usr/bin/cmake --build /home/julien/Documents/ros/robot_arm/build/robot_moveit_config -- -j4 -l4
[2.911s] DEBUG:colcon.colcon_core.event_handler.log_command:Invoked command in '/home/julien/Documents/ros/robot_arm/build/robot_moveit_config' returned '0': AMENT_PREFIX_PATH=/home/julien/Documents/ros/robot_arm/install/Robot_description:${AMENT_PREFIX_PATH} CMAKE_PREFIX_PATH=/home/julien/Documents/ros/robot_arm/install/Robot_description:/home/julien/Documents/ros/ws_ros2/install/hello_moveit:/home/julien/Documents/ros/ws_ros2/install/cpp_pubsub:/home/julien/Documents/ros/ws_moveit2/install/pilz_industrial_motion_planner_testutils:/home/julien/Documents/ros/ws_moveit2/install/moveit_runtime:/home/julien/Documents/ros/ws_moveit2/install/moveit2_tutorials:/home/julien/Documents/ros/ws_moveit2/install/moveit:/home/julien/Documents/ros/ws_moveit2/install/moveit_planners:/home/julien/Documents/ros/ws_moveit2/install/pilz_industrial_motion_planner:/home/julien/Documents/ros/ws_moveit2/install/moveit_visual_tools:/home/julien/Documents/ros/ws_moveit2/install/moveit_task_constructor_visualization:/home/julien/Documents/ros/ws_moveit2/install/moveit_task_constructor_demo:/home/julien/Documents/ros/ws_moveit2/install/moveit_task_constructor_capabilities:/home/julien/Documents/ros/ws_moveit2/install/moveit_task_constructor_core:/home/julien/Documents/ros/ws_moveit2/install/moveit_ros_control_interface:/home/julien/Documents/ros/ws_moveit2/install/moveit_plugins:/home/julien/Documents/ros/ws_moveit2/install/moveit_simple_controller_manager:/home/julien/Documents/ros/ws_moveit2/install/moveit_setup_assistant:/home/julien/Documents/ros/ws_moveit2/install/moveit_setup_srdf_plugins:/home/julien/Documents/ros/ws_moveit2/install/moveit_setup_core_plugins:/home/julien/Documents/ros/ws_moveit2/install/moveit_setup_controllers:/home/julien/Documents/ros/ws_moveit2/install/moveit_setup_app_plugins:/home/julien/Documents/ros/ws_moveit2/install/moveit_setup_framework:/home/julien/Documents/ros/ws_moveit2/install/moveit_servo:/home/julien/Documents/ros/ws_moveit2/install/moveit_ros:/home/julien/Documents/ros/ws_moveit2/install/moveit_ros_visualization:/home/julien/Documents/ros/ws_moveit2/install/moveit_hybrid_planning:/home/julien/Documents/ros/ws_moveit2/install/moveit_ros_planning_interface:/home/julien/Documents/ros/ws_moveit2/install/moveit_ros_benchmarks:/home/julien/Documents/ros/ws_moveit2/install/moveit_ros_warehouse:/home/julien/Documents/ros/ws_moveit2/install/moveit_ros_robot_interaction:/home/julien/Documents/ros/ws_moveit2/install/moveit_ros_perception:/home/julien/Documents/ros/ws_moveit2/install/moveit_resources_prbt_pg70_support:/home/julien/Documents/ros/ws_moveit2/install/moveit_resources_prbt_moveit_config:/home/julien/Documents/ros/ws_moveit2/install/moveit_ros_move_group:/home/julien/Documents/ros/ws_moveit2/install/moveit_planners_ompl:/home/julien/Documents/ros/ws_moveit2/install/moveit_ros_planning:/home/julien/Documents/ros/ws_moveit2/install/moveit_ros_occupancy_map_monitor:/home/julien/Documents/ros/ws_moveit2/install/moveit_resources_prbt_ikfast_manipulator_plugin:/home/julien/Documents/ros/ws_moveit2/install/moveit_planners_chomp:/home/julien/Documents/ros/ws_moveit2/install/moveit_kinematics:/home/julien/Documents/ros/ws_moveit2/install/moveit_chomp_optimizer_adapter:/home/julien/Documents/ros/ws_moveit2/install/chomp_motion_planner:/home/julien/Documents/ros/ws_moveit2/install/moveit_core:/home/julien/Documents/ros/ws_moveit2/install/srdfdom:/home/julien/Documents/ros/ws_moveit2/install/rviz_marker_tools:/home/julien/Documents/ros/ws_moveit2/install/rosparam_shortcuts:/home/julien/Documents/ros/ws_moveit2/install/moveit_task_constructor_msgs:/home/julien/Documents/ros/ws_moveit2/install/moveit_resources_prbt_support:/home/julien/Documents/ros/ws_moveit2/install/moveit_resources:/home/julien/Documents/ros/ws_moveit2/install/moveit_resources_pr2_description:/home/julien/Documents/ros/ws_moveit2/install/moveit_resources_panda_moveit_config:/home/julien/Documents/ros/ws_moveit2/install/moveit_resources_panda_description:/home/julien/Documents/ros/ws_moveit2/install/moveit_resources_fanuc_moveit_config:/home/julien/Documents/ros/ws_moveit2/install/moveit_resources_fanuc_description:/home/julien/Documents/ros/ws_moveit2/install/moveit_common:/home/julien/Documents/ros/ws_moveit2/install/moveit_configs_utils:/home/julien/Documents/ros/ws_moveit2/install/launch_param_builder:/opt/ros/humble /usr/bin/cmake --build /home/julien/Documents/ros/robot_arm/build/robot_moveit_config -- -j4 -l4
[2.959s] DEBUG:colcon.colcon_core.event_handler.log_command:Invoking command in '/home/julien/Documents/ros/robot_arm/build/robot_moveit_config': AMENT_PREFIX_PATH=/home/julien/Documents/ros/robot_arm/install/Robot_description:${AMENT_PREFIX_PATH} CMAKE_PREFIX_PATH=/home/julien/Documents/ros/robot_arm/install/Robot_description:/home/julien/Documents/ros/ws_ros2/install/hello_moveit:/home/julien/Documents/ros/ws_ros2/install/cpp_pubsub:/home/julien/Documents/ros/ws_moveit2/install/pilz_industrial_motion_planner_testutils:/home/julien/Documents/ros/ws_moveit2/install/moveit_runtime:/home/julien/Documents/ros/ws_moveit2/install/moveit2_tutorials:/home/julien/Documents/ros/ws_moveit2/install/moveit:/home/julien/Documents/ros/ws_moveit2/install/moveit_planners:/home/julien/Documents/ros/ws_moveit2/install/pilz_industrial_motion_planner:/home/julien/Documents/ros/ws_moveit2/install/moveit_visual_tools:/home/julien/Documents/ros/ws_moveit2/install/moveit_task_constructor_visualization:/home/julien/Documents/ros/ws_moveit2/install/moveit_task_constructor_demo:/home/julien/Documents/ros/ws_moveit2/install/moveit_task_constructor_capabilities:/home/julien/Documents/ros/ws_moveit2/install/moveit_task_constructor_core:/home/julien/Documents/ros/ws_moveit2/install/moveit_ros_control_interface:/home/julien/Documents/ros/ws_moveit2/install/moveit_plugins:/home/julien/Documents/ros/ws_moveit2/install/moveit_simple_controller_manager:/home/julien/Documents/ros/ws_moveit2/install/moveit_setup_assistant:/home/julien/Documents/ros/ws_moveit2/install/moveit_setup_srdf_plugins:/home/julien/Documents/ros/ws_moveit2/install/moveit_setup_core_plugins:/home/julien/Documents/ros/ws_moveit2/install/moveit_setup_controllers:/home/julien/Documents/ros/ws_moveit2/install/moveit_setup_app_plugins:/home/julien/Documents/ros/ws_moveit2/install/moveit_setup_framework:/home/julien/Documents/ros/ws_moveit2/install/moveit_servo:/home/julien/Documents/ros/ws_moveit2/install/moveit_ros:/home/julien/Documents/ros/ws_moveit2/install/moveit_ros_visualization:/home/julien/Documents/ros/ws_moveit2/install/moveit_hybrid_planning:/home/julien/Documents/ros/ws_moveit2/install/moveit_ros_planning_interface:/home/julien/Documents/ros/ws_moveit2/install/moveit_ros_benchmarks:/home/julien/Documents/ros/ws_moveit2/install/moveit_ros_warehouse:/home/julien/Documents/ros/ws_moveit2/install/moveit_ros_robot_interaction:/home/julien/Documents/ros/ws_moveit2/install/moveit_ros_perception:/home/julien/Documents/ros/ws_moveit2/install/moveit_resources_prbt_pg70_support:/home/julien/Documents/ros/ws_moveit2/install/moveit_resources_prbt_moveit_config:/home/julien/Documents/ros/ws_moveit2/install/moveit_ros_move_group:/home/julien/Documents/ros/ws_moveit2/install/moveit_planners_ompl:/home/julien/Documents/ros/ws_moveit2/install/moveit_ros_planning:/home/julien/Documents/ros/ws_moveit2/install/moveit_ros_occupancy_map_monitor:/home/julien/Documents/ros/ws_moveit2/install/moveit_resources_prbt_ikfast_manipulator_plugin:/home/julien/Documents/ros/ws_moveit2/install/moveit_planners_chomp:/home/julien/Documents/ros/ws_moveit2/install/moveit_kinematics:/home/julien/Documents/ros/ws_moveit2/install/moveit_chomp_optimizer_adapter:/home/julien/Documents/ros/ws_moveit2/install/chomp_motion_planner:/home/julien/Documents/ros/ws_moveit2/install/moveit_core:/home/julien/Documents/ros/ws_moveit2/install/srdfdom:/home/julien/Documents/ros/ws_moveit2/install/rviz_marker_tools:/home/julien/Documents/ros/ws_moveit2/install/rosparam_shortcuts:/home/julien/Documents/ros/ws_moveit2/install/moveit_task_constructor_msgs:/home/julien/Documents/ros/ws_moveit2/install/moveit_resources_prbt_support:/home/julien/Documents/ros/ws_moveit2/install/moveit_resources:/home/julien/Documents/ros/ws_moveit2/install/moveit_resources_pr2_description:/home/julien/Documents/ros/ws_moveit2/install/moveit_resources_panda_moveit_config:/home/julien/Documents/ros/ws_moveit2/install/moveit_resources_panda_description:/home/julien/Documents/ros/ws_moveit2/install/moveit_resources_fanuc_moveit_config:/home/julien/Documents/ros/ws_moveit2/install/moveit_resources_fanuc_description:/home/julien/Documents/ros/ws_moveit2/install/moveit_common:/home/julien/Documents/ros/ws_moveit2/install/moveit_configs_utils:/home/julien/Documents/ros/ws_moveit2/install/launch_param_builder:/opt/ros/humble /usr/bin/cmake --install /home/julien/Documents/ros/robot_arm/build/robot_moveit_config
[2.985s] Level 1:colcon.colcon_core.environment:create_environment_scripts_only(robot_moveit_config)
[2.988s] Level 1:colcon.colcon_core.environment:checking '/home/julien/Documents/ros/robot_arm/install/robot_moveit_config' for CMake module files
[2.988s] DEBUG:colcon.colcon_core.event_handler.log_command:Invoked command in '/home/julien/Documents/ros/robot_arm/build/robot_moveit_config' returned '0': AMENT_PREFIX_PATH=/home/julien/Documents/ros/robot_arm/install/Robot_description:${AMENT_PREFIX_PATH} CMAKE_PREFIX_PATH=/home/julien/Documents/ros/robot_arm/install/Robot_description:/home/julien/Documents/ros/ws_ros2/install/hello_moveit:/home/julien/Documents/ros/ws_ros2/install/cpp_pubsub:/home/julien/Documents/ros/ws_moveit2/install/pilz_industrial_motion_planner_testutils:/home/julien/Documents/ros/ws_moveit2/install/moveit_runtime:/home/julien/Documents/ros/ws_moveit2/install/moveit2_tutorials:/home/julien/Documents/ros/ws_moveit2/install/moveit:/home/julien/Documents/ros/ws_moveit2/install/moveit_planners:/home/julien/Documents/ros/ws_moveit2/install/pilz_industrial_motion_planner:/home/julien/Documents/ros/ws_moveit2/install/moveit_visual_tools:/home/julien/Documents/ros/ws_moveit2/install/moveit_task_constructor_visualization:/home/julien/Documents/ros/ws_moveit2/install/moveit_task_constructor_demo:/home/julien/Documents/ros/ws_moveit2/install/moveit_task_constructor_capabilities:/home/julien/Documents/ros/ws_moveit2/install/moveit_task_constructor_core:/home/julien/Documents/ros/ws_moveit2/install/moveit_ros_control_interface:/home/julien/Documents/ros/ws_moveit2/install/moveit_plugins:/home/julien/Documents/ros/ws_moveit2/install/moveit_simple_controller_manager:/home/julien/Documents/ros/ws_moveit2/install/moveit_setup_assistant:/home/julien/Documents/ros/ws_moveit2/install/moveit_setup_srdf_plugins:/home/julien/Documents/ros/ws_moveit2/install/moveit_setup_core_plugins:/home/julien/Documents/ros/ws_moveit2/install/moveit_setup_controllers:/home/julien/Documents/ros/ws_moveit2/install/moveit_setup_app_plugins:/home/julien/Documents/ros/ws_moveit2/install/moveit_setup_framework:/home/julien/Documents/ros/ws_moveit2/install/moveit_servo:/home/julien/Documents/ros/ws_moveit2/install/moveit_ros:/home/julien/Documents/ros/ws_moveit2/install/moveit_ros_visualization:/home/julien/Documents/ros/ws_moveit2/install/moveit_hybrid_planning:/home/julien/Documents/ros/ws_moveit2/install/moveit_ros_planning_interface:/home/julien/Documents/ros/ws_moveit2/install/moveit_ros_benchmarks:/home/julien/Documents/ros/ws_moveit2/install/moveit_ros_warehouse:/home/julien/Documents/ros/ws_moveit2/install/moveit_ros_robot_interaction:/home/julien/Documents/ros/ws_moveit2/install/moveit_ros_perception:/home/julien/Documents/ros/ws_moveit2/install/moveit_resources_prbt_pg70_support:/home/julien/Documents/ros/ws_moveit2/install/moveit_resources_prbt_moveit_config:/home/julien/Documents/ros/ws_moveit2/install/moveit_ros_move_group:/home/julien/Documents/ros/ws_moveit2/install/moveit_planners_ompl:/home/julien/Documents/ros/ws_moveit2/install/moveit_ros_planning:/home/julien/Documents/ros/ws_moveit2/install/moveit_ros_occupancy_map_monitor:/home/julien/Documents/ros/ws_moveit2/install/moveit_resources_prbt_ikfast_manipulator_plugin:/home/julien/Documents/ros/ws_moveit2/install/moveit_planners_chomp:/home/julien/Documents/ros/ws_moveit2/install/moveit_kinematics:/home/julien/Documents/ros/ws_moveit2/install/moveit_chomp_optimizer_adapter:/home/julien/Documents/ros/ws_moveit2/install/chomp_motion_planner:/home/julien/Documents/ros/ws_moveit2/install/moveit_core:/home/julien/Documents/ros/ws_moveit2/install/srdfdom:/home/julien/Documents/ros/ws_moveit2/install/rviz_marker_tools:/home/julien/Documents/ros/ws_moveit2/install/rosparam_shortcuts:/home/julien/Documents/ros/ws_moveit2/install/moveit_task_constructor_msgs:/home/julien/Documents/ros/ws_moveit2/install/moveit_resources_prbt_support:/home/julien/Documents/ros/ws_moveit2/install/moveit_resources:/home/julien/Documents/ros/ws_moveit2/install/moveit_resources_pr2_description:/home/julien/Documents/ros/ws_moveit2/install/moveit_resources_panda_moveit_config:/home/julien/Documents/ros/ws_moveit2/install/moveit_resources_panda_description:/home/julien/Documents/ros/ws_moveit2/install/moveit_resources_fanuc_moveit_config:/home/julien/Documents/ros/ws_moveit2/install/moveit_resources_fanuc_description:/home/julien/Documents/ros/ws_moveit2/install/moveit_common:/home/julien/Documents/ros/ws_moveit2/install/moveit_configs_utils:/home/julien/Documents/ros/ws_moveit2/install/launch_param_builder:/opt/ros/humble /usr/bin/cmake --install /home/julien/Documents/ros/robot_arm/build/robot_moveit_config
[2.988s] Level 1:colcon.colcon_core.environment:checking '/home/julien/Documents/ros/robot_arm/install/robot_moveit_config' for CMake config files
[2.989s] Level 1:colcon.colcon_core.shell:create_environment_hook('robot_moveit_config', 'cmake_prefix_path')
[2.990s] INFO:colcon.colcon_core.shell:Creating environment hook '/home/julien/Documents/ros/robot_arm/install/robot_moveit_config/share/robot_moveit_config/hook/cmake_prefix_path.ps1'
[2.991s] INFO:colcon.colcon_core.shell:Creating environment descriptor '/home/julien/Documents/ros/robot_arm/install/robot_moveit_config/share/robot_moveit_config/hook/cmake_prefix_path.dsv'
[2.991s] INFO:colcon.colcon_core.shell:Creating environment hook '/home/julien/Documents/ros/robot_arm/install/robot_moveit_config/share/robot_moveit_config/hook/cmake_prefix_path.sh'
[2.991s] Level 1:colcon.colcon_core.environment:checking '/home/julien/Documents/ros/robot_arm/install/robot_moveit_config/bin'
[2.992s] Level 1:colcon.colcon_core.environment:checking '/home/julien/Documents/ros/robot_arm/install/robot_moveit_config/lib/pkgconfig/robot_moveit_config.pc'
[2.992s] Level 1:colcon.colcon_core.environment:checking '/home/julien/Documents/ros/robot_arm/install/robot_moveit_config/lib/python3.10/site-packages'
[2.992s] Level 1:colcon.colcon_core.environment:checking '/home/julien/Documents/ros/robot_arm/install/robot_moveit_config/bin'
[2.994s] INFO:colcon.colcon_core.shell:Creating package script '/home/julien/Documents/ros/robot_arm/install/robot_moveit_config/share/robot_moveit_config/package.ps1'
[2.994s] INFO:colcon.colcon_core.shell:Creating package descriptor '/home/julien/Documents/ros/robot_arm/install/robot_moveit_config/share/robot_moveit_config/package.dsv'
[2.995s] INFO:colcon.colcon_core.shell:Creating package script '/home/julien/Documents/ros/robot_arm/install/robot_moveit_config/share/robot_moveit_config/package.sh'
[2.995s] INFO:colcon.colcon_core.shell:Creating package script '/home/julien/Documents/ros/robot_arm/install/robot_moveit_config/share/robot_moveit_config/package.bash'
[2.995s] INFO:colcon.colcon_core.shell:Creating package script '/home/julien/Documents/ros/robot_arm/install/robot_moveit_config/share/robot_moveit_config/package.zsh'
[2.996s] Level 1:colcon.colcon_core.environment:create_file_with_runtime_dependencies(/home/julien/Documents/ros/robot_arm/install/robot_moveit_config/share/colcon-core/packages/robot_moveit_config)
[3.065s] Level 1:colcon.colcon_core.environment:create_environment_scripts_only(robot_moveit_config)
[3.067s] Level 1:colcon.colcon_core.environment:checking '/home/julien/Documents/ros/robot_arm/install/robot_moveit_config' for CMake module files
[3.068s] Level 1:colcon.colcon_core.environment:checking '/home/julien/Documents/ros/robot_arm/install/robot_moveit_config' for CMake config files
[3.068s] Level 1:colcon.colcon_core.shell:create_environment_hook('robot_moveit_config', 'cmake_prefix_path')
[3.069s] INFO:colcon.colcon_core.shell:Creating environment hook '/home/julien/Documents/ros/robot_arm/install/robot_moveit_config/share/robot_moveit_config/hook/cmake_prefix_path.ps1'
[3.070s] INFO:colcon.colcon_core.shell:Creating environment descriptor '/home/julien/Documents/ros/robot_arm/install/robot_moveit_config/share/robot_moveit_config/hook/cmake_prefix_path.dsv'
[3.070s] INFO:colcon.colcon_core.shell:Creating environment hook '/home/julien/Documents/ros/robot_arm/install/robot_moveit_config/share/robot_moveit_config/hook/cmake_prefix_path.sh'
[3.071s] Level 1:colcon.colcon_core.environment:checking '/home/julien/Documents/ros/robot_arm/install/robot_moveit_config/bin'
[3.071s] Level 1:colcon.colcon_core.environment:checking '/home/julien/Documents/ros/robot_arm/install/robot_moveit_config/lib/pkgconfig/robot_moveit_config.pc'
[3.071s] Level 1:colcon.colcon_core.environment:checking '/home/julien/Documents/ros/robot_arm/install/robot_moveit_config/lib/python3.10/site-packages'
[3.071s] Level 1:colcon.colcon_core.environment:checking '/home/julien/Documents/ros/robot_arm/install/robot_moveit_config/bin'
[3.072s] INFO:colcon.colcon_core.shell:Creating package script '/home/julien/Documents/ros/robot_arm/install/robot_moveit_config/share/robot_moveit_config/package.ps1'
[3.073s] INFO:colcon.colcon_core.shell:Creating package descriptor '/home/julien/Documents/ros/robot_arm/install/robot_moveit_config/share/robot_moveit_config/package.dsv'
[3.073s] INFO:colcon.colcon_core.shell:Creating package script '/home/julien/Documents/ros/robot_arm/install/robot_moveit_config/share/robot_moveit_config/package.sh'
[3.074s] INFO:colcon.colcon_core.shell:Creating package script '/home/julien/Documents/ros/robot_arm/install/robot_moveit_config/share/robot_moveit_config/package.bash'
[3.074s] INFO:colcon.colcon_core.shell:Creating package script '/home/julien/Documents/ros/robot_arm/install/robot_moveit_config/share/robot_moveit_config/package.zsh'
[3.075s] Level 1:colcon.colcon_core.environment:create_file_with_runtime_dependencies(/home/julien/Documents/ros/robot_arm/install/robot_moveit_config/share/colcon-core/packages/robot_moveit_config)
[3.075s] DEBUG:colcon.colcon_parallel_executor.executor.parallel:closing loop
[3.075s] DEBUG:colcon.colcon_parallel_executor.executor.parallel:loop closed
[3.075s] DEBUG:colcon.colcon_parallel_executor.executor.parallel:run_until_complete finished with '0'
[3.075s] DEBUG:colcon.colcon_core.event_reactor:joining thread
[3.082s] INFO:colcon.colcon_core.plugin_system:Skipping extension 'colcon_notification.desktop_notification.terminal_notifier': Not used on non-Darwin systems
[3.082s] INFO:colcon.colcon_core.plugin_system:Skipping extension 'colcon_notification.desktop_notification.win32': Not used on non-Windows systems
[3.082s] INFO:colcon.colcon_notification.desktop_notification:Sending desktop notification using 'notify2'
[3.094s] DEBUG:colcon.colcon_core.event_reactor:joined thread
[3.095s] INFO:colcon.colcon_core.shell:Creating prefix script '/home/julien/Documents/ros/robot_arm/install/local_setup.ps1'
[3.096s] INFO:colcon.colcon_core.shell:Creating prefix util module '/home/julien/Documents/ros/robot_arm/install/_local_setup_util_ps1.py'
[3.097s] INFO:colcon.colcon_core.shell:Creating prefix chain script '/home/julien/Documents/ros/robot_arm/install/setup.ps1'
[3.101s] INFO:colcon.colcon_core.shell:Creating prefix script '/home/julien/Documents/ros/robot_arm/install/local_setup.sh'
[3.102s] INFO:colcon.colcon_core.shell:Creating prefix util module '/home/julien/Documents/ros/robot_arm/install/_local_setup_util_sh.py'
[3.103s] INFO:colcon.colcon_core.shell:Creating prefix chain script '/home/julien/Documents/ros/robot_arm/install/setup.sh'
[3.108s] INFO:colcon.colcon_core.shell:Creating prefix script '/home/julien/Documents/ros/robot_arm/install/local_setup.bash'
[3.109s] INFO:colcon.colcon_core.shell:Creating prefix chain script '/home/julien/Documents/ros/robot_arm/install/setup.bash'
[3.113s] INFO:colcon.colcon_core.shell:Creating prefix script '/home/julien/Documents/ros/robot_arm/install/local_setup.zsh'
[3.113s] INFO:colcon.colcon_core.shell:Creating prefix chain script '/home/julien/Documents/ros/robot_arm/install/setup.zsh'
