-- Found ament_cmake: 1.3.4 (/opt/ros/humble/share/ament_cmake/cmake)
-- Found moveit_ros_planning_interface: 2.5.4 (/home/julien/Documents/ros/ws_moveit2/install/moveit_ros_planning_interface/share/moveit_ros_planning_interface/cmake)
-- Found Boost: /usr/lib/x86_64-linux-gnu/cmake/Boost-1.74.0/BoostConfig.cmake (found version "1.74.0") found components: date_time filesystem program_options system thread 
-- Found rosidl_generator_c: 3.1.4 (/opt/ros/humble/share/rosidl_generator_c/cmake)
-- Found rosidl_adapter: 3.1.4 (/opt/ros/humble/share/rosidl_adapter/cmake)
-- Found rosidl_generator_cpp: 3.1.4 (/opt/ros/humble/share/rosidl_generator_cpp/cmake)
-- Using all available rosidl_typesupport_c: rosidl_typesupport_microxrcedds_c;rosidl_typesupport_fastrtps_c;rosidl_typesupport_introspection_c
-- Using all available rosidl_typesupport_cpp: rosidl_typesupport_microxrcedds_cpp;rosidl_typesupport_fastrtps_cpp;rosidl_typesupport_introspection_cpp
-- Found Boost: /usr/lib/x86_64-linux-gnu/cmake/Boost-1.74.0/BoostConfig.cmake (found version "1.74.0") found components: chrono date_time filesystem iostreams program_options regex serialization system thread 
-- Found parameter_traits: 0.3.3 (/opt/ros/humble/share/parameter_traits/cmake)
-- Found rmw_implementation_cmake: 6.1.1 (/opt/ros/humble/share/rmw_implementation_cmake/cmake)
-- Found rmw_cyclonedds_cpp: 1.3.4 (/opt/ros/humble/share/rmw_cyclonedds_cpp/cmake)
-- Using RMW implementation 'rmw_cyclonedds_cpp' as default
-- Found rclcpp_lifecycle: 16.0.4 (/opt/ros/humble/share/rclcpp_lifecycle/cmake)
-- Found Boost: /usr/lib/x86_64-linux-gnu/cmake/Boost-1.74.0/BoostConfig.cmake (found version "1.74.0") found components: filesystem 
-- library: /usr/lib/x86_64-linux-gnu/libcurl.so
-- Ensuring Eigen3 include directory is part of orocos-kdl CMake target
-- Found Boost: /usr/lib/x86_64-linux-gnu/cmake/Boost-1.74.0/BoostConfig.cmake (found version "1.74.0") found components: system filesystem date_time program_options thread chrono 
-- Found Boost: /usr/lib/x86_64-linux-gnu/cmake/Boost-1.74.0/BoostConfig.cmake (found version "1.74.0") found components: thread system filesystem regex date_time program_options 
-- Found Boost: /usr/lib/x86_64-linux-gnu/cmake/Boost-1.74.0/BoostConfig.cmake (found version "1.74.0") found components: system filesystem date_time program_options thread 
-- Found moveit_visual_tools: 4.1.0 (/home/julien/Documents/ros/ws_moveit2/install/moveit_visual_tools/share/moveit_visual_tools/cmake)
-- Setting OGRE_DIR to: '/opt/ros/humble/share/rviz_ogre_vendor/cmake/../../../opt/rviz_ogre_vendor/lib/OGRE/cmake'
-- Found OGRE
--   static     : OFF
--   components : HLMS;MeshLodGenerator;Overlay;Paging;Property;RTShaderSystem;Terrain;Volume
--   plugins    : Plugin_BSPSceneManager;Plugin_OctreeSceneManager;Plugin_PCZSceneManager;Plugin_ParticleFX;RenderSystem_GL;RenderSystem_GL3Plus;Codec_STBI
--   media      : /opt/ros/humble/opt/rviz_ogre_vendor/share/OGRE/Media
-- OGRE_LIBRARIES: OgreHLMS;OgreMeshLodGenerator;OgreOverlay;OgrePaging;OgreProperty;OgreRTShaderSystem;OgreTerrain;OgreVolume;OgreMain
-- OGRE_LIBRARY_DIRS: /opt/ros/humble/opt/rviz_ogre_vendor/lib
-- OGRE_PLUGINS: Plugin_BSPSceneManager;Plugin_OctreeSceneManager;Plugin_PCZSceneManager;Plugin_ParticleFX;RenderSystem_GL;RenderSystem_GL3Plus;Codec_STBI
-- OGRE_PLUGIN_DIR: /opt/ros/humble/opt/rviz_ogre_vendor/lib/OGRE
-- rviz_ogre_vendor::OgreOverlay for IMPORTED_LOCATION_RELEASE: /opt/ros/humble/opt/rviz_ogre_vendor/lib/libOgreOverlay.so
-- rviz_ogre_vendor::OgreOverlay for IMPORTED_LOCATION_DEBUG: /opt/ros/humble/opt/rviz_ogre_vendor/lib/libOgreOverlay.so
-- rviz_ogre_vendor::OgreMain for IMPORTED_LOCATION_RELEASE: /opt/ros/humble/opt/rviz_ogre_vendor/lib/libOgreMain.so
-- rviz_ogre_vendor::OgreMain for IMPORTED_LOCATION_DEBUG: /opt/ros/humble/opt/rviz_ogre_vendor/lib/libOgreMain.so
-- Could not find freeimage library
-- rviz_ogre_vendor::RenderSystem_GL for IMPORTED_LOCATION_RELEASE: _render_system_gl_static_library_abs-NOTFOUND
-- rviz_ogre_vendor::RenderSystem_GL for IMPORTED_LOCATION_DEBUG: _render_system_gl_static_library_abs-NOTFOUND
-- Found ament_lint_auto: 0.12.6 (/opt/ros/humble/share/ament_lint_auto/cmake)
-- Added test 'cppcheck' to perform static code analysis on C / C++ code
-- Configured cppcheck include dirs: 
-- Configured cppcheck exclude dirs and/or files: 
-- Added test 'lint_cmake' to check CMake code style
-- Added test 'uncrustify' to check C / C++ code style
-- Configured uncrustify additional arguments: 
-- Added test 'xmllint' to check XML markup files
-- Configuring done
-- Generating done
-- Build files have been written to: /home/julien/Documents/ros/robot_arm/ros2_ws_robot/build/prog_robot_cpp
[35m[1mConsolidate compiler generated dependencies of target scene[0m
[35m[1mConsolidate compiler generated dependencies of target hello_moveit[0m
[ 25%] [32mBuilding CXX object CMakeFiles/scene.dir/src/scene.cpp.o[0m
[ 75%] Built target hello_moveit
[01m[K/home/julien/Documents/ros/robot_arm/ros2_ws_robot/src/prog_robot_cpp/src/scene.cpp:9:33:[m[K [01;31m[Kerror: [m[K‘[01m[Kstring[m[K’ was not declared in this scope
    9 | auto const create_collision_box([01;31m[Kstring[m[K id, float dim_x, float dim_Y, float dim_Z, float pos_X, float pos_Y, float pos_Z)
      |                                 [01;31m[K^~~~~~[m[K
[01m[K/home/julien/Documents/ros/robot_arm/ros2_ws_robot/src/prog_robot_cpp/src/scene.cpp:9:33:[m[K [01;36m[Knote: [m[Ksuggested alternatives:
In file included from [01m[K/usr/include/c++/11/iosfwd:39[m[K,
                 from [01m[K/usr/include/c++/11/bits/shared_ptr.h:52[m[K,
                 from [01m[K/usr/include/c++/11/memory:77[m[K,
                 from [01m[K/home/julien/Documents/ros/robot_arm/ros2_ws_robot/src/prog_robot_cpp/src/scene.cpp:1[m[K:
[01m[K/usr/include/c++/11/bits/stringfwd.h:79:33:[m[K [01;36m[Knote: [m[K  ‘[01m[Kstd::string[m[K’
   79 |   typedef basic_string<char>    [01;36m[Kstring[m[K;
      |                                 [01;36m[K^~~~~~[m[K
In file included from [01m[K/home/julien/Documents/ros/robot_arm/ros2_ws_robot/src/prog_robot_cpp/src/scene.cpp:2[m[K:
[01m[K/usr/include/c++/11/string:67:11:[m[K [01;36m[Knote: [m[K  ‘[01m[Kstd::pmr::string[m[K’
   67 |     using [01;36m[Kstring[m[K    = basic_string<char>;
      |           [01;36m[K^~~~~~[m[K
[01m[K/home/julien/Documents/ros/robot_arm/ros2_ws_robot/src/prog_robot_cpp/src/scene.cpp:9:44:[m[K [01;31m[Kerror: [m[Kexpected primary-expression before ‘[01m[Kfloat[m[K’
    9 | auto const create_collision_box(string id, [01;31m[Kfloat[m[K dim_x, float dim_Y, float dim_Z, float pos_X, float pos_Y, float pos_Z)
      |                                            [01;31m[K^~~~~[m[K
[01m[K/home/julien/Documents/ros/robot_arm/ros2_ws_robot/src/prog_robot_cpp/src/scene.cpp:9:57:[m[K [01;31m[Kerror: [m[Kexpected primary-expression before ‘[01m[Kfloat[m[K’
    9 | auto const create_collision_box(string id, float dim_x, [01;31m[Kfloat[m[K dim_Y, float dim_Z, float pos_X, float pos_Y, float pos_Z)
      |                                                         [01;31m[K^~~~~[m[K
[01m[K/home/julien/Documents/ros/robot_arm/ros2_ws_robot/src/prog_robot_cpp/src/scene.cpp:9:70:[m[K [01;31m[Kerror: [m[Kexpected primary-expression before ‘[01m[Kfloat[m[K’
    9 | auto const create_collision_box(string id, float dim_x, float dim_Y, [01;31m[Kfloat[m[K dim_Z, float pos_X, float pos_Y, float pos_Z)
      |                                                                      [01;31m[K^~~~~[m[K
[01m[K/home/julien/Documents/ros/robot_arm/ros2_ws_robot/src/prog_robot_cpp/src/scene.cpp:9:83:[m[K [01;31m[Kerror: [m[Kexpected primary-expression before ‘[01m[Kfloat[m[K’
    9 | auto const create_collision_box(string id, float dim_x, float dim_Y, float dim_Z, [01;31m[Kfloat[m[K pos_X, float pos_Y, float pos_Z)
      |                                                                                   [01;31m[K^~~~~[m[K
[01m[K/home/julien/Documents/ros/robot_arm/ros2_ws_robot/src/prog_robot_cpp/src/scene.cpp:9:96:[m[K [01;31m[Kerror: [m[Kexpected primary-expression before ‘[01m[Kfloat[m[K’
    9 | auto const create_collision_box(string id, float dim_x, float dim_Y, float dim_Z, float pos_X, [01;31m[Kfloat[m[K pos_Y, float pos_Z)
      |                                                                                                [01;31m[K^~~~~[m[K
[01m[K/home/julien/Documents/ros/robot_arm/ros2_ws_robot/src/prog_robot_cpp/src/scene.cpp:9:109:[m[K [01;31m[Kerror: [m[Kexpected primary-expression before ‘[01m[Kfloat[m[K’
    9 | auto const create_collision_box(string id, float dim_x, float dim_Y, float dim_Z, float pos_X, float pos_Y, [01;31m[Kfloat[m[K pos_Z)
      |                                                                                                             [01;31m[K^~~~~[m[K
[01m[K/home/julien/Documents/ros/robot_arm/ros2_ws_robot/src/prog_robot_cpp/src/scene.cpp:9:120:[m[K [01;31m[Kerror: [m[Kexpression list treated as compound expression in initializer [[01;31m[K]8;;https://gcc.gnu.org/onlinedocs/gcc/Warning-Options.html#index-fpermissive-fpermissive]8;;[m[K]
    9 | auto const create_collision_box(string id, float dim_x, float dim_Y, float dim_Z, float pos_X, float pos_Y, float pos_Z[01;31m[K)[m[K
      |                                                                                                                        [01;31m[K^[m[K
[01m[K/home/julien/Documents/ros/robot_arm/ros2_ws_robot/src/prog_robot_cpp/src/scene.cpp:10:1:[m[K [01;31m[Kerror: [m[Kexpected ‘[01m[K,[m[K’ or ‘[01m[K;[m[K’ before ‘[01m[K{[m[K’ token
   10 | [01;31m[K{[m[K
      | [01;31m[K^[m[K
gmake[2]: *** [CMakeFiles/scene.dir/build.make:76: CMakeFiles/scene.dir/src/scene.cpp.o] Error 1
gmake[1]: *** [CMakeFiles/Makefile2:165: CMakeFiles/scene.dir/all] Error 2
gmake: *** [Makefile:146: all] Error 2
