[0.037s] Invoking command in '/home/julien/Documents/ros/robot_arm/ros2_ws_robot/build/prog_robot_cpp': CMAKE_PREFIX_PATH=${CMAKE_PREFIX_PATH}:/home/julien/Documents/ros/ws_ros2/install/simple_pub_sub:/home/julien/Documents/ros/ws_ros2/install/py_pubsub:/home/julien/Documents/ros/microros_ws/install/sensor_msgs_py:/home/julien/Documents/ros/ws_moveit2/install/moveit_configs_utils:/home/julien/Documents/ros/ws_moveit2/install/launch_param_builder:/home/julien/Documents/ros/robot_arm/ros2_ws_robot/install/tictactoe:/home/julien/Documents/ros/robot_arm/ros2_ws_robot/install/prog_robot:/opt/ros/humble /usr/bin/cmake --build /home/julien/Documents/ros/robot_arm/ros2_ws_robot/build/prog_robot_cpp -- -j4 -l4
[0.163s] [35m[1mConsolidate compiler generated dependencies of target move[0m
[0.211s] [ 10%] [32mBuilding CXX object CMakeFiles/transformation_matrix_calculator.dir/src/test.cpp.o[0m
[0.215s] [ 30%] Built target hello_moveit
[0.238s] [ 50%] Built target scene
[0.260s] [ 70%] Built target move
[0.288s] [ 90%] Built target frame_effector
[3.902s] In file included from [01m[K/opt/ros/humble/include/tf2/tf2/convert.h:41[m[K,
[3.903s]                  from [01m[K/opt/ros/humble/include/tf2_ros/tf2_ros/buffer_interface.h:43[m[K,
[3.903s]                  from [01m[K/opt/ros/humble/include/tf2_ros/tf2_ros/buffer.h:42[m[K,
[3.903s]                  from [01m[K/home/julien/Documents/ros/robot_arm/ros2_ws_robot/src/prog_robot_cpp/src/test.cpp:3[m[K:
[3.903s] /opt/ros/humble/include/tf2/tf2/impl/convert.h: In instantiation of ‘[01m[Kstatic void tf2::impl::Converter<IS_MESSAGE_A, IS_MESSAGE_B>::convert(const A&, B&) [with A = geometry_msgs::msg::TransformStamped_<std::allocator<void> >; B = Eigen::Transform<double, 3, 1>; bool IS_MESSAGE_A = true; bool IS_MESSAGE_B = false][m[K’:
[3.903s] [01m[K/opt/ros/humble/include/tf2/tf2/convert.h:151:60:[m[K   required from ‘[01m[Kvoid tf2::convert(const A&, B&) [with A = geometry_msgs::msg::TransformStamped_<std::allocator<void> >; B = Eigen::Transform<double, 3, 1>][m[K’
[3.903s] [01m[K/home/julien/Documents/ros/robot_arm/ros2_ws_robot/src/prog_robot_cpp/src/test.cpp:37:17:[m[K   required from here
[3.903s] [01m[K/opt/ros/humble/include/tf2/tf2/impl/convert.h:60:10:[m[K [01;31m[Kerror: [m[K‘[01m[KfromMsg[m[K’ was not declared in this scope, and no declarations were found by argument-dependent lookup at the point of instantiation [[01;31m[K]8;;https://gcc.gnu.org/onlinedocs/gcc/Warning-Options.html#index-fpermissive-fpermissive]8;;[m[K]
[3.903s]    60 |   [01;31m[KfromMsg(a, b)[m[K;
[3.903s]       |   [01;31m[K~~~~~~~^~~~~~[m[K
[3.903s] In file included from [01m[K/opt/ros/humble/include/tf2_ros/tf2_ros/buffer_interface.h:43[m[K,
[3.903s]                  from [01m[K/opt/ros/humble/include/tf2_ros/tf2_ros/buffer.h:42[m[K,
[3.903s]                  from [01m[K/home/julien/Documents/ros/robot_arm/ros2_ws_robot/src/prog_robot_cpp/src/test.cpp:3[m[K:
[3.904s] [01m[K/opt/ros/humble/include/tf2/tf2/convert.h:138:6:[m[K [01;36m[Knote: [m[K‘[01m[Ktemplate<class A, class B> void tf2::fromMsg(const A&, B&)[m[K’ declared here, later in the translation unit
[3.904s]   138 | void [01;36m[KfromMsg[m[K(const A &, B & b);
[3.904s]       |      [01;36m[K^~~~~~~[m[K
[4.273s] gmake[2]: *** [CMakeFiles/transformation_matrix_calculator.dir/build.make:76: CMakeFiles/transformation_matrix_calculator.dir/src/test.cpp.o] Error 1
[4.273s] gmake[1]: *** [CMakeFiles/Makefile2:197: CMakeFiles/transformation_matrix_calculator.dir/all] Error 2
[4.273s] gmake: *** [Makefile:146: all] Error 2
[4.276s] Invoked command in '/home/julien/Documents/ros/robot_arm/ros2_ws_robot/build/prog_robot_cpp' returned '2': CMAKE_PREFIX_PATH=${CMAKE_PREFIX_PATH}:/home/julien/Documents/ros/ws_ros2/install/simple_pub_sub:/home/julien/Documents/ros/ws_ros2/install/py_pubsub:/home/julien/Documents/ros/microros_ws/install/sensor_msgs_py:/home/julien/Documents/ros/ws_moveit2/install/moveit_configs_utils:/home/julien/Documents/ros/ws_moveit2/install/launch_param_builder:/home/julien/Documents/ros/robot_arm/ros2_ws_robot/install/tictactoe:/home/julien/Documents/ros/robot_arm/ros2_ws_robot/install/prog_robot:/opt/ros/humble /usr/bin/cmake --build /home/julien/Documents/ros/robot_arm/ros2_ws_robot/build/prog_robot_cpp -- -j4 -l4
