[0.976s] Invoking command in '/home/julien/Documents/ros/robot_arm/ros2_ws_robot/src/tictactoe': PYTHONPATH=/home/julien/Documents/ros/robot_arm/ros2_ws_robot/build/tictactoe/prefix_override:/home/julien/Documents/ros/robot_arm/ros2_ws_robot/install/tictactoe/lib/python3.10/site-packages:${PYTHONPATH} /usr/bin/python3 setup.py egg_info --egg-base ../../build/tictactoe build --build-base /home/julien/Documents/ros/robot_arm/ros2_ws_robot/build/tictactoe/build install --record /home/julien/Documents/ros/robot_arm/ros2_ws_robot/build/tictactoe/install.log --single-version-externally-managed
[1.338s] running egg_info
[1.339s] writing ../../build/tictactoe/tictactoe.egg-info/PKG-INFO
[1.339s] writing dependency_links to ../../build/tictactoe/tictactoe.egg-info/dependency_links.txt
[1.339s] writing entry points to ../../build/tictactoe/tictactoe.egg-info/entry_points.txt
[1.339s] writing requirements to ../../build/tictactoe/tictactoe.egg-info/requires.txt
[1.340s] writing top-level names to ../../build/tictactoe/tictactoe.egg-info/top_level.txt
[1.341s] reading manifest file '../../build/tictactoe/tictactoe.egg-info/SOURCES.txt'
[1.342s] writing manifest file '../../build/tictactoe/tictactoe.egg-info/SOURCES.txt'
[1.343s] running build
[1.343s] running build_py
[1.343s] copying tictactoe/game_algorithm.py -> /home/julien/Documents/ros/robot_arm/ros2_ws_robot/build/tictactoe/build/lib/tictactoe
[1.343s] copying tictactoe/main.py -> /home/julien/Documents/ros/robot_arm/ros2_ws_robot/build/tictactoe/build/lib/tictactoe
[1.343s] copying tictactoe/vision.py -> /home/julien/Documents/ros/robot_arm/ros2_ws_robot/build/tictactoe/build/lib/tictactoe
[1.343s] running install
[1.344s] running install_lib
[1.345s] copying /home/julien/Documents/ros/robot_arm/ros2_ws_robot/build/tictactoe/build/lib/tictactoe/game_algorithm.py -> /home/julien/Documents/ros/robot_arm/ros2_ws_robot/install/tictactoe/lib/python3.10/site-packages/tictactoe
[1.345s] copying /home/julien/Documents/ros/robot_arm/ros2_ws_robot/build/tictactoe/build/lib/tictactoe/main.py -> /home/julien/Documents/ros/robot_arm/ros2_ws_robot/install/tictactoe/lib/python3.10/site-packages/tictactoe
[1.345s] copying /home/julien/Documents/ros/robot_arm/ros2_ws_robot/build/tictactoe/build/lib/tictactoe/vision.py -> /home/julien/Documents/ros/robot_arm/ros2_ws_robot/install/tictactoe/lib/python3.10/site-packages/tictactoe
[1.346s] byte-compiling /home/julien/Documents/ros/robot_arm/ros2_ws_robot/install/tictactoe/lib/python3.10/site-packages/tictactoe/game_algorithm.py to game_algorithm.cpython-310.pyc
[1.348s] byte-compiling /home/julien/Documents/ros/robot_arm/ros2_ws_robot/install/tictactoe/lib/python3.10/site-packages/tictactoe/main.py to main.cpython-310.pyc
[1.348s] byte-compiling /home/julien/Documents/ros/robot_arm/ros2_ws_robot/install/tictactoe/lib/python3.10/site-packages/tictactoe/vision.py to vision.cpython-310.pyc
[1.351s] running install_data
[1.352s] running install_egg_info
[1.354s] removing '/home/julien/Documents/ros/robot_arm/ros2_ws_robot/install/tictactoe/lib/python3.10/site-packages/tictactoe-0.0.0-py3.10.egg-info' (and everything under it)
[1.354s] Copying ../../build/tictactoe/tictactoe.egg-info to /home/julien/Documents/ros/robot_arm/ros2_ws_robot/install/tictactoe/lib/python3.10/site-packages/tictactoe-0.0.0-py3.10.egg-info
[1.355s] running install_scripts
[1.379s] Installing main script to /home/julien/Documents/ros/robot_arm/ros2_ws_robot/install/tictactoe/lib/tictactoe
[1.379s] writing list of installed files to '/home/julien/Documents/ros/robot_arm/ros2_ws_robot/build/tictactoe/install.log'
[1.408s] Invoked command in '/home/julien/Documents/ros/robot_arm/ros2_ws_robot/src/tictactoe' returned '0': PYTHONPATH=/home/julien/Documents/ros/robot_arm/ros2_ws_robot/build/tictactoe/prefix_override:/home/julien/Documents/ros/robot_arm/ros2_ws_robot/install/tictactoe/lib/python3.10/site-packages:${PYTHONPATH} /usr/bin/python3 setup.py egg_info --egg-base ../../build/tictactoe build --build-base /home/julien/Documents/ros/robot_arm/ros2_ws_robot/build/tictactoe/build install --record /home/julien/Documents/ros/robot_arm/ros2_ws_robot/build/tictactoe/install.log --single-version-externally-managed
