[1.563s] Invoking command in '/home/julien/Documents/ros/robot_arm/ros2_ws_robot/src/tictactoe': PYTHONPATH=/home/julien/Documents/ros/robot_arm/ros2_ws_robot/build/tictactoe/prefix_override:/home/julien/Documents/ros/robot_arm/ros2_ws_robot/install/tictactoe/lib/python3.10/site-packages:${PYTHONPATH} /usr/bin/python3 setup.py egg_info --egg-base ../../build/tictactoe build --build-base /home/julien/Documents/ros/robot_arm/ros2_ws_robot/build/tictactoe/build install --record /home/julien/Documents/ros/robot_arm/ros2_ws_robot/build/tictactoe/install.log --single-version-externally-managed
[1.975s] running egg_info
[1.975s] writing ../../build/tictactoe/tictactoe.egg-info/PKG-INFO
[1.976s] writing dependency_links to ../../build/tictactoe/tictactoe.egg-info/dependency_links.txt
[1.976s] writing entry points to ../../build/tictactoe/tictactoe.egg-info/entry_points.txt
[1.976s] writing requirements to ../../build/tictactoe/tictactoe.egg-info/requires.txt
[1.976s] writing top-level names to ../../build/tictactoe/tictactoe.egg-info/top_level.txt
[1.978s] reading manifest file '../../build/tictactoe/tictactoe.egg-info/SOURCES.txt'
[1.979s] writing manifest file '../../build/tictactoe/tictactoe.egg-info/SOURCES.txt'
[1.979s] running build
[1.979s] running build_py
[1.980s] running install
[1.980s] running install_lib
[1.982s] running install_data
[1.983s] running install_egg_info
[1.985s] removing '/home/julien/Documents/ros/robot_arm/ros2_ws_robot/install/tictactoe/lib/python3.10/site-packages/tictactoe-0.0.0-py3.10.egg-info' (and everything under it)
[1.986s] Copying ../../build/tictactoe/tictactoe.egg-info to /home/julien/Documents/ros/robot_arm/ros2_ws_robot/install/tictactoe/lib/python3.10/site-packages/tictactoe-0.0.0-py3.10.egg-info
[1.987s] running install_scripts
[2.013s] Installing main script to /home/julien/Documents/ros/robot_arm/ros2_ws_robot/install/tictactoe/lib/tictactoe
[2.014s] writing list of installed files to '/home/julien/Documents/ros/robot_arm/ros2_ws_robot/build/tictactoe/install.log'
[2.050s] Invoked command in '/home/julien/Documents/ros/robot_arm/ros2_ws_robot/src/tictactoe' returned '0': PYTHONPATH=/home/julien/Documents/ros/robot_arm/ros2_ws_robot/build/tictactoe/prefix_override:/home/julien/Documents/ros/robot_arm/ros2_ws_robot/install/tictactoe/lib/python3.10/site-packages:${PYTHONPATH} /usr/bin/python3 setup.py egg_info --egg-base ../../build/tictactoe build --build-base /home/julien/Documents/ros/robot_arm/ros2_ws_robot/build/tictactoe/build install --record /home/julien/Documents/ros/robot_arm/ros2_ws_robot/build/tictactoe/install.log --single-version-externally-managed
