[8.089s] Invoking command in '/home/julien/Documents/ros/robot_arm/ros2_ws_robot/src/prog_robot': PYTHONPATH=/home/julien/Documents/ros/robot_arm/ros2_ws_robot/build/prog_robot/prefix_override:/home/julien/Documents/ros/robot_arm/ros2_ws_robot/install/prog_robot/lib/python3.10/site-packages:${PYTHONPATH} /usr/bin/python3 setup.py egg_info --egg-base ../../build/prog_robot build --build-base /home/julien/Documents/ros/robot_arm/ros2_ws_robot/build/prog_robot/build install --record /home/julien/Documents/ros/robot_arm/ros2_ws_robot/build/prog_robot/install.log --single-version-externally-managed
[10.325s] running egg_info
[10.328s] writing ../../build/prog_robot/prog_robot.egg-info/PKG-INFO
[10.328s] writing dependency_links to ../../build/prog_robot/prog_robot.egg-info/dependency_links.txt
[10.329s] writing entry points to ../../build/prog_robot/prog_robot.egg-info/entry_points.txt
[10.330s] writing requirements to ../../build/prog_robot/prog_robot.egg-info/requires.txt
[10.330s] writing top-level names to ../../build/prog_robot/prog_robot.egg-info/top_level.txt
[10.337s] reading manifest file '../../build/prog_robot/prog_robot.egg-info/SOURCES.txt'
[10.347s] writing manifest file '../../build/prog_robot/prog_robot.egg-info/SOURCES.txt'
[10.347s] running build
[10.348s] running build_py
[10.349s] running install
[10.349s] running install_lib
[10.356s] running install_data
[10.358s] copying launch/simu.launch.py -> /home/julien/Documents/ros/robot_arm/ros2_ws_robot/install/prog_robot/share/prog_robot
[10.359s] running install_egg_info
[10.366s] removing '/home/julien/Documents/ros/robot_arm/ros2_ws_robot/install/prog_robot/lib/python3.10/site-packages/prog_robot-0.0.0-py3.10.egg-info' (and everything under it)
[10.368s] Copying ../../build/prog_robot/prog_robot.egg-info to /home/julien/Documents/ros/robot_arm/ros2_ws_robot/install/prog_robot/lib/python3.10/site-packages/prog_robot-0.0.0-py3.10.egg-info
[10.380s] running install_scripts
[10.520s] Installing go_home script to /home/julien/Documents/ros/robot_arm/ros2_ws_robot/install/prog_robot/lib/prog_robot
[10.522s] Installing move script to /home/julien/Documents/ros/robot_arm/ros2_ws_robot/install/prog_robot/lib/prog_robot
[10.523s] Installing pub_to_arduino script to /home/julien/Documents/ros/robot_arm/ros2_ws_robot/install/prog_robot/lib/prog_robot
[10.525s] writing list of installed files to '/home/julien/Documents/ros/robot_arm/ros2_ws_robot/build/prog_robot/install.log'
[10.637s] Invoked command in '/home/julien/Documents/ros/robot_arm/ros2_ws_robot/src/prog_robot' returned '0': PYTHONPATH=/home/julien/Documents/ros/robot_arm/ros2_ws_robot/build/prog_robot/prefix_override:/home/julien/Documents/ros/robot_arm/ros2_ws_robot/install/prog_robot/lib/python3.10/site-packages:${PYTHONPATH} /usr/bin/python3 setup.py egg_info --egg-base ../../build/prog_robot build --build-base /home/julien/Documents/ros/robot_arm/ros2_ws_robot/build/prog_robot/build install --record /home/julien/Documents/ros/robot_arm/ros2_ws_robot/build/prog_robot/install.log --single-version-externally-managed
