[0.546s] DEBUG:colcon:Command line arguments: ['/usr/bin/colcon', 'build', '--packages-select', 'prog_robot_cpp']
[0.546s] DEBUG:colcon:Parsed command line arguments: Namespace(log_base=None, log_level=None, verb_name='build', build_base='build', install_base='install', merge_install=False, symlink_install=False, test_result_base=None, continue_on_error=False, executor='parallel', parallel_workers=4, event_handlers=None, ignore_user_meta=False, metas=['./colcon.meta'], base_paths=['.'], packages_ignore=None, packages_ignore_regex=None, paths=None, packages_up_to=None, packages_up_to_regex=None, packages_above=None, packages_above_and_dependencies=None, packages_above_depth=None, packages_select_by_dep=None, packages_skip_by_dep=None, packages_skip_up_to=None, packages_select_build_failed=False, packages_skip_build_finished=False, packages_select_test_failures=False, packages_skip_test_passed=False, packages_select=['prog_robot_cpp'], packages_skip=None, packages_select_regex=None, packages_skip_regex=None, packages_start=None, packages_end=None, allow_overriding=[], cmake_args=None, cmake_target=None, cmake_target_skip_unavailable=False, cmake_clean_cache=False, cmake_clean_first=False, cmake_force_configure=False, ament_cmake_args=None, catkin_cmake_args=None, catkin_skip_building_tests=False, mixin_files=None, mixin=None, verb_parser=<colcon_mixin.mixin.mixin_argument.MixinArgumentDecorator object at 0x7f35ec804fa0>, verb_extension=<colcon_core.verb.build.BuildVerb object at 0x7f35ec804910>, main=<bound method BuildVerb.main of <colcon_core.verb.build.BuildVerb object at 0x7f35ec804910>>, mixin_verb=('build',))
[0.580s] Level 1:colcon.colcon_core.package_discovery:discover_packages(colcon_meta) check parameters
[0.581s] Level 1:colcon.colcon_core.package_discovery:discover_packages(recursive) check parameters
[0.581s] Level 1:colcon.colcon_core.package_discovery:discover_packages(ignore) check parameters
[0.581s] Level 1:colcon.colcon_core.package_discovery:discover_packages(path) check parameters
[0.581s] Level 1:colcon.colcon_core.package_discovery:discover_packages(colcon_meta) discover
[0.581s] Level 1:colcon.colcon_core.package_discovery:discover_packages(recursive) discover
[0.581s] INFO:colcon.colcon_core.package_discovery:Crawling recursively for packages in '/home/julien/Documents/ros/robot_arm/ros2_ws_robot'
[0.581s] Level 1:colcon.colcon_core.package_identification:_identify(.) by extensions ['ignore', 'ignore_ament_install']
[0.581s] Level 1:colcon.colcon_core.package_identification:_identify(.) by extension 'ignore'
[0.581s] Level 1:colcon.colcon_core.package_identification:_identify(.) by extension 'ignore_ament_install'
[0.581s] Level 1:colcon.colcon_core.package_identification:_identify(.) by extensions ['colcon_pkg']
[0.581s] Level 1:colcon.colcon_core.package_identification:_identify(.) by extension 'colcon_pkg'
[0.581s] Level 1:colcon.colcon_core.package_identification:_identify(.) by extensions ['colcon_meta']
[0.581s] Level 1:colcon.colcon_core.package_identification:_identify(.) by extension 'colcon_meta'
[0.581s] Level 1:colcon.colcon_core.package_identification:_identify(.) by extensions ['ros']
[0.581s] Level 1:colcon.colcon_core.package_identification:_identify(.) by extension 'ros'
[0.596s] Level 1:colcon.colcon_core.package_identification:_identify(.) by extensions ['cmake', 'python']
[0.596s] Level 1:colcon.colcon_core.package_identification:_identify(.) by extension 'cmake'
[0.596s] Level 1:colcon.colcon_core.package_identification:_identify(.) by extension 'python'
[0.597s] Level 1:colcon.colcon_core.package_identification:_identify(.) by extensions ['python_setup_py']
[0.597s] Level 1:colcon.colcon_core.package_identification:_identify(.) by extension 'python_setup_py'
[0.597s] Level 1:colcon.colcon_core.package_identification:_identify(build) by extensions ['ignore', 'ignore_ament_install']
[0.597s] Level 1:colcon.colcon_core.package_identification:_identify(build) by extension 'ignore'
[0.597s] Level 1:colcon.colcon_core.package_identification:_identify(build) ignored
[0.597s] Level 1:colcon.colcon_core.package_identification:_identify(install) by extensions ['ignore', 'ignore_ament_install']
[0.597s] Level 1:colcon.colcon_core.package_identification:_identify(install) by extension 'ignore'
[0.598s] Level 1:colcon.colcon_core.package_identification:_identify(install) ignored
[0.598s] Level 1:colcon.colcon_core.package_identification:_identify(log) by extensions ['ignore', 'ignore_ament_install']
[0.598s] Level 1:colcon.colcon_core.package_identification:_identify(log) by extension 'ignore'
[0.598s] Level 1:colcon.colcon_core.package_identification:_identify(log) ignored
[0.598s] Level 1:colcon.colcon_core.package_identification:_identify(src) by extensions ['ignore', 'ignore_ament_install']
[0.598s] Level 1:colcon.colcon_core.package_identification:_identify(src) by extension 'ignore'
[0.598s] Level 1:colcon.colcon_core.package_identification:_identify(src) by extension 'ignore_ament_install'
[0.598s] Level 1:colcon.colcon_core.package_identification:_identify(src) by extensions ['colcon_pkg']
[0.598s] Level 1:colcon.colcon_core.package_identification:_identify(src) by extension 'colcon_pkg'
[0.598s] Level 1:colcon.colcon_core.package_identification:_identify(src) by extensions ['colcon_meta']
[0.598s] Level 1:colcon.colcon_core.package_identification:_identify(src) by extension 'colcon_meta'
[0.598s] Level 1:colcon.colcon_core.package_identification:_identify(src) by extensions ['ros']
[0.599s] Level 1:colcon.colcon_core.package_identification:_identify(src) by extension 'ros'
[0.599s] Level 1:colcon.colcon_core.package_identification:_identify(src) by extensions ['cmake', 'python']
[0.599s] Level 1:colcon.colcon_core.package_identification:_identify(src) by extension 'cmake'
[0.599s] Level 1:colcon.colcon_core.package_identification:_identify(src) by extension 'python'
[0.599s] Level 1:colcon.colcon_core.package_identification:_identify(src) by extensions ['python_setup_py']
[0.599s] Level 1:colcon.colcon_core.package_identification:_identify(src) by extension 'python_setup_py'
[0.599s] Level 1:colcon.colcon_core.package_identification:_identify(src/prog_robot) by extensions ['ignore', 'ignore_ament_install']
[0.599s] Level 1:colcon.colcon_core.package_identification:_identify(src/prog_robot) by extension 'ignore'
[0.599s] Level 1:colcon.colcon_core.package_identification:_identify(src/prog_robot) by extension 'ignore_ament_install'
[0.599s] Level 1:colcon.colcon_core.package_identification:_identify(src/prog_robot) by extensions ['colcon_pkg']
[0.599s] Level 1:colcon.colcon_core.package_identification:_identify(src/prog_robot) by extension 'colcon_pkg'
[0.599s] Level 1:colcon.colcon_core.package_identification:_identify(src/prog_robot) by extensions ['colcon_meta']
[0.599s] Level 1:colcon.colcon_core.package_identification:_identify(src/prog_robot) by extension 'colcon_meta'
[0.599s] Level 1:colcon.colcon_core.package_identification:_identify(src/prog_robot) by extensions ['ros']
[0.599s] Level 1:colcon.colcon_core.package_identification:_identify(src/prog_robot) by extension 'ros'
[0.602s] DEBUG:colcon.colcon_core.package_identification:Package 'src/prog_robot' with type 'ros.ament_python' and name 'prog_robot'
[0.602s] Level 1:colcon.colcon_core.package_identification:_identify(src/prog_robot_cpp) by extensions ['ignore', 'ignore_ament_install']
[0.602s] Level 1:colcon.colcon_core.package_identification:_identify(src/prog_robot_cpp) by extension 'ignore'
[0.602s] Level 1:colcon.colcon_core.package_identification:_identify(src/prog_robot_cpp) by extension 'ignore_ament_install'
[0.603s] Level 1:colcon.colcon_core.package_identification:_identify(src/prog_robot_cpp) by extensions ['colcon_pkg']
[0.603s] Level 1:colcon.colcon_core.package_identification:_identify(src/prog_robot_cpp) by extension 'colcon_pkg'
[0.603s] Level 1:colcon.colcon_core.package_identification:_identify(src/prog_robot_cpp) by extensions ['colcon_meta']
[0.603s] Level 1:colcon.colcon_core.package_identification:_identify(src/prog_robot_cpp) by extension 'colcon_meta'
[0.603s] Level 1:colcon.colcon_core.package_identification:_identify(src/prog_robot_cpp) by extensions ['ros']
[0.603s] Level 1:colcon.colcon_core.package_identification:_identify(src/prog_robot_cpp) by extension 'ros'
[0.604s] DEBUG:colcon.colcon_core.package_identification:Package 'src/prog_robot_cpp' with type 'ros.ament_cmake' and name 'prog_robot_cpp'
[0.604s] Level 1:colcon.colcon_core.package_identification:_identify(src/robot_description) by extensions ['ignore', 'ignore_ament_install']
[0.604s] Level 1:colcon.colcon_core.package_identification:_identify(src/robot_description) by extension 'ignore'
[0.604s] Level 1:colcon.colcon_core.package_identification:_identify(src/robot_description) by extension 'ignore_ament_install'
[0.604s] Level 1:colcon.colcon_core.package_identification:_identify(src/robot_description) by extensions ['colcon_pkg']
[0.604s] Level 1:colcon.colcon_core.package_identification:_identify(src/robot_description) by extension 'colcon_pkg'
[0.604s] Level 1:colcon.colcon_core.package_identification:_identify(src/robot_description) by extensions ['colcon_meta']
[0.604s] Level 1:colcon.colcon_core.package_identification:_identify(src/robot_description) by extension 'colcon_meta'
[0.604s] Level 1:colcon.colcon_core.package_identification:_identify(src/robot_description) by extensions ['ros']
[0.604s] Level 1:colcon.colcon_core.package_identification:_identify(src/robot_description) by extension 'ros'
[0.605s] DEBUG:colcon.colcon_core.package_identification:Package 'src/robot_description' with type 'ros.ament_cmake' and name 'robot_description'
[0.605s] Level 1:colcon.colcon_core.package_identification:_identify(src/robot_moveit_config) by extensions ['ignore', 'ignore_ament_install']
[0.605s] Level 1:colcon.colcon_core.package_identification:_identify(src/robot_moveit_config) by extension 'ignore'
[0.605s] Level 1:colcon.colcon_core.package_identification:_identify(src/robot_moveit_config) by extension 'ignore_ament_install'
[0.605s] Level 1:colcon.colcon_core.package_identification:_identify(src/robot_moveit_config) by extensions ['colcon_pkg']
[0.605s] Level 1:colcon.colcon_core.package_identification:_identify(src/robot_moveit_config) by extension 'colcon_pkg'
[0.605s] Level 1:colcon.colcon_core.package_identification:_identify(src/robot_moveit_config) by extensions ['colcon_meta']
[0.605s] Level 1:colcon.colcon_core.package_identification:_identify(src/robot_moveit_config) by extension 'colcon_meta'
[0.605s] Level 1:colcon.colcon_core.package_identification:_identify(src/robot_moveit_config) by extensions ['ros']
[0.606s] Level 1:colcon.colcon_core.package_identification:_identify(src/robot_moveit_config) by extension 'ros'
[0.606s] DEBUG:colcon.colcon_core.package_identification:Package 'src/robot_moveit_config' with type 'ros.ament_cmake' and name 'robot_moveit_config'
[0.606s] Level 1:colcon.colcon_core.package_discovery:discover_packages(recursive) using defaults
[0.607s] Level 1:colcon.colcon_core.package_discovery:discover_packages(ignore) discover
[0.607s] Level 1:colcon.colcon_core.package_discovery:discover_packages(ignore) using defaults
[0.607s] Level 1:colcon.colcon_core.package_discovery:discover_packages(path) discover
[0.607s] Level 1:colcon.colcon_core.package_discovery:discover_packages(path) using defaults
[0.641s] INFO:colcon.colcon_core.package_selection:Skipping not selected package 'prog_robot' in 'src/prog_robot'
[0.641s] INFO:colcon.colcon_core.package_selection:Skipping not selected package 'robot_description' in 'src/robot_description'
[0.641s] INFO:colcon.colcon_core.package_selection:Skipping not selected package 'robot_moveit_config' in 'src/robot_moveit_config'
[0.642s] Level 1:colcon.colcon_core.package_discovery:discover_packages(prefix_path) check parameters
[0.642s] Level 1:colcon.colcon_core.package_discovery:discover_packages(prefix_path) discover
[0.651s] DEBUG:colcon.colcon_installed_package_information.package_discovery:Found 4 installed packages in /home/julien/Documents/ros/robot_arm/ros2_ws_robot/install
[0.652s] DEBUG:colcon.colcon_installed_package_information.package_discovery:Found 7 installed packages in /home/julien/Documents/ros/rosbridge_suite/install
[0.655s] DEBUG:colcon.colcon_installed_package_information.package_discovery:Found 39 installed packages in /home/julien/Documents/ros/microros_ws/install
[0.658s] DEBUG:colcon.colcon_installed_package_information.package_discovery:Found 55 installed packages in /home/julien/Documents/ros/ws_moveit2/install
[0.660s] DEBUG:colcon.colcon_installed_package_information.package_discovery:Found 2 installed packages in /home/julien/Documents/ros/ws_ros2/install
[0.663s] DEBUG:colcon.colcon_installed_package_information.package_discovery:Found 314 installed packages in /opt/ros/humble
[0.666s] Level 1:colcon.colcon_core.package_discovery:discover_packages(prefix_path) using defaults
[0.759s] Level 5:colcon.colcon_core.verb:set package 'prog_robot_cpp' build argument 'cmake_args' from command line to 'None'
[0.760s] Level 5:colcon.colcon_core.verb:set package 'prog_robot_cpp' build argument 'cmake_target' from command line to 'None'
[0.760s] Level 5:colcon.colcon_core.verb:set package 'prog_robot_cpp' build argument 'cmake_target_skip_unavailable' from command line to 'False'
[0.760s] Level 5:colcon.colcon_core.verb:set package 'prog_robot_cpp' build argument 'cmake_clean_cache' from command line to 'False'
[0.760s] Level 5:colcon.colcon_core.verb:set package 'prog_robot_cpp' build argument 'cmake_clean_first' from command line to 'False'
[0.760s] Level 5:colcon.colcon_core.verb:set package 'prog_robot_cpp' build argument 'cmake_force_configure' from command line to 'False'
[0.760s] Level 5:colcon.colcon_core.verb:set package 'prog_robot_cpp' build argument 'ament_cmake_args' from command line to 'None'
[0.760s] Level 5:colcon.colcon_core.verb:set package 'prog_robot_cpp' build argument 'catkin_cmake_args' from command line to 'None'
[0.760s] Level 5:colcon.colcon_core.verb:set package 'prog_robot_cpp' build argument 'catkin_skip_building_tests' from command line to 'False'
[0.760s] DEBUG:colcon.colcon_core.verb:Building package 'prog_robot_cpp' with the following arguments: {'ament_cmake_args': None, 'build_base': '/home/julien/Documents/ros/robot_arm/ros2_ws_robot/build/prog_robot_cpp', 'catkin_cmake_args': None, 'catkin_skip_building_tests': False, 'cmake_args': None, 'cmake_clean_cache': False, 'cmake_clean_first': False, 'cmake_force_configure': False, 'cmake_target': None, 'cmake_target_skip_unavailable': False, 'install_base': '/home/julien/Documents/ros/robot_arm/ros2_ws_robot/install/prog_robot_cpp', 'merge_install': False, 'path': '/home/julien/Documents/ros/robot_arm/ros2_ws_robot/src/prog_robot_cpp', 'symlink_install': False, 'test_result_base': None}
[0.761s] INFO:colcon.colcon_core.executor:Executing jobs using 'parallel' executor
[0.765s] DEBUG:colcon.colcon_parallel_executor.executor.parallel:run_until_complete
[0.765s] INFO:colcon.colcon_ros.task.ament_cmake.build:Building ROS package in '/home/julien/Documents/ros/robot_arm/ros2_ws_robot/src/prog_robot_cpp' with build type 'ament_cmake'
[0.765s] INFO:colcon.colcon_cmake.task.cmake.build:Building CMake package in '/home/julien/Documents/ros/robot_arm/ros2_ws_robot/src/prog_robot_cpp'
[0.772s] INFO:colcon.colcon_core.plugin_system:Skipping extension 'colcon_core.shell.bat': Not used on non-Windows systems
[0.772s] INFO:colcon.colcon_core.shell:Skip shell extension 'powershell' for command environment: Not usable outside of PowerShell
[0.772s] DEBUG:colcon.colcon_core.shell:Skip shell extension 'dsv' for command environment
[0.807s] DEBUG:colcon.colcon_core.event_handler.log_command:Invoking command in '/home/julien/Documents/ros/robot_arm/ros2_ws_robot/build/prog_robot_cpp': CMAKE_PREFIX_PATH=${CMAKE_PREFIX_PATH}:/home/julien/Documents/ros/ws_ros2/install/simple_pub_sub:/home/julien/Documents/ros/ws_ros2/install/py_pubsub:/home/julien/Documents/ros/microros_ws/install/sensor_msgs_py:/home/julien/Documents/ros/ws_moveit2/install/moveit_configs_utils:/home/julien/Documents/ros/ws_moveit2/install/launch_param_builder:/home/julien/Documents/ros/robot_arm/ros2_ws_robot/install/prog_robot:/opt/ros/humble /usr/bin/cmake --build /home/julien/Documents/ros/robot_arm/ros2_ws_robot/build/prog_robot_cpp -- -j4 -l4
[21.792s] DEBUG:colcon.colcon_core.event_handler.log_command:Invoked command in '/home/julien/Documents/ros/robot_arm/ros2_ws_robot/build/prog_robot_cpp' returned '0': CMAKE_PREFIX_PATH=${CMAKE_PREFIX_PATH}:/home/julien/Documents/ros/ws_ros2/install/simple_pub_sub:/home/julien/Documents/ros/ws_ros2/install/py_pubsub:/home/julien/Documents/ros/microros_ws/install/sensor_msgs_py:/home/julien/Documents/ros/ws_moveit2/install/moveit_configs_utils:/home/julien/Documents/ros/ws_moveit2/install/launch_param_builder:/home/julien/Documents/ros/robot_arm/ros2_ws_robot/install/prog_robot:/opt/ros/humble /usr/bin/cmake --build /home/julien/Documents/ros/robot_arm/ros2_ws_robot/build/prog_robot_cpp -- -j4 -l4
[21.918s] DEBUG:colcon.colcon_core.event_handler.log_command:Invoking command in '/home/julien/Documents/ros/robot_arm/ros2_ws_robot/build/prog_robot_cpp': CMAKE_PREFIX_PATH=${CMAKE_PREFIX_PATH}:/home/julien/Documents/ros/ws_ros2/install/simple_pub_sub:/home/julien/Documents/ros/ws_ros2/install/py_pubsub:/home/julien/Documents/ros/microros_ws/install/sensor_msgs_py:/home/julien/Documents/ros/ws_moveit2/install/moveit_configs_utils:/home/julien/Documents/ros/ws_moveit2/install/launch_param_builder:/home/julien/Documents/ros/robot_arm/ros2_ws_robot/install/prog_robot:/opt/ros/humble /usr/bin/cmake --install /home/julien/Documents/ros/robot_arm/ros2_ws_robot/build/prog_robot_cpp
[21.948s] Level 1:colcon.colcon_core.environment:create_environment_scripts_only(prog_robot_cpp)
[21.951s] DEBUG:colcon.colcon_core.event_handler.log_command:Invoked command in '/home/julien/Documents/ros/robot_arm/ros2_ws_robot/build/prog_robot_cpp' returned '0': CMAKE_PREFIX_PATH=${CMAKE_PREFIX_PATH}:/home/julien/Documents/ros/ws_ros2/install/simple_pub_sub:/home/julien/Documents/ros/ws_ros2/install/py_pubsub:/home/julien/Documents/ros/microros_ws/install/sensor_msgs_py:/home/julien/Documents/ros/ws_moveit2/install/moveit_configs_utils:/home/julien/Documents/ros/ws_moveit2/install/launch_param_builder:/home/julien/Documents/ros/robot_arm/ros2_ws_robot/install/prog_robot:/opt/ros/humble /usr/bin/cmake --install /home/julien/Documents/ros/robot_arm/ros2_ws_robot/build/prog_robot_cpp
[21.957s] Level 1:colcon.colcon_core.environment:checking '/home/julien/Documents/ros/robot_arm/ros2_ws_robot/install/prog_robot_cpp' for CMake module files
[21.958s] Level 1:colcon.colcon_core.environment:checking '/home/julien/Documents/ros/robot_arm/ros2_ws_robot/install/prog_robot_cpp' for CMake config files
[21.958s] Level 1:colcon.colcon_core.shell:create_environment_hook('prog_robot_cpp', 'cmake_prefix_path')
[21.960s] INFO:colcon.colcon_core.shell:Creating environment hook '/home/julien/Documents/ros/robot_arm/ros2_ws_robot/install/prog_robot_cpp/share/prog_robot_cpp/hook/cmake_prefix_path.ps1'
[21.961s] INFO:colcon.colcon_core.shell:Creating environment descriptor '/home/julien/Documents/ros/robot_arm/ros2_ws_robot/install/prog_robot_cpp/share/prog_robot_cpp/hook/cmake_prefix_path.dsv'
[21.961s] INFO:colcon.colcon_core.shell:Creating environment hook '/home/julien/Documents/ros/robot_arm/ros2_ws_robot/install/prog_robot_cpp/share/prog_robot_cpp/hook/cmake_prefix_path.sh'
[21.962s] Level 1:colcon.colcon_core.environment:checking '/home/julien/Documents/ros/robot_arm/ros2_ws_robot/install/prog_robot_cpp/lib'
[21.963s] Level 1:colcon.colcon_core.environment:checking '/home/julien/Documents/ros/robot_arm/ros2_ws_robot/install/prog_robot_cpp/bin'
[21.963s] Level 1:colcon.colcon_core.environment:checking '/home/julien/Documents/ros/robot_arm/ros2_ws_robot/install/prog_robot_cpp/lib/pkgconfig/prog_robot_cpp.pc'
[21.963s] Level 1:colcon.colcon_core.environment:checking '/home/julien/Documents/ros/robot_arm/ros2_ws_robot/install/prog_robot_cpp/lib/python3.10/site-packages'
[21.963s] Level 1:colcon.colcon_core.environment:checking '/home/julien/Documents/ros/robot_arm/ros2_ws_robot/install/prog_robot_cpp/bin'
[21.965s] INFO:colcon.colcon_core.shell:Creating package script '/home/julien/Documents/ros/robot_arm/ros2_ws_robot/install/prog_robot_cpp/share/prog_robot_cpp/package.ps1'
[21.967s] INFO:colcon.colcon_core.shell:Creating package descriptor '/home/julien/Documents/ros/robot_arm/ros2_ws_robot/install/prog_robot_cpp/share/prog_robot_cpp/package.dsv'
[21.967s] INFO:colcon.colcon_core.shell:Creating package script '/home/julien/Documents/ros/robot_arm/ros2_ws_robot/install/prog_robot_cpp/share/prog_robot_cpp/package.sh'
[21.969s] INFO:colcon.colcon_core.shell:Creating package script '/home/julien/Documents/ros/robot_arm/ros2_ws_robot/install/prog_robot_cpp/share/prog_robot_cpp/package.bash'
[21.969s] INFO:colcon.colcon_core.shell:Creating package script '/home/julien/Documents/ros/robot_arm/ros2_ws_robot/install/prog_robot_cpp/share/prog_robot_cpp/package.zsh'
[21.970s] Level 1:colcon.colcon_core.environment:create_file_with_runtime_dependencies(/home/julien/Documents/ros/robot_arm/ros2_ws_robot/install/prog_robot_cpp/share/colcon-core/packages/prog_robot_cpp)
[22.071s] Level 1:colcon.colcon_core.environment:create_environment_scripts_only(prog_robot_cpp)
[22.074s] Level 1:colcon.colcon_core.environment:checking '/home/julien/Documents/ros/robot_arm/ros2_ws_robot/install/prog_robot_cpp' for CMake module files
[22.074s] Level 1:colcon.colcon_core.environment:checking '/home/julien/Documents/ros/robot_arm/ros2_ws_robot/install/prog_robot_cpp' for CMake config files
[22.075s] Level 1:colcon.colcon_core.shell:create_environment_hook('prog_robot_cpp', 'cmake_prefix_path')
[22.076s] INFO:colcon.colcon_core.shell:Creating environment hook '/home/julien/Documents/ros/robot_arm/ros2_ws_robot/install/prog_robot_cpp/share/prog_robot_cpp/hook/cmake_prefix_path.ps1'
[22.077s] INFO:colcon.colcon_core.shell:Creating environment descriptor '/home/julien/Documents/ros/robot_arm/ros2_ws_robot/install/prog_robot_cpp/share/prog_robot_cpp/hook/cmake_prefix_path.dsv'
[22.077s] INFO:colcon.colcon_core.shell:Creating environment hook '/home/julien/Documents/ros/robot_arm/ros2_ws_robot/install/prog_robot_cpp/share/prog_robot_cpp/hook/cmake_prefix_path.sh'
[22.078s] Level 1:colcon.colcon_core.environment:checking '/home/julien/Documents/ros/robot_arm/ros2_ws_robot/install/prog_robot_cpp/lib'
[22.078s] Level 1:colcon.colcon_core.environment:checking '/home/julien/Documents/ros/robot_arm/ros2_ws_robot/install/prog_robot_cpp/bin'
[22.078s] Level 1:colcon.colcon_core.environment:checking '/home/julien/Documents/ros/robot_arm/ros2_ws_robot/install/prog_robot_cpp/lib/pkgconfig/prog_robot_cpp.pc'
[22.078s] Level 1:colcon.colcon_core.environment:checking '/home/julien/Documents/ros/robot_arm/ros2_ws_robot/install/prog_robot_cpp/lib/python3.10/site-packages'
[22.078s] Level 1:colcon.colcon_core.environment:checking '/home/julien/Documents/ros/robot_arm/ros2_ws_robot/install/prog_robot_cpp/bin'
[22.081s] INFO:colcon.colcon_core.shell:Creating package script '/home/julien/Documents/ros/robot_arm/ros2_ws_robot/install/prog_robot_cpp/share/prog_robot_cpp/package.ps1'
[22.082s] INFO:colcon.colcon_core.shell:Creating package descriptor '/home/julien/Documents/ros/robot_arm/ros2_ws_robot/install/prog_robot_cpp/share/prog_robot_cpp/package.dsv'
[22.083s] INFO:colcon.colcon_core.shell:Creating package script '/home/julien/Documents/ros/robot_arm/ros2_ws_robot/install/prog_robot_cpp/share/prog_robot_cpp/package.sh'
[22.083s] INFO:colcon.colcon_core.shell:Creating package script '/home/julien/Documents/ros/robot_arm/ros2_ws_robot/install/prog_robot_cpp/share/prog_robot_cpp/package.bash'
[22.084s] INFO:colcon.colcon_core.shell:Creating package script '/home/julien/Documents/ros/robot_arm/ros2_ws_robot/install/prog_robot_cpp/share/prog_robot_cpp/package.zsh'
[22.084s] Level 1:colcon.colcon_core.environment:create_file_with_runtime_dependencies(/home/julien/Documents/ros/robot_arm/ros2_ws_robot/install/prog_robot_cpp/share/colcon-core/packages/prog_robot_cpp)
[22.085s] DEBUG:colcon.colcon_parallel_executor.executor.parallel:closing loop
[22.085s] DEBUG:colcon.colcon_parallel_executor.executor.parallel:loop closed
[22.085s] DEBUG:colcon.colcon_parallel_executor.executor.parallel:run_until_complete finished with '0'
[22.085s] DEBUG:colcon.colcon_core.event_reactor:joining thread
[22.097s] INFO:colcon.colcon_core.plugin_system:Skipping extension 'colcon_notification.desktop_notification.terminal_notifier': Not used on non-Darwin systems
[22.098s] INFO:colcon.colcon_core.plugin_system:Skipping extension 'colcon_notification.desktop_notification.win32': Not used on non-Windows systems
[22.098s] INFO:colcon.colcon_notification.desktop_notification:Sending desktop notification using 'notify2'
[22.113s] DEBUG:colcon.colcon_core.event_reactor:joined thread
[22.116s] INFO:colcon.colcon_core.shell:Creating prefix script '/home/julien/Documents/ros/robot_arm/ros2_ws_robot/install/local_setup.ps1'
[22.117s] INFO:colcon.colcon_core.shell:Creating prefix util module '/home/julien/Documents/ros/robot_arm/ros2_ws_robot/install/_local_setup_util_ps1.py'
[22.119s] INFO:colcon.colcon_core.shell:Creating prefix chain script '/home/julien/Documents/ros/robot_arm/ros2_ws_robot/install/setup.ps1'
[22.127s] INFO:colcon.colcon_core.shell:Creating prefix script '/home/julien/Documents/ros/robot_arm/ros2_ws_robot/install/local_setup.sh'
[22.128s] INFO:colcon.colcon_core.shell:Creating prefix util module '/home/julien/Documents/ros/robot_arm/ros2_ws_robot/install/_local_setup_util_sh.py'
[22.129s] INFO:colcon.colcon_core.shell:Creating prefix chain script '/home/julien/Documents/ros/robot_arm/ros2_ws_robot/install/setup.sh'
[22.137s] INFO:colcon.colcon_core.shell:Creating prefix script '/home/julien/Documents/ros/robot_arm/ros2_ws_robot/install/local_setup.bash'
[22.138s] INFO:colcon.colcon_core.shell:Creating prefix chain script '/home/julien/Documents/ros/robot_arm/ros2_ws_robot/install/setup.bash'
[22.146s] INFO:colcon.colcon_core.shell:Creating prefix script '/home/julien/Documents/ros/robot_arm/ros2_ws_robot/install/local_setup.zsh'
[22.146s] INFO:colcon.colcon_core.shell:Creating prefix chain script '/home/julien/Documents/ros/robot_arm/ros2_ws_robot/install/setup.zsh'
