[0.174s] Invoking command in '/home/julien/Documents/ros/robot_arm/build/Robot_description': CMAKE_PREFIX_PATH=${CMAKE_PREFIX_PATH}:/home/julien/Documents/ros/ws_ros2/install/simple_pub_sub:/home/julien/Documents/ros/ws_ros2/install/py_pubsub:/home/julien/Documents/ros/microros_ws/install/sensor_msgs_py:/home/julien/Documents/ros/robot_arm/install/prog_robot:/home/julien/Documents/ros/ws_moveit2/install/moveit_configs_utils:/home/julien/Documents/ros/ws_moveit2/install/launch_param_builder:/opt/ros/humble /usr/bin/cmake --build /home/julien/Documents/ros/robot_arm/build/Robot_description -- -j4 -l4
[1.526s] Invoked command in '/home/julien/Documents/ros/robot_arm/build/Robot_description' returned '0': CMAKE_PREFIX_PATH=${CMAKE_PREFIX_PATH}:/home/julien/Documents/ros/ws_ros2/install/simple_pub_sub:/home/julien/Documents/ros/ws_ros2/install/py_pubsub:/home/julien/Documents/ros/microros_ws/install/sensor_msgs_py:/home/julien/Documents/ros/robot_arm/install/prog_robot:/home/julien/Documents/ros/ws_moveit2/install/moveit_configs_utils:/home/julien/Documents/ros/ws_moveit2/install/launch_param_builder:/opt/ros/humble /usr/bin/cmake --build /home/julien/Documents/ros/robot_arm/build/Robot_description -- -j4 -l4
[1.850s] Invoking command in '/home/julien/Documents/ros/robot_arm/build/Robot_description': CMAKE_PREFIX_PATH=${CMAKE_PREFIX_PATH}:/home/julien/Documents/ros/ws_ros2/install/simple_pub_sub:/home/julien/Documents/ros/ws_ros2/install/py_pubsub:/home/julien/Documents/ros/microros_ws/install/sensor_msgs_py:/home/julien/Documents/ros/robot_arm/install/prog_robot:/home/julien/Documents/ros/ws_moveit2/install/moveit_configs_utils:/home/julien/Documents/ros/ws_moveit2/install/launch_param_builder:/opt/ros/humble /usr/bin/cmake --install /home/julien/Documents/ros/robot_arm/build/Robot_description
[1.911s] -- Install configuration: ""
[1.912s] -- Up-to-date: /home/julien/Documents/ros/robot_arm/install/Robot_description/share/Robot_description/urdf
[1.922s] -- Up-to-date: /home/julien/Documents/ros/robot_arm/install/Robot_description/share/Robot_description/urdf/materials.xacro
[1.922s] -- Up-to-date: /home/julien/Documents/ros/robot_arm/install/Robot_description/share/Robot_description/urdf/Robot.gazebo
[1.923s] -- Up-to-date: /home/julien/Documents/ros/robot_arm/install/Robot_description/share/Robot_description/urdf/Robot.xacro
[1.923s] -- Up-to-date: /home/julien/Documents/ros/robot_arm/install/Robot_description/share/Robot_description/urdf/Robot.trans
[1.923s] -- Up-to-date: /home/julien/Documents/ros/robot_arm/install/Robot_description/share/Robot_description/meshes
[1.923s] -- Up-to-date: /home/julien/Documents/ros/robot_arm/install/Robot_description/share/Robot_description/meshes/link5_1.stl
[1.924s] -- Up-to-date: /home/julien/Documents/ros/robot_arm/install/Robot_description/share/Robot_description/meshes/link2_1.stl
[1.924s] -- Up-to-date: /home/julien/Documents/ros/robot_arm/install/Robot_description/share/Robot_description/meshes/link6_1.stl
[1.924s] -- Up-to-date: /home/julien/Documents/ros/robot_arm/install/Robot_description/share/Robot_description/meshes/Servo_Gear_1.stl
[1.925s] -- Up-to-date: /home/julien/Documents/ros/robot_arm/install/Robot_description/share/Robot_description/meshes/link1_1.stl
[1.925s] -- Up-to-date: /home/julien/Documents/ros/robot_arm/install/Robot_description/share/Robot_description/meshes/link3_1.stl
[1.925s] -- Up-to-date: /home/julien/Documents/ros/robot_arm/install/Robot_description/share/Robot_description/meshes/base_link.stl
[1.925s] -- Up-to-date: /home/julien/Documents/ros/robot_arm/install/Robot_description/share/Robot_description/meshes/Idol_Gear_1.stl
[1.926s] -- Up-to-date: /home/julien/Documents/ros/robot_arm/install/Robot_description/share/Robot_description/meshes/link4_1.stl
[1.926s] -- Up-to-date: /home/julien/Documents/ros/robot_arm/install/Robot_description/share/Robot_description/launch
[1.926s] -- Up-to-date: /home/julien/Documents/ros/robot_arm/install/Robot_description/share/Robot_description/launch/visualize.launch.py
[1.926s] -- Up-to-date: /home/julien/Documents/ros/robot_arm/install/Robot_description/share/Robot_description/rviz
[1.927s] -- Up-to-date: /home/julien/Documents/ros/robot_arm/install/Robot_description/share/Robot_description/rviz/config.rviz
[1.927s] -- Up-to-date: /home/julien/Documents/ros/robot_arm/install/Robot_description/share/ament_index/resource_index/package_run_dependencies/Robot_description
[1.927s] -- Up-to-date: /home/julien/Documents/ros/robot_arm/install/Robot_description/share/ament_index/resource_index/parent_prefix_path/Robot_description
[1.928s] -- Up-to-date: /home/julien/Documents/ros/robot_arm/install/Robot_description/share/Robot_description/environment/ament_prefix_path.sh
[1.928s] -- Up-to-date: /home/julien/Documents/ros/robot_arm/install/Robot_description/share/Robot_description/environment/ament_prefix_path.dsv
[1.928s] -- Up-to-date: /home/julien/Documents/ros/robot_arm/install/Robot_description/share/Robot_description/environment/path.sh
[1.928s] -- Up-to-date: /home/julien/Documents/ros/robot_arm/install/Robot_description/share/Robot_description/environment/path.dsv
[1.929s] -- Up-to-date: /home/julien/Documents/ros/robot_arm/install/Robot_description/share/Robot_description/local_setup.bash
[1.929s] -- Up-to-date: /home/julien/Documents/ros/robot_arm/install/Robot_description/share/Robot_description/local_setup.sh
[1.929s] -- Up-to-date: /home/julien/Documents/ros/robot_arm/install/Robot_description/share/Robot_description/local_setup.zsh
[1.929s] -- Up-to-date: /home/julien/Documents/ros/robot_arm/install/Robot_description/share/Robot_description/local_setup.dsv
[1.930s] -- Installing: /home/julien/Documents/ros/robot_arm/install/Robot_description/share/Robot_description/package.dsv
[1.930s] -- Up-to-date: /home/julien/Documents/ros/robot_arm/install/Robot_description/share/ament_index/resource_index/packages/Robot_description
[1.930s] -- Up-to-date: /home/julien/Documents/ros/robot_arm/install/Robot_description/share/Robot_description/cmake/Robot_descriptionConfig.cmake
[1.931s] -- Up-to-date: /home/julien/Documents/ros/robot_arm/install/Robot_description/share/Robot_description/cmake/Robot_descriptionConfig-version.cmake
[1.931s] -- Up-to-date: /home/julien/Documents/ros/robot_arm/install/Robot_description/share/Robot_description/package.xml
[1.944s] Invoked command in '/home/julien/Documents/ros/robot_arm/build/Robot_description' returned '0': CMAKE_PREFIX_PATH=${CMAKE_PREFIX_PATH}:/home/julien/Documents/ros/ws_ros2/install/simple_pub_sub:/home/julien/Documents/ros/ws_ros2/install/py_pubsub:/home/julien/Documents/ros/microros_ws/install/sensor_msgs_py:/home/julien/Documents/ros/robot_arm/install/prog_robot:/home/julien/Documents/ros/ws_moveit2/install/moveit_configs_utils:/home/julien/Documents/ros/ws_moveit2/install/launch_param_builder:/opt/ros/humble /usr/bin/cmake --install /home/julien/Documents/ros/robot_arm/build/Robot_description
