[0.440s] Invoking command in '/home/julien/Documents/ros/robot_arm/ros2_ws_robot/build/robot_description': CMAKE_PREFIX_PATH=${CMAKE_PREFIX_PATH}:/home/julien/Documents/ros/ws_ros2/install/simple_pub_sub:/home/julien/Documents/ros/ws_ros2/install/py_pubsub:/home/julien/Documents/ros/microros_ws/install/sensor_msgs_py:/home/julien/Documents/ros/ws_moveit2/install/moveit_configs_utils:/home/julien/Documents/ros/ws_moveit2/install/launch_param_builder:/home/julien/Documents/ros/robot_arm/ros2_ws_robot/install/tictactoe:/home/julien/Documents/ros/robot_arm/ros2_ws_robot/install/prog_robot:/opt/ros/humble /usr/bin/cmake --build /home/julien/Documents/ros/robot_arm/ros2_ws_robot/build/robot_description -- -j4 -l4
[2.060s] Invoked command in '/home/julien/Documents/ros/robot_arm/ros2_ws_robot/build/robot_description' returned '0': CMAKE_PREFIX_PATH=${CMAKE_PREFIX_PATH}:/home/julien/Documents/ros/ws_ros2/install/simple_pub_sub:/home/julien/Documents/ros/ws_ros2/install/py_pubsub:/home/julien/Documents/ros/microros_ws/install/sensor_msgs_py:/home/julien/Documents/ros/ws_moveit2/install/moveit_configs_utils:/home/julien/Documents/ros/ws_moveit2/install/launch_param_builder:/home/julien/Documents/ros/robot_arm/ros2_ws_robot/install/tictactoe:/home/julien/Documents/ros/robot_arm/ros2_ws_robot/install/prog_robot:/opt/ros/humble /usr/bin/cmake --build /home/julien/Documents/ros/robot_arm/ros2_ws_robot/build/robot_description -- -j4 -l4
[5.873s] Invoking command in '/home/julien/Documents/ros/robot_arm/ros2_ws_robot/build/robot_description': CMAKE_PREFIX_PATH=${CMAKE_PREFIX_PATH}:/home/julien/Documents/ros/ws_ros2/install/simple_pub_sub:/home/julien/Documents/ros/ws_ros2/install/py_pubsub:/home/julien/Documents/ros/microros_ws/install/sensor_msgs_py:/home/julien/Documents/ros/ws_moveit2/install/moveit_configs_utils:/home/julien/Documents/ros/ws_moveit2/install/launch_param_builder:/home/julien/Documents/ros/robot_arm/ros2_ws_robot/install/tictactoe:/home/julien/Documents/ros/robot_arm/ros2_ws_robot/install/prog_robot:/opt/ros/humble /usr/bin/cmake --install /home/julien/Documents/ros/robot_arm/ros2_ws_robot/build/robot_description
[6.319s] -- Install configuration: ""
[6.319s] -- Up-to-date: /home/julien/Documents/ros/robot_arm/ros2_ws_robot/install/robot_description/share/robot_description/urdf
[6.322s] -- Up-to-date: /home/julien/Documents/ros/robot_arm/ros2_ws_robot/install/robot_description/share/robot_description/urdf/materials.xacro
[6.322s] -- Up-to-date: /home/julien/Documents/ros/robot_arm/ros2_ws_robot/install/robot_description/share/robot_description/urdf/Robot.gazebo
[6.324s] -- Up-to-date: /home/julien/Documents/ros/robot_arm/ros2_ws_robot/install/robot_description/share/robot_description/urdf/Robot.xacro
[6.325s] -- Up-to-date: /home/julien/Documents/ros/robot_arm/ros2_ws_robot/install/robot_description/share/robot_description/urdf/Robot.trans
[6.325s] -- Up-to-date: /home/julien/Documents/ros/robot_arm/ros2_ws_robot/install/robot_description/share/robot_description/meshes
[6.338s] -- Up-to-date: /home/julien/Documents/ros/robot_arm/ros2_ws_robot/install/robot_description/share/robot_description/meshes/link5_1.stl
[6.339s] -- Up-to-date: /home/julien/Documents/ros/robot_arm/ros2_ws_robot/install/robot_description/share/robot_description/meshes/link2_1.stl
[6.340s] -- Up-to-date: /home/julien/Documents/ros/robot_arm/ros2_ws_robot/install/robot_description/share/robot_description/meshes/link6_1.stl
[6.340s] -- Up-to-date: /home/julien/Documents/ros/robot_arm/ros2_ws_robot/install/robot_description/share/robot_description/meshes/Servo_Gear_1.stl
[6.341s] -- Up-to-date: /home/julien/Documents/ros/robot_arm/ros2_ws_robot/install/robot_description/share/robot_description/meshes/link1_1.stl
[6.343s] -- Up-to-date: /home/julien/Documents/ros/robot_arm/ros2_ws_robot/install/robot_description/share/robot_description/meshes/link3_1.stl
[6.343s] -- Up-to-date: /home/julien/Documents/ros/robot_arm/ros2_ws_robot/install/robot_description/share/robot_description/meshes/base_link.stl
[6.343s] -- Up-to-date: /home/julien/Documents/ros/robot_arm/ros2_ws_robot/install/robot_description/share/robot_description/meshes/Idol_Gear_1.stl
[6.344s] -- Up-to-date: /home/julien/Documents/ros/robot_arm/ros2_ws_robot/install/robot_description/share/robot_description/meshes/link4_1.stl
[6.344s] -- Up-to-date: /home/julien/Documents/ros/robot_arm/ros2_ws_robot/install/robot_description/share/robot_description/launch
[6.344s] -- Up-to-date: /home/julien/Documents/ros/robot_arm/ros2_ws_robot/install/robot_description/share/robot_description/launch/visualize.launch.py
[6.344s] -- Up-to-date: /home/julien/Documents/ros/robot_arm/ros2_ws_robot/install/robot_description/share/robot_description/rviz
[6.345s] -- Up-to-date: /home/julien/Documents/ros/robot_arm/ros2_ws_robot/install/robot_description/share/robot_description/rviz/config.rviz
[6.345s] -- Up-to-date: /home/julien/Documents/ros/robot_arm/ros2_ws_robot/install/robot_description/share/ament_index/resource_index/package_run_dependencies/robot_description
[6.345s] -- Up-to-date: /home/julien/Documents/ros/robot_arm/ros2_ws_robot/install/robot_description/share/ament_index/resource_index/parent_prefix_path/robot_description
[6.345s] -- Up-to-date: /home/julien/Documents/ros/robot_arm/ros2_ws_robot/install/robot_description/share/robot_description/environment/ament_prefix_path.sh
[6.346s] -- Up-to-date: /home/julien/Documents/ros/robot_arm/ros2_ws_robot/install/robot_description/share/robot_description/environment/ament_prefix_path.dsv
[6.346s] -- Up-to-date: /home/julien/Documents/ros/robot_arm/ros2_ws_robot/install/robot_description/share/robot_description/environment/path.sh
[6.352s] -- Up-to-date: /home/julien/Documents/ros/robot_arm/ros2_ws_robot/install/robot_description/share/robot_description/environment/path.dsv
[6.352s] -- Up-to-date: /home/julien/Documents/ros/robot_arm/ros2_ws_robot/install/robot_description/share/robot_description/local_setup.bash
[6.352s] -- Up-to-date: /home/julien/Documents/ros/robot_arm/ros2_ws_robot/install/robot_description/share/robot_description/local_setup.sh
[6.353s] -- Up-to-date: /home/julien/Documents/ros/robot_arm/ros2_ws_robot/install/robot_description/share/robot_description/local_setup.zsh
[6.353s] -- Up-to-date: /home/julien/Documents/ros/robot_arm/ros2_ws_robot/install/robot_description/share/robot_description/local_setup.dsv
[6.353s] -- Installing: /home/julien/Documents/ros/robot_arm/ros2_ws_robot/install/robot_description/share/robot_description/package.dsv
[6.368s] -- Up-to-date: /home/julien/Documents/ros/robot_arm/ros2_ws_robot/install/robot_description/share/ament_index/resource_index/packages/robot_description
[6.369s] -- Up-to-date: /home/julien/Documents/ros/robot_arm/ros2_ws_robot/install/robot_description/share/robot_description/cmake/robot_descriptionConfig.cmake
[6.369s] -- Up-to-date: /home/julien/Documents/ros/robot_arm/ros2_ws_robot/install/robot_description/share/robot_description/cmake/robot_descriptionConfig-version.cmake
[6.369s] -- Up-to-date: /home/julien/Documents/ros/robot_arm/ros2_ws_robot/install/robot_description/share/robot_description/package.xml
[6.391s] Invoked command in '/home/julien/Documents/ros/robot_arm/ros2_ws_robot/build/robot_description' returned '0': CMAKE_PREFIX_PATH=${CMAKE_PREFIX_PATH}:/home/julien/Documents/ros/ws_ros2/install/simple_pub_sub:/home/julien/Documents/ros/ws_ros2/install/py_pubsub:/home/julien/Documents/ros/microros_ws/install/sensor_msgs_py:/home/julien/Documents/ros/ws_moveit2/install/moveit_configs_utils:/home/julien/Documents/ros/ws_moveit2/install/launch_param_builder:/home/julien/Documents/ros/robot_arm/ros2_ws_robot/install/tictactoe:/home/julien/Documents/ros/robot_arm/ros2_ws_robot/install/prog_robot:/opt/ros/humble /usr/bin/cmake --install /home/julien/Documents/ros/robot_arm/ros2_ws_robot/build/robot_description
