[5.339s] Invoking command in '/home/julien/Documents/ros/robot_arm/ros2_ws_robot/src/prog_robot': PYTHONPATH=/home/julien/Documents/ros/robot_arm/ros2_ws_robot/build/prog_robot/prefix_override:/home/julien/Documents/ros/robot_arm/ros2_ws_robot/install/prog_robot/lib/python3.10/site-packages:${PYTHONPATH} /usr/bin/python3 setup.py egg_info --egg-base ../../build/prog_robot build --build-base /home/julien/Documents/ros/robot_arm/ros2_ws_robot/build/prog_robot/build install --record /home/julien/Documents/ros/robot_arm/ros2_ws_robot/build/prog_robot/install.log --single-version-externally-managed
[6.642s] running egg_info
[6.644s] writing ../../build/prog_robot/prog_robot.egg-info/PKG-INFO
[6.645s] writing dependency_links to ../../build/prog_robot/prog_robot.egg-info/dependency_links.txt
[6.646s] writing entry points to ../../build/prog_robot/prog_robot.egg-info/entry_points.txt
[6.646s] writing requirements to ../../build/prog_robot/prog_robot.egg-info/requires.txt
[6.647s] writing top-level names to ../../build/prog_robot/prog_robot.egg-info/top_level.txt
[6.654s] reading manifest file '../../build/prog_robot/prog_robot.egg-info/SOURCES.txt'
[6.657s] writing manifest file '../../build/prog_robot/prog_robot.egg-info/SOURCES.txt'
[6.658s] running build
[6.658s] running build_py
[6.660s] running install
[6.661s] running install_lib
[6.669s] running install_data
[6.670s] running install_egg_info
[6.678s] removing '/home/julien/Documents/ros/robot_arm/ros2_ws_robot/install/prog_robot/lib/python3.10/site-packages/prog_robot-0.0.0-py3.10.egg-info' (and everything under it)
[6.679s] Copying ../../build/prog_robot/prog_robot.egg-info to /home/julien/Documents/ros/robot_arm/ros2_ws_robot/install/prog_robot/lib/python3.10/site-packages/prog_robot-0.0.0-py3.10.egg-info
[6.683s] running install_scripts
[6.777s] Installing camera script to /home/julien/Documents/ros/robot_arm/ros2_ws_robot/install/prog_robot/lib/prog_robot
[6.780s] Installing go_home script to /home/julien/Documents/ros/robot_arm/ros2_ws_robot/install/prog_robot/lib/prog_robot
[6.781s] Installing move script to /home/julien/Documents/ros/robot_arm/ros2_ws_robot/install/prog_robot/lib/prog_robot
[6.781s] Installing pub_to_arduino script to /home/julien/Documents/ros/robot_arm/ros2_ws_robot/install/prog_robot/lib/prog_robot
[6.782s] writing list of installed files to '/home/julien/Documents/ros/robot_arm/ros2_ws_robot/build/prog_robot/install.log'
[6.866s] Invoked command in '/home/julien/Documents/ros/robot_arm/ros2_ws_robot/src/prog_robot' returned '0': PYTHONPATH=/home/julien/Documents/ros/robot_arm/ros2_ws_robot/build/prog_robot/prefix_override:/home/julien/Documents/ros/robot_arm/ros2_ws_robot/install/prog_robot/lib/python3.10/site-packages:${PYTHONPATH} /usr/bin/python3 setup.py egg_info --egg-base ../../build/prog_robot build --build-base /home/julien/Documents/ros/robot_arm/ros2_ws_robot/build/prog_robot/build install --record /home/julien/Documents/ros/robot_arm/ros2_ws_robot/build/prog_robot/install.log --single-version-externally-managed
