running egg_info
creating ../../build/prog_robot/prog_robot.egg-info
writing ../../build/prog_robot/prog_robot.egg-info/PKG-INFO
writing dependency_links to ../../build/prog_robot/prog_robot.egg-info/dependency_links.txt
writing entry points to ../../build/prog_robot/prog_robot.egg-info/entry_points.txt
writing requirements to ../../build/prog_robot/prog_robot.egg-info/requires.txt
writing top-level names to ../../build/prog_robot/prog_robot.egg-info/top_level.txt
writing manifest file '../../build/prog_robot/prog_robot.egg-info/SOURCES.txt'
reading manifest file '../../build/prog_robot/prog_robot.egg-info/SOURCES.txt'
writing manifest file '../../build/prog_robot/prog_robot.egg-info/SOURCES.txt'
running build
running build_py
creating /home/julien/Documents/ros/robot_arm/build/prog_robot/build
creating /home/julien/Documents/ros/robot_arm/build/prog_robot/build/lib
creating /home/julien/Documents/ros/robot_arm/build/prog_robot/build/lib/prog_robot
copying prog_robot/move.py -> /home/julien/Documents/ros/robot_arm/build/prog_robot/build/lib/prog_robot
copying prog_robot/pub_to_arduino.py -> /home/julien/Documents/ros/robot_arm/build/prog_robot/build/lib/prog_robot
copying prog_robot/fonctions.py -> /home/julien/Documents/ros/robot_arm/build/prog_robot/build/lib/prog_robot
copying prog_robot/__init__.py -> /home/julien/Documents/ros/robot_arm/build/prog_robot/build/lib/prog_robot
copying prog_robot/kinematics.py -> /home/julien/Documents/ros/robot_arm/build/prog_robot/build/lib/prog_robot
copying prog_robot/go_home.py -> /home/julien/Documents/ros/robot_arm/build/prog_robot/build/lib/prog_robot
running install
running install_lib
creating /home/julien/Documents/ros/robot_arm/install/prog_robot/lib/python3.10/site-packages/prog_robot
copying /home/julien/Documents/ros/robot_arm/build/prog_robot/build/lib/prog_robot/move.py -> /home/julien/Documents/ros/robot_arm/install/prog_robot/lib/python3.10/site-packages/prog_robot
copying /home/julien/Documents/ros/robot_arm/build/prog_robot/build/lib/prog_robot/pub_to_arduino.py -> /home/julien/Documents/ros/robot_arm/install/prog_robot/lib/python3.10/site-packages/prog_robot
copying /home/julien/Documents/ros/robot_arm/build/prog_robot/build/lib/prog_robot/fonctions.py -> /home/julien/Documents/ros/robot_arm/install/prog_robot/lib/python3.10/site-packages/prog_robot
copying /home/julien/Documents/ros/robot_arm/build/prog_robot/build/lib/prog_robot/__init__.py -> /home/julien/Documents/ros/robot_arm/install/prog_robot/lib/python3.10/site-packages/prog_robot
copying /home/julien/Documents/ros/robot_arm/build/prog_robot/build/lib/prog_robot/kinematics.py -> /home/julien/Documents/ros/robot_arm/install/prog_robot/lib/python3.10/site-packages/prog_robot
copying /home/julien/Documents/ros/robot_arm/build/prog_robot/build/lib/prog_robot/go_home.py -> /home/julien/Documents/ros/robot_arm/install/prog_robot/lib/python3.10/site-packages/prog_robot
byte-compiling /home/julien/Documents/ros/robot_arm/install/prog_robot/lib/python3.10/site-packages/prog_robot/move.py to move.cpython-310.pyc
byte-compiling /home/julien/Documents/ros/robot_arm/install/prog_robot/lib/python3.10/site-packages/prog_robot/pub_to_arduino.py to pub_to_arduino.cpython-310.pyc
byte-compiling /home/julien/Documents/ros/robot_arm/install/prog_robot/lib/python3.10/site-packages/prog_robot/fonctions.py to fonctions.cpython-310.pyc
byte-compiling /home/julien/Documents/ros/robot_arm/install/prog_robot/lib/python3.10/site-packages/prog_robot/__init__.py to __init__.cpython-310.pyc
byte-compiling /home/julien/Documents/ros/robot_arm/install/prog_robot/lib/python3.10/site-packages/prog_robot/kinematics.py to kinematics.cpython-310.pyc
byte-compiling /home/julien/Documents/ros/robot_arm/install/prog_robot/lib/python3.10/site-packages/prog_robot/go_home.py to go_home.cpython-310.pyc
running install_data
creating /home/julien/Documents/ros/robot_arm/install/prog_robot/share/ament_index
creating /home/julien/Documents/ros/robot_arm/install/prog_robot/share/ament_index/resource_index
creating /home/julien/Documents/ros/robot_arm/install/prog_robot/share/ament_index/resource_index/packages
copying resource/prog_robot -> /home/julien/Documents/ros/robot_arm/install/prog_robot/share/ament_index/resource_index/packages
copying package.xml -> /home/julien/Documents/ros/robot_arm/install/prog_robot/share/prog_robot
copying launch/simu.launch.py -> /home/julien/Documents/ros/robot_arm/install/prog_robot/share/prog_robot
running install_egg_info
Copying ../../build/prog_robot/prog_robot.egg-info to /home/julien/Documents/ros/robot_arm/install/prog_robot/lib/python3.10/site-packages/prog_robot-0.0.0-py3.10.egg-info
running install_scripts
Installing go_home script to /home/julien/Documents/ros/robot_arm/install/prog_robot/lib/prog_robot
Installing move script to /home/julien/Documents/ros/robot_arm/install/prog_robot/lib/prog_robot
Installing pub_to_arduino script to /home/julien/Documents/ros/robot_arm/install/prog_robot/lib/prog_robot
writing list of installed files to '/home/julien/Documents/ros/robot_arm/build/prog_robot/install.log'
