[1.564s] Invoking command in '/home/julien/Documents/ros/robot_arm/ros2_ws_robot/src/tictactoe': PYTHONPATH=/home/julien/Documents/ros/robot_arm/ros2_ws_robot/build/tictactoe/prefix_override:/home/julien/Documents/ros/robot_arm/ros2_ws_robot/install/tictactoe/lib/python3.10/site-packages:${PYTHONPATH} /usr/bin/python3 setup.py egg_info --egg-base ../../build/tictactoe build --build-base /home/julien/Documents/ros/robot_arm/ros2_ws_robot/build/tictactoe/build install --record /home/julien/Documents/ros/robot_arm/ros2_ws_robot/build/tictactoe/install.log --single-version-externally-managed
[1.996s] running egg_info
[1.996s] writing ../../build/tictactoe/tictactoe.egg-info/PKG-INFO
[1.997s] writing dependency_links to ../../build/tictactoe/tictactoe.egg-info/dependency_links.txt
[1.997s] writing entry points to ../../build/tictactoe/tictactoe.egg-info/entry_points.txt
[1.997s] writing requirements to ../../build/tictactoe/tictactoe.egg-info/requires.txt
[1.997s] writing top-level names to ../../build/tictactoe/tictactoe.egg-info/top_level.txt
[1.999s] reading manifest file '../../build/tictactoe/tictactoe.egg-info/SOURCES.txt'
[2.001s] writing manifest file '../../build/tictactoe/tictactoe.egg-info/SOURCES.txt'
[2.001s] running build
[2.001s] running build_py
[2.001s] running install
[2.001s] running install_lib
[2.003s] running install_data
[2.004s] running install_egg_info
[2.006s] removing '/home/julien/Documents/ros/robot_arm/ros2_ws_robot/install/tictactoe/lib/python3.10/site-packages/tictactoe-0.0.0-py3.10.egg-info' (and everything under it)
[2.007s] Copying ../../build/tictactoe/tictactoe.egg-info to /home/julien/Documents/ros/robot_arm/ros2_ws_robot/install/tictactoe/lib/python3.10/site-packages/tictactoe-0.0.0-py3.10.egg-info
[2.008s] running install_scripts
[2.037s] Installing main script to /home/julien/Documents/ros/robot_arm/ros2_ws_robot/install/tictactoe/lib/tictactoe
[2.038s] writing list of installed files to '/home/julien/Documents/ros/robot_arm/ros2_ws_robot/build/tictactoe/install.log'
[2.082s] Invoked command in '/home/julien/Documents/ros/robot_arm/ros2_ws_robot/src/tictactoe' returned '0': PYTHONPATH=/home/julien/Documents/ros/robot_arm/ros2_ws_robot/build/tictactoe/prefix_override:/home/julien/Documents/ros/robot_arm/ros2_ws_robot/install/tictactoe/lib/python3.10/site-packages:${PYTHONPATH} /usr/bin/python3 setup.py egg_info --egg-base ../../build/tictactoe build --build-base /home/julien/Documents/ros/robot_arm/ros2_ws_robot/build/tictactoe/build install --record /home/julien/Documents/ros/robot_arm/ros2_ws_robot/build/tictactoe/install.log --single-version-externally-managed
