[0.028s] Invoking command in '/home/julien/Documents/ros/robot_arm/build/Robot_description': CMAKE_PREFIX_PATH=${CMAKE_PREFIX_PATH}:/home/julien/Documents/ros/ws_moveit2/install/ros2controlcli:/home/julien/Documents/ros/ws_moveit2/install/moveit_configs_utils:/opt/ros/humble /usr/bin/cmake --build /home/julien/Documents/ros/robot_arm/build/Robot_description -- -j4 -l4
[0.075s] -- Found ament_cmake: 1.3.3 (/opt/ros/humble/share/ament_cmake/cmake)
[0.271s] [31mCMake Error at CMakeLists.txt:23 (find_package):
[0.272s]   By not providing "Findament_lint_auto.cmake" in CMAKE_MODULE_PATH this
[0.272s]   project has asked CMake to find a package configuration file provided by
[0.272s]   "ament_lint_auto", but CMake did not find one.
[0.272s] 
[0.272s]   Could not find a package configuration file provided by "ament_lint_auto"
[0.272s]   with any of the following names:
[0.272s] 
[0.272s]     ament_lint_autoConfig.cmake
[0.272s]     ament_lint_auto-config.cmake
[0.272s] 
[0.272s]   Add the installation prefix of "ament_lint_auto" to CMAKE_PREFIX_PATH or
[0.272s]   set "ament_lint_auto_DIR" to a directory containing one of the above files.
[0.272s]   If "ament_lint_auto" provides a separate development package or SDK, be
[0.272s]   sure it has been installed.
[0.273s] 
[0.273s] [0m
[0.273s] -- Configuring incomplete, errors occurred!
[0.273s] See also "/home/julien/Documents/ros/robot_arm/build/Robot_description/CMakeFiles/CMakeOutput.log".
[0.274s] gmake: *** [Makefile:226: cmake_check_build_system] Error 1
[0.277s] Invoked command in '/home/julien/Documents/ros/robot_arm/build/Robot_description' returned '2': CMAKE_PREFIX_PATH=${CMAKE_PREFIX_PATH}:/home/julien/Documents/ros/ws_moveit2/install/ros2controlcli:/home/julien/Documents/ros/ws_moveit2/install/moveit_configs_utils:/opt/ros/humble /usr/bin/cmake --build /home/julien/Documents/ros/robot_arm/build/Robot_description -- -j4 -l4
