[1.436s] Invoking command in '/home/julien/Documents/ros/robot_arm/ros2_ws_robot/src/tictactoe': PYTHONPATH=/home/julien/Documents/ros/robot_arm/ros2_ws_robot/build/tictactoe/prefix_override:/home/julien/Documents/ros/robot_arm/ros2_ws_robot/install/tictactoe/lib/python3.10/site-packages:${PYTHONPATH} /usr/bin/python3 setup.py egg_info --egg-base ../../build/tictactoe build --build-base /home/julien/Documents/ros/robot_arm/ros2_ws_robot/build/tictactoe/build install --record /home/julien/Documents/ros/robot_arm/ros2_ws_robot/build/tictactoe/install.log --single-version-externally-managed
[1.798s] running egg_info
[1.799s] writing ../../build/tictactoe/tictactoe.egg-info/PKG-INFO
[1.799s] writing dependency_links to ../../build/tictactoe/tictactoe.egg-info/dependency_links.txt
[1.800s] writing entry points to ../../build/tictactoe/tictactoe.egg-info/entry_points.txt
[1.800s] writing requirements to ../../build/tictactoe/tictactoe.egg-info/requires.txt
[1.800s] writing top-level names to ../../build/tictactoe/tictactoe.egg-info/top_level.txt
[1.802s] reading manifest file '../../build/tictactoe/tictactoe.egg-info/SOURCES.txt'
[1.803s] writing manifest file '../../build/tictactoe/tictactoe.egg-info/SOURCES.txt'
[1.803s] running build
[1.803s] running build_py
[1.804s] running install
[1.804s] running install_lib
[1.806s] running install_data
[1.807s] running install_egg_info
[1.809s] removing '/home/julien/Documents/ros/robot_arm/ros2_ws_robot/install/tictactoe/lib/python3.10/site-packages/tictactoe-0.0.0-py3.10.egg-info' (and everything under it)
[1.809s] Copying ../../build/tictactoe/tictactoe.egg-info to /home/julien/Documents/ros/robot_arm/ros2_ws_robot/install/tictactoe/lib/python3.10/site-packages/tictactoe-0.0.0-py3.10.egg-info
[1.810s] running install_scripts
[1.837s] Installing main script to /home/julien/Documents/ros/robot_arm/ros2_ws_robot/install/tictactoe/lib/tictactoe
[1.837s] writing list of installed files to '/home/julien/Documents/ros/robot_arm/ros2_ws_robot/build/tictactoe/install.log'
[1.871s] Invoked command in '/home/julien/Documents/ros/robot_arm/ros2_ws_robot/src/tictactoe' returned '0': PYTHONPATH=/home/julien/Documents/ros/robot_arm/ros2_ws_robot/build/tictactoe/prefix_override:/home/julien/Documents/ros/robot_arm/ros2_ws_robot/install/tictactoe/lib/python3.10/site-packages:${PYTHONPATH} /usr/bin/python3 setup.py egg_info --egg-base ../../build/tictactoe build --build-base /home/julien/Documents/ros/robot_arm/ros2_ws_robot/build/tictactoe/build install --record /home/julien/Documents/ros/robot_arm/ros2_ws_robot/build/tictactoe/install.log --single-version-externally-managed
