[0.429s] Invoking command in '/home/julien/Documents/ros/robot_arm/ros2_ws_robot/build/robot_description': CMAKE_PREFIX_PATH=${CMAKE_PREFIX_PATH}:/home/julien/Documents/ros/ws_ros2/install/simple_pub_sub:/home/julien/Documents/ros/ws_ros2/install/py_pubsub:/home/julien/Documents/ros/microros_ws/install/sensor_msgs_py:/opt/ros/humble /usr/bin/cmake /home/julien/Documents/ros/robot_arm/ros2_ws_robot/src/robot_description -DCMAKE_INSTALL_PREFIX=/home/julien/Documents/ros/robot_arm/ros2_ws_robot/install/robot_description
[0.561s] -- The C compiler identification is GNU 11.3.0
[0.674s] -- The CXX compiler identification is GNU 11.3.0
[0.690s] -- Detecting C compiler ABI info
[0.872s] -- Detecting C compiler ABI info - done
[0.891s] -- Check for working C compiler: /usr/bin/cc - skipped
[0.891s] -- Detecting C compile features
[0.892s] -- Detecting C compile features - done
[0.896s] -- Detecting CXX compiler ABI info
[1.077s] -- Detecting CXX compiler ABI info - done
[1.088s] -- Check for working CXX compiler: /usr/bin/c++ - skipped
[1.089s] -- Detecting CXX compile features
[1.090s] -- Detecting CXX compile features - done
[1.106s] -- Found ament_cmake: 1.3.4 (/opt/ros/humble/share/ament_cmake/cmake)
[1.622s] -- Found Python3: /usr/bin/python3.10 (found version "3.10.6") found components: Interpreter 
[1.936s] -- Found ament_lint_auto: 0.12.6 (/opt/ros/humble/share/ament_lint_auto/cmake)
[2.167s] -- Added test 'flake8' to check Python code syntax and style conventions
[2.169s] -- Added test 'lint_cmake' to check CMake code style
[2.171s] -- Added test 'pep257' to check Python code against some of the docstring style conventions in PEP 257
[2.175s] -- Added test 'xmllint' to check XML markup files
[2.183s] -- Configuring done
[2.186s] -- Generating done
[2.187s] -- Build files have been written to: /home/julien/Documents/ros/robot_arm/ros2_ws_robot/build/robot_description
[2.197s] Invoked command in '/home/julien/Documents/ros/robot_arm/ros2_ws_robot/build/robot_description' returned '0': CMAKE_PREFIX_PATH=${CMAKE_PREFIX_PATH}:/home/julien/Documents/ros/ws_ros2/install/simple_pub_sub:/home/julien/Documents/ros/ws_ros2/install/py_pubsub:/home/julien/Documents/ros/microros_ws/install/sensor_msgs_py:/opt/ros/humble /usr/bin/cmake /home/julien/Documents/ros/robot_arm/ros2_ws_robot/src/robot_description -DCMAKE_INSTALL_PREFIX=/home/julien/Documents/ros/robot_arm/ros2_ws_robot/install/robot_description
[2.201s] Invoking command in '/home/julien/Documents/ros/robot_arm/ros2_ws_robot/build/robot_description': CMAKE_PREFIX_PATH=${CMAKE_PREFIX_PATH}:/home/julien/Documents/ros/ws_ros2/install/simple_pub_sub:/home/julien/Documents/ros/ws_ros2/install/py_pubsub:/home/julien/Documents/ros/microros_ws/install/sensor_msgs_py:/opt/ros/humble /usr/bin/cmake --build /home/julien/Documents/ros/robot_arm/ros2_ws_robot/build/robot_description -- -j4 -l4
[2.279s] Invoked command in '/home/julien/Documents/ros/robot_arm/ros2_ws_robot/build/robot_description' returned '0': CMAKE_PREFIX_PATH=${CMAKE_PREFIX_PATH}:/home/julien/Documents/ros/ws_ros2/install/simple_pub_sub:/home/julien/Documents/ros/ws_ros2/install/py_pubsub:/home/julien/Documents/ros/microros_ws/install/sensor_msgs_py:/opt/ros/humble /usr/bin/cmake --build /home/julien/Documents/ros/robot_arm/ros2_ws_robot/build/robot_description -- -j4 -l4
[2.381s] Invoking command in '/home/julien/Documents/ros/robot_arm/ros2_ws_robot/build/robot_description': CMAKE_PREFIX_PATH=${CMAKE_PREFIX_PATH}:/home/julien/Documents/ros/ws_ros2/install/simple_pub_sub:/home/julien/Documents/ros/ws_ros2/install/py_pubsub:/home/julien/Documents/ros/microros_ws/install/sensor_msgs_py:/opt/ros/humble /usr/bin/cmake --install /home/julien/Documents/ros/robot_arm/ros2_ws_robot/build/robot_description
[2.395s] -- Install configuration: ""
[2.395s] -- Installing: /home/julien/Documents/ros/robot_arm/ros2_ws_robot/install/robot_description/share/robot_description/urdf
[2.396s] -- Installing: /home/julien/Documents/ros/robot_arm/ros2_ws_robot/install/robot_description/share/robot_description/urdf/materials.xacro
[2.396s] -- Installing: /home/julien/Documents/ros/robot_arm/ros2_ws_robot/install/robot_description/share/robot_description/urdf/Robot.gazebo
[2.396s] -- Installing: /home/julien/Documents/ros/robot_arm/ros2_ws_robot/install/robot_description/share/robot_description/urdf/Robot.xacro
[2.397s] -- Installing: /home/julien/Documents/ros/robot_arm/ros2_ws_robot/install/robot_description/share/robot_description/urdf/Robot.trans
[2.397s] -- Installing: /home/julien/Documents/ros/robot_arm/ros2_ws_robot/install/robot_description/share/robot_description/meshes
[2.397s] -- Installing: /home/julien/Documents/ros/robot_arm/ros2_ws_robot/install/robot_description/share/robot_description/meshes/link5_1.stl
[2.400s] -- Installing: /home/julien/Documents/ros/robot_arm/ros2_ws_robot/install/robot_description/share/robot_description/meshes/link2_1.stl
[2.405s] -- Installing: /home/julien/Documents/ros/robot_arm/ros2_ws_robot/install/robot_description/share/robot_description/meshes/link6_1.stl
[2.411s] -- Installing: /home/julien/Documents/ros/robot_arm/ros2_ws_robot/install/robot_description/share/robot_description/meshes/Servo_Gear_1.stl
[2.412s] -- Installing: /home/julien/Documents/ros/robot_arm/ros2_ws_robot/install/robot_description/share/robot_description/meshes/link1_1.stl
[2.416s] -- Installing: /home/julien/Documents/ros/robot_arm/ros2_ws_robot/install/robot_description/share/robot_description/meshes/link3_1.stl
[2.417s] -- Installing: /home/julien/Documents/ros/robot_arm/ros2_ws_robot/install/robot_description/share/robot_description/meshes/base_link.stl
[2.421s] -- Installing: /home/julien/Documents/ros/robot_arm/ros2_ws_robot/install/robot_description/share/robot_description/meshes/Idol_Gear_1.stl
[2.422s] -- Installing: /home/julien/Documents/ros/robot_arm/ros2_ws_robot/install/robot_description/share/robot_description/meshes/link4_1.stl
[2.426s] -- Installing: /home/julien/Documents/ros/robot_arm/ros2_ws_robot/install/robot_description/share/robot_description/launch
[2.428s] -- Installing: /home/julien/Documents/ros/robot_arm/ros2_ws_robot/install/robot_description/share/robot_description/launch/visualize.launch.py
[2.428s] -- Installing: /home/julien/Documents/ros/robot_arm/ros2_ws_robot/install/robot_description/share/robot_description/rviz
[2.429s] -- Installing: /home/julien/Documents/ros/robot_arm/ros2_ws_robot/install/robot_description/share/robot_description/rviz/config.rviz
[2.429s] -- Installing: /home/julien/Documents/ros/robot_arm/ros2_ws_robot/install/robot_description/share/ament_index/resource_index/package_run_dependencies/robot_description
[2.430s] -- Installing: /home/julien/Documents/ros/robot_arm/ros2_ws_robot/install/robot_description/share/ament_index/resource_index/parent_prefix_path/robot_description
[2.430s] -- Installing: /home/julien/Documents/ros/robot_arm/ros2_ws_robot/install/robot_description/share/robot_description/environment/ament_prefix_path.sh
[2.430s] -- Installing: /home/julien/Documents/ros/robot_arm/ros2_ws_robot/install/robot_description/share/robot_description/environment/ament_prefix_path.dsv
[2.431s] -- Installing: /home/julien/Documents/ros/robot_arm/ros2_ws_robot/install/robot_description/share/robot_description/environment/path.sh
[2.431s] -- Installing: /home/julien/Documents/ros/robot_arm/ros2_ws_robot/install/robot_description/share/robot_description/environment/path.dsv
[2.432s] -- Installing: /home/julien/Documents/ros/robot_arm/ros2_ws_robot/install/robot_description/share/robot_description/local_setup.bash
[2.432s] -- Installing: /home/julien/Documents/ros/robot_arm/ros2_ws_robot/install/robot_description/share/robot_description/local_setup.sh
[2.432s] -- Installing: /home/julien/Documents/ros/robot_arm/ros2_ws_robot/install/robot_description/share/robot_description/local_setup.zsh
[2.433s] -- Installing: /home/julien/Documents/ros/robot_arm/ros2_ws_robot/install/robot_description/share/robot_description/local_setup.dsv
[2.433s] -- Installing: /home/julien/Documents/ros/robot_arm/ros2_ws_robot/install/robot_description/share/robot_description/package.dsv
[2.433s] -- Installing: /home/julien/Documents/ros/robot_arm/ros2_ws_robot/install/robot_description/share/ament_index/resource_index/packages/robot_description
[2.434s] -- Installing: /home/julien/Documents/ros/robot_arm/ros2_ws_robot/install/robot_description/share/robot_description/cmake/robot_descriptionConfig.cmake
[2.434s] -- Installing: /home/julien/Documents/ros/robot_arm/ros2_ws_robot/install/robot_description/share/robot_description/cmake/robot_descriptionConfig-version.cmake
[2.434s] -- Installing: /home/julien/Documents/ros/robot_arm/ros2_ws_robot/install/robot_description/share/robot_description/package.xml
[2.443s] Invoked command in '/home/julien/Documents/ros/robot_arm/ros2_ws_robot/build/robot_description' returned '0': CMAKE_PREFIX_PATH=${CMAKE_PREFIX_PATH}:/home/julien/Documents/ros/ws_ros2/install/simple_pub_sub:/home/julien/Documents/ros/ws_ros2/install/py_pubsub:/home/julien/Documents/ros/microros_ws/install/sensor_msgs_py:/opt/ros/humble /usr/bin/cmake --install /home/julien/Documents/ros/robot_arm/ros2_ws_robot/build/robot_description
