-- The C compiler identification is GNU 11.3.0
-- The CXX compiler identification is GNU 11.3.0
-- Detecting C compiler ABI info
-- Detecting C compiler ABI info - done
-- Check for working C compiler: /usr/bin/cc - skipped
-- Detecting C compile features
-- Detecting C compile features - done
-- Detecting CXX compiler ABI info
-- Detecting CXX compiler ABI info - done
-- Check for working CXX compiler: /usr/bin/c++ - skipped
-- Detecting CXX compile features
-- Detecting CXX compile features - done
-- Found ament_cmake: 1.3.4 (/opt/ros/humble/share/ament_cmake/cmake)
-- Found Python3: /usr/bin/python3.10 (found version "3.10.6") found components: Interpreter 
-- Found ament_lint_auto: 0.12.6 (/opt/ros/humble/share/ament_lint_auto/cmake)
WARNING: Package name "Robot_description" does not follow the naming conventions. It should start with a lower case letter and only contain lower case letters, digits, underscores, and dashes.
-- Added test 'flake8' to check Python code syntax and style conventions
-- Added test 'lint_cmake' to check CMake code style
-- Added test 'pep257' to check Python code against some of the docstring style conventions in PEP 257
-- Added test 'xmllint' to check XML markup files
-- Configuring done
-- Generating done
-- Build files have been written to: /home/julien/Documents/ros/robot_arm/ros2_ws_robot/build/Robot_description
-- Install configuration: ""
-- Installing: /home/julien/Documents/ros/robot_arm/ros2_ws_robot/install/Robot_description/share/Robot_description/urdf
-- Installing: /home/julien/Documents/ros/robot_arm/ros2_ws_robot/install/Robot_description/share/Robot_description/urdf/materials.xacro
-- Installing: /home/julien/Documents/ros/robot_arm/ros2_ws_robot/install/Robot_description/share/Robot_description/urdf/Robot.gazebo
-- Installing: /home/julien/Documents/ros/robot_arm/ros2_ws_robot/install/Robot_description/share/Robot_description/urdf/Robot.xacro
-- Installing: /home/julien/Documents/ros/robot_arm/ros2_ws_robot/install/Robot_description/share/Robot_description/urdf/Robot.trans
-- Installing: /home/julien/Documents/ros/robot_arm/ros2_ws_robot/install/Robot_description/share/Robot_description/meshes
-- Installing: /home/julien/Documents/ros/robot_arm/ros2_ws_robot/install/Robot_description/share/Robot_description/meshes/link5_1.stl
-- Installing: /home/julien/Documents/ros/robot_arm/ros2_ws_robot/install/Robot_description/share/Robot_description/meshes/link2_1.stl
-- Installing: /home/julien/Documents/ros/robot_arm/ros2_ws_robot/install/Robot_description/share/Robot_description/meshes/link6_1.stl
-- Installing: /home/julien/Documents/ros/robot_arm/ros2_ws_robot/install/Robot_description/share/Robot_description/meshes/Servo_Gear_1.stl
-- Installing: /home/julien/Documents/ros/robot_arm/ros2_ws_robot/install/Robot_description/share/Robot_description/meshes/link1_1.stl
-- Installing: /home/julien/Documents/ros/robot_arm/ros2_ws_robot/install/Robot_description/share/Robot_description/meshes/link3_1.stl
-- Installing: /home/julien/Documents/ros/robot_arm/ros2_ws_robot/install/Robot_description/share/Robot_description/meshes/base_link.stl
-- Installing: /home/julien/Documents/ros/robot_arm/ros2_ws_robot/install/Robot_description/share/Robot_description/meshes/Idol_Gear_1.stl
-- Installing: /home/julien/Documents/ros/robot_arm/ros2_ws_robot/install/Robot_description/share/Robot_description/meshes/link4_1.stl
-- Installing: /home/julien/Documents/ros/robot_arm/ros2_ws_robot/install/Robot_description/share/Robot_description/launch
-- Installing: /home/julien/Documents/ros/robot_arm/ros2_ws_robot/install/Robot_description/share/Robot_description/launch/visualize.launch.py
-- Installing: /home/julien/Documents/ros/robot_arm/ros2_ws_robot/install/Robot_description/share/Robot_description/rviz
-- Installing: /home/julien/Documents/ros/robot_arm/ros2_ws_robot/install/Robot_description/share/Robot_description/rviz/config.rviz
-- Installing: /home/julien/Documents/ros/robot_arm/ros2_ws_robot/install/Robot_description/share/ament_index/resource_index/package_run_dependencies/Robot_description
-- Installing: /home/julien/Documents/ros/robot_arm/ros2_ws_robot/install/Robot_description/share/ament_index/resource_index/parent_prefix_path/Robot_description
-- Installing: /home/julien/Documents/ros/robot_arm/ros2_ws_robot/install/Robot_description/share/Robot_description/environment/ament_prefix_path.sh
-- Installing: /home/julien/Documents/ros/robot_arm/ros2_ws_robot/install/Robot_description/share/Robot_description/environment/ament_prefix_path.dsv
-- Installing: /home/julien/Documents/ros/robot_arm/ros2_ws_robot/install/Robot_description/share/Robot_description/environment/path.sh
-- Installing: /home/julien/Documents/ros/robot_arm/ros2_ws_robot/install/Robot_description/share/Robot_description/environment/path.dsv
-- Installing: /home/julien/Documents/ros/robot_arm/ros2_ws_robot/install/Robot_description/share/Robot_description/local_setup.bash
-- Installing: /home/julien/Documents/ros/robot_arm/ros2_ws_robot/install/Robot_description/share/Robot_description/local_setup.sh
-- Installing: /home/julien/Documents/ros/robot_arm/ros2_ws_robot/install/Robot_description/share/Robot_description/local_setup.zsh
-- Installing: /home/julien/Documents/ros/robot_arm/ros2_ws_robot/install/Robot_description/share/Robot_description/local_setup.dsv
-- Installing: /home/julien/Documents/ros/robot_arm/ros2_ws_robot/install/Robot_description/share/Robot_description/package.dsv
-- Installing: /home/julien/Documents/ros/robot_arm/ros2_ws_robot/install/Robot_description/share/ament_index/resource_index/packages/Robot_description
-- Installing: /home/julien/Documents/ros/robot_arm/ros2_ws_robot/install/Robot_description/share/Robot_description/cmake/Robot_descriptionConfig.cmake
-- Installing: /home/julien/Documents/ros/robot_arm/ros2_ws_robot/install/Robot_description/share/Robot_description/cmake/Robot_descriptionConfig-version.cmake
-- Installing: /home/julien/Documents/ros/robot_arm/ros2_ws_robot/install/Robot_description/share/Robot_description/package.xml
