[0.041s] Invoking command in '/home/julien/Documents/ros/robot_arm/ros2_ws_robot/build/Robot_description': CMAKE_PREFIX_PATH=${CMAKE_PREFIX_PATH}:/home/julien/Documents/ros/ws_ros2/install/simple_pub_sub:/home/julien/Documents/ros/ws_ros2/install/py_pubsub:/home/julien/Documents/ros/microros_ws/install/sensor_msgs_py:/home/julien/Documents/ros/ws_moveit2/install/moveit_configs_utils:/home/julien/Documents/ros/ws_moveit2/install/launch_param_builder:/opt/ros/humble /usr/bin/cmake /home/julien/Documents/ros/robot_arm/ros2_ws_robot/src/Robot_description -DCMAKE_INSTALL_PREFIX=/home/julien/Documents/ros/robot_arm/ros2_ws_robot/install/Robot_description
[0.182s] -- The C compiler identification is GNU 11.3.0
[0.288s] -- The CXX compiler identification is GNU 11.3.0
[0.300s] -- Detecting C compiler ABI info
[0.429s] -- Detecting C compiler ABI info - done
[0.437s] -- Check for working C compiler: /usr/bin/cc - skipped
[0.438s] -- Detecting C compile features
[0.438s] -- Detecting C compile features - done
[0.442s] -- Detecting CXX compiler ABI info
[0.581s] -- Detecting CXX compiler ABI info - done
[0.589s] -- Check for working CXX compiler: /usr/bin/c++ - skipped
[0.589s] -- Detecting CXX compile features
[0.590s] -- Detecting CXX compile features - done
[0.620s] -- Found ament_cmake: 1.3.4 (/opt/ros/humble/share/ament_cmake/cmake)
[0.943s] -- Found Python3: /usr/bin/python3.10 (found version "3.10.6") found components: Interpreter 
[1.261s] -- Found ament_lint_auto: 0.12.6 (/opt/ros/humble/share/ament_lint_auto/cmake)
[1.334s] WARNING: Package name "Robot_description" does not follow the naming conventions. It should start with a lower case letter and only contain lower case letters, digits, underscores, and dashes.
[1.447s] -- Added test 'flake8' to check Python code syntax and style conventions
[1.450s] -- Added test 'lint_cmake' to check CMake code style
[1.453s] -- Added test 'pep257' to check Python code against some of the docstring style conventions in PEP 257
[1.457s] -- Added test 'xmllint' to check XML markup files
[1.463s] -- Configuring done
[1.466s] -- Generating done
[1.467s] -- Build files have been written to: /home/julien/Documents/ros/robot_arm/ros2_ws_robot/build/Robot_description
[1.471s] Invoked command in '/home/julien/Documents/ros/robot_arm/ros2_ws_robot/build/Robot_description' returned '0': CMAKE_PREFIX_PATH=${CMAKE_PREFIX_PATH}:/home/julien/Documents/ros/ws_ros2/install/simple_pub_sub:/home/julien/Documents/ros/ws_ros2/install/py_pubsub:/home/julien/Documents/ros/microros_ws/install/sensor_msgs_py:/home/julien/Documents/ros/ws_moveit2/install/moveit_configs_utils:/home/julien/Documents/ros/ws_moveit2/install/launch_param_builder:/opt/ros/humble /usr/bin/cmake /home/julien/Documents/ros/robot_arm/ros2_ws_robot/src/Robot_description -DCMAKE_INSTALL_PREFIX=/home/julien/Documents/ros/robot_arm/ros2_ws_robot/install/Robot_description
[1.473s] Invoking command in '/home/julien/Documents/ros/robot_arm/ros2_ws_robot/build/Robot_description': CMAKE_PREFIX_PATH=${CMAKE_PREFIX_PATH}:/home/julien/Documents/ros/ws_ros2/install/simple_pub_sub:/home/julien/Documents/ros/ws_ros2/install/py_pubsub:/home/julien/Documents/ros/microros_ws/install/sensor_msgs_py:/home/julien/Documents/ros/ws_moveit2/install/moveit_configs_utils:/home/julien/Documents/ros/ws_moveit2/install/launch_param_builder:/opt/ros/humble /usr/bin/cmake --build /home/julien/Documents/ros/robot_arm/ros2_ws_robot/build/Robot_description -- -j4 -l4
[1.548s] Invoked command in '/home/julien/Documents/ros/robot_arm/ros2_ws_robot/build/Robot_description' returned '0': CMAKE_PREFIX_PATH=${CMAKE_PREFIX_PATH}:/home/julien/Documents/ros/ws_ros2/install/simple_pub_sub:/home/julien/Documents/ros/ws_ros2/install/py_pubsub:/home/julien/Documents/ros/microros_ws/install/sensor_msgs_py:/home/julien/Documents/ros/ws_moveit2/install/moveit_configs_utils:/home/julien/Documents/ros/ws_moveit2/install/launch_param_builder:/opt/ros/humble /usr/bin/cmake --build /home/julien/Documents/ros/robot_arm/ros2_ws_robot/build/Robot_description -- -j4 -l4
[1.627s] Invoking command in '/home/julien/Documents/ros/robot_arm/ros2_ws_robot/build/Robot_description': CMAKE_PREFIX_PATH=${CMAKE_PREFIX_PATH}:/home/julien/Documents/ros/ws_ros2/install/simple_pub_sub:/home/julien/Documents/ros/ws_ros2/install/py_pubsub:/home/julien/Documents/ros/microros_ws/install/sensor_msgs_py:/home/julien/Documents/ros/ws_moveit2/install/moveit_configs_utils:/home/julien/Documents/ros/ws_moveit2/install/launch_param_builder:/opt/ros/humble /usr/bin/cmake --install /home/julien/Documents/ros/robot_arm/ros2_ws_robot/build/Robot_description
[1.643s] -- Install configuration: ""
[1.643s] -- Installing: /home/julien/Documents/ros/robot_arm/ros2_ws_robot/install/Robot_description/share/Robot_description/urdf
[1.643s] -- Installing: /home/julien/Documents/ros/robot_arm/ros2_ws_robot/install/Robot_description/share/Robot_description/urdf/materials.xacro
[1.646s] -- Installing: /home/julien/Documents/ros/robot_arm/ros2_ws_robot/install/Robot_description/share/Robot_description/urdf/Robot.gazebo
[1.646s] -- Installing: /home/julien/Documents/ros/robot_arm/ros2_ws_robot/install/Robot_description/share/Robot_description/urdf/Robot.xacro
[1.646s] -- Installing: /home/julien/Documents/ros/robot_arm/ros2_ws_robot/install/Robot_description/share/Robot_description/urdf/Robot.trans
[1.648s] -- Installing: /home/julien/Documents/ros/robot_arm/ros2_ws_robot/install/Robot_description/share/Robot_description/meshes
[1.648s] -- Installing: /home/julien/Documents/ros/robot_arm/ros2_ws_robot/install/Robot_description/share/Robot_description/meshes/link5_1.stl
[1.651s] -- Installing: /home/julien/Documents/ros/robot_arm/ros2_ws_robot/install/Robot_description/share/Robot_description/meshes/link2_1.stl
[1.657s] -- Installing: /home/julien/Documents/ros/robot_arm/ros2_ws_robot/install/Robot_description/share/Robot_description/meshes/link6_1.stl
[1.663s] -- Installing: /home/julien/Documents/ros/robot_arm/ros2_ws_robot/install/Robot_description/share/Robot_description/meshes/Servo_Gear_1.stl
[1.664s] -- Installing: /home/julien/Documents/ros/robot_arm/ros2_ws_robot/install/Robot_description/share/Robot_description/meshes/link1_1.stl
[1.668s] -- Installing: /home/julien/Documents/ros/robot_arm/ros2_ws_robot/install/Robot_description/share/Robot_description/meshes/link3_1.stl
[1.669s] -- Installing: /home/julien/Documents/ros/robot_arm/ros2_ws_robot/install/Robot_description/share/Robot_description/meshes/base_link.stl
[1.673s] -- Installing: /home/julien/Documents/ros/robot_arm/ros2_ws_robot/install/Robot_description/share/Robot_description/meshes/Idol_Gear_1.stl
[1.674s] -- Installing: /home/julien/Documents/ros/robot_arm/ros2_ws_robot/install/Robot_description/share/Robot_description/meshes/link4_1.stl
[1.678s] -- Installing: /home/julien/Documents/ros/robot_arm/ros2_ws_robot/install/Robot_description/share/Robot_description/launch
[1.679s] -- Installing: /home/julien/Documents/ros/robot_arm/ros2_ws_robot/install/Robot_description/share/Robot_description/launch/visualize.launch.py
[1.679s] -- Installing: /home/julien/Documents/ros/robot_arm/ros2_ws_robot/install/Robot_description/share/Robot_description/rviz
[1.679s] -- Installing: /home/julien/Documents/ros/robot_arm/ros2_ws_robot/install/Robot_description/share/Robot_description/rviz/config.rviz
[1.679s] -- Installing: /home/julien/Documents/ros/robot_arm/ros2_ws_robot/install/Robot_description/share/ament_index/resource_index/package_run_dependencies/Robot_description
[1.680s] -- Installing: /home/julien/Documents/ros/robot_arm/ros2_ws_robot/install/Robot_description/share/ament_index/resource_index/parent_prefix_path/Robot_description
[1.680s] -- Installing: /home/julien/Documents/ros/robot_arm/ros2_ws_robot/install/Robot_description/share/Robot_description/environment/ament_prefix_path.sh
[1.680s] -- Installing: /home/julien/Documents/ros/robot_arm/ros2_ws_robot/install/Robot_description/share/Robot_description/environment/ament_prefix_path.dsv
[1.680s] -- Installing: /home/julien/Documents/ros/robot_arm/ros2_ws_robot/install/Robot_description/share/Robot_description/environment/path.sh
[1.681s] -- Installing: /home/julien/Documents/ros/robot_arm/ros2_ws_robot/install/Robot_description/share/Robot_description/environment/path.dsv
[1.681s] -- Installing: /home/julien/Documents/ros/robot_arm/ros2_ws_robot/install/Robot_description/share/Robot_description/local_setup.bash
[1.681s] -- Installing: /home/julien/Documents/ros/robot_arm/ros2_ws_robot/install/Robot_description/share/Robot_description/local_setup.sh
[1.681s] -- Installing: /home/julien/Documents/ros/robot_arm/ros2_ws_robot/install/Robot_description/share/Robot_description/local_setup.zsh
[1.681s] -- Installing: /home/julien/Documents/ros/robot_arm/ros2_ws_robot/install/Robot_description/share/Robot_description/local_setup.dsv
[1.682s] -- Installing: /home/julien/Documents/ros/robot_arm/ros2_ws_robot/install/Robot_description/share/Robot_description/package.dsv
[1.682s] -- Installing: /home/julien/Documents/ros/robot_arm/ros2_ws_robot/install/Robot_description/share/ament_index/resource_index/packages/Robot_description
[1.682s] -- Installing: /home/julien/Documents/ros/robot_arm/ros2_ws_robot/install/Robot_description/share/Robot_description/cmake/Robot_descriptionConfig.cmake
[1.682s] -- Installing: /home/julien/Documents/ros/robot_arm/ros2_ws_robot/install/Robot_description/share/Robot_description/cmake/Robot_descriptionConfig-version.cmake
[1.683s] -- Installing: /home/julien/Documents/ros/robot_arm/ros2_ws_robot/install/Robot_description/share/Robot_description/package.xml
[1.687s] Invoked command in '/home/julien/Documents/ros/robot_arm/ros2_ws_robot/build/Robot_description' returned '0': CMAKE_PREFIX_PATH=${CMAKE_PREFIX_PATH}:/home/julien/Documents/ros/ws_ros2/install/simple_pub_sub:/home/julien/Documents/ros/ws_ros2/install/py_pubsub:/home/julien/Documents/ros/microros_ws/install/sensor_msgs_py:/home/julien/Documents/ros/ws_moveit2/install/moveit_configs_utils:/home/julien/Documents/ros/ws_moveit2/install/launch_param_builder:/opt/ros/humble /usr/bin/cmake --install /home/julien/Documents/ros/robot_arm/ros2_ws_robot/build/Robot_description
