[7.836s] Invoking command in '/home/julien/Documents/ros/robot_arm/ros2_ws_robot/src/tictactoe': PYTHONPATH=/home/julien/Documents/ros/robot_arm/ros2_ws_robot/build/tictactoe/prefix_override:/home/julien/Documents/ros/robot_arm/ros2_ws_robot/install/tictactoe/lib/python3.10/site-packages:${PYTHONPATH} /usr/bin/python3 setup.py egg_info --egg-base ../../build/tictactoe build --build-base /home/julien/Documents/ros/robot_arm/ros2_ws_robot/build/tictactoe/build install --record /home/julien/Documents/ros/robot_arm/ros2_ws_robot/build/tictactoe/install.log --single-version-externally-managed
[9.438s] running egg_info
[9.447s] writing ../../build/tictactoe/tictactoe.egg-info/PKG-INFO
[9.451s] writing dependency_links to ../../build/tictactoe/tictactoe.egg-info/dependency_links.txt
[9.453s] writing entry points to ../../build/tictactoe/tictactoe.egg-info/entry_points.txt
[9.453s] writing requirements to ../../build/tictactoe/tictactoe.egg-info/requires.txt
[9.453s] writing top-level names to ../../build/tictactoe/tictactoe.egg-info/top_level.txt
[9.467s] reading manifest file '../../build/tictactoe/tictactoe.egg-info/SOURCES.txt'
[9.475s] writing manifest file '../../build/tictactoe/tictactoe.egg-info/SOURCES.txt'
[9.476s] running build
[9.477s] running build_py
[9.477s] running install
[9.477s] running install_lib
[9.483s] running install_data
[9.484s] running install_egg_info
[9.493s] removing '/home/julien/Documents/ros/robot_arm/ros2_ws_robot/install/tictactoe/lib/python3.10/site-packages/tictactoe-0.0.0-py3.10.egg-info' (and everything under it)
[9.509s] Copying ../../build/tictactoe/tictactoe.egg-info to /home/julien/Documents/ros/robot_arm/ros2_ws_robot/install/tictactoe/lib/python3.10/site-packages/tictactoe-0.0.0-py3.10.egg-info
[9.515s] running install_scripts
[9.638s] Installing main script to /home/julien/Documents/ros/robot_arm/ros2_ws_robot/install/tictactoe/lib/tictactoe
[9.640s] writing list of installed files to '/home/julien/Documents/ros/robot_arm/ros2_ws_robot/build/tictactoe/install.log'
[9.751s] Invoked command in '/home/julien/Documents/ros/robot_arm/ros2_ws_robot/src/tictactoe' returned '0': PYTHONPATH=/home/julien/Documents/ros/robot_arm/ros2_ws_robot/build/tictactoe/prefix_override:/home/julien/Documents/ros/robot_arm/ros2_ws_robot/install/tictactoe/lib/python3.10/site-packages:${PYTHONPATH} /usr/bin/python3 setup.py egg_info --egg-base ../../build/tictactoe build --build-base /home/julien/Documents/ros/robot_arm/ros2_ws_robot/build/tictactoe/build install --record /home/julien/Documents/ros/robot_arm/ros2_ws_robot/build/tictactoe/install.log --single-version-externally-managed
