[1.597s] Invoking command in '/home/julien/Documents/ros/robot_arm/ros2_ws_robot/src/tictactoe': PYTHONPATH=/home/julien/Documents/ros/robot_arm/ros2_ws_robot/build/tictactoe/prefix_override:/home/julien/Documents/ros/robot_arm/ros2_ws_robot/install/tictactoe/lib/python3.10/site-packages:${PYTHONPATH} /usr/bin/python3 setup.py egg_info --egg-base ../../build/tictactoe build --build-base /home/julien/Documents/ros/robot_arm/ros2_ws_robot/build/tictactoe/build install --record /home/julien/Documents/ros/robot_arm/ros2_ws_robot/build/tictactoe/install.log --single-version-externally-managed
[1.949s] running egg_info
[1.950s] writing ../../build/tictactoe/tictactoe.egg-info/PKG-INFO
[1.950s] writing dependency_links to ../../build/tictactoe/tictactoe.egg-info/dependency_links.txt
[1.951s] writing entry points to ../../build/tictactoe/tictactoe.egg-info/entry_points.txt
[1.951s] writing requirements to ../../build/tictactoe/tictactoe.egg-info/requires.txt
[1.951s] writing top-level names to ../../build/tictactoe/tictactoe.egg-info/top_level.txt
[1.955s] reading manifest file '../../build/tictactoe/tictactoe.egg-info/SOURCES.txt'
[1.956s] writing manifest file '../../build/tictactoe/tictactoe.egg-info/SOURCES.txt'
[1.957s] running build
[1.957s] running build_py
[1.957s] running install
[1.959s] running install_lib
[1.962s] running install_data
[1.962s] running install_egg_info
[1.966s] removing '/home/julien/Documents/ros/robot_arm/ros2_ws_robot/install/tictactoe/lib/python3.10/site-packages/tictactoe-0.0.0-py3.10.egg-info' (and everything under it)
[1.966s] Copying ../../build/tictactoe/tictactoe.egg-info to /home/julien/Documents/ros/robot_arm/ros2_ws_robot/install/tictactoe/lib/python3.10/site-packages/tictactoe-0.0.0-py3.10.egg-info
[1.980s] running install_scripts
[2.010s] Installing main script to /home/julien/Documents/ros/robot_arm/ros2_ws_robot/install/tictactoe/lib/tictactoe
[2.014s] writing list of installed files to '/home/julien/Documents/ros/robot_arm/ros2_ws_robot/build/tictactoe/install.log'
[2.054s] Invoked command in '/home/julien/Documents/ros/robot_arm/ros2_ws_robot/src/tictactoe' returned '0': PYTHONPATH=/home/julien/Documents/ros/robot_arm/ros2_ws_robot/build/tictactoe/prefix_override:/home/julien/Documents/ros/robot_arm/ros2_ws_robot/install/tictactoe/lib/python3.10/site-packages:${PYTHONPATH} /usr/bin/python3 setup.py egg_info --egg-base ../../build/tictactoe build --build-base /home/julien/Documents/ros/robot_arm/ros2_ws_robot/build/tictactoe/build install --record /home/julien/Documents/ros/robot_arm/ros2_ws_robot/build/tictactoe/install.log --single-version-externally-managed
