[0.513s] DEBUG:colcon:Command line arguments: ['/usr/bin/colcon', 'build']
[0.514s] DEBUG:colcon:Parsed command line arguments: Namespace(log_base=None, log_level=None, verb_name='build', build_base='build', install_base='install', merge_install=False, symlink_install=False, test_result_base=None, continue_on_error=False, executor='parallel', parallel_workers=4, event_handlers=None, ignore_user_meta=False, metas=['./colcon.meta'], base_paths=['.'], packages_ignore=None, packages_ignore_regex=None, paths=None, packages_up_to=None, packages_up_to_regex=None, packages_above=None, packages_above_and_dependencies=None, packages_above_depth=None, packages_select_by_dep=None, packages_skip_by_dep=None, packages_skip_up_to=None, packages_select_build_failed=False, packages_skip_build_finished=False, packages_select_test_failures=False, packages_skip_test_passed=False, packages_select=None, packages_skip=None, packages_select_regex=None, packages_skip_regex=None, packages_start=None, packages_end=None, allow_overriding=[], cmake_args=None, cmake_target=None, cmake_target_skip_unavailable=False, cmake_clean_cache=False, cmake_clean_first=False, cmake_force_configure=False, ament_cmake_args=None, catkin_cmake_args=None, catkin_skip_building_tests=False, mixin_files=None, mixin=None, verb_parser=<colcon_mixin.mixin.mixin_argument.MixinArgumentDecorator object at 0x7f31ef70a2f0>, verb_extension=<colcon_core.verb.build.BuildVerb object at 0x7f31ef9b38e0>, main=<bound method BuildVerb.main of <colcon_core.verb.build.BuildVerb object at 0x7f31ef9b38e0>>, mixin_verb=('build',))
[0.550s] Level 1:colcon.colcon_core.package_discovery:discover_packages(colcon_meta) check parameters
[0.550s] Level 1:colcon.colcon_core.package_discovery:discover_packages(recursive) check parameters
[0.550s] Level 1:colcon.colcon_core.package_discovery:discover_packages(ignore) check parameters
[0.550s] Level 1:colcon.colcon_core.package_discovery:discover_packages(path) check parameters
[0.550s] Level 1:colcon.colcon_core.package_discovery:discover_packages(colcon_meta) discover
[0.550s] Level 1:colcon.colcon_core.package_discovery:discover_packages(recursive) discover
[0.550s] INFO:colcon.colcon_core.package_discovery:Crawling recursively for packages in '/home/julien/Documents/ros/robot_arm'
[0.550s] Level 1:colcon.colcon_core.package_identification:_identify(.) by extensions ['ignore', 'ignore_ament_install']
[0.550s] Level 1:colcon.colcon_core.package_identification:_identify(.) by extension 'ignore'
[0.550s] Level 1:colcon.colcon_core.package_identification:_identify(.) by extension 'ignore_ament_install'
[0.550s] Level 1:colcon.colcon_core.package_identification:_identify(.) by extensions ['colcon_pkg']
[0.551s] Level 1:colcon.colcon_core.package_identification:_identify(.) by extension 'colcon_pkg'
[0.551s] Level 1:colcon.colcon_core.package_identification:_identify(.) by extensions ['colcon_meta']
[0.551s] Level 1:colcon.colcon_core.package_identification:_identify(.) by extension 'colcon_meta'
[0.551s] Level 1:colcon.colcon_core.package_identification:_identify(.) by extensions ['ros']
[0.551s] Level 1:colcon.colcon_core.package_identification:_identify(.) by extension 'ros'
[0.566s] Level 1:colcon.colcon_core.package_identification:_identify(.) by extensions ['cmake', 'python']
[0.566s] Level 1:colcon.colcon_core.package_identification:_identify(.) by extension 'cmake'
[0.566s] Level 1:colcon.colcon_core.package_identification:_identify(.) by extension 'python'
[0.566s] Level 1:colcon.colcon_core.package_identification:_identify(.) by extensions ['python_setup_py']
[0.566s] Level 1:colcon.colcon_core.package_identification:_identify(.) by extension 'python_setup_py'
[0.567s] Level 1:colcon.colcon_core.package_identification:_identify(build) by extensions ['ignore', 'ignore_ament_install']
[0.567s] Level 1:colcon.colcon_core.package_identification:_identify(build) by extension 'ignore'
[0.567s] Level 1:colcon.colcon_core.package_identification:_identify(build) ignored
[0.567s] Level 1:colcon.colcon_core.package_identification:_identify(install) by extensions ['ignore', 'ignore_ament_install']
[0.567s] Level 1:colcon.colcon_core.package_identification:_identify(install) by extension 'ignore'
[0.567s] Level 1:colcon.colcon_core.package_identification:_identify(install) ignored
[0.568s] Level 1:colcon.colcon_core.package_identification:_identify(log) by extensions ['ignore', 'ignore_ament_install']
[0.568s] Level 1:colcon.colcon_core.package_identification:_identify(log) by extension 'ignore'
[0.568s] Level 1:colcon.colcon_core.package_identification:_identify(log) ignored
[0.568s] Level 1:colcon.colcon_core.package_identification:_identify(src) by extensions ['ignore', 'ignore_ament_install']
[0.568s] Level 1:colcon.colcon_core.package_identification:_identify(src) by extension 'ignore'
[0.568s] Level 1:colcon.colcon_core.package_identification:_identify(src) by extension 'ignore_ament_install'
[0.568s] Level 1:colcon.colcon_core.package_identification:_identify(src) by extensions ['colcon_pkg']
[0.568s] Level 1:colcon.colcon_core.package_identification:_identify(src) by extension 'colcon_pkg'
[0.568s] Level 1:colcon.colcon_core.package_identification:_identify(src) by extensions ['colcon_meta']
[0.568s] Level 1:colcon.colcon_core.package_identification:_identify(src) by extension 'colcon_meta'
[0.568s] Level 1:colcon.colcon_core.package_identification:_identify(src) by extensions ['ros']
[0.569s] Level 1:colcon.colcon_core.package_identification:_identify(src) by extension 'ros'
[0.569s] Level 1:colcon.colcon_core.package_identification:_identify(src) by extensions ['cmake', 'python']
[0.569s] Level 1:colcon.colcon_core.package_identification:_identify(src) by extension 'cmake'
[0.569s] Level 1:colcon.colcon_core.package_identification:_identify(src) by extension 'python'
[0.569s] Level 1:colcon.colcon_core.package_identification:_identify(src) by extensions ['python_setup_py']
[0.569s] Level 1:colcon.colcon_core.package_identification:_identify(src) by extension 'python_setup_py'
[0.569s] Level 1:colcon.colcon_core.package_identification:_identify(src/Robot_description) by extensions ['ignore', 'ignore_ament_install']
[0.569s] Level 1:colcon.colcon_core.package_identification:_identify(src/Robot_description) by extension 'ignore'
[0.569s] Level 1:colcon.colcon_core.package_identification:_identify(src/Robot_description) by extension 'ignore_ament_install'
[0.569s] Level 1:colcon.colcon_core.package_identification:_identify(src/Robot_description) by extensions ['colcon_pkg']
[0.569s] Level 1:colcon.colcon_core.package_identification:_identify(src/Robot_description) by extension 'colcon_pkg'
[0.569s] Level 1:colcon.colcon_core.package_identification:_identify(src/Robot_description) by extensions ['colcon_meta']
[0.569s] Level 1:colcon.colcon_core.package_identification:_identify(src/Robot_description) by extension 'colcon_meta'
[0.570s] Level 1:colcon.colcon_core.package_identification:_identify(src/Robot_description) by extensions ['ros']
[0.570s] Level 1:colcon.colcon_core.package_identification:_identify(src/Robot_description) by extension 'ros'
[0.573s] DEBUG:colcon.colcon_core.package_identification:Package 'src/Robot_description' with type 'ros.ament_cmake' and name 'Robot_description'
[0.573s] Level 1:colcon.colcon_core.package_identification:_identify(src/prog_robot) by extensions ['ignore', 'ignore_ament_install']
[0.573s] Level 1:colcon.colcon_core.package_identification:_identify(src/prog_robot) by extension 'ignore'
[0.574s] Level 1:colcon.colcon_core.package_identification:_identify(src/prog_robot) by extension 'ignore_ament_install'
[0.574s] Level 1:colcon.colcon_core.package_identification:_identify(src/prog_robot) by extensions ['colcon_pkg']
[0.574s] Level 1:colcon.colcon_core.package_identification:_identify(src/prog_robot) by extension 'colcon_pkg'
[0.574s] Level 1:colcon.colcon_core.package_identification:_identify(src/prog_robot) by extensions ['colcon_meta']
[0.574s] Level 1:colcon.colcon_core.package_identification:_identify(src/prog_robot) by extension 'colcon_meta'
[0.574s] Level 1:colcon.colcon_core.package_identification:_identify(src/prog_robot) by extensions ['ros']
[0.574s] Level 1:colcon.colcon_core.package_identification:_identify(src/prog_robot) by extension 'ros'
[0.574s] DEBUG:colcon.colcon_core.package_identification:Package 'src/prog_robot' with type 'ros.ament_python' and name 'prog_robot'
[0.575s] Level 1:colcon.colcon_core.package_identification:_identify(src/robot_moveit_config) by extensions ['ignore', 'ignore_ament_install']
[0.575s] Level 1:colcon.colcon_core.package_identification:_identify(src/robot_moveit_config) by extension 'ignore'
[0.575s] Level 1:colcon.colcon_core.package_identification:_identify(src/robot_moveit_config) by extension 'ignore_ament_install'
[0.575s] Level 1:colcon.colcon_core.package_identification:_identify(src/robot_moveit_config) by extensions ['colcon_pkg']
[0.575s] Level 1:colcon.colcon_core.package_identification:_identify(src/robot_moveit_config) by extension 'colcon_pkg'
[0.575s] Level 1:colcon.colcon_core.package_identification:_identify(src/robot_moveit_config) by extensions ['colcon_meta']
[0.575s] Level 1:colcon.colcon_core.package_identification:_identify(src/robot_moveit_config) by extension 'colcon_meta'
[0.575s] Level 1:colcon.colcon_core.package_identification:_identify(src/robot_moveit_config) by extensions ['ros']
[0.575s] Level 1:colcon.colcon_core.package_identification:_identify(src/robot_moveit_config) by extension 'ros'
[0.576s] DEBUG:colcon.colcon_core.package_identification:Package 'src/robot_moveit_config' with type 'ros.ament_cmake' and name 'robot_moveit_config'
[0.576s] Level 1:colcon.colcon_core.package_discovery:discover_packages(recursive) using defaults
[0.576s] Level 1:colcon.colcon_core.package_discovery:discover_packages(ignore) discover
[0.576s] Level 1:colcon.colcon_core.package_discovery:discover_packages(ignore) using defaults
[0.576s] Level 1:colcon.colcon_core.package_discovery:discover_packages(path) discover
[0.576s] Level 1:colcon.colcon_core.package_discovery:discover_packages(path) using defaults
[0.610s] Level 1:colcon.colcon_core.package_discovery:discover_packages(prefix_path) check parameters
[0.610s] Level 1:colcon.colcon_core.package_discovery:discover_packages(prefix_path) discover
[0.619s] DEBUG:colcon.colcon_installed_package_information.package_discovery:Found 39 installed packages in /home/julien/Documents/ros/microros_ws/install
[0.621s] DEBUG:colcon.colcon_installed_package_information.package_discovery:Found 3 installed packages in /home/julien/Documents/ros/robot_arm/install
[0.624s] DEBUG:colcon.colcon_installed_package_information.package_discovery:Found 55 installed packages in /home/julien/Documents/ros/ws_moveit2/install
[0.627s] DEBUG:colcon.colcon_installed_package_information.package_discovery:Found 3 installed packages in /home/julien/Documents/ros/ws_ros2/install
[0.630s] DEBUG:colcon.colcon_installed_package_information.package_discovery:Found 314 installed packages in /opt/ros/humble
[0.634s] Level 1:colcon.colcon_core.package_discovery:discover_packages(prefix_path) using defaults
[0.726s] Level 5:colcon.colcon_core.verb:set package 'Robot_description' build argument 'cmake_args' from command line to 'None'
[0.726s] Level 5:colcon.colcon_core.verb:set package 'Robot_description' build argument 'cmake_target' from command line to 'None'
[0.726s] Level 5:colcon.colcon_core.verb:set package 'Robot_description' build argument 'cmake_target_skip_unavailable' from command line to 'False'
[0.726s] Level 5:colcon.colcon_core.verb:set package 'Robot_description' build argument 'cmake_clean_cache' from command line to 'False'
[0.726s] Level 5:colcon.colcon_core.verb:set package 'Robot_description' build argument 'cmake_clean_first' from command line to 'False'
[0.727s] Level 5:colcon.colcon_core.verb:set package 'Robot_description' build argument 'cmake_force_configure' from command line to 'False'
[0.727s] Level 5:colcon.colcon_core.verb:set package 'Robot_description' build argument 'ament_cmake_args' from command line to 'None'
[0.727s] Level 5:colcon.colcon_core.verb:set package 'Robot_description' build argument 'catkin_cmake_args' from command line to 'None'
[0.727s] Level 5:colcon.colcon_core.verb:set package 'Robot_description' build argument 'catkin_skip_building_tests' from command line to 'False'
[0.727s] DEBUG:colcon.colcon_core.verb:Building package 'Robot_description' with the following arguments: {'ament_cmake_args': None, 'build_base': '/home/julien/Documents/ros/robot_arm/build/Robot_description', 'catkin_cmake_args': None, 'catkin_skip_building_tests': False, 'cmake_args': None, 'cmake_clean_cache': False, 'cmake_clean_first': False, 'cmake_force_configure': False, 'cmake_target': None, 'cmake_target_skip_unavailable': False, 'install_base': '/home/julien/Documents/ros/robot_arm/install/Robot_description', 'merge_install': False, 'path': '/home/julien/Documents/ros/robot_arm/src/Robot_description', 'symlink_install': False, 'test_result_base': None}
[0.728s] Level 5:colcon.colcon_core.verb:set package 'prog_robot' build argument 'cmake_args' from command line to 'None'
[0.728s] Level 5:colcon.colcon_core.verb:set package 'prog_robot' build argument 'cmake_target' from command line to 'None'
[0.728s] Level 5:colcon.colcon_core.verb:set package 'prog_robot' build argument 'cmake_target_skip_unavailable' from command line to 'False'
[0.728s] Level 5:colcon.colcon_core.verb:set package 'prog_robot' build argument 'cmake_clean_cache' from command line to 'False'
[0.728s] Level 5:colcon.colcon_core.verb:set package 'prog_robot' build argument 'cmake_clean_first' from command line to 'False'
[0.728s] Level 5:colcon.colcon_core.verb:set package 'prog_robot' build argument 'cmake_force_configure' from command line to 'False'
[0.728s] Level 5:colcon.colcon_core.verb:set package 'prog_robot' build argument 'ament_cmake_args' from command line to 'None'
[0.728s] Level 5:colcon.colcon_core.verb:set package 'prog_robot' build argument 'catkin_cmake_args' from command line to 'None'
[0.728s] Level 5:colcon.colcon_core.verb:set package 'prog_robot' build argument 'catkin_skip_building_tests' from command line to 'False'
[0.729s] DEBUG:colcon.colcon_core.verb:Building package 'prog_robot' with the following arguments: {'ament_cmake_args': None, 'build_base': '/home/julien/Documents/ros/robot_arm/build/prog_robot', 'catkin_cmake_args': None, 'catkin_skip_building_tests': False, 'cmake_args': None, 'cmake_clean_cache': False, 'cmake_clean_first': False, 'cmake_force_configure': False, 'cmake_target': None, 'cmake_target_skip_unavailable': False, 'install_base': '/home/julien/Documents/ros/robot_arm/install/prog_robot', 'merge_install': False, 'path': '/home/julien/Documents/ros/robot_arm/src/prog_robot', 'symlink_install': False, 'test_result_base': None}
[0.730s] Level 5:colcon.colcon_core.verb:set package 'robot_moveit_config' build argument 'cmake_args' from command line to 'None'
[0.730s] Level 5:colcon.colcon_core.verb:set package 'robot_moveit_config' build argument 'cmake_target' from command line to 'None'
[0.730s] Level 5:colcon.colcon_core.verb:set package 'robot_moveit_config' build argument 'cmake_target_skip_unavailable' from command line to 'False'
[0.730s] Level 5:colcon.colcon_core.verb:set package 'robot_moveit_config' build argument 'cmake_clean_cache' from command line to 'False'
[0.730s] Level 5:colcon.colcon_core.verb:set package 'robot_moveit_config' build argument 'cmake_clean_first' from command line to 'False'
[0.730s] Level 5:colcon.colcon_core.verb:set package 'robot_moveit_config' build argument 'cmake_force_configure' from command line to 'False'
[0.730s] Level 5:colcon.colcon_core.verb:set package 'robot_moveit_config' build argument 'ament_cmake_args' from command line to 'None'
[0.730s] Level 5:colcon.colcon_core.verb:set package 'robot_moveit_config' build argument 'catkin_cmake_args' from command line to 'None'
[0.730s] Level 5:colcon.colcon_core.verb:set package 'robot_moveit_config' build argument 'catkin_skip_building_tests' from command line to 'False'
[0.730s] DEBUG:colcon.colcon_core.verb:Building package 'robot_moveit_config' with the following arguments: {'ament_cmake_args': None, 'build_base': '/home/julien/Documents/ros/robot_arm/build/robot_moveit_config', 'catkin_cmake_args': None, 'catkin_skip_building_tests': False, 'cmake_args': None, 'cmake_clean_cache': False, 'cmake_clean_first': False, 'cmake_force_configure': False, 'cmake_target': None, 'cmake_target_skip_unavailable': False, 'install_base': '/home/julien/Documents/ros/robot_arm/install/robot_moveit_config', 'merge_install': False, 'path': '/home/julien/Documents/ros/robot_arm/src/robot_moveit_config', 'symlink_install': False, 'test_result_base': None}
[0.732s] INFO:colcon.colcon_core.executor:Executing jobs using 'parallel' executor
[0.736s] DEBUG:colcon.colcon_parallel_executor.executor.parallel:run_until_complete
[0.737s] INFO:colcon.colcon_ros.task.ament_cmake.build:Building ROS package in '/home/julien/Documents/ros/robot_arm/src/Robot_description' with build type 'ament_cmake'
[0.737s] INFO:colcon.colcon_cmake.task.cmake.build:Building CMake package in '/home/julien/Documents/ros/robot_arm/src/Robot_description'
[0.742s] INFO:colcon.colcon_core.plugin_system:Skipping extension 'colcon_core.shell.bat': Not used on non-Windows systems
[0.743s] INFO:colcon.colcon_core.shell:Skip shell extension 'powershell' for command environment: Not usable outside of PowerShell
[0.743s] DEBUG:colcon.colcon_core.shell:Skip shell extension 'dsv' for command environment
[0.761s] INFO:colcon.colcon_ros.task.ament_python.build:Building ROS package in '/home/julien/Documents/ros/robot_arm/src/prog_robot' with build type 'ament_python'
[0.761s] Level 1:colcon.colcon_core.shell:create_environment_hook('prog_robot', 'ament_prefix_path')
[0.764s] INFO:colcon.colcon_core.shell:Creating environment hook '/home/julien/Documents/ros/robot_arm/install/prog_robot/share/prog_robot/hook/ament_prefix_path.ps1'
[0.765s] INFO:colcon.colcon_core.shell:Creating environment descriptor '/home/julien/Documents/ros/robot_arm/install/prog_robot/share/prog_robot/hook/ament_prefix_path.dsv'
[0.766s] INFO:colcon.colcon_core.shell:Creating environment hook '/home/julien/Documents/ros/robot_arm/install/prog_robot/share/prog_robot/hook/ament_prefix_path.sh'
[0.768s] INFO:colcon.colcon_core.shell:Skip shell extension 'powershell' for command environment: Not usable outside of PowerShell
[0.768s] DEBUG:colcon.colcon_core.shell:Skip shell extension 'dsv' for command environment
[0.790s] DEBUG:colcon.colcon_core.event_handler.log_command:Invoking command in '/home/julien/Documents/ros/robot_arm/build/Robot_description': CMAKE_PREFIX_PATH=${CMAKE_PREFIX_PATH}:/home/julien/Documents/ros/ws_ros2/install/simple_pub_sub:/home/julien/Documents/ros/ws_ros2/install/py_pubsub:/home/julien/Documents/ros/microros_ws/install/sensor_msgs_py:/home/julien/Documents/ros/robot_arm/install/prog_robot:/home/julien/Documents/ros/ws_moveit2/install/moveit_configs_utils:/home/julien/Documents/ros/ws_moveit2/install/launch_param_builder:/opt/ros/humble /usr/bin/cmake --build /home/julien/Documents/ros/robot_arm/build/Robot_description -- -j4 -l4
[1.197s] INFO:colcon.colcon_core.task.python.build:Building Python package in '/home/julien/Documents/ros/robot_arm/src/prog_robot'
[1.199s] INFO:colcon.colcon_core.shell:Skip shell extension 'powershell' for command environment: Not usable outside of PowerShell
[1.199s] DEBUG:colcon.colcon_core.shell:Skip shell extension 'dsv' for command environment
[1.222s] DEBUG:colcon.colcon_core.event_handler.log_command:Invoked command in '/home/julien/Documents/ros/robot_arm/build/Robot_description' returned '0': CMAKE_PREFIX_PATH=${CMAKE_PREFIX_PATH}:/home/julien/Documents/ros/ws_ros2/install/simple_pub_sub:/home/julien/Documents/ros/ws_ros2/install/py_pubsub:/home/julien/Documents/ros/microros_ws/install/sensor_msgs_py:/home/julien/Documents/ros/robot_arm/install/prog_robot:/home/julien/Documents/ros/ws_moveit2/install/moveit_configs_utils:/home/julien/Documents/ros/ws_moveit2/install/launch_param_builder:/opt/ros/humble /usr/bin/cmake --build /home/julien/Documents/ros/robot_arm/build/Robot_description -- -j4 -l4
[1.329s] DEBUG:colcon.colcon_core.event_handler.log_command:Invoking command in '/home/julien/Documents/ros/robot_arm/build/Robot_description': CMAKE_PREFIX_PATH=${CMAKE_PREFIX_PATH}:/home/julien/Documents/ros/ws_ros2/install/simple_pub_sub:/home/julien/Documents/ros/ws_ros2/install/py_pubsub:/home/julien/Documents/ros/microros_ws/install/sensor_msgs_py:/home/julien/Documents/ros/robot_arm/install/prog_robot:/home/julien/Documents/ros/ws_moveit2/install/moveit_configs_utils:/home/julien/Documents/ros/ws_moveit2/install/launch_param_builder:/opt/ros/humble /usr/bin/cmake --install /home/julien/Documents/ros/robot_arm/build/Robot_description
[1.352s] Level 1:colcon.colcon_core.environment:create_environment_scripts_only(Robot_description)
[1.356s] DEBUG:colcon.colcon_core.event_handler.log_command:Invoked command in '/home/julien/Documents/ros/robot_arm/build/Robot_description' returned '0': CMAKE_PREFIX_PATH=${CMAKE_PREFIX_PATH}:/home/julien/Documents/ros/ws_ros2/install/simple_pub_sub:/home/julien/Documents/ros/ws_ros2/install/py_pubsub:/home/julien/Documents/ros/microros_ws/install/sensor_msgs_py:/home/julien/Documents/ros/robot_arm/install/prog_robot:/home/julien/Documents/ros/ws_moveit2/install/moveit_configs_utils:/home/julien/Documents/ros/ws_moveit2/install/launch_param_builder:/opt/ros/humble /usr/bin/cmake --install /home/julien/Documents/ros/robot_arm/build/Robot_description
[1.359s] Level 1:colcon.colcon_core.environment:checking '/home/julien/Documents/ros/robot_arm/install/Robot_description' for CMake module files
[1.360s] Level 1:colcon.colcon_core.environment:checking '/home/julien/Documents/ros/robot_arm/install/Robot_description' for CMake config files
[1.360s] Level 1:colcon.colcon_core.shell:create_environment_hook('Robot_description', 'cmake_prefix_path')
[1.362s] INFO:colcon.colcon_core.shell:Creating environment hook '/home/julien/Documents/ros/robot_arm/install/Robot_description/share/Robot_description/hook/cmake_prefix_path.ps1'
[1.363s] INFO:colcon.colcon_core.shell:Creating environment descriptor '/home/julien/Documents/ros/robot_arm/install/Robot_description/share/Robot_description/hook/cmake_prefix_path.dsv'
[1.364s] INFO:colcon.colcon_core.shell:Creating environment hook '/home/julien/Documents/ros/robot_arm/install/Robot_description/share/Robot_description/hook/cmake_prefix_path.sh'
[1.365s] Level 1:colcon.colcon_core.environment:checking '/home/julien/Documents/ros/robot_arm/install/Robot_description/bin'
[1.365s] Level 1:colcon.colcon_core.environment:checking '/home/julien/Documents/ros/robot_arm/install/Robot_description/lib/pkgconfig/Robot_description.pc'
[1.365s] Level 1:colcon.colcon_core.environment:checking '/home/julien/Documents/ros/robot_arm/install/Robot_description/lib/python3.10/site-packages'
[1.366s] Level 1:colcon.colcon_core.environment:checking '/home/julien/Documents/ros/robot_arm/install/Robot_description/bin'
[1.368s] INFO:colcon.colcon_core.shell:Creating package script '/home/julien/Documents/ros/robot_arm/install/Robot_description/share/Robot_description/package.ps1'
[1.369s] INFO:colcon.colcon_core.shell:Creating package descriptor '/home/julien/Documents/ros/robot_arm/install/Robot_description/share/Robot_description/package.dsv'
[1.370s] INFO:colcon.colcon_core.shell:Creating package script '/home/julien/Documents/ros/robot_arm/install/Robot_description/share/Robot_description/package.sh'
[1.373s] INFO:colcon.colcon_core.shell:Creating package script '/home/julien/Documents/ros/robot_arm/install/Robot_description/share/Robot_description/package.bash'
[1.373s] INFO:colcon.colcon_core.shell:Creating package script '/home/julien/Documents/ros/robot_arm/install/Robot_description/share/Robot_description/package.zsh'
[1.374s] Level 1:colcon.colcon_core.environment:create_file_with_runtime_dependencies(/home/julien/Documents/ros/robot_arm/install/Robot_description/share/colcon-core/packages/Robot_description)
[1.455s] Level 1:colcon.colcon_core.environment:create_environment_scripts_only(Robot_description)
[1.458s] Level 1:colcon.colcon_core.environment:checking '/home/julien/Documents/ros/robot_arm/install/Robot_description' for CMake module files
[1.459s] Level 1:colcon.colcon_core.environment:checking '/home/julien/Documents/ros/robot_arm/install/Robot_description' for CMake config files
[1.459s] Level 1:colcon.colcon_core.shell:create_environment_hook('Robot_description', 'cmake_prefix_path')
[1.461s] INFO:colcon.colcon_core.shell:Creating environment hook '/home/julien/Documents/ros/robot_arm/install/Robot_description/share/Robot_description/hook/cmake_prefix_path.ps1'
[1.462s] INFO:colcon.colcon_core.shell:Creating environment descriptor '/home/julien/Documents/ros/robot_arm/install/Robot_description/share/Robot_description/hook/cmake_prefix_path.dsv'
[1.463s] INFO:colcon.colcon_core.shell:Creating environment hook '/home/julien/Documents/ros/robot_arm/install/Robot_description/share/Robot_description/hook/cmake_prefix_path.sh'
[1.464s] Level 1:colcon.colcon_core.environment:checking '/home/julien/Documents/ros/robot_arm/install/Robot_description/bin'
[1.464s] Level 1:colcon.colcon_core.environment:checking '/home/julien/Documents/ros/robot_arm/install/Robot_description/lib/pkgconfig/Robot_description.pc'
[1.465s] Level 1:colcon.colcon_core.environment:checking '/home/julien/Documents/ros/robot_arm/install/Robot_description/lib/python3.10/site-packages'
[1.465s] Level 1:colcon.colcon_core.environment:checking '/home/julien/Documents/ros/robot_arm/install/Robot_description/bin'
[1.467s] INFO:colcon.colcon_core.shell:Creating package script '/home/julien/Documents/ros/robot_arm/install/Robot_description/share/Robot_description/package.ps1'
[1.468s] INFO:colcon.colcon_core.shell:Creating package descriptor '/home/julien/Documents/ros/robot_arm/install/Robot_description/share/Robot_description/package.dsv'
[1.469s] INFO:colcon.colcon_core.shell:Creating package script '/home/julien/Documents/ros/robot_arm/install/Robot_description/share/Robot_description/package.sh'
[1.469s] INFO:colcon.colcon_core.shell:Creating package script '/home/julien/Documents/ros/robot_arm/install/Robot_description/share/Robot_description/package.bash'
[1.470s] INFO:colcon.colcon_core.shell:Creating package script '/home/julien/Documents/ros/robot_arm/install/Robot_description/share/Robot_description/package.zsh'
[1.470s] Level 1:colcon.colcon_core.environment:create_file_with_runtime_dependencies(/home/julien/Documents/ros/robot_arm/install/Robot_description/share/colcon-core/packages/Robot_description)
[1.471s] INFO:colcon.colcon_ros.task.ament_cmake.build:Building ROS package in '/home/julien/Documents/ros/robot_arm/src/robot_moveit_config' with build type 'ament_cmake'
[1.471s] INFO:colcon.colcon_cmake.task.cmake.build:Building CMake package in '/home/julien/Documents/ros/robot_arm/src/robot_moveit_config'
[1.473s] INFO:colcon.colcon_core.shell:Skip shell extension 'powershell' for command environment: Not usable outside of PowerShell
[1.473s] DEBUG:colcon.colcon_core.shell:Skip shell extension 'dsv' for command environment
[1.506s] DEBUG:colcon.colcon_core.event_handler.log_command:Invoking command in '/home/julien/Documents/ros/robot_arm/build/robot_moveit_config': CMAKE_PREFIX_PATH=/home/julien/Documents/ros/robot_arm/install/Robot_description:/home/julien/Documents/ros/microros_ws/install/micro_ros_demos_rclc:/home/julien/Documents/ros/microros_ws/install/common_interfaces:/home/julien/Documents/ros/microros_ws/install/visualization_msgs:/home/julien/Documents/ros/microros_ws/install/test_msgs:/home/julien/Documents/ros/microros_ws/install/example_interfaces:/home/julien/Documents/ros/microros_ws/install/action_msgs:/home/julien/Documents/ros/microros_ws/install/unique_identifier_msgs:/home/julien/Documents/ros/microros_ws/install/trajectory_msgs:/home/julien/Documents/ros/microros_ws/install/stereo_msgs:/home/julien/Documents/ros/microros_ws/install/std_srvs:/home/julien/Documents/ros/microros_ws/install/shape_msgs:/home/julien/Documents/ros/microros_ws/install/sensor_msgs:/home/julien/Documents/ros/microros_ws/install/nav_msgs:/home/julien/Documents/ros/microros_ws/install/diagnostic_msgs:/home/julien/Documents/ros/microros_ws/install/geometry_msgs:/home/julien/Documents/ros/microros_ws/install/actionlib_msgs:/home/julien/Documents/ros/microros_ws/install/std_msgs:/home/julien/Documents/ros/microros_ws/install/statistics_msgs:/home/julien/Documents/ros/microros_ws/install/rosidl_typesupport_microxrcedds_test_msg:/home/julien/Documents/ros/microros_ws/install/rosidl_typesupport_microxrcedds_cpp_tests:/home/julien/Documents/ros/microros_ws/install/rmw_microxrcedds:/home/julien/Documents/ros/microros_ws/install/rosidl_typesupport_microxrcedds_cpp:/home/julien/Documents/ros/microros_ws/install/rosidl_typesupport_microxrcedds_c_tests:/home/julien/Documents/ros/microros_ws/install/rosidl_typesupport_microxrcedds_c:/home/julien/Documents/ros/microros_ws/install/rosgraph_msgs:/home/julien/Documents/ros/microros_ws/install/rclc_parameter:/home/julien/Documents/ros/microros_ws/install/rclc:/home/julien/Documents/ros/microros_ws/install/composition_interfaces:/home/julien/Documents/ros/microros_ws/install/rcl_interfaces:/home/julien/Documents/ros/microros_ws/install/microxrcedds_client:/home/julien/Documents/ros/microros_ws/install/microcdr:/home/julien/Documents/ros/microros_ws/install/micro_ros_utilities:/home/julien/Documents/ros/microros_ws/install/micro_ros_setup:/home/julien/Documents/ros/microros_ws/install/micro_ros_agent:/home/julien/Documents/ros/microros_ws/install/micro_ros_msgs:/home/julien/Documents/ros/microros_ws/install/lifecycle_msgs:/home/julien/Documents/ros/microros_ws/install/complex_msgs:/home/julien/Documents/ros/microros_ws/install/builtin_interfaces:/home/julien/Documents/ros/robot_arm/install/robot_moveit_config:/home/julien/Documents/ros/ws_moveit2/install/pilz_industrial_motion_planner_testutils:/home/julien/Documents/ros/ws_moveit2/install/moveit_runtime:/home/julien/Documents/ros/ws_moveit2/install/moveit2_tutorials:/home/julien/Documents/ros/ws_moveit2/install/moveit:/home/julien/Documents/ros/ws_moveit2/install/moveit_planners:/home/julien/Documents/ros/ws_moveit2/install/pilz_industrial_motion_planner:/home/julien/Documents/ros/ws_moveit2/install/moveit_visual_tools:/home/julien/Documents/ros/ws_moveit2/install/moveit_task_constructor_visualization:/home/julien/Documents/ros/ws_moveit2/install/moveit_task_constructor_demo:/home/julien/Documents/ros/ws_moveit2/install/moveit_task_constructor_capabilities:/home/julien/Documents/ros/ws_moveit2/install/moveit_task_constructor_core:/home/julien/Documents/ros/ws_moveit2/install/moveit_ros_control_interface:/home/julien/Documents/ros/ws_moveit2/install/moveit_plugins:/home/julien/Documents/ros/ws_moveit2/install/moveit_simple_controller_manager:/home/julien/Documents/ros/ws_moveit2/install/moveit_setup_assistant:/home/julien/Documents/ros/ws_moveit2/install/moveit_setup_srdf_plugins:/home/julien/Documents/ros/ws_moveit2/install/moveit_setup_core_plugins:/home/julien/Documents/ros/ws_moveit2/install/moveit_setup_controllers:/home/julien/Documents/ros/ws_moveit2/install/moveit_setup_app_plugins:/home/julien/Documents/ros/ws_moveit2/install/moveit_setup_framework:/home/julien/Documents/ros/ws_moveit2/install/moveit_servo:/home/julien/Documents/ros/ws_moveit2/install/moveit_ros:/home/julien/Documents/ros/ws_moveit2/install/moveit_ros_visualization:/home/julien/Documents/ros/ws_moveit2/install/moveit_hybrid_planning:/home/julien/Documents/ros/ws_moveit2/install/moveit_ros_planning_interface:/home/julien/Documents/ros/ws_moveit2/install/moveit_ros_benchmarks:/home/julien/Documents/ros/ws_moveit2/install/moveit_ros_warehouse:/home/julien/Documents/ros/ws_moveit2/install/moveit_ros_robot_interaction:/home/julien/Documents/ros/ws_moveit2/install/moveit_ros_perception:/home/julien/Documents/ros/ws_moveit2/install/moveit_resources_prbt_pg70_support:/home/julien/Documents/ros/ws_moveit2/install/moveit_resources_prbt_moveit_config:/home/julien/Documents/ros/ws_moveit2/install/moveit_ros_move_group:/home/julien/Documents/ros/ws_moveit2/install/moveit_planners_ompl:/home/julien/Documents/ros/ws_moveit2/install/moveit_ros_planning:/home/julien/Documents/ros/ws_moveit2/install/moveit_ros_occupancy_map_monitor:/home/julien/Documents/ros/ws_moveit2/install/moveit_resources_prbt_ikfast_manipulator_plugin:/home/julien/Documents/ros/ws_moveit2/install/moveit_planners_chomp:/home/julien/Documents/ros/ws_moveit2/install/moveit_kinematics:/home/julien/Documents/ros/ws_moveit2/install/moveit_chomp_optimizer_adapter:/home/julien/Documents/ros/ws_moveit2/install/chomp_motion_planner:/home/julien/Documents/ros/ws_moveit2/install/moveit_core:/home/julien/Documents/ros/ws_moveit2/install/srdfdom:/home/julien/Documents/ros/ws_moveit2/install/rviz_marker_tools:/home/julien/Documents/ros/ws_moveit2/install/rosparam_shortcuts:/home/julien/Documents/ros/ws_moveit2/install/moveit_task_constructor_msgs:/home/julien/Documents/ros/ws_moveit2/install/moveit_resources_prbt_support:/home/julien/Documents/ros/ws_moveit2/install/moveit_resources:/home/julien/Documents/ros/ws_moveit2/install/moveit_resources_pr2_description:/home/julien/Documents/ros/ws_moveit2/install/moveit_resources_panda_moveit_config:/home/julien/Documents/ros/ws_moveit2/install/moveit_resources_panda_description:/home/julien/Documents/ros/ws_moveit2/install/moveit_resources_fanuc_moveit_config:/home/julien/Documents/ros/ws_moveit2/install/moveit_resources_fanuc_description:/home/julien/Documents/ros/ws_moveit2/install/moveit_common:/home/julien/Documents/ros/ws_ros2/install/simple_pub_sub:/home/julien/Documents/ros/ws_ros2/install/py_pubsub:/home/julien/Documents/ros/microros_ws/install/sensor_msgs_py:/home/julien/Documents/ros/robot_arm/install/prog_robot:/home/julien/Documents/ros/ws_moveit2/install/moveit_configs_utils:/home/julien/Documents/ros/ws_moveit2/install/launch_param_builder:/opt/ros/humble /usr/bin/cmake --build /home/julien/Documents/ros/robot_arm/build/robot_moveit_config -- -j4 -l4
[1.600s] DEBUG:colcon.colcon_core.event_handler.log_command:Invoked command in '/home/julien/Documents/ros/robot_arm/build/robot_moveit_config' returned '0': CMAKE_PREFIX_PATH=/home/julien/Documents/ros/robot_arm/install/Robot_description:/home/julien/Documents/ros/microros_ws/install/micro_ros_demos_rclc:/home/julien/Documents/ros/microros_ws/install/common_interfaces:/home/julien/Documents/ros/microros_ws/install/visualization_msgs:/home/julien/Documents/ros/microros_ws/install/test_msgs:/home/julien/Documents/ros/microros_ws/install/example_interfaces:/home/julien/Documents/ros/microros_ws/install/action_msgs:/home/julien/Documents/ros/microros_ws/install/unique_identifier_msgs:/home/julien/Documents/ros/microros_ws/install/trajectory_msgs:/home/julien/Documents/ros/microros_ws/install/stereo_msgs:/home/julien/Documents/ros/microros_ws/install/std_srvs:/home/julien/Documents/ros/microros_ws/install/shape_msgs:/home/julien/Documents/ros/microros_ws/install/sensor_msgs:/home/julien/Documents/ros/microros_ws/install/nav_msgs:/home/julien/Documents/ros/microros_ws/install/diagnostic_msgs:/home/julien/Documents/ros/microros_ws/install/geometry_msgs:/home/julien/Documents/ros/microros_ws/install/actionlib_msgs:/home/julien/Documents/ros/microros_ws/install/std_msgs:/home/julien/Documents/ros/microros_ws/install/statistics_msgs:/home/julien/Documents/ros/microros_ws/install/rosidl_typesupport_microxrcedds_test_msg:/home/julien/Documents/ros/microros_ws/install/rosidl_typesupport_microxrcedds_cpp_tests:/home/julien/Documents/ros/microros_ws/install/rmw_microxrcedds:/home/julien/Documents/ros/microros_ws/install/rosidl_typesupport_microxrcedds_cpp:/home/julien/Documents/ros/microros_ws/install/rosidl_typesupport_microxrcedds_c_tests:/home/julien/Documents/ros/microros_ws/install/rosidl_typesupport_microxrcedds_c:/home/julien/Documents/ros/microros_ws/install/rosgraph_msgs:/home/julien/Documents/ros/microros_ws/install/rclc_parameter:/home/julien/Documents/ros/microros_ws/install/rclc:/home/julien/Documents/ros/microros_ws/install/composition_interfaces:/home/julien/Documents/ros/microros_ws/install/rcl_interfaces:/home/julien/Documents/ros/microros_ws/install/microxrcedds_client:/home/julien/Documents/ros/microros_ws/install/microcdr:/home/julien/Documents/ros/microros_ws/install/micro_ros_utilities:/home/julien/Documents/ros/microros_ws/install/micro_ros_setup:/home/julien/Documents/ros/microros_ws/install/micro_ros_agent:/home/julien/Documents/ros/microros_ws/install/micro_ros_msgs:/home/julien/Documents/ros/microros_ws/install/lifecycle_msgs:/home/julien/Documents/ros/microros_ws/install/complex_msgs:/home/julien/Documents/ros/microros_ws/install/builtin_interfaces:/home/julien/Documents/ros/robot_arm/install/robot_moveit_config:/home/julien/Documents/ros/ws_moveit2/install/pilz_industrial_motion_planner_testutils:/home/julien/Documents/ros/ws_moveit2/install/moveit_runtime:/home/julien/Documents/ros/ws_moveit2/install/moveit2_tutorials:/home/julien/Documents/ros/ws_moveit2/install/moveit:/home/julien/Documents/ros/ws_moveit2/install/moveit_planners:/home/julien/Documents/ros/ws_moveit2/install/pilz_industrial_motion_planner:/home/julien/Documents/ros/ws_moveit2/install/moveit_visual_tools:/home/julien/Documents/ros/ws_moveit2/install/moveit_task_constructor_visualization:/home/julien/Documents/ros/ws_moveit2/install/moveit_task_constructor_demo:/home/julien/Documents/ros/ws_moveit2/install/moveit_task_constructor_capabilities:/home/julien/Documents/ros/ws_moveit2/install/moveit_task_constructor_core:/home/julien/Documents/ros/ws_moveit2/install/moveit_ros_control_interface:/home/julien/Documents/ros/ws_moveit2/install/moveit_plugins:/home/julien/Documents/ros/ws_moveit2/install/moveit_simple_controller_manager:/home/julien/Documents/ros/ws_moveit2/install/moveit_setup_assistant:/home/julien/Documents/ros/ws_moveit2/install/moveit_setup_srdf_plugins:/home/julien/Documents/ros/ws_moveit2/install/moveit_setup_core_plugins:/home/julien/Documents/ros/ws_moveit2/install/moveit_setup_controllers:/home/julien/Documents/ros/ws_moveit2/install/moveit_setup_app_plugins:/home/julien/Documents/ros/ws_moveit2/install/moveit_setup_framework:/home/julien/Documents/ros/ws_moveit2/install/moveit_servo:/home/julien/Documents/ros/ws_moveit2/install/moveit_ros:/home/julien/Documents/ros/ws_moveit2/install/moveit_ros_visualization:/home/julien/Documents/ros/ws_moveit2/install/moveit_hybrid_planning:/home/julien/Documents/ros/ws_moveit2/install/moveit_ros_planning_interface:/home/julien/Documents/ros/ws_moveit2/install/moveit_ros_benchmarks:/home/julien/Documents/ros/ws_moveit2/install/moveit_ros_warehouse:/home/julien/Documents/ros/ws_moveit2/install/moveit_ros_robot_interaction:/home/julien/Documents/ros/ws_moveit2/install/moveit_ros_perception:/home/julien/Documents/ros/ws_moveit2/install/moveit_resources_prbt_pg70_support:/home/julien/Documents/ros/ws_moveit2/install/moveit_resources_prbt_moveit_config:/home/julien/Documents/ros/ws_moveit2/install/moveit_ros_move_group:/home/julien/Documents/ros/ws_moveit2/install/moveit_planners_ompl:/home/julien/Documents/ros/ws_moveit2/install/moveit_ros_planning:/home/julien/Documents/ros/ws_moveit2/install/moveit_ros_occupancy_map_monitor:/home/julien/Documents/ros/ws_moveit2/install/moveit_resources_prbt_ikfast_manipulator_plugin:/home/julien/Documents/ros/ws_moveit2/install/moveit_planners_chomp:/home/julien/Documents/ros/ws_moveit2/install/moveit_kinematics:/home/julien/Documents/ros/ws_moveit2/install/moveit_chomp_optimizer_adapter:/home/julien/Documents/ros/ws_moveit2/install/chomp_motion_planner:/home/julien/Documents/ros/ws_moveit2/install/moveit_core:/home/julien/Documents/ros/ws_moveit2/install/srdfdom:/home/julien/Documents/ros/ws_moveit2/install/rviz_marker_tools:/home/julien/Documents/ros/ws_moveit2/install/rosparam_shortcuts:/home/julien/Documents/ros/ws_moveit2/install/moveit_task_constructor_msgs:/home/julien/Documents/ros/ws_moveit2/install/moveit_resources_prbt_support:/home/julien/Documents/ros/ws_moveit2/install/moveit_resources:/home/julien/Documents/ros/ws_moveit2/install/moveit_resources_pr2_description:/home/julien/Documents/ros/ws_moveit2/install/moveit_resources_panda_moveit_config:/home/julien/Documents/ros/ws_moveit2/install/moveit_resources_panda_description:/home/julien/Documents/ros/ws_moveit2/install/moveit_resources_fanuc_moveit_config:/home/julien/Documents/ros/ws_moveit2/install/moveit_resources_fanuc_description:/home/julien/Documents/ros/ws_moveit2/install/moveit_common:/home/julien/Documents/ros/ws_ros2/install/simple_pub_sub:/home/julien/Documents/ros/ws_ros2/install/py_pubsub:/home/julien/Documents/ros/microros_ws/install/sensor_msgs_py:/home/julien/Documents/ros/robot_arm/install/prog_robot:/home/julien/Documents/ros/ws_moveit2/install/moveit_configs_utils:/home/julien/Documents/ros/ws_moveit2/install/launch_param_builder:/opt/ros/humble /usr/bin/cmake --build /home/julien/Documents/ros/robot_arm/build/robot_moveit_config -- -j4 -l4
[1.690s] DEBUG:colcon.colcon_core.event_handler.log_command:Invoking command in '/home/julien/Documents/ros/robot_arm/build/robot_moveit_config': CMAKE_PREFIX_PATH=/home/julien/Documents/ros/robot_arm/install/Robot_description:/home/julien/Documents/ros/microros_ws/install/micro_ros_demos_rclc:/home/julien/Documents/ros/microros_ws/install/common_interfaces:/home/julien/Documents/ros/microros_ws/install/visualization_msgs:/home/julien/Documents/ros/microros_ws/install/test_msgs:/home/julien/Documents/ros/microros_ws/install/example_interfaces:/home/julien/Documents/ros/microros_ws/install/action_msgs:/home/julien/Documents/ros/microros_ws/install/unique_identifier_msgs:/home/julien/Documents/ros/microros_ws/install/trajectory_msgs:/home/julien/Documents/ros/microros_ws/install/stereo_msgs:/home/julien/Documents/ros/microros_ws/install/std_srvs:/home/julien/Documents/ros/microros_ws/install/shape_msgs:/home/julien/Documents/ros/microros_ws/install/sensor_msgs:/home/julien/Documents/ros/microros_ws/install/nav_msgs:/home/julien/Documents/ros/microros_ws/install/diagnostic_msgs:/home/julien/Documents/ros/microros_ws/install/geometry_msgs:/home/julien/Documents/ros/microros_ws/install/actionlib_msgs:/home/julien/Documents/ros/microros_ws/install/std_msgs:/home/julien/Documents/ros/microros_ws/install/statistics_msgs:/home/julien/Documents/ros/microros_ws/install/rosidl_typesupport_microxrcedds_test_msg:/home/julien/Documents/ros/microros_ws/install/rosidl_typesupport_microxrcedds_cpp_tests:/home/julien/Documents/ros/microros_ws/install/rmw_microxrcedds:/home/julien/Documents/ros/microros_ws/install/rosidl_typesupport_microxrcedds_cpp:/home/julien/Documents/ros/microros_ws/install/rosidl_typesupport_microxrcedds_c_tests:/home/julien/Documents/ros/microros_ws/install/rosidl_typesupport_microxrcedds_c:/home/julien/Documents/ros/microros_ws/install/rosgraph_msgs:/home/julien/Documents/ros/microros_ws/install/rclc_parameter:/home/julien/Documents/ros/microros_ws/install/rclc:/home/julien/Documents/ros/microros_ws/install/composition_interfaces:/home/julien/Documents/ros/microros_ws/install/rcl_interfaces:/home/julien/Documents/ros/microros_ws/install/microxrcedds_client:/home/julien/Documents/ros/microros_ws/install/microcdr:/home/julien/Documents/ros/microros_ws/install/micro_ros_utilities:/home/julien/Documents/ros/microros_ws/install/micro_ros_setup:/home/julien/Documents/ros/microros_ws/install/micro_ros_agent:/home/julien/Documents/ros/microros_ws/install/micro_ros_msgs:/home/julien/Documents/ros/microros_ws/install/lifecycle_msgs:/home/julien/Documents/ros/microros_ws/install/complex_msgs:/home/julien/Documents/ros/microros_ws/install/builtin_interfaces:/home/julien/Documents/ros/robot_arm/install/robot_moveit_config:/home/julien/Documents/ros/ws_moveit2/install/pilz_industrial_motion_planner_testutils:/home/julien/Documents/ros/ws_moveit2/install/moveit_runtime:/home/julien/Documents/ros/ws_moveit2/install/moveit2_tutorials:/home/julien/Documents/ros/ws_moveit2/install/moveit:/home/julien/Documents/ros/ws_moveit2/install/moveit_planners:/home/julien/Documents/ros/ws_moveit2/install/pilz_industrial_motion_planner:/home/julien/Documents/ros/ws_moveit2/install/moveit_visual_tools:/home/julien/Documents/ros/ws_moveit2/install/moveit_task_constructor_visualization:/home/julien/Documents/ros/ws_moveit2/install/moveit_task_constructor_demo:/home/julien/Documents/ros/ws_moveit2/install/moveit_task_constructor_capabilities:/home/julien/Documents/ros/ws_moveit2/install/moveit_task_constructor_core:/home/julien/Documents/ros/ws_moveit2/install/moveit_ros_control_interface:/home/julien/Documents/ros/ws_moveit2/install/moveit_plugins:/home/julien/Documents/ros/ws_moveit2/install/moveit_simple_controller_manager:/home/julien/Documents/ros/ws_moveit2/install/moveit_setup_assistant:/home/julien/Documents/ros/ws_moveit2/install/moveit_setup_srdf_plugins:/home/julien/Documents/ros/ws_moveit2/install/moveit_setup_core_plugins:/home/julien/Documents/ros/ws_moveit2/install/moveit_setup_controllers:/home/julien/Documents/ros/ws_moveit2/install/moveit_setup_app_plugins:/home/julien/Documents/ros/ws_moveit2/install/moveit_setup_framework:/home/julien/Documents/ros/ws_moveit2/install/moveit_servo:/home/julien/Documents/ros/ws_moveit2/install/moveit_ros:/home/julien/Documents/ros/ws_moveit2/install/moveit_ros_visualization:/home/julien/Documents/ros/ws_moveit2/install/moveit_hybrid_planning:/home/julien/Documents/ros/ws_moveit2/install/moveit_ros_planning_interface:/home/julien/Documents/ros/ws_moveit2/install/moveit_ros_benchmarks:/home/julien/Documents/ros/ws_moveit2/install/moveit_ros_warehouse:/home/julien/Documents/ros/ws_moveit2/install/moveit_ros_robot_interaction:/home/julien/Documents/ros/ws_moveit2/install/moveit_ros_perception:/home/julien/Documents/ros/ws_moveit2/install/moveit_resources_prbt_pg70_support:/home/julien/Documents/ros/ws_moveit2/install/moveit_resources_prbt_moveit_config:/home/julien/Documents/ros/ws_moveit2/install/moveit_ros_move_group:/home/julien/Documents/ros/ws_moveit2/install/moveit_planners_ompl:/home/julien/Documents/ros/ws_moveit2/install/moveit_ros_planning:/home/julien/Documents/ros/ws_moveit2/install/moveit_ros_occupancy_map_monitor:/home/julien/Documents/ros/ws_moveit2/install/moveit_resources_prbt_ikfast_manipulator_plugin:/home/julien/Documents/ros/ws_moveit2/install/moveit_planners_chomp:/home/julien/Documents/ros/ws_moveit2/install/moveit_kinematics:/home/julien/Documents/ros/ws_moveit2/install/moveit_chomp_optimizer_adapter:/home/julien/Documents/ros/ws_moveit2/install/chomp_motion_planner:/home/julien/Documents/ros/ws_moveit2/install/moveit_core:/home/julien/Documents/ros/ws_moveit2/install/srdfdom:/home/julien/Documents/ros/ws_moveit2/install/rviz_marker_tools:/home/julien/Documents/ros/ws_moveit2/install/rosparam_shortcuts:/home/julien/Documents/ros/ws_moveit2/install/moveit_task_constructor_msgs:/home/julien/Documents/ros/ws_moveit2/install/moveit_resources_prbt_support:/home/julien/Documents/ros/ws_moveit2/install/moveit_resources:/home/julien/Documents/ros/ws_moveit2/install/moveit_resources_pr2_description:/home/julien/Documents/ros/ws_moveit2/install/moveit_resources_panda_moveit_config:/home/julien/Documents/ros/ws_moveit2/install/moveit_resources_panda_description:/home/julien/Documents/ros/ws_moveit2/install/moveit_resources_fanuc_moveit_config:/home/julien/Documents/ros/ws_moveit2/install/moveit_resources_fanuc_description:/home/julien/Documents/ros/ws_moveit2/install/moveit_common:/home/julien/Documents/ros/ws_ros2/install/simple_pub_sub:/home/julien/Documents/ros/ws_ros2/install/py_pubsub:/home/julien/Documents/ros/microros_ws/install/sensor_msgs_py:/home/julien/Documents/ros/robot_arm/install/prog_robot:/home/julien/Documents/ros/ws_moveit2/install/moveit_configs_utils:/home/julien/Documents/ros/ws_moveit2/install/launch_param_builder:/opt/ros/humble /usr/bin/cmake --install /home/julien/Documents/ros/robot_arm/build/robot_moveit_config
[1.718s] Level 1:colcon.colcon_core.environment:create_environment_scripts_only(robot_moveit_config)
[1.726s] Level 1:colcon.colcon_core.environment:checking '/home/julien/Documents/ros/robot_arm/install/robot_moveit_config' for CMake module files
[1.727s] Level 1:colcon.colcon_core.environment:checking '/home/julien/Documents/ros/robot_arm/install/robot_moveit_config' for CMake config files
[1.728s] Level 1:colcon.colcon_core.shell:create_environment_hook('robot_moveit_config', 'cmake_prefix_path')
[1.728s] DEBUG:colcon.colcon_core.event_handler.log_command:Invoked command in '/home/julien/Documents/ros/robot_arm/build/robot_moveit_config' returned '0': CMAKE_PREFIX_PATH=/home/julien/Documents/ros/robot_arm/install/Robot_description:/home/julien/Documents/ros/microros_ws/install/micro_ros_demos_rclc:/home/julien/Documents/ros/microros_ws/install/common_interfaces:/home/julien/Documents/ros/microros_ws/install/visualization_msgs:/home/julien/Documents/ros/microros_ws/install/test_msgs:/home/julien/Documents/ros/microros_ws/install/example_interfaces:/home/julien/Documents/ros/microros_ws/install/action_msgs:/home/julien/Documents/ros/microros_ws/install/unique_identifier_msgs:/home/julien/Documents/ros/microros_ws/install/trajectory_msgs:/home/julien/Documents/ros/microros_ws/install/stereo_msgs:/home/julien/Documents/ros/microros_ws/install/std_srvs:/home/julien/Documents/ros/microros_ws/install/shape_msgs:/home/julien/Documents/ros/microros_ws/install/sensor_msgs:/home/julien/Documents/ros/microros_ws/install/nav_msgs:/home/julien/Documents/ros/microros_ws/install/diagnostic_msgs:/home/julien/Documents/ros/microros_ws/install/geometry_msgs:/home/julien/Documents/ros/microros_ws/install/actionlib_msgs:/home/julien/Documents/ros/microros_ws/install/std_msgs:/home/julien/Documents/ros/microros_ws/install/statistics_msgs:/home/julien/Documents/ros/microros_ws/install/rosidl_typesupport_microxrcedds_test_msg:/home/julien/Documents/ros/microros_ws/install/rosidl_typesupport_microxrcedds_cpp_tests:/home/julien/Documents/ros/microros_ws/install/rmw_microxrcedds:/home/julien/Documents/ros/microros_ws/install/rosidl_typesupport_microxrcedds_cpp:/home/julien/Documents/ros/microros_ws/install/rosidl_typesupport_microxrcedds_c_tests:/home/julien/Documents/ros/microros_ws/install/rosidl_typesupport_microxrcedds_c:/home/julien/Documents/ros/microros_ws/install/rosgraph_msgs:/home/julien/Documents/ros/microros_ws/install/rclc_parameter:/home/julien/Documents/ros/microros_ws/install/rclc:/home/julien/Documents/ros/microros_ws/install/composition_interfaces:/home/julien/Documents/ros/microros_ws/install/rcl_interfaces:/home/julien/Documents/ros/microros_ws/install/microxrcedds_client:/home/julien/Documents/ros/microros_ws/install/microcdr:/home/julien/Documents/ros/microros_ws/install/micro_ros_utilities:/home/julien/Documents/ros/microros_ws/install/micro_ros_setup:/home/julien/Documents/ros/microros_ws/install/micro_ros_agent:/home/julien/Documents/ros/microros_ws/install/micro_ros_msgs:/home/julien/Documents/ros/microros_ws/install/lifecycle_msgs:/home/julien/Documents/ros/microros_ws/install/complex_msgs:/home/julien/Documents/ros/microros_ws/install/builtin_interfaces:/home/julien/Documents/ros/robot_arm/install/robot_moveit_config:/home/julien/Documents/ros/ws_moveit2/install/pilz_industrial_motion_planner_testutils:/home/julien/Documents/ros/ws_moveit2/install/moveit_runtime:/home/julien/Documents/ros/ws_moveit2/install/moveit2_tutorials:/home/julien/Documents/ros/ws_moveit2/install/moveit:/home/julien/Documents/ros/ws_moveit2/install/moveit_planners:/home/julien/Documents/ros/ws_moveit2/install/pilz_industrial_motion_planner:/home/julien/Documents/ros/ws_moveit2/install/moveit_visual_tools:/home/julien/Documents/ros/ws_moveit2/install/moveit_task_constructor_visualization:/home/julien/Documents/ros/ws_moveit2/install/moveit_task_constructor_demo:/home/julien/Documents/ros/ws_moveit2/install/moveit_task_constructor_capabilities:/home/julien/Documents/ros/ws_moveit2/install/moveit_task_constructor_core:/home/julien/Documents/ros/ws_moveit2/install/moveit_ros_control_interface:/home/julien/Documents/ros/ws_moveit2/install/moveit_plugins:/home/julien/Documents/ros/ws_moveit2/install/moveit_simple_controller_manager:/home/julien/Documents/ros/ws_moveit2/install/moveit_setup_assistant:/home/julien/Documents/ros/ws_moveit2/install/moveit_setup_srdf_plugins:/home/julien/Documents/ros/ws_moveit2/install/moveit_setup_core_plugins:/home/julien/Documents/ros/ws_moveit2/install/moveit_setup_controllers:/home/julien/Documents/ros/ws_moveit2/install/moveit_setup_app_plugins:/home/julien/Documents/ros/ws_moveit2/install/moveit_setup_framework:/home/julien/Documents/ros/ws_moveit2/install/moveit_servo:/home/julien/Documents/ros/ws_moveit2/install/moveit_ros:/home/julien/Documents/ros/ws_moveit2/install/moveit_ros_visualization:/home/julien/Documents/ros/ws_moveit2/install/moveit_hybrid_planning:/home/julien/Documents/ros/ws_moveit2/install/moveit_ros_planning_interface:/home/julien/Documents/ros/ws_moveit2/install/moveit_ros_benchmarks:/home/julien/Documents/ros/ws_moveit2/install/moveit_ros_warehouse:/home/julien/Documents/ros/ws_moveit2/install/moveit_ros_robot_interaction:/home/julien/Documents/ros/ws_moveit2/install/moveit_ros_perception:/home/julien/Documents/ros/ws_moveit2/install/moveit_resources_prbt_pg70_support:/home/julien/Documents/ros/ws_moveit2/install/moveit_resources_prbt_moveit_config:/home/julien/Documents/ros/ws_moveit2/install/moveit_ros_move_group:/home/julien/Documents/ros/ws_moveit2/install/moveit_planners_ompl:/home/julien/Documents/ros/ws_moveit2/install/moveit_ros_planning:/home/julien/Documents/ros/ws_moveit2/install/moveit_ros_occupancy_map_monitor:/home/julien/Documents/ros/ws_moveit2/install/moveit_resources_prbt_ikfast_manipulator_plugin:/home/julien/Documents/ros/ws_moveit2/install/moveit_planners_chomp:/home/julien/Documents/ros/ws_moveit2/install/moveit_kinematics:/home/julien/Documents/ros/ws_moveit2/install/moveit_chomp_optimizer_adapter:/home/julien/Documents/ros/ws_moveit2/install/chomp_motion_planner:/home/julien/Documents/ros/ws_moveit2/install/moveit_core:/home/julien/Documents/ros/ws_moveit2/install/srdfdom:/home/julien/Documents/ros/ws_moveit2/install/rviz_marker_tools:/home/julien/Documents/ros/ws_moveit2/install/rosparam_shortcuts:/home/julien/Documents/ros/ws_moveit2/install/moveit_task_constructor_msgs:/home/julien/Documents/ros/ws_moveit2/install/moveit_resources_prbt_support:/home/julien/Documents/ros/ws_moveit2/install/moveit_resources:/home/julien/Documents/ros/ws_moveit2/install/moveit_resources_pr2_description:/home/julien/Documents/ros/ws_moveit2/install/moveit_resources_panda_moveit_config:/home/julien/Documents/ros/ws_moveit2/install/moveit_resources_panda_description:/home/julien/Documents/ros/ws_moveit2/install/moveit_resources_fanuc_moveit_config:/home/julien/Documents/ros/ws_moveit2/install/moveit_resources_fanuc_description:/home/julien/Documents/ros/ws_moveit2/install/moveit_common:/home/julien/Documents/ros/ws_ros2/install/simple_pub_sub:/home/julien/Documents/ros/ws_ros2/install/py_pubsub:/home/julien/Documents/ros/microros_ws/install/sensor_msgs_py:/home/julien/Documents/ros/robot_arm/install/prog_robot:/home/julien/Documents/ros/ws_moveit2/install/moveit_configs_utils:/home/julien/Documents/ros/ws_moveit2/install/launch_param_builder:/opt/ros/humble /usr/bin/cmake --install /home/julien/Documents/ros/robot_arm/build/robot_moveit_config
[1.730s] INFO:colcon.colcon_core.shell:Creating environment hook '/home/julien/Documents/ros/robot_arm/install/robot_moveit_config/share/robot_moveit_config/hook/cmake_prefix_path.ps1'
[1.730s] INFO:colcon.colcon_core.shell:Creating environment descriptor '/home/julien/Documents/ros/robot_arm/install/robot_moveit_config/share/robot_moveit_config/hook/cmake_prefix_path.dsv'
[1.731s] INFO:colcon.colcon_core.shell:Creating environment hook '/home/julien/Documents/ros/robot_arm/install/robot_moveit_config/share/robot_moveit_config/hook/cmake_prefix_path.sh'
[1.731s] Level 1:colcon.colcon_core.environment:checking '/home/julien/Documents/ros/robot_arm/install/robot_moveit_config/bin'
[1.731s] Level 1:colcon.colcon_core.environment:checking '/home/julien/Documents/ros/robot_arm/install/robot_moveit_config/lib/pkgconfig/robot_moveit_config.pc'
[1.732s] Level 1:colcon.colcon_core.environment:checking '/home/julien/Documents/ros/robot_arm/install/robot_moveit_config/lib/python3.10/site-packages'
[1.732s] Level 1:colcon.colcon_core.environment:checking '/home/julien/Documents/ros/robot_arm/install/robot_moveit_config/bin'
[1.734s] INFO:colcon.colcon_core.shell:Creating package script '/home/julien/Documents/ros/robot_arm/install/robot_moveit_config/share/robot_moveit_config/package.ps1'
[1.734s] INFO:colcon.colcon_core.shell:Creating package descriptor '/home/julien/Documents/ros/robot_arm/install/robot_moveit_config/share/robot_moveit_config/package.dsv'
[1.735s] INFO:colcon.colcon_core.shell:Creating package script '/home/julien/Documents/ros/robot_arm/install/robot_moveit_config/share/robot_moveit_config/package.sh'
[1.735s] INFO:colcon.colcon_core.shell:Creating package script '/home/julien/Documents/ros/robot_arm/install/robot_moveit_config/share/robot_moveit_config/package.bash'
[1.736s] INFO:colcon.colcon_core.shell:Creating package script '/home/julien/Documents/ros/robot_arm/install/robot_moveit_config/share/robot_moveit_config/package.zsh'
[1.736s] Level 1:colcon.colcon_core.environment:create_file_with_runtime_dependencies(/home/julien/Documents/ros/robot_arm/install/robot_moveit_config/share/colcon-core/packages/robot_moveit_config)
[1.777s] DEBUG:colcon.colcon_core.event_handler.log_command:Invoking command in '/home/julien/Documents/ros/robot_arm/src/prog_robot': PYTHONPATH=/home/julien/Documents/ros/robot_arm/build/prog_robot/prefix_override:/home/julien/Documents/ros/robot_arm/install/prog_robot/lib/python3.10/site-packages:${PYTHONPATH} /usr/bin/python3 setup.py egg_info --egg-base ../../build/prog_robot build --build-base /home/julien/Documents/ros/robot_arm/build/prog_robot/build install --record /home/julien/Documents/ros/robot_arm/build/prog_robot/install.log --single-version-externally-managed
[1.820s] Level 1:colcon.colcon_core.environment:create_environment_scripts_only(robot_moveit_config)
[1.822s] Level 1:colcon.colcon_core.environment:checking '/home/julien/Documents/ros/robot_arm/install/robot_moveit_config' for CMake module files
[1.823s] Level 1:colcon.colcon_core.environment:checking '/home/julien/Documents/ros/robot_arm/install/robot_moveit_config' for CMake config files
[1.823s] Level 1:colcon.colcon_core.shell:create_environment_hook('robot_moveit_config', 'cmake_prefix_path')
[1.825s] INFO:colcon.colcon_core.shell:Creating environment hook '/home/julien/Documents/ros/robot_arm/install/robot_moveit_config/share/robot_moveit_config/hook/cmake_prefix_path.ps1'
[1.825s] INFO:colcon.colcon_core.shell:Creating environment descriptor '/home/julien/Documents/ros/robot_arm/install/robot_moveit_config/share/robot_moveit_config/hook/cmake_prefix_path.dsv'
[1.826s] INFO:colcon.colcon_core.shell:Creating environment hook '/home/julien/Documents/ros/robot_arm/install/robot_moveit_config/share/robot_moveit_config/hook/cmake_prefix_path.sh'
[1.826s] Level 1:colcon.colcon_core.environment:checking '/home/julien/Documents/ros/robot_arm/install/robot_moveit_config/bin'
[1.826s] Level 1:colcon.colcon_core.environment:checking '/home/julien/Documents/ros/robot_arm/install/robot_moveit_config/lib/pkgconfig/robot_moveit_config.pc'
[1.826s] Level 1:colcon.colcon_core.environment:checking '/home/julien/Documents/ros/robot_arm/install/robot_moveit_config/lib/python3.10/site-packages'
[1.827s] Level 1:colcon.colcon_core.environment:checking '/home/julien/Documents/ros/robot_arm/install/robot_moveit_config/bin'
[1.828s] INFO:colcon.colcon_core.shell:Creating package script '/home/julien/Documents/ros/robot_arm/install/robot_moveit_config/share/robot_moveit_config/package.ps1'
[1.829s] INFO:colcon.colcon_core.shell:Creating package descriptor '/home/julien/Documents/ros/robot_arm/install/robot_moveit_config/share/robot_moveit_config/package.dsv'
[1.829s] INFO:colcon.colcon_core.shell:Creating package script '/home/julien/Documents/ros/robot_arm/install/robot_moveit_config/share/robot_moveit_config/package.sh'
[1.830s] INFO:colcon.colcon_core.shell:Creating package script '/home/julien/Documents/ros/robot_arm/install/robot_moveit_config/share/robot_moveit_config/package.bash'
[1.830s] INFO:colcon.colcon_core.shell:Creating package script '/home/julien/Documents/ros/robot_arm/install/robot_moveit_config/share/robot_moveit_config/package.zsh'
[1.831s] Level 1:colcon.colcon_core.environment:create_file_with_runtime_dependencies(/home/julien/Documents/ros/robot_arm/install/robot_moveit_config/share/colcon-core/packages/robot_moveit_config)
[2.219s] Level 1:colcon.colcon_core.environment:checking '/home/julien/Documents/ros/robot_arm/install/prog_robot' for CMake module files
[2.220s] DEBUG:colcon.colcon_core.event_handler.log_command:Invoked command in '/home/julien/Documents/ros/robot_arm/src/prog_robot' returned '0': PYTHONPATH=/home/julien/Documents/ros/robot_arm/build/prog_robot/prefix_override:/home/julien/Documents/ros/robot_arm/install/prog_robot/lib/python3.10/site-packages:${PYTHONPATH} /usr/bin/python3 setup.py egg_info --egg-base ../../build/prog_robot build --build-base /home/julien/Documents/ros/robot_arm/build/prog_robot/build install --record /home/julien/Documents/ros/robot_arm/build/prog_robot/install.log --single-version-externally-managed
[2.221s] Level 1:colcon.colcon_core.environment:checking '/home/julien/Documents/ros/robot_arm/install/prog_robot' for CMake config files
[2.221s] Level 1:colcon.colcon_core.environment:checking '/home/julien/Documents/ros/robot_arm/install/prog_robot/lib'
[2.222s] Level 1:colcon.colcon_core.environment:checking '/home/julien/Documents/ros/robot_arm/install/prog_robot/bin'
[2.222s] Level 1:colcon.colcon_core.environment:checking '/home/julien/Documents/ros/robot_arm/install/prog_robot/lib/pkgconfig/prog_robot.pc'
[2.222s] Level 1:colcon.colcon_core.environment:checking '/home/julien/Documents/ros/robot_arm/install/prog_robot/lib/python3.10/site-packages'
[2.222s] Level 1:colcon.colcon_core.shell:create_environment_hook('prog_robot', 'pythonpath')
[2.224s] INFO:colcon.colcon_core.shell:Creating environment hook '/home/julien/Documents/ros/robot_arm/install/prog_robot/share/prog_robot/hook/pythonpath.ps1'
[2.224s] INFO:colcon.colcon_core.shell:Creating environment descriptor '/home/julien/Documents/ros/robot_arm/install/prog_robot/share/prog_robot/hook/pythonpath.dsv'
[2.225s] INFO:colcon.colcon_core.shell:Creating environment hook '/home/julien/Documents/ros/robot_arm/install/prog_robot/share/prog_robot/hook/pythonpath.sh'
[2.226s] Level 1:colcon.colcon_core.environment:checking '/home/julien/Documents/ros/robot_arm/install/prog_robot/bin'
[2.226s] Level 1:colcon.colcon_core.environment:create_environment_scripts_only(prog_robot)
[2.228s] INFO:colcon.colcon_core.shell:Creating package script '/home/julien/Documents/ros/robot_arm/install/prog_robot/share/prog_robot/package.ps1'
[2.229s] INFO:colcon.colcon_core.shell:Creating package descriptor '/home/julien/Documents/ros/robot_arm/install/prog_robot/share/prog_robot/package.dsv'
[2.229s] INFO:colcon.colcon_core.shell:Creating package script '/home/julien/Documents/ros/robot_arm/install/prog_robot/share/prog_robot/package.sh'
[2.230s] INFO:colcon.colcon_core.shell:Creating package script '/home/julien/Documents/ros/robot_arm/install/prog_robot/share/prog_robot/package.bash'
[2.230s] INFO:colcon.colcon_core.shell:Creating package script '/home/julien/Documents/ros/robot_arm/install/prog_robot/share/prog_robot/package.zsh'
[2.231s] Level 1:colcon.colcon_core.environment:create_file_with_runtime_dependencies(/home/julien/Documents/ros/robot_arm/install/prog_robot/share/colcon-core/packages/prog_robot)
[2.231s] DEBUG:colcon.colcon_parallel_executor.executor.parallel:closing loop
[2.232s] DEBUG:colcon.colcon_parallel_executor.executor.parallel:loop closed
[2.232s] DEBUG:colcon.colcon_parallel_executor.executor.parallel:run_until_complete finished with '0'
[2.232s] DEBUG:colcon.colcon_core.event_reactor:joining thread
[2.240s] INFO:colcon.colcon_core.plugin_system:Skipping extension 'colcon_notification.desktop_notification.terminal_notifier': Not used on non-Darwin systems
[2.240s] INFO:colcon.colcon_core.plugin_system:Skipping extension 'colcon_notification.desktop_notification.win32': Not used on non-Windows systems
[2.240s] INFO:colcon.colcon_notification.desktop_notification:Sending desktop notification using 'notify2'
[2.252s] DEBUG:colcon.colcon_core.event_reactor:joined thread
[2.254s] INFO:colcon.colcon_core.shell:Creating prefix script '/home/julien/Documents/ros/robot_arm/install/local_setup.ps1'
[2.255s] INFO:colcon.colcon_core.shell:Creating prefix util module '/home/julien/Documents/ros/robot_arm/install/_local_setup_util_ps1.py'
[2.257s] INFO:colcon.colcon_core.shell:Creating prefix chain script '/home/julien/Documents/ros/robot_arm/install/setup.ps1'
[2.265s] INFO:colcon.colcon_core.shell:Creating prefix script '/home/julien/Documents/ros/robot_arm/install/local_setup.sh'
[2.266s] INFO:colcon.colcon_core.shell:Creating prefix util module '/home/julien/Documents/ros/robot_arm/install/_local_setup_util_sh.py'
[2.266s] INFO:colcon.colcon_core.shell:Creating prefix chain script '/home/julien/Documents/ros/robot_arm/install/setup.sh'
[2.274s] INFO:colcon.colcon_core.shell:Creating prefix script '/home/julien/Documents/ros/robot_arm/install/local_setup.bash'
[2.275s] INFO:colcon.colcon_core.shell:Creating prefix chain script '/home/julien/Documents/ros/robot_arm/install/setup.bash'
[2.282s] INFO:colcon.colcon_core.shell:Creating prefix script '/home/julien/Documents/ros/robot_arm/install/local_setup.zsh'
[2.282s] INFO:colcon.colcon_core.shell:Creating prefix chain script '/home/julien/Documents/ros/robot_arm/install/setup.zsh'
