[0.430s] DEBUG:colcon:Command line arguments: ['/usr/bin/colcon', 'build']
[0.430s] DEBUG:colcon:Parsed command line arguments: Namespace(log_base=None, log_level=None, verb_name='build', build_base='build', install_base='install', merge_install=False, symlink_install=False, test_result_base=None, continue_on_error=False, executor='parallel', parallel_workers=4, event_handlers=None, ignore_user_meta=False, metas=['./colcon.meta'], base_paths=['.'], packages_ignore=None, packages_ignore_regex=None, paths=None, packages_up_to=None, packages_up_to_regex=None, packages_above=None, packages_above_and_dependencies=None, packages_above_depth=None, packages_select_by_dep=None, packages_skip_by_dep=None, packages_skip_up_to=None, packages_select_build_failed=False, packages_skip_build_finished=False, packages_select_test_failures=False, packages_skip_test_passed=False, packages_select=None, packages_skip=None, packages_select_regex=None, packages_skip_regex=None, packages_start=None, packages_end=None, allow_overriding=[], cmake_args=None, cmake_target=None, cmake_target_skip_unavailable=False, cmake_clean_cache=False, cmake_clean_first=False, cmake_force_configure=False, ament_cmake_args=None, catkin_cmake_args=None, catkin_skip_building_tests=False, mixin_files=None, mixin=None, verb_parser=<colcon_mixin.mixin.mixin_argument.MixinArgumentDecorator object at 0x7fba8022d5d0>, verb_extension=<colcon_core.verb.build.BuildVerb object at 0x7fba8022cf40>, main=<bound method BuildVerb.main of <colcon_core.verb.build.BuildVerb object at 0x7fba8022cf40>>, mixin_verb=('build',))
[0.458s] Level 1:colcon.colcon_core.package_discovery:discover_packages(colcon_meta) check parameters
[0.458s] Level 1:colcon.colcon_core.package_discovery:discover_packages(recursive) check parameters
[0.458s] Level 1:colcon.colcon_core.package_discovery:discover_packages(ignore) check parameters
[0.458s] Level 1:colcon.colcon_core.package_discovery:discover_packages(path) check parameters
[0.458s] Level 1:colcon.colcon_core.package_discovery:discover_packages(colcon_meta) discover
[0.458s] Level 1:colcon.colcon_core.package_discovery:discover_packages(recursive) discover
[0.458s] INFO:colcon.colcon_core.package_discovery:Crawling recursively for packages in '/home/julien/Documents/ros/robot_arm/ros2_ws_robot'
[0.458s] Level 1:colcon.colcon_core.package_identification:_identify(.) by extensions ['ignore', 'ignore_ament_install']
[0.458s] Level 1:colcon.colcon_core.package_identification:_identify(.) by extension 'ignore'
[0.459s] Level 1:colcon.colcon_core.package_identification:_identify(.) by extension 'ignore_ament_install'
[0.459s] Level 1:colcon.colcon_core.package_identification:_identify(.) by extensions ['colcon_pkg']
[0.459s] Level 1:colcon.colcon_core.package_identification:_identify(.) by extension 'colcon_pkg'
[0.459s] Level 1:colcon.colcon_core.package_identification:_identify(.) by extensions ['colcon_meta']
[0.459s] Level 1:colcon.colcon_core.package_identification:_identify(.) by extension 'colcon_meta'
[0.459s] Level 1:colcon.colcon_core.package_identification:_identify(.) by extensions ['ros']
[0.459s] Level 1:colcon.colcon_core.package_identification:_identify(.) by extension 'ros'
[0.471s] Level 1:colcon.colcon_core.package_identification:_identify(.) by extensions ['cmake', 'python']
[0.471s] Level 1:colcon.colcon_core.package_identification:_identify(.) by extension 'cmake'
[0.471s] Level 1:colcon.colcon_core.package_identification:_identify(.) by extension 'python'
[0.471s] Level 1:colcon.colcon_core.package_identification:_identify(.) by extensions ['python_setup_py']
[0.471s] Level 1:colcon.colcon_core.package_identification:_identify(.) by extension 'python_setup_py'
[0.471s] Level 1:colcon.colcon_core.package_identification:_identify(build) by extensions ['ignore', 'ignore_ament_install']
[0.471s] Level 1:colcon.colcon_core.package_identification:_identify(build) by extension 'ignore'
[0.472s] Level 1:colcon.colcon_core.package_identification:_identify(build) ignored
[0.472s] Level 1:colcon.colcon_core.package_identification:_identify(install) by extensions ['ignore', 'ignore_ament_install']
[0.472s] Level 1:colcon.colcon_core.package_identification:_identify(install) by extension 'ignore'
[0.472s] Level 1:colcon.colcon_core.package_identification:_identify(install) ignored
[0.472s] Level 1:colcon.colcon_core.package_identification:_identify(log) by extensions ['ignore', 'ignore_ament_install']
[0.472s] Level 1:colcon.colcon_core.package_identification:_identify(log) by extension 'ignore'
[0.472s] Level 1:colcon.colcon_core.package_identification:_identify(log) ignored
[0.472s] Level 1:colcon.colcon_core.package_identification:_identify(src) by extensions ['ignore', 'ignore_ament_install']
[0.473s] Level 1:colcon.colcon_core.package_identification:_identify(src) by extension 'ignore'
[0.473s] Level 1:colcon.colcon_core.package_identification:_identify(src) by extension 'ignore_ament_install'
[0.473s] Level 1:colcon.colcon_core.package_identification:_identify(src) by extensions ['colcon_pkg']
[0.473s] Level 1:colcon.colcon_core.package_identification:_identify(src) by extension 'colcon_pkg'
[0.473s] Level 1:colcon.colcon_core.package_identification:_identify(src) by extensions ['colcon_meta']
[0.473s] Level 1:colcon.colcon_core.package_identification:_identify(src) by extension 'colcon_meta'
[0.473s] Level 1:colcon.colcon_core.package_identification:_identify(src) by extensions ['ros']
[0.473s] Level 1:colcon.colcon_core.package_identification:_identify(src) by extension 'ros'
[0.473s] Level 1:colcon.colcon_core.package_identification:_identify(src) by extensions ['cmake', 'python']
[0.473s] Level 1:colcon.colcon_core.package_identification:_identify(src) by extension 'cmake'
[0.473s] Level 1:colcon.colcon_core.package_identification:_identify(src) by extension 'python'
[0.473s] Level 1:colcon.colcon_core.package_identification:_identify(src) by extensions ['python_setup_py']
[0.473s] Level 1:colcon.colcon_core.package_identification:_identify(src) by extension 'python_setup_py'
[0.473s] Level 1:colcon.colcon_core.package_identification:_identify(src/prog_robot) by extensions ['ignore', 'ignore_ament_install']
[0.473s] Level 1:colcon.colcon_core.package_identification:_identify(src/prog_robot) by extension 'ignore'
[0.474s] Level 1:colcon.colcon_core.package_identification:_identify(src/prog_robot) by extension 'ignore_ament_install'
[0.474s] Level 1:colcon.colcon_core.package_identification:_identify(src/prog_robot) by extensions ['colcon_pkg']
[0.474s] Level 1:colcon.colcon_core.package_identification:_identify(src/prog_robot) by extension 'colcon_pkg'
[0.474s] Level 1:colcon.colcon_core.package_identification:_identify(src/prog_robot) by extensions ['colcon_meta']
[0.474s] Level 1:colcon.colcon_core.package_identification:_identify(src/prog_robot) by extension 'colcon_meta'
[0.474s] Level 1:colcon.colcon_core.package_identification:_identify(src/prog_robot) by extensions ['ros']
[0.474s] Level 1:colcon.colcon_core.package_identification:_identify(src/prog_robot) by extension 'ros'
[0.476s] DEBUG:colcon.colcon_core.package_identification:Package 'src/prog_robot' with type 'ros.ament_python' and name 'prog_robot'
[0.476s] Level 1:colcon.colcon_core.package_identification:_identify(src/prog_robot_cpp) by extensions ['ignore', 'ignore_ament_install']
[0.477s] Level 1:colcon.colcon_core.package_identification:_identify(src/prog_robot_cpp) by extension 'ignore'
[0.477s] Level 1:colcon.colcon_core.package_identification:_identify(src/prog_robot_cpp) by extension 'ignore_ament_install'
[0.477s] Level 1:colcon.colcon_core.package_identification:_identify(src/prog_robot_cpp) by extensions ['colcon_pkg']
[0.477s] Level 1:colcon.colcon_core.package_identification:_identify(src/prog_robot_cpp) by extension 'colcon_pkg'
[0.477s] Level 1:colcon.colcon_core.package_identification:_identify(src/prog_robot_cpp) by extensions ['colcon_meta']
[0.477s] Level 1:colcon.colcon_core.package_identification:_identify(src/prog_robot_cpp) by extension 'colcon_meta'
[0.477s] Level 1:colcon.colcon_core.package_identification:_identify(src/prog_robot_cpp) by extensions ['ros']
[0.477s] Level 1:colcon.colcon_core.package_identification:_identify(src/prog_robot_cpp) by extension 'ros'
[0.478s] DEBUG:colcon.colcon_core.package_identification:Package 'src/prog_robot_cpp' with type 'ros.ament_cmake' and name 'prog_robot_cpp'
[0.478s] Level 1:colcon.colcon_core.package_identification:_identify(src/robot_description) by extensions ['ignore', 'ignore_ament_install']
[0.478s] Level 1:colcon.colcon_core.package_identification:_identify(src/robot_description) by extension 'ignore'
[0.478s] Level 1:colcon.colcon_core.package_identification:_identify(src/robot_description) by extension 'ignore_ament_install'
[0.478s] Level 1:colcon.colcon_core.package_identification:_identify(src/robot_description) by extensions ['colcon_pkg']
[0.478s] Level 1:colcon.colcon_core.package_identification:_identify(src/robot_description) by extension 'colcon_pkg'
[0.478s] Level 1:colcon.colcon_core.package_identification:_identify(src/robot_description) by extensions ['colcon_meta']
[0.479s] Level 1:colcon.colcon_core.package_identification:_identify(src/robot_description) by extension 'colcon_meta'
[0.479s] Level 1:colcon.colcon_core.package_identification:_identify(src/robot_description) by extensions ['ros']
[0.479s] Level 1:colcon.colcon_core.package_identification:_identify(src/robot_description) by extension 'ros'
[0.479s] DEBUG:colcon.colcon_core.package_identification:Package 'src/robot_description' with type 'ros.ament_cmake' and name 'robot_description'
[0.479s] Level 1:colcon.colcon_core.package_identification:_identify(src/robot_moveit_config) by extensions ['ignore', 'ignore_ament_install']
[0.479s] Level 1:colcon.colcon_core.package_identification:_identify(src/robot_moveit_config) by extension 'ignore'
[0.479s] Level 1:colcon.colcon_core.package_identification:_identify(src/robot_moveit_config) by extension 'ignore_ament_install'
[0.480s] Level 1:colcon.colcon_core.package_identification:_identify(src/robot_moveit_config) by extensions ['colcon_pkg']
[0.480s] Level 1:colcon.colcon_core.package_identification:_identify(src/robot_moveit_config) by extension 'colcon_pkg'
[0.480s] Level 1:colcon.colcon_core.package_identification:_identify(src/robot_moveit_config) by extensions ['colcon_meta']
[0.480s] Level 1:colcon.colcon_core.package_identification:_identify(src/robot_moveit_config) by extension 'colcon_meta'
[0.480s] Level 1:colcon.colcon_core.package_identification:_identify(src/robot_moveit_config) by extensions ['ros']
[0.480s] Level 1:colcon.colcon_core.package_identification:_identify(src/robot_moveit_config) by extension 'ros'
[0.481s] DEBUG:colcon.colcon_core.package_identification:Package 'src/robot_moveit_config' with type 'ros.ament_cmake' and name 'robot_moveit_config'
[0.481s] Level 1:colcon.colcon_core.package_identification:_identify(src/tictactoe) by extensions ['ignore', 'ignore_ament_install']
[0.481s] Level 1:colcon.colcon_core.package_identification:_identify(src/tictactoe) by extension 'ignore'
[0.481s] Level 1:colcon.colcon_core.package_identification:_identify(src/tictactoe) by extension 'ignore_ament_install'
[0.481s] Level 1:colcon.colcon_core.package_identification:_identify(src/tictactoe) by extensions ['colcon_pkg']
[0.481s] Level 1:colcon.colcon_core.package_identification:_identify(src/tictactoe) by extension 'colcon_pkg'
[0.481s] Level 1:colcon.colcon_core.package_identification:_identify(src/tictactoe) by extensions ['colcon_meta']
[0.481s] Level 1:colcon.colcon_core.package_identification:_identify(src/tictactoe) by extension 'colcon_meta'
[0.481s] Level 1:colcon.colcon_core.package_identification:_identify(src/tictactoe) by extensions ['ros']
[0.481s] Level 1:colcon.colcon_core.package_identification:_identify(src/tictactoe) by extension 'ros'
[0.482s] DEBUG:colcon.colcon_core.package_identification:Package 'src/tictactoe' with type 'ros.ament_python' and name 'tictactoe'
[0.482s] Level 1:colcon.colcon_core.package_discovery:discover_packages(recursive) using defaults
[0.482s] Level 1:colcon.colcon_core.package_discovery:discover_packages(ignore) discover
[0.482s] Level 1:colcon.colcon_core.package_discovery:discover_packages(ignore) using defaults
[0.482s] Level 1:colcon.colcon_core.package_discovery:discover_packages(path) discover
[0.482s] Level 1:colcon.colcon_core.package_discovery:discover_packages(path) using defaults
[0.512s] Level 1:colcon.colcon_core.package_discovery:discover_packages(prefix_path) check parameters
[0.512s] Level 1:colcon.colcon_core.package_discovery:discover_packages(prefix_path) discover
[0.520s] DEBUG:colcon.colcon_installed_package_information.package_discovery:Found 7 installed packages in /home/julien/Documents/ros/rosbridge_suite/install
[0.522s] DEBUG:colcon.colcon_installed_package_information.package_discovery:Found 39 installed packages in /home/julien/Documents/ros/microros_ws/install
[0.525s] DEBUG:colcon.colcon_installed_package_information.package_discovery:Found 55 installed packages in /home/julien/Documents/ros/ws_moveit2/install
[0.527s] DEBUG:colcon.colcon_installed_package_information.package_discovery:Found 2 installed packages in /home/julien/Documents/ros/ws_ros2/install
[0.528s] DEBUG:colcon.colcon_installed_package_information.package_discovery:Found 5 installed packages in /home/julien/Documents/ros/robot_arm/ros2_ws_robot/install
[0.530s] DEBUG:colcon.colcon_installed_package_information.package_discovery:Found 314 installed packages in /opt/ros/humble
[0.533s] Level 1:colcon.colcon_core.package_discovery:discover_packages(prefix_path) using defaults
[0.609s] Level 5:colcon.colcon_core.verb:set package 'prog_robot' build argument 'cmake_args' from command line to 'None'
[0.609s] Level 5:colcon.colcon_core.verb:set package 'prog_robot' build argument 'cmake_target' from command line to 'None'
[0.610s] Level 5:colcon.colcon_core.verb:set package 'prog_robot' build argument 'cmake_target_skip_unavailable' from command line to 'False'
[0.610s] Level 5:colcon.colcon_core.verb:set package 'prog_robot' build argument 'cmake_clean_cache' from command line to 'False'
[0.610s] Level 5:colcon.colcon_core.verb:set package 'prog_robot' build argument 'cmake_clean_first' from command line to 'False'
[0.610s] Level 5:colcon.colcon_core.verb:set package 'prog_robot' build argument 'cmake_force_configure' from command line to 'False'
[0.610s] Level 5:colcon.colcon_core.verb:set package 'prog_robot' build argument 'ament_cmake_args' from command line to 'None'
[0.610s] Level 5:colcon.colcon_core.verb:set package 'prog_robot' build argument 'catkin_cmake_args' from command line to 'None'
[0.610s] Level 5:colcon.colcon_core.verb:set package 'prog_robot' build argument 'catkin_skip_building_tests' from command line to 'False'
[0.610s] DEBUG:colcon.colcon_core.verb:Building package 'prog_robot' with the following arguments: {'ament_cmake_args': None, 'build_base': '/home/julien/Documents/ros/robot_arm/ros2_ws_robot/build/prog_robot', 'catkin_cmake_args': None, 'catkin_skip_building_tests': False, 'cmake_args': None, 'cmake_clean_cache': False, 'cmake_clean_first': False, 'cmake_force_configure': False, 'cmake_target': None, 'cmake_target_skip_unavailable': False, 'install_base': '/home/julien/Documents/ros/robot_arm/ros2_ws_robot/install/prog_robot', 'merge_install': False, 'path': '/home/julien/Documents/ros/robot_arm/ros2_ws_robot/src/prog_robot', 'symlink_install': False, 'test_result_base': None}
[0.611s] Level 5:colcon.colcon_core.verb:set package 'prog_robot_cpp' build argument 'cmake_args' from command line to 'None'
[0.611s] Level 5:colcon.colcon_core.verb:set package 'prog_robot_cpp' build argument 'cmake_target' from command line to 'None'
[0.611s] Level 5:colcon.colcon_core.verb:set package 'prog_robot_cpp' build argument 'cmake_target_skip_unavailable' from command line to 'False'
[0.611s] Level 5:colcon.colcon_core.verb:set package 'prog_robot_cpp' build argument 'cmake_clean_cache' from command line to 'False'
[0.611s] Level 5:colcon.colcon_core.verb:set package 'prog_robot_cpp' build argument 'cmake_clean_first' from command line to 'False'
[0.611s] Level 5:colcon.colcon_core.verb:set package 'prog_robot_cpp' build argument 'cmake_force_configure' from command line to 'False'
[0.611s] Level 5:colcon.colcon_core.verb:set package 'prog_robot_cpp' build argument 'ament_cmake_args' from command line to 'None'
[0.612s] Level 5:colcon.colcon_core.verb:set package 'prog_robot_cpp' build argument 'catkin_cmake_args' from command line to 'None'
[0.612s] Level 5:colcon.colcon_core.verb:set package 'prog_robot_cpp' build argument 'catkin_skip_building_tests' from command line to 'False'
[0.612s] DEBUG:colcon.colcon_core.verb:Building package 'prog_robot_cpp' with the following arguments: {'ament_cmake_args': None, 'build_base': '/home/julien/Documents/ros/robot_arm/ros2_ws_robot/build/prog_robot_cpp', 'catkin_cmake_args': None, 'catkin_skip_building_tests': False, 'cmake_args': None, 'cmake_clean_cache': False, 'cmake_clean_first': False, 'cmake_force_configure': False, 'cmake_target': None, 'cmake_target_skip_unavailable': False, 'install_base': '/home/julien/Documents/ros/robot_arm/ros2_ws_robot/install/prog_robot_cpp', 'merge_install': False, 'path': '/home/julien/Documents/ros/robot_arm/ros2_ws_robot/src/prog_robot_cpp', 'symlink_install': False, 'test_result_base': None}
[0.613s] Level 5:colcon.colcon_core.verb:set package 'robot_description' build argument 'cmake_args' from command line to 'None'
[0.613s] Level 5:colcon.colcon_core.verb:set package 'robot_description' build argument 'cmake_target' from command line to 'None'
[0.613s] Level 5:colcon.colcon_core.verb:set package 'robot_description' build argument 'cmake_target_skip_unavailable' from command line to 'False'
[0.613s] Level 5:colcon.colcon_core.verb:set package 'robot_description' build argument 'cmake_clean_cache' from command line to 'False'
[0.613s] Level 5:colcon.colcon_core.verb:set package 'robot_description' build argument 'cmake_clean_first' from command line to 'False'
[0.613s] Level 5:colcon.colcon_core.verb:set package 'robot_description' build argument 'cmake_force_configure' from command line to 'False'
[0.613s] Level 5:colcon.colcon_core.verb:set package 'robot_description' build argument 'ament_cmake_args' from command line to 'None'
[0.613s] Level 5:colcon.colcon_core.verb:set package 'robot_description' build argument 'catkin_cmake_args' from command line to 'None'
[0.613s] Level 5:colcon.colcon_core.verb:set package 'robot_description' build argument 'catkin_skip_building_tests' from command line to 'False'
[0.613s] DEBUG:colcon.colcon_core.verb:Building package 'robot_description' with the following arguments: {'ament_cmake_args': None, 'build_base': '/home/julien/Documents/ros/robot_arm/ros2_ws_robot/build/robot_description', 'catkin_cmake_args': None, 'catkin_skip_building_tests': False, 'cmake_args': None, 'cmake_clean_cache': False, 'cmake_clean_first': False, 'cmake_force_configure': False, 'cmake_target': None, 'cmake_target_skip_unavailable': False, 'install_base': '/home/julien/Documents/ros/robot_arm/ros2_ws_robot/install/robot_description', 'merge_install': False, 'path': '/home/julien/Documents/ros/robot_arm/ros2_ws_robot/src/robot_description', 'symlink_install': False, 'test_result_base': None}
[0.614s] Level 5:colcon.colcon_core.verb:set package 'tictactoe' build argument 'cmake_args' from command line to 'None'
[0.614s] Level 5:colcon.colcon_core.verb:set package 'tictactoe' build argument 'cmake_target' from command line to 'None'
[0.614s] Level 5:colcon.colcon_core.verb:set package 'tictactoe' build argument 'cmake_target_skip_unavailable' from command line to 'False'
[0.615s] Level 5:colcon.colcon_core.verb:set package 'tictactoe' build argument 'cmake_clean_cache' from command line to 'False'
[0.615s] Level 5:colcon.colcon_core.verb:set package 'tictactoe' build argument 'cmake_clean_first' from command line to 'False'
[0.615s] Level 5:colcon.colcon_core.verb:set package 'tictactoe' build argument 'cmake_force_configure' from command line to 'False'
[0.615s] Level 5:colcon.colcon_core.verb:set package 'tictactoe' build argument 'ament_cmake_args' from command line to 'None'
[0.615s] Level 5:colcon.colcon_core.verb:set package 'tictactoe' build argument 'catkin_cmake_args' from command line to 'None'
[0.615s] Level 5:colcon.colcon_core.verb:set package 'tictactoe' build argument 'catkin_skip_building_tests' from command line to 'False'
[0.615s] DEBUG:colcon.colcon_core.verb:Building package 'tictactoe' with the following arguments: {'ament_cmake_args': None, 'build_base': '/home/julien/Documents/ros/robot_arm/ros2_ws_robot/build/tictactoe', 'catkin_cmake_args': None, 'catkin_skip_building_tests': False, 'cmake_args': None, 'cmake_clean_cache': False, 'cmake_clean_first': False, 'cmake_force_configure': False, 'cmake_target': None, 'cmake_target_skip_unavailable': False, 'install_base': '/home/julien/Documents/ros/robot_arm/ros2_ws_robot/install/tictactoe', 'merge_install': False, 'path': '/home/julien/Documents/ros/robot_arm/ros2_ws_robot/src/tictactoe', 'symlink_install': False, 'test_result_base': None}
[0.616s] Level 5:colcon.colcon_core.verb:set package 'robot_moveit_config' build argument 'cmake_args' from command line to 'None'
[0.616s] Level 5:colcon.colcon_core.verb:set package 'robot_moveit_config' build argument 'cmake_target' from command line to 'None'
[0.616s] Level 5:colcon.colcon_core.verb:set package 'robot_moveit_config' build argument 'cmake_target_skip_unavailable' from command line to 'False'
[0.616s] Level 5:colcon.colcon_core.verb:set package 'robot_moveit_config' build argument 'cmake_clean_cache' from command line to 'False'
[0.616s] Level 5:colcon.colcon_core.verb:set package 'robot_moveit_config' build argument 'cmake_clean_first' from command line to 'False'
[0.616s] Level 5:colcon.colcon_core.verb:set package 'robot_moveit_config' build argument 'cmake_force_configure' from command line to 'False'
[0.616s] Level 5:colcon.colcon_core.verb:set package 'robot_moveit_config' build argument 'ament_cmake_args' from command line to 'None'
[0.616s] Level 5:colcon.colcon_core.verb:set package 'robot_moveit_config' build argument 'catkin_cmake_args' from command line to 'None'
[0.616s] Level 5:colcon.colcon_core.verb:set package 'robot_moveit_config' build argument 'catkin_skip_building_tests' from command line to 'False'
[0.616s] DEBUG:colcon.colcon_core.verb:Building package 'robot_moveit_config' with the following arguments: {'ament_cmake_args': None, 'build_base': '/home/julien/Documents/ros/robot_arm/ros2_ws_robot/build/robot_moveit_config', 'catkin_cmake_args': None, 'catkin_skip_building_tests': False, 'cmake_args': None, 'cmake_clean_cache': False, 'cmake_clean_first': False, 'cmake_force_configure': False, 'cmake_target': None, 'cmake_target_skip_unavailable': False, 'install_base': '/home/julien/Documents/ros/robot_arm/ros2_ws_robot/install/robot_moveit_config', 'merge_install': False, 'path': '/home/julien/Documents/ros/robot_arm/ros2_ws_robot/src/robot_moveit_config', 'symlink_install': False, 'test_result_base': None}
[0.617s] INFO:colcon.colcon_core.executor:Executing jobs using 'parallel' executor
[0.621s] DEBUG:colcon.colcon_parallel_executor.executor.parallel:run_until_complete
[0.621s] INFO:colcon.colcon_ros.task.ament_cmake.build:Building ROS package in '/home/julien/Documents/ros/robot_arm/ros2_ws_robot/src/robot_description' with build type 'ament_cmake'
[0.622s] INFO:colcon.colcon_cmake.task.cmake.build:Building CMake package in '/home/julien/Documents/ros/robot_arm/ros2_ws_robot/src/robot_description'
[0.627s] INFO:colcon.colcon_core.plugin_system:Skipping extension 'colcon_core.shell.bat': Not used on non-Windows systems
[0.627s] INFO:colcon.colcon_core.shell:Skip shell extension 'powershell' for command environment: Not usable outside of PowerShell
[0.628s] DEBUG:colcon.colcon_core.shell:Skip shell extension 'dsv' for command environment
[0.645s] INFO:colcon.colcon_ros.task.ament_python.build:Building ROS package in '/home/julien/Documents/ros/robot_arm/ros2_ws_robot/src/prog_robot' with build type 'ament_python'
[0.645s] Level 1:colcon.colcon_core.shell:create_environment_hook('prog_robot', 'ament_prefix_path')
[0.647s] INFO:colcon.colcon_core.shell:Creating environment hook '/home/julien/Documents/ros/robot_arm/ros2_ws_robot/install/prog_robot/share/prog_robot/hook/ament_prefix_path.ps1'
[0.647s] INFO:colcon.colcon_core.shell:Creating environment descriptor '/home/julien/Documents/ros/robot_arm/ros2_ws_robot/install/prog_robot/share/prog_robot/hook/ament_prefix_path.dsv'
[0.648s] INFO:colcon.colcon_core.shell:Creating environment hook '/home/julien/Documents/ros/robot_arm/ros2_ws_robot/install/prog_robot/share/prog_robot/hook/ament_prefix_path.sh'
[0.650s] INFO:colcon.colcon_core.shell:Skip shell extension 'powershell' for command environment: Not usable outside of PowerShell
[0.650s] DEBUG:colcon.colcon_core.shell:Skip shell extension 'dsv' for command environment
[0.668s] INFO:colcon.colcon_ros.task.ament_cmake.build:Building ROS package in '/home/julien/Documents/ros/robot_arm/ros2_ws_robot/src/prog_robot_cpp' with build type 'ament_cmake'
[0.668s] INFO:colcon.colcon_cmake.task.cmake.build:Building CMake package in '/home/julien/Documents/ros/robot_arm/ros2_ws_robot/src/prog_robot_cpp'
[0.670s] INFO:colcon.colcon_core.shell:Skip shell extension 'powershell' for command environment: Not usable outside of PowerShell
[0.670s] DEBUG:colcon.colcon_core.shell:Skip shell extension 'dsv' for command environment
[0.687s] INFO:colcon.colcon_ros.task.ament_python.build:Building ROS package in '/home/julien/Documents/ros/robot_arm/ros2_ws_robot/src/tictactoe' with build type 'ament_python'
[0.687s] Level 1:colcon.colcon_core.shell:create_environment_hook('tictactoe', 'ament_prefix_path')
[0.689s] INFO:colcon.colcon_core.shell:Creating environment hook '/home/julien/Documents/ros/robot_arm/ros2_ws_robot/install/tictactoe/share/tictactoe/hook/ament_prefix_path.ps1'
[0.689s] INFO:colcon.colcon_core.shell:Creating environment descriptor '/home/julien/Documents/ros/robot_arm/ros2_ws_robot/install/tictactoe/share/tictactoe/hook/ament_prefix_path.dsv'
[0.690s] INFO:colcon.colcon_core.shell:Creating environment hook '/home/julien/Documents/ros/robot_arm/ros2_ws_robot/install/tictactoe/share/tictactoe/hook/ament_prefix_path.sh'
[0.692s] INFO:colcon.colcon_core.shell:Skip shell extension 'powershell' for command environment: Not usable outside of PowerShell
[0.692s] DEBUG:colcon.colcon_core.shell:Skip shell extension 'dsv' for command environment
[0.713s] DEBUG:colcon.colcon_core.event_handler.log_command:Invoking command in '/home/julien/Documents/ros/robot_arm/ros2_ws_robot/build/robot_description': CMAKE_PREFIX_PATH=${CMAKE_PREFIX_PATH}:/home/julien/Documents/ros/ws_ros2/install/simple_pub_sub:/home/julien/Documents/ros/ws_ros2/install/py_pubsub:/home/julien/Documents/ros/microros_ws/install/sensor_msgs_py:/home/julien/Documents/ros/ws_moveit2/install/moveit_configs_utils:/home/julien/Documents/ros/ws_moveit2/install/launch_param_builder:/home/julien/Documents/ros/robot_arm/ros2_ws_robot/install/tictactoe:/home/julien/Documents/ros/robot_arm/ros2_ws_robot/install/prog_robot:/opt/ros/humble /usr/bin/cmake --build /home/julien/Documents/ros/robot_arm/ros2_ws_robot/build/robot_description -- -j4 -l4
[1.079s] INFO:colcon.colcon_core.task.python.build:Building Python package in '/home/julien/Documents/ros/robot_arm/ros2_ws_robot/src/prog_robot'
[1.080s] INFO:colcon.colcon_core.shell:Skip shell extension 'powershell' for command environment: Not usable outside of PowerShell
[1.080s] DEBUG:colcon.colcon_core.shell:Skip shell extension 'dsv' for command environment
[1.106s] DEBUG:colcon.colcon_core.event_handler.log_command:Invoking command in '/home/julien/Documents/ros/robot_arm/ros2_ws_robot/build/prog_robot_cpp': CMAKE_PREFIX_PATH=${CMAKE_PREFIX_PATH}:/home/julien/Documents/ros/ws_ros2/install/simple_pub_sub:/home/julien/Documents/ros/ws_ros2/install/py_pubsub:/home/julien/Documents/ros/microros_ws/install/sensor_msgs_py:/home/julien/Documents/ros/ws_moveit2/install/moveit_configs_utils:/home/julien/Documents/ros/ws_moveit2/install/launch_param_builder:/home/julien/Documents/ros/robot_arm/ros2_ws_robot/install/tictactoe:/home/julien/Documents/ros/robot_arm/ros2_ws_robot/install/prog_robot:/opt/ros/humble /usr/bin/cmake --build /home/julien/Documents/ros/robot_arm/ros2_ws_robot/build/prog_robot_cpp -- -j4 -l4
[1.489s] INFO:colcon.colcon_core.task.python.build:Building Python package in '/home/julien/Documents/ros/robot_arm/ros2_ws_robot/src/tictactoe'
[1.491s] INFO:colcon.colcon_core.shell:Skip shell extension 'powershell' for command environment: Not usable outside of PowerShell
[1.491s] DEBUG:colcon.colcon_core.shell:Skip shell extension 'dsv' for command environment
[1.509s] DEBUG:colcon.colcon_core.event_handler.log_command:Invoked command in '/home/julien/Documents/ros/robot_arm/ros2_ws_robot/build/robot_description' returned '0': CMAKE_PREFIX_PATH=${CMAKE_PREFIX_PATH}:/home/julien/Documents/ros/ws_ros2/install/simple_pub_sub:/home/julien/Documents/ros/ws_ros2/install/py_pubsub:/home/julien/Documents/ros/microros_ws/install/sensor_msgs_py:/home/julien/Documents/ros/ws_moveit2/install/moveit_configs_utils:/home/julien/Documents/ros/ws_moveit2/install/launch_param_builder:/home/julien/Documents/ros/robot_arm/ros2_ws_robot/install/tictactoe:/home/julien/Documents/ros/robot_arm/ros2_ws_robot/install/prog_robot:/opt/ros/humble /usr/bin/cmake --build /home/julien/Documents/ros/robot_arm/ros2_ws_robot/build/robot_description -- -j4 -l4
[1.511s] DEBUG:colcon.colcon_core.event_handler.log_command:Invoked command in '/home/julien/Documents/ros/robot_arm/ros2_ws_robot/build/prog_robot_cpp' returned '0': CMAKE_PREFIX_PATH=${CMAKE_PREFIX_PATH}:/home/julien/Documents/ros/ws_ros2/install/simple_pub_sub:/home/julien/Documents/ros/ws_ros2/install/py_pubsub:/home/julien/Documents/ros/microros_ws/install/sensor_msgs_py:/home/julien/Documents/ros/ws_moveit2/install/moveit_configs_utils:/home/julien/Documents/ros/ws_moveit2/install/launch_param_builder:/home/julien/Documents/ros/robot_arm/ros2_ws_robot/install/tictactoe:/home/julien/Documents/ros/robot_arm/ros2_ws_robot/install/prog_robot:/opt/ros/humble /usr/bin/cmake --build /home/julien/Documents/ros/robot_arm/ros2_ws_robot/build/prog_robot_cpp -- -j4 -l4
[1.605s] DEBUG:colcon.colcon_core.event_handler.log_command:Invoking command in '/home/julien/Documents/ros/robot_arm/ros2_ws_robot/build/robot_description': CMAKE_PREFIX_PATH=${CMAKE_PREFIX_PATH}:/home/julien/Documents/ros/ws_ros2/install/simple_pub_sub:/home/julien/Documents/ros/ws_ros2/install/py_pubsub:/home/julien/Documents/ros/microros_ws/install/sensor_msgs_py:/home/julien/Documents/ros/ws_moveit2/install/moveit_configs_utils:/home/julien/Documents/ros/ws_moveit2/install/launch_param_builder:/home/julien/Documents/ros/robot_arm/ros2_ws_robot/install/tictactoe:/home/julien/Documents/ros/robot_arm/ros2_ws_robot/install/prog_robot:/opt/ros/humble /usr/bin/cmake --install /home/julien/Documents/ros/robot_arm/ros2_ws_robot/build/robot_description
[1.620s] DEBUG:colcon.colcon_core.event_handler.log_command:Invoking command in '/home/julien/Documents/ros/robot_arm/ros2_ws_robot/build/prog_robot_cpp': CMAKE_PREFIX_PATH=${CMAKE_PREFIX_PATH}:/home/julien/Documents/ros/ws_ros2/install/simple_pub_sub:/home/julien/Documents/ros/ws_ros2/install/py_pubsub:/home/julien/Documents/ros/microros_ws/install/sensor_msgs_py:/home/julien/Documents/ros/ws_moveit2/install/moveit_configs_utils:/home/julien/Documents/ros/ws_moveit2/install/launch_param_builder:/home/julien/Documents/ros/robot_arm/ros2_ws_robot/install/tictactoe:/home/julien/Documents/ros/robot_arm/ros2_ws_robot/install/prog_robot:/opt/ros/humble /usr/bin/cmake --install /home/julien/Documents/ros/robot_arm/ros2_ws_robot/build/prog_robot_cpp
[1.641s] Level 1:colcon.colcon_core.environment:create_environment_scripts_only(robot_description)
[1.647s] DEBUG:colcon.colcon_core.event_handler.log_command:Invoked command in '/home/julien/Documents/ros/robot_arm/ros2_ws_robot/build/robot_description' returned '0': CMAKE_PREFIX_PATH=${CMAKE_PREFIX_PATH}:/home/julien/Documents/ros/ws_ros2/install/simple_pub_sub:/home/julien/Documents/ros/ws_ros2/install/py_pubsub:/home/julien/Documents/ros/microros_ws/install/sensor_msgs_py:/home/julien/Documents/ros/ws_moveit2/install/moveit_configs_utils:/home/julien/Documents/ros/ws_moveit2/install/launch_param_builder:/home/julien/Documents/ros/robot_arm/ros2_ws_robot/install/tictactoe:/home/julien/Documents/ros/robot_arm/ros2_ws_robot/install/prog_robot:/opt/ros/humble /usr/bin/cmake --install /home/julien/Documents/ros/robot_arm/ros2_ws_robot/build/robot_description
[1.649s] Level 1:colcon.colcon_core.environment:checking '/home/julien/Documents/ros/robot_arm/ros2_ws_robot/install/robot_description' for CMake module files
[1.649s] Level 1:colcon.colcon_core.environment:checking '/home/julien/Documents/ros/robot_arm/ros2_ws_robot/install/robot_description' for CMake config files
[1.650s] Level 1:colcon.colcon_core.shell:create_environment_hook('robot_description', 'cmake_prefix_path')
[1.651s] INFO:colcon.colcon_core.shell:Creating environment hook '/home/julien/Documents/ros/robot_arm/ros2_ws_robot/install/robot_description/share/robot_description/hook/cmake_prefix_path.ps1'
[1.652s] INFO:colcon.colcon_core.shell:Creating environment descriptor '/home/julien/Documents/ros/robot_arm/ros2_ws_robot/install/robot_description/share/robot_description/hook/cmake_prefix_path.dsv'
[1.652s] INFO:colcon.colcon_core.shell:Creating environment hook '/home/julien/Documents/ros/robot_arm/ros2_ws_robot/install/robot_description/share/robot_description/hook/cmake_prefix_path.sh'
[1.656s] Level 1:colcon.colcon_core.environment:checking '/home/julien/Documents/ros/robot_arm/ros2_ws_robot/install/robot_description/bin'
[1.656s] Level 1:colcon.colcon_core.environment:checking '/home/julien/Documents/ros/robot_arm/ros2_ws_robot/install/robot_description/lib/pkgconfig/robot_description.pc'
[1.656s] Level 1:colcon.colcon_core.environment:checking '/home/julien/Documents/ros/robot_arm/ros2_ws_robot/install/robot_description/lib/python3.10/site-packages'
[1.657s] Level 1:colcon.colcon_core.environment:checking '/home/julien/Documents/ros/robot_arm/ros2_ws_robot/install/robot_description/bin'
[1.658s] INFO:colcon.colcon_core.shell:Creating package script '/home/julien/Documents/ros/robot_arm/ros2_ws_robot/install/robot_description/share/robot_description/package.ps1'
[1.660s] INFO:colcon.colcon_core.shell:Creating package descriptor '/home/julien/Documents/ros/robot_arm/ros2_ws_robot/install/robot_description/share/robot_description/package.dsv'
[1.661s] INFO:colcon.colcon_core.shell:Creating package script '/home/julien/Documents/ros/robot_arm/ros2_ws_robot/install/robot_description/share/robot_description/package.sh'
[1.661s] INFO:colcon.colcon_core.shell:Creating package script '/home/julien/Documents/ros/robot_arm/ros2_ws_robot/install/robot_description/share/robot_description/package.bash'
[1.662s] INFO:colcon.colcon_core.shell:Creating package script '/home/julien/Documents/ros/robot_arm/ros2_ws_robot/install/robot_description/share/robot_description/package.zsh'
[1.663s] Level 1:colcon.colcon_core.environment:create_file_with_runtime_dependencies(/home/julien/Documents/ros/robot_arm/ros2_ws_robot/install/robot_description/share/colcon-core/packages/robot_description)
[1.665s] Level 1:colcon.colcon_core.environment:create_environment_scripts_only(prog_robot_cpp)
[1.667s] Level 1:colcon.colcon_core.environment:checking '/home/julien/Documents/ros/robot_arm/ros2_ws_robot/install/prog_robot_cpp' for CMake module files
[1.667s] Level 1:colcon.colcon_core.environment:checking '/home/julien/Documents/ros/robot_arm/ros2_ws_robot/install/prog_robot_cpp' for CMake config files
[1.668s] Level 1:colcon.colcon_core.shell:create_environment_hook('prog_robot_cpp', 'cmake_prefix_path')
[1.670s] INFO:colcon.colcon_core.shell:Creating environment hook '/home/julien/Documents/ros/robot_arm/ros2_ws_robot/install/prog_robot_cpp/share/prog_robot_cpp/hook/cmake_prefix_path.ps1'
[1.670s] INFO:colcon.colcon_core.shell:Creating environment descriptor '/home/julien/Documents/ros/robot_arm/ros2_ws_robot/install/prog_robot_cpp/share/prog_robot_cpp/hook/cmake_prefix_path.dsv'
[1.671s] DEBUG:colcon.colcon_core.event_handler.log_command:Invoked command in '/home/julien/Documents/ros/robot_arm/ros2_ws_robot/build/prog_robot_cpp' returned '0': CMAKE_PREFIX_PATH=${CMAKE_PREFIX_PATH}:/home/julien/Documents/ros/ws_ros2/install/simple_pub_sub:/home/julien/Documents/ros/ws_ros2/install/py_pubsub:/home/julien/Documents/ros/microros_ws/install/sensor_msgs_py:/home/julien/Documents/ros/ws_moveit2/install/moveit_configs_utils:/home/julien/Documents/ros/ws_moveit2/install/launch_param_builder:/home/julien/Documents/ros/robot_arm/ros2_ws_robot/install/tictactoe:/home/julien/Documents/ros/robot_arm/ros2_ws_robot/install/prog_robot:/opt/ros/humble /usr/bin/cmake --install /home/julien/Documents/ros/robot_arm/ros2_ws_robot/build/prog_robot_cpp
[1.671s] INFO:colcon.colcon_core.shell:Creating environment hook '/home/julien/Documents/ros/robot_arm/ros2_ws_robot/install/prog_robot_cpp/share/prog_robot_cpp/hook/cmake_prefix_path.sh'
[1.671s] Level 1:colcon.colcon_core.environment:checking '/home/julien/Documents/ros/robot_arm/ros2_ws_robot/install/prog_robot_cpp/lib'
[1.672s] Level 1:colcon.colcon_core.environment:checking '/home/julien/Documents/ros/robot_arm/ros2_ws_robot/install/prog_robot_cpp/bin'
[1.672s] Level 1:colcon.colcon_core.environment:checking '/home/julien/Documents/ros/robot_arm/ros2_ws_robot/install/prog_robot_cpp/lib/pkgconfig/prog_robot_cpp.pc'
[1.672s] Level 1:colcon.colcon_core.environment:checking '/home/julien/Documents/ros/robot_arm/ros2_ws_robot/install/prog_robot_cpp/lib/python3.10/site-packages'
[1.672s] Level 1:colcon.colcon_core.environment:checking '/home/julien/Documents/ros/robot_arm/ros2_ws_robot/install/prog_robot_cpp/bin'
[1.674s] INFO:colcon.colcon_core.shell:Creating package script '/home/julien/Documents/ros/robot_arm/ros2_ws_robot/install/prog_robot_cpp/share/prog_robot_cpp/package.ps1'
[1.675s] INFO:colcon.colcon_core.shell:Creating package descriptor '/home/julien/Documents/ros/robot_arm/ros2_ws_robot/install/prog_robot_cpp/share/prog_robot_cpp/package.dsv'
[1.675s] INFO:colcon.colcon_core.shell:Creating package script '/home/julien/Documents/ros/robot_arm/ros2_ws_robot/install/prog_robot_cpp/share/prog_robot_cpp/package.sh'
[1.675s] INFO:colcon.colcon_core.shell:Creating package script '/home/julien/Documents/ros/robot_arm/ros2_ws_robot/install/prog_robot_cpp/share/prog_robot_cpp/package.bash'
[1.676s] INFO:colcon.colcon_core.shell:Creating package script '/home/julien/Documents/ros/robot_arm/ros2_ws_robot/install/prog_robot_cpp/share/prog_robot_cpp/package.zsh'
[1.676s] Level 1:colcon.colcon_core.environment:create_file_with_runtime_dependencies(/home/julien/Documents/ros/robot_arm/ros2_ws_robot/install/prog_robot_cpp/share/colcon-core/packages/prog_robot_cpp)
[1.741s] Level 1:colcon.colcon_core.environment:create_environment_scripts_only(robot_description)
[1.744s] Level 1:colcon.colcon_core.environment:checking '/home/julien/Documents/ros/robot_arm/ros2_ws_robot/install/robot_description' for CMake module files
[1.745s] Level 1:colcon.colcon_core.environment:checking '/home/julien/Documents/ros/robot_arm/ros2_ws_robot/install/robot_description' for CMake config files
[1.746s] Level 1:colcon.colcon_core.shell:create_environment_hook('robot_description', 'cmake_prefix_path')
[1.747s] INFO:colcon.colcon_core.shell:Creating environment hook '/home/julien/Documents/ros/robot_arm/ros2_ws_robot/install/robot_description/share/robot_description/hook/cmake_prefix_path.ps1'
[1.749s] INFO:colcon.colcon_core.shell:Creating environment descriptor '/home/julien/Documents/ros/robot_arm/ros2_ws_robot/install/robot_description/share/robot_description/hook/cmake_prefix_path.dsv'
[1.750s] INFO:colcon.colcon_core.shell:Creating environment hook '/home/julien/Documents/ros/robot_arm/ros2_ws_robot/install/robot_description/share/robot_description/hook/cmake_prefix_path.sh'
[1.751s] Level 1:colcon.colcon_core.environment:checking '/home/julien/Documents/ros/robot_arm/ros2_ws_robot/install/robot_description/bin'
[1.751s] Level 1:colcon.colcon_core.environment:checking '/home/julien/Documents/ros/robot_arm/ros2_ws_robot/install/robot_description/lib/pkgconfig/robot_description.pc'
[1.752s] Level 1:colcon.colcon_core.environment:checking '/home/julien/Documents/ros/robot_arm/ros2_ws_robot/install/robot_description/lib/python3.10/site-packages'
[1.752s] Level 1:colcon.colcon_core.environment:checking '/home/julien/Documents/ros/robot_arm/ros2_ws_robot/install/robot_description/bin'
[1.754s] INFO:colcon.colcon_core.shell:Creating package script '/home/julien/Documents/ros/robot_arm/ros2_ws_robot/install/robot_description/share/robot_description/package.ps1'
[1.756s] INFO:colcon.colcon_core.shell:Creating package descriptor '/home/julien/Documents/ros/robot_arm/ros2_ws_robot/install/robot_description/share/robot_description/package.dsv'
[1.757s] INFO:colcon.colcon_core.shell:Creating package script '/home/julien/Documents/ros/robot_arm/ros2_ws_robot/install/robot_description/share/robot_description/package.sh'
[1.758s] INFO:colcon.colcon_core.shell:Creating package script '/home/julien/Documents/ros/robot_arm/ros2_ws_robot/install/robot_description/share/robot_description/package.bash'
[1.760s] INFO:colcon.colcon_core.shell:Creating package script '/home/julien/Documents/ros/robot_arm/ros2_ws_robot/install/robot_description/share/robot_description/package.zsh'
[1.762s] Level 1:colcon.colcon_core.environment:create_file_with_runtime_dependencies(/home/julien/Documents/ros/robot_arm/ros2_ws_robot/install/robot_description/share/colcon-core/packages/robot_description)
[1.765s] INFO:colcon.colcon_ros.task.ament_cmake.build:Building ROS package in '/home/julien/Documents/ros/robot_arm/ros2_ws_robot/src/robot_moveit_config' with build type 'ament_cmake'
[1.765s] INFO:colcon.colcon_cmake.task.cmake.build:Building CMake package in '/home/julien/Documents/ros/robot_arm/ros2_ws_robot/src/robot_moveit_config'
[1.767s] INFO:colcon.colcon_core.shell:Skip shell extension 'powershell' for command environment: Not usable outside of PowerShell
[1.767s] DEBUG:colcon.colcon_core.shell:Skip shell extension 'dsv' for command environment
[1.788s] Level 1:colcon.colcon_core.environment:create_environment_scripts_only(prog_robot_cpp)
[1.791s] Level 1:colcon.colcon_core.environment:checking '/home/julien/Documents/ros/robot_arm/ros2_ws_robot/install/prog_robot_cpp' for CMake module files
[1.792s] Level 1:colcon.colcon_core.environment:checking '/home/julien/Documents/ros/robot_arm/ros2_ws_robot/install/prog_robot_cpp' for CMake config files
[1.793s] Level 1:colcon.colcon_core.shell:create_environment_hook('prog_robot_cpp', 'cmake_prefix_path')
[1.794s] INFO:colcon.colcon_core.shell:Creating environment hook '/home/julien/Documents/ros/robot_arm/ros2_ws_robot/install/prog_robot_cpp/share/prog_robot_cpp/hook/cmake_prefix_path.ps1'
[1.795s] INFO:colcon.colcon_core.shell:Creating environment descriptor '/home/julien/Documents/ros/robot_arm/ros2_ws_robot/install/prog_robot_cpp/share/prog_robot_cpp/hook/cmake_prefix_path.dsv'
[1.798s] INFO:colcon.colcon_core.shell:Creating environment hook '/home/julien/Documents/ros/robot_arm/ros2_ws_robot/install/prog_robot_cpp/share/prog_robot_cpp/hook/cmake_prefix_path.sh'
[1.800s] Level 1:colcon.colcon_core.environment:checking '/home/julien/Documents/ros/robot_arm/ros2_ws_robot/install/prog_robot_cpp/lib'
[1.801s] Level 1:colcon.colcon_core.environment:checking '/home/julien/Documents/ros/robot_arm/ros2_ws_robot/install/prog_robot_cpp/bin'
[1.801s] Level 1:colcon.colcon_core.environment:checking '/home/julien/Documents/ros/robot_arm/ros2_ws_robot/install/prog_robot_cpp/lib/pkgconfig/prog_robot_cpp.pc'
[1.801s] Level 1:colcon.colcon_core.environment:checking '/home/julien/Documents/ros/robot_arm/ros2_ws_robot/install/prog_robot_cpp/lib/python3.10/site-packages'
[1.802s] Level 1:colcon.colcon_core.environment:checking '/home/julien/Documents/ros/robot_arm/ros2_ws_robot/install/prog_robot_cpp/bin'
[1.803s] INFO:colcon.colcon_core.shell:Creating package script '/home/julien/Documents/ros/robot_arm/ros2_ws_robot/install/prog_robot_cpp/share/prog_robot_cpp/package.ps1'
[1.805s] INFO:colcon.colcon_core.shell:Creating package descriptor '/home/julien/Documents/ros/robot_arm/ros2_ws_robot/install/prog_robot_cpp/share/prog_robot_cpp/package.dsv'
[1.806s] INFO:colcon.colcon_core.shell:Creating package script '/home/julien/Documents/ros/robot_arm/ros2_ws_robot/install/prog_robot_cpp/share/prog_robot_cpp/package.sh'
[1.807s] INFO:colcon.colcon_core.shell:Creating package script '/home/julien/Documents/ros/robot_arm/ros2_ws_robot/install/prog_robot_cpp/share/prog_robot_cpp/package.bash'
[1.808s] INFO:colcon.colcon_core.shell:Creating package script '/home/julien/Documents/ros/robot_arm/ros2_ws_robot/install/prog_robot_cpp/share/prog_robot_cpp/package.zsh'
[1.809s] Level 1:colcon.colcon_core.environment:create_file_with_runtime_dependencies(/home/julien/Documents/ros/robot_arm/ros2_ws_robot/install/prog_robot_cpp/share/colcon-core/packages/prog_robot_cpp)
[1.819s] DEBUG:colcon.colcon_core.event_handler.log_command:Invoking command in '/home/julien/Documents/ros/robot_arm/ros2_ws_robot/build/robot_moveit_config': CMAKE_PREFIX_PATH=/home/julien/Documents/ros/robot_arm/ros2_ws_robot/install/robot_description:/home/julien/Documents/ros/rosbridge_suite/install/rosbridge_test_msgs:/home/julien/Documents/ros/rosbridge_suite/install/rosbridge_suite:/home/julien/Documents/ros/rosbridge_suite/install/rosbridge_server:/home/julien/Documents/ros/rosbridge_suite/install/rosbridge_msgs:/home/julien/Documents/ros/rosbridge_suite/install/rosapi:/home/julien/Documents/ros/rosbridge_suite/install/rosbridge_library:/home/julien/Documents/ros/rosbridge_suite/install/rosapi_msgs:/home/julien/Documents/ros/microros_ws/install/micro_ros_demos_rclc:/home/julien/Documents/ros/microros_ws/install/common_interfaces:/home/julien/Documents/ros/microros_ws/install/visualization_msgs:/home/julien/Documents/ros/microros_ws/install/test_msgs:/home/julien/Documents/ros/microros_ws/install/example_interfaces:/home/julien/Documents/ros/microros_ws/install/action_msgs:/home/julien/Documents/ros/microros_ws/install/unique_identifier_msgs:/home/julien/Documents/ros/microros_ws/install/trajectory_msgs:/home/julien/Documents/ros/microros_ws/install/stereo_msgs:/home/julien/Documents/ros/microros_ws/install/std_srvs:/home/julien/Documents/ros/microros_ws/install/shape_msgs:/home/julien/Documents/ros/microros_ws/install/sensor_msgs:/home/julien/Documents/ros/microros_ws/install/nav_msgs:/home/julien/Documents/ros/microros_ws/install/diagnostic_msgs:/home/julien/Documents/ros/microros_ws/install/geometry_msgs:/home/julien/Documents/ros/microros_ws/install/actionlib_msgs:/home/julien/Documents/ros/microros_ws/install/std_msgs:/home/julien/Documents/ros/microros_ws/install/statistics_msgs:/home/julien/Documents/ros/microros_ws/install/rosidl_typesupport_microxrcedds_test_msg:/home/julien/Documents/ros/microros_ws/install/rosidl_typesupport_microxrcedds_cpp_tests:/home/julien/Documents/ros/microros_ws/install/rmw_microxrcedds:/home/julien/Documents/ros/microros_ws/install/rosidl_typesupport_microxrcedds_cpp:/home/julien/Documents/ros/microros_ws/install/rosidl_typesupport_microxrcedds_c_tests:/home/julien/Documents/ros/microros_ws/install/rosidl_typesupport_microxrcedds_c:/home/julien/Documents/ros/microros_ws/install/rosgraph_msgs:/home/julien/Documents/ros/microros_ws/install/rclc_parameter:/home/julien/Documents/ros/microros_ws/install/rclc:/home/julien/Documents/ros/microros_ws/install/composition_interfaces:/home/julien/Documents/ros/microros_ws/install/rcl_interfaces:/home/julien/Documents/ros/microros_ws/install/microxrcedds_client:/home/julien/Documents/ros/microros_ws/install/microcdr:/home/julien/Documents/ros/microros_ws/install/micro_ros_utilities:/home/julien/Documents/ros/microros_ws/install/micro_ros_setup:/home/julien/Documents/ros/microros_ws/install/micro_ros_agent:/home/julien/Documents/ros/microros_ws/install/micro_ros_msgs:/home/julien/Documents/ros/microros_ws/install/lifecycle_msgs:/home/julien/Documents/ros/microros_ws/install/complex_msgs:/home/julien/Documents/ros/microros_ws/install/builtin_interfaces:/home/julien/Documents/ros/ws_moveit2/install/pilz_industrial_motion_planner_testutils:/home/julien/Documents/ros/ws_moveit2/install/moveit_runtime:/home/julien/Documents/ros/ws_moveit2/install/moveit2_tutorials:/home/julien/Documents/ros/ws_moveit2/install/moveit:/home/julien/Documents/ros/ws_moveit2/install/moveit_planners:/home/julien/Documents/ros/ws_moveit2/install/pilz_industrial_motion_planner:/home/julien/Documents/ros/ws_moveit2/install/moveit_visual_tools:/home/julien/Documents/ros/ws_moveit2/install/moveit_task_constructor_visualization:/home/julien/Documents/ros/ws_moveit2/install/moveit_task_constructor_demo:/home/julien/Documents/ros/ws_moveit2/install/moveit_task_constructor_capabilities:/home/julien/Documents/ros/ws_moveit2/install/moveit_task_constructor_core:/home/julien/Documents/ros/ws_moveit2/install/moveit_ros_control_interface:/home/julien/Documents/ros/ws_moveit2/install/moveit_plugins:/home/julien/Documents/ros/ws_moveit2/install/moveit_simple_controller_manager:/home/julien/Documents/ros/ws_moveit2/install/moveit_setup_assistant:/home/julien/Documents/ros/ws_moveit2/install/moveit_setup_srdf_plugins:/home/julien/Documents/ros/ws_moveit2/install/moveit_setup_core_plugins:/home/julien/Documents/ros/ws_moveit2/install/moveit_setup_controllers:/home/julien/Documents/ros/ws_moveit2/install/moveit_setup_app_plugins:/home/julien/Documents/ros/ws_moveit2/install/moveit_setup_framework:/home/julien/Documents/ros/ws_moveit2/install/moveit_servo:/home/julien/Documents/ros/ws_moveit2/install/moveit_ros:/home/julien/Documents/ros/ws_moveit2/install/moveit_ros_visualization:/home/julien/Documents/ros/ws_moveit2/install/moveit_hybrid_planning:/home/julien/Documents/ros/ws_moveit2/install/moveit_ros_planning_interface:/home/julien/Documents/ros/ws_moveit2/install/moveit_ros_benchmarks:/home/julien/Documents/ros/ws_moveit2/install/moveit_ros_warehouse:/home/julien/Documents/ros/ws_moveit2/install/moveit_ros_robot_interaction:/home/julien/Documents/ros/ws_moveit2/install/moveit_ros_perception:/home/julien/Documents/ros/ws_moveit2/install/moveit_resources_prbt_pg70_support:/home/julien/Documents/ros/ws_moveit2/install/moveit_resources_prbt_moveit_config:/home/julien/Documents/ros/ws_moveit2/install/moveit_ros_move_group:/home/julien/Documents/ros/ws_moveit2/install/moveit_planners_ompl:/home/julien/Documents/ros/ws_moveit2/install/moveit_ros_planning:/home/julien/Documents/ros/ws_moveit2/install/moveit_ros_occupancy_map_monitor:/home/julien/Documents/ros/ws_moveit2/install/moveit_resources_prbt_ikfast_manipulator_plugin:/home/julien/Documents/ros/ws_moveit2/install/moveit_planners_chomp:/home/julien/Documents/ros/ws_moveit2/install/moveit_kinematics:/home/julien/Documents/ros/ws_moveit2/install/moveit_chomp_optimizer_adapter:/home/julien/Documents/ros/ws_moveit2/install/chomp_motion_planner:/home/julien/Documents/ros/ws_moveit2/install/moveit_core:/home/julien/Documents/ros/ws_moveit2/install/srdfdom:/home/julien/Documents/ros/ws_moveit2/install/rviz_marker_tools:/home/julien/Documents/ros/ws_moveit2/install/rosparam_shortcuts:/home/julien/Documents/ros/ws_moveit2/install/moveit_task_constructor_msgs:/home/julien/Documents/ros/ws_moveit2/install/moveit_resources_prbt_support:/home/julien/Documents/ros/ws_moveit2/install/moveit_resources:/home/julien/Documents/ros/ws_moveit2/install/moveit_resources_pr2_description:/home/julien/Documents/ros/ws_moveit2/install/moveit_resources_panda_moveit_config:/home/julien/Documents/ros/ws_moveit2/install/moveit_resources_panda_description:/home/julien/Documents/ros/ws_moveit2/install/moveit_resources_fanuc_moveit_config:/home/julien/Documents/ros/ws_moveit2/install/moveit_resources_fanuc_description:/home/julien/Documents/ros/ws_moveit2/install/moveit_common:/home/julien/Documents/ros/robot_arm/ros2_ws_robot/install/robot_moveit_config:/home/julien/Documents/ros/robot_arm/ros2_ws_robot/install/prog_robot_cpp:/home/julien/Documents/ros/ws_ros2/install/simple_pub_sub:/home/julien/Documents/ros/ws_ros2/install/py_pubsub:/home/julien/Documents/ros/microros_ws/install/sensor_msgs_py:/home/julien/Documents/ros/ws_moveit2/install/moveit_configs_utils:/home/julien/Documents/ros/ws_moveit2/install/launch_param_builder:/home/julien/Documents/ros/robot_arm/ros2_ws_robot/install/tictactoe:/home/julien/Documents/ros/robot_arm/ros2_ws_robot/install/prog_robot:/opt/ros/humble /usr/bin/cmake --build /home/julien/Documents/ros/robot_arm/ros2_ws_robot/build/robot_moveit_config -- -j4 -l4
[1.907s] DEBUG:colcon.colcon_core.event_handler.log_command:Invoked command in '/home/julien/Documents/ros/robot_arm/ros2_ws_robot/build/robot_moveit_config' returned '0': CMAKE_PREFIX_PATH=/home/julien/Documents/ros/robot_arm/ros2_ws_robot/install/robot_description:/home/julien/Documents/ros/rosbridge_suite/install/rosbridge_test_msgs:/home/julien/Documents/ros/rosbridge_suite/install/rosbridge_suite:/home/julien/Documents/ros/rosbridge_suite/install/rosbridge_server:/home/julien/Documents/ros/rosbridge_suite/install/rosbridge_msgs:/home/julien/Documents/ros/rosbridge_suite/install/rosapi:/home/julien/Documents/ros/rosbridge_suite/install/rosbridge_library:/home/julien/Documents/ros/rosbridge_suite/install/rosapi_msgs:/home/julien/Documents/ros/microros_ws/install/micro_ros_demos_rclc:/home/julien/Documents/ros/microros_ws/install/common_interfaces:/home/julien/Documents/ros/microros_ws/install/visualization_msgs:/home/julien/Documents/ros/microros_ws/install/test_msgs:/home/julien/Documents/ros/microros_ws/install/example_interfaces:/home/julien/Documents/ros/microros_ws/install/action_msgs:/home/julien/Documents/ros/microros_ws/install/unique_identifier_msgs:/home/julien/Documents/ros/microros_ws/install/trajectory_msgs:/home/julien/Documents/ros/microros_ws/install/stereo_msgs:/home/julien/Documents/ros/microros_ws/install/std_srvs:/home/julien/Documents/ros/microros_ws/install/shape_msgs:/home/julien/Documents/ros/microros_ws/install/sensor_msgs:/home/julien/Documents/ros/microros_ws/install/nav_msgs:/home/julien/Documents/ros/microros_ws/install/diagnostic_msgs:/home/julien/Documents/ros/microros_ws/install/geometry_msgs:/home/julien/Documents/ros/microros_ws/install/actionlib_msgs:/home/julien/Documents/ros/microros_ws/install/std_msgs:/home/julien/Documents/ros/microros_ws/install/statistics_msgs:/home/julien/Documents/ros/microros_ws/install/rosidl_typesupport_microxrcedds_test_msg:/home/julien/Documents/ros/microros_ws/install/rosidl_typesupport_microxrcedds_cpp_tests:/home/julien/Documents/ros/microros_ws/install/rmw_microxrcedds:/home/julien/Documents/ros/microros_ws/install/rosidl_typesupport_microxrcedds_cpp:/home/julien/Documents/ros/microros_ws/install/rosidl_typesupport_microxrcedds_c_tests:/home/julien/Documents/ros/microros_ws/install/rosidl_typesupport_microxrcedds_c:/home/julien/Documents/ros/microros_ws/install/rosgraph_msgs:/home/julien/Documents/ros/microros_ws/install/rclc_parameter:/home/julien/Documents/ros/microros_ws/install/rclc:/home/julien/Documents/ros/microros_ws/install/composition_interfaces:/home/julien/Documents/ros/microros_ws/install/rcl_interfaces:/home/julien/Documents/ros/microros_ws/install/microxrcedds_client:/home/julien/Documents/ros/microros_ws/install/microcdr:/home/julien/Documents/ros/microros_ws/install/micro_ros_utilities:/home/julien/Documents/ros/microros_ws/install/micro_ros_setup:/home/julien/Documents/ros/microros_ws/install/micro_ros_agent:/home/julien/Documents/ros/microros_ws/install/micro_ros_msgs:/home/julien/Documents/ros/microros_ws/install/lifecycle_msgs:/home/julien/Documents/ros/microros_ws/install/complex_msgs:/home/julien/Documents/ros/microros_ws/install/builtin_interfaces:/home/julien/Documents/ros/ws_moveit2/install/pilz_industrial_motion_planner_testutils:/home/julien/Documents/ros/ws_moveit2/install/moveit_runtime:/home/julien/Documents/ros/ws_moveit2/install/moveit2_tutorials:/home/julien/Documents/ros/ws_moveit2/install/moveit:/home/julien/Documents/ros/ws_moveit2/install/moveit_planners:/home/julien/Documents/ros/ws_moveit2/install/pilz_industrial_motion_planner:/home/julien/Documents/ros/ws_moveit2/install/moveit_visual_tools:/home/julien/Documents/ros/ws_moveit2/install/moveit_task_constructor_visualization:/home/julien/Documents/ros/ws_moveit2/install/moveit_task_constructor_demo:/home/julien/Documents/ros/ws_moveit2/install/moveit_task_constructor_capabilities:/home/julien/Documents/ros/ws_moveit2/install/moveit_task_constructor_core:/home/julien/Documents/ros/ws_moveit2/install/moveit_ros_control_interface:/home/julien/Documents/ros/ws_moveit2/install/moveit_plugins:/home/julien/Documents/ros/ws_moveit2/install/moveit_simple_controller_manager:/home/julien/Documents/ros/ws_moveit2/install/moveit_setup_assistant:/home/julien/Documents/ros/ws_moveit2/install/moveit_setup_srdf_plugins:/home/julien/Documents/ros/ws_moveit2/install/moveit_setup_core_plugins:/home/julien/Documents/ros/ws_moveit2/install/moveit_setup_controllers:/home/julien/Documents/ros/ws_moveit2/install/moveit_setup_app_plugins:/home/julien/Documents/ros/ws_moveit2/install/moveit_setup_framework:/home/julien/Documents/ros/ws_moveit2/install/moveit_servo:/home/julien/Documents/ros/ws_moveit2/install/moveit_ros:/home/julien/Documents/ros/ws_moveit2/install/moveit_ros_visualization:/home/julien/Documents/ros/ws_moveit2/install/moveit_hybrid_planning:/home/julien/Documents/ros/ws_moveit2/install/moveit_ros_planning_interface:/home/julien/Documents/ros/ws_moveit2/install/moveit_ros_benchmarks:/home/julien/Documents/ros/ws_moveit2/install/moveit_ros_warehouse:/home/julien/Documents/ros/ws_moveit2/install/moveit_ros_robot_interaction:/home/julien/Documents/ros/ws_moveit2/install/moveit_ros_perception:/home/julien/Documents/ros/ws_moveit2/install/moveit_resources_prbt_pg70_support:/home/julien/Documents/ros/ws_moveit2/install/moveit_resources_prbt_moveit_config:/home/julien/Documents/ros/ws_moveit2/install/moveit_ros_move_group:/home/julien/Documents/ros/ws_moveit2/install/moveit_planners_ompl:/home/julien/Documents/ros/ws_moveit2/install/moveit_ros_planning:/home/julien/Documents/ros/ws_moveit2/install/moveit_ros_occupancy_map_monitor:/home/julien/Documents/ros/ws_moveit2/install/moveit_resources_prbt_ikfast_manipulator_plugin:/home/julien/Documents/ros/ws_moveit2/install/moveit_planners_chomp:/home/julien/Documents/ros/ws_moveit2/install/moveit_kinematics:/home/julien/Documents/ros/ws_moveit2/install/moveit_chomp_optimizer_adapter:/home/julien/Documents/ros/ws_moveit2/install/chomp_motion_planner:/home/julien/Documents/ros/ws_moveit2/install/moveit_core:/home/julien/Documents/ros/ws_moveit2/install/srdfdom:/home/julien/Documents/ros/ws_moveit2/install/rviz_marker_tools:/home/julien/Documents/ros/ws_moveit2/install/rosparam_shortcuts:/home/julien/Documents/ros/ws_moveit2/install/moveit_task_constructor_msgs:/home/julien/Documents/ros/ws_moveit2/install/moveit_resources_prbt_support:/home/julien/Documents/ros/ws_moveit2/install/moveit_resources:/home/julien/Documents/ros/ws_moveit2/install/moveit_resources_pr2_description:/home/julien/Documents/ros/ws_moveit2/install/moveit_resources_panda_moveit_config:/home/julien/Documents/ros/ws_moveit2/install/moveit_resources_panda_description:/home/julien/Documents/ros/ws_moveit2/install/moveit_resources_fanuc_moveit_config:/home/julien/Documents/ros/ws_moveit2/install/moveit_resources_fanuc_description:/home/julien/Documents/ros/ws_moveit2/install/moveit_common:/home/julien/Documents/ros/robot_arm/ros2_ws_robot/install/robot_moveit_config:/home/julien/Documents/ros/robot_arm/ros2_ws_robot/install/prog_robot_cpp:/home/julien/Documents/ros/ws_ros2/install/simple_pub_sub:/home/julien/Documents/ros/ws_ros2/install/py_pubsub:/home/julien/Documents/ros/microros_ws/install/sensor_msgs_py:/home/julien/Documents/ros/ws_moveit2/install/moveit_configs_utils:/home/julien/Documents/ros/ws_moveit2/install/launch_param_builder:/home/julien/Documents/ros/robot_arm/ros2_ws_robot/install/tictactoe:/home/julien/Documents/ros/robot_arm/ros2_ws_robot/install/prog_robot:/opt/ros/humble /usr/bin/cmake --build /home/julien/Documents/ros/robot_arm/ros2_ws_robot/build/robot_moveit_config -- -j4 -l4
[1.986s] DEBUG:colcon.colcon_core.event_handler.log_command:Invoking command in '/home/julien/Documents/ros/robot_arm/ros2_ws_robot/build/robot_moveit_config': CMAKE_PREFIX_PATH=/home/julien/Documents/ros/robot_arm/ros2_ws_robot/install/robot_description:/home/julien/Documents/ros/rosbridge_suite/install/rosbridge_test_msgs:/home/julien/Documents/ros/rosbridge_suite/install/rosbridge_suite:/home/julien/Documents/ros/rosbridge_suite/install/rosbridge_server:/home/julien/Documents/ros/rosbridge_suite/install/rosbridge_msgs:/home/julien/Documents/ros/rosbridge_suite/install/rosapi:/home/julien/Documents/ros/rosbridge_suite/install/rosbridge_library:/home/julien/Documents/ros/rosbridge_suite/install/rosapi_msgs:/home/julien/Documents/ros/microros_ws/install/micro_ros_demos_rclc:/home/julien/Documents/ros/microros_ws/install/common_interfaces:/home/julien/Documents/ros/microros_ws/install/visualization_msgs:/home/julien/Documents/ros/microros_ws/install/test_msgs:/home/julien/Documents/ros/microros_ws/install/example_interfaces:/home/julien/Documents/ros/microros_ws/install/action_msgs:/home/julien/Documents/ros/microros_ws/install/unique_identifier_msgs:/home/julien/Documents/ros/microros_ws/install/trajectory_msgs:/home/julien/Documents/ros/microros_ws/install/stereo_msgs:/home/julien/Documents/ros/microros_ws/install/std_srvs:/home/julien/Documents/ros/microros_ws/install/shape_msgs:/home/julien/Documents/ros/microros_ws/install/sensor_msgs:/home/julien/Documents/ros/microros_ws/install/nav_msgs:/home/julien/Documents/ros/microros_ws/install/diagnostic_msgs:/home/julien/Documents/ros/microros_ws/install/geometry_msgs:/home/julien/Documents/ros/microros_ws/install/actionlib_msgs:/home/julien/Documents/ros/microros_ws/install/std_msgs:/home/julien/Documents/ros/microros_ws/install/statistics_msgs:/home/julien/Documents/ros/microros_ws/install/rosidl_typesupport_microxrcedds_test_msg:/home/julien/Documents/ros/microros_ws/install/rosidl_typesupport_microxrcedds_cpp_tests:/home/julien/Documents/ros/microros_ws/install/rmw_microxrcedds:/home/julien/Documents/ros/microros_ws/install/rosidl_typesupport_microxrcedds_cpp:/home/julien/Documents/ros/microros_ws/install/rosidl_typesupport_microxrcedds_c_tests:/home/julien/Documents/ros/microros_ws/install/rosidl_typesupport_microxrcedds_c:/home/julien/Documents/ros/microros_ws/install/rosgraph_msgs:/home/julien/Documents/ros/microros_ws/install/rclc_parameter:/home/julien/Documents/ros/microros_ws/install/rclc:/home/julien/Documents/ros/microros_ws/install/composition_interfaces:/home/julien/Documents/ros/microros_ws/install/rcl_interfaces:/home/julien/Documents/ros/microros_ws/install/microxrcedds_client:/home/julien/Documents/ros/microros_ws/install/microcdr:/home/julien/Documents/ros/microros_ws/install/micro_ros_utilities:/home/julien/Documents/ros/microros_ws/install/micro_ros_setup:/home/julien/Documents/ros/microros_ws/install/micro_ros_agent:/home/julien/Documents/ros/microros_ws/install/micro_ros_msgs:/home/julien/Documents/ros/microros_ws/install/lifecycle_msgs:/home/julien/Documents/ros/microros_ws/install/complex_msgs:/home/julien/Documents/ros/microros_ws/install/builtin_interfaces:/home/julien/Documents/ros/ws_moveit2/install/pilz_industrial_motion_planner_testutils:/home/julien/Documents/ros/ws_moveit2/install/moveit_runtime:/home/julien/Documents/ros/ws_moveit2/install/moveit2_tutorials:/home/julien/Documents/ros/ws_moveit2/install/moveit:/home/julien/Documents/ros/ws_moveit2/install/moveit_planners:/home/julien/Documents/ros/ws_moveit2/install/pilz_industrial_motion_planner:/home/julien/Documents/ros/ws_moveit2/install/moveit_visual_tools:/home/julien/Documents/ros/ws_moveit2/install/moveit_task_constructor_visualization:/home/julien/Documents/ros/ws_moveit2/install/moveit_task_constructor_demo:/home/julien/Documents/ros/ws_moveit2/install/moveit_task_constructor_capabilities:/home/julien/Documents/ros/ws_moveit2/install/moveit_task_constructor_core:/home/julien/Documents/ros/ws_moveit2/install/moveit_ros_control_interface:/home/julien/Documents/ros/ws_moveit2/install/moveit_plugins:/home/julien/Documents/ros/ws_moveit2/install/moveit_simple_controller_manager:/home/julien/Documents/ros/ws_moveit2/install/moveit_setup_assistant:/home/julien/Documents/ros/ws_moveit2/install/moveit_setup_srdf_plugins:/home/julien/Documents/ros/ws_moveit2/install/moveit_setup_core_plugins:/home/julien/Documents/ros/ws_moveit2/install/moveit_setup_controllers:/home/julien/Documents/ros/ws_moveit2/install/moveit_setup_app_plugins:/home/julien/Documents/ros/ws_moveit2/install/moveit_setup_framework:/home/julien/Documents/ros/ws_moveit2/install/moveit_servo:/home/julien/Documents/ros/ws_moveit2/install/moveit_ros:/home/julien/Documents/ros/ws_moveit2/install/moveit_ros_visualization:/home/julien/Documents/ros/ws_moveit2/install/moveit_hybrid_planning:/home/julien/Documents/ros/ws_moveit2/install/moveit_ros_planning_interface:/home/julien/Documents/ros/ws_moveit2/install/moveit_ros_benchmarks:/home/julien/Documents/ros/ws_moveit2/install/moveit_ros_warehouse:/home/julien/Documents/ros/ws_moveit2/install/moveit_ros_robot_interaction:/home/julien/Documents/ros/ws_moveit2/install/moveit_ros_perception:/home/julien/Documents/ros/ws_moveit2/install/moveit_resources_prbt_pg70_support:/home/julien/Documents/ros/ws_moveit2/install/moveit_resources_prbt_moveit_config:/home/julien/Documents/ros/ws_moveit2/install/moveit_ros_move_group:/home/julien/Documents/ros/ws_moveit2/install/moveit_planners_ompl:/home/julien/Documents/ros/ws_moveit2/install/moveit_ros_planning:/home/julien/Documents/ros/ws_moveit2/install/moveit_ros_occupancy_map_monitor:/home/julien/Documents/ros/ws_moveit2/install/moveit_resources_prbt_ikfast_manipulator_plugin:/home/julien/Documents/ros/ws_moveit2/install/moveit_planners_chomp:/home/julien/Documents/ros/ws_moveit2/install/moveit_kinematics:/home/julien/Documents/ros/ws_moveit2/install/moveit_chomp_optimizer_adapter:/home/julien/Documents/ros/ws_moveit2/install/chomp_motion_planner:/home/julien/Documents/ros/ws_moveit2/install/moveit_core:/home/julien/Documents/ros/ws_moveit2/install/srdfdom:/home/julien/Documents/ros/ws_moveit2/install/rviz_marker_tools:/home/julien/Documents/ros/ws_moveit2/install/rosparam_shortcuts:/home/julien/Documents/ros/ws_moveit2/install/moveit_task_constructor_msgs:/home/julien/Documents/ros/ws_moveit2/install/moveit_resources_prbt_support:/home/julien/Documents/ros/ws_moveit2/install/moveit_resources:/home/julien/Documents/ros/ws_moveit2/install/moveit_resources_pr2_description:/home/julien/Documents/ros/ws_moveit2/install/moveit_resources_panda_moveit_config:/home/julien/Documents/ros/ws_moveit2/install/moveit_resources_panda_description:/home/julien/Documents/ros/ws_moveit2/install/moveit_resources_fanuc_moveit_config:/home/julien/Documents/ros/ws_moveit2/install/moveit_resources_fanuc_description:/home/julien/Documents/ros/ws_moveit2/install/moveit_common:/home/julien/Documents/ros/robot_arm/ros2_ws_robot/install/robot_moveit_config:/home/julien/Documents/ros/robot_arm/ros2_ws_robot/install/prog_robot_cpp:/home/julien/Documents/ros/ws_ros2/install/simple_pub_sub:/home/julien/Documents/ros/ws_ros2/install/py_pubsub:/home/julien/Documents/ros/microros_ws/install/sensor_msgs_py:/home/julien/Documents/ros/ws_moveit2/install/moveit_configs_utils:/home/julien/Documents/ros/ws_moveit2/install/launch_param_builder:/home/julien/Documents/ros/robot_arm/ros2_ws_robot/install/tictactoe:/home/julien/Documents/ros/robot_arm/ros2_ws_robot/install/prog_robot:/opt/ros/humble /usr/bin/cmake --install /home/julien/Documents/ros/robot_arm/ros2_ws_robot/build/robot_moveit_config
[2.018s] Level 1:colcon.colcon_core.environment:create_environment_scripts_only(robot_moveit_config)
[2.021s] Level 1:colcon.colcon_core.environment:checking '/home/julien/Documents/ros/robot_arm/ros2_ws_robot/install/robot_moveit_config' for CMake module files
[2.021s] Level 1:colcon.colcon_core.environment:checking '/home/julien/Documents/ros/robot_arm/ros2_ws_robot/install/robot_moveit_config' for CMake config files
[2.021s] Level 1:colcon.colcon_core.shell:create_environment_hook('robot_moveit_config', 'cmake_prefix_path')
[2.023s] INFO:colcon.colcon_core.shell:Creating environment hook '/home/julien/Documents/ros/robot_arm/ros2_ws_robot/install/robot_moveit_config/share/robot_moveit_config/hook/cmake_prefix_path.ps1'
[2.025s] DEBUG:colcon.colcon_core.event_handler.log_command:Invoked command in '/home/julien/Documents/ros/robot_arm/ros2_ws_robot/build/robot_moveit_config' returned '0': CMAKE_PREFIX_PATH=/home/julien/Documents/ros/robot_arm/ros2_ws_robot/install/robot_description:/home/julien/Documents/ros/rosbridge_suite/install/rosbridge_test_msgs:/home/julien/Documents/ros/rosbridge_suite/install/rosbridge_suite:/home/julien/Documents/ros/rosbridge_suite/install/rosbridge_server:/home/julien/Documents/ros/rosbridge_suite/install/rosbridge_msgs:/home/julien/Documents/ros/rosbridge_suite/install/rosapi:/home/julien/Documents/ros/rosbridge_suite/install/rosbridge_library:/home/julien/Documents/ros/rosbridge_suite/install/rosapi_msgs:/home/julien/Documents/ros/microros_ws/install/micro_ros_demos_rclc:/home/julien/Documents/ros/microros_ws/install/common_interfaces:/home/julien/Documents/ros/microros_ws/install/visualization_msgs:/home/julien/Documents/ros/microros_ws/install/test_msgs:/home/julien/Documents/ros/microros_ws/install/example_interfaces:/home/julien/Documents/ros/microros_ws/install/action_msgs:/home/julien/Documents/ros/microros_ws/install/unique_identifier_msgs:/home/julien/Documents/ros/microros_ws/install/trajectory_msgs:/home/julien/Documents/ros/microros_ws/install/stereo_msgs:/home/julien/Documents/ros/microros_ws/install/std_srvs:/home/julien/Documents/ros/microros_ws/install/shape_msgs:/home/julien/Documents/ros/microros_ws/install/sensor_msgs:/home/julien/Documents/ros/microros_ws/install/nav_msgs:/home/julien/Documents/ros/microros_ws/install/diagnostic_msgs:/home/julien/Documents/ros/microros_ws/install/geometry_msgs:/home/julien/Documents/ros/microros_ws/install/actionlib_msgs:/home/julien/Documents/ros/microros_ws/install/std_msgs:/home/julien/Documents/ros/microros_ws/install/statistics_msgs:/home/julien/Documents/ros/microros_ws/install/rosidl_typesupport_microxrcedds_test_msg:/home/julien/Documents/ros/microros_ws/install/rosidl_typesupport_microxrcedds_cpp_tests:/home/julien/Documents/ros/microros_ws/install/rmw_microxrcedds:/home/julien/Documents/ros/microros_ws/install/rosidl_typesupport_microxrcedds_cpp:/home/julien/Documents/ros/microros_ws/install/rosidl_typesupport_microxrcedds_c_tests:/home/julien/Documents/ros/microros_ws/install/rosidl_typesupport_microxrcedds_c:/home/julien/Documents/ros/microros_ws/install/rosgraph_msgs:/home/julien/Documents/ros/microros_ws/install/rclc_parameter:/home/julien/Documents/ros/microros_ws/install/rclc:/home/julien/Documents/ros/microros_ws/install/composition_interfaces:/home/julien/Documents/ros/microros_ws/install/rcl_interfaces:/home/julien/Documents/ros/microros_ws/install/microxrcedds_client:/home/julien/Documents/ros/microros_ws/install/microcdr:/home/julien/Documents/ros/microros_ws/install/micro_ros_utilities:/home/julien/Documents/ros/microros_ws/install/micro_ros_setup:/home/julien/Documents/ros/microros_ws/install/micro_ros_agent:/home/julien/Documents/ros/microros_ws/install/micro_ros_msgs:/home/julien/Documents/ros/microros_ws/install/lifecycle_msgs:/home/julien/Documents/ros/microros_ws/install/complex_msgs:/home/julien/Documents/ros/microros_ws/install/builtin_interfaces:/home/julien/Documents/ros/ws_moveit2/install/pilz_industrial_motion_planner_testutils:/home/julien/Documents/ros/ws_moveit2/install/moveit_runtime:/home/julien/Documents/ros/ws_moveit2/install/moveit2_tutorials:/home/julien/Documents/ros/ws_moveit2/install/moveit:/home/julien/Documents/ros/ws_moveit2/install/moveit_planners:/home/julien/Documents/ros/ws_moveit2/install/pilz_industrial_motion_planner:/home/julien/Documents/ros/ws_moveit2/install/moveit_visual_tools:/home/julien/Documents/ros/ws_moveit2/install/moveit_task_constructor_visualization:/home/julien/Documents/ros/ws_moveit2/install/moveit_task_constructor_demo:/home/julien/Documents/ros/ws_moveit2/install/moveit_task_constructor_capabilities:/home/julien/Documents/ros/ws_moveit2/install/moveit_task_constructor_core:/home/julien/Documents/ros/ws_moveit2/install/moveit_ros_control_interface:/home/julien/Documents/ros/ws_moveit2/install/moveit_plugins:/home/julien/Documents/ros/ws_moveit2/install/moveit_simple_controller_manager:/home/julien/Documents/ros/ws_moveit2/install/moveit_setup_assistant:/home/julien/Documents/ros/ws_moveit2/install/moveit_setup_srdf_plugins:/home/julien/Documents/ros/ws_moveit2/install/moveit_setup_core_plugins:/home/julien/Documents/ros/ws_moveit2/install/moveit_setup_controllers:/home/julien/Documents/ros/ws_moveit2/install/moveit_setup_app_plugins:/home/julien/Documents/ros/ws_moveit2/install/moveit_setup_framework:/home/julien/Documents/ros/ws_moveit2/install/moveit_servo:/home/julien/Documents/ros/ws_moveit2/install/moveit_ros:/home/julien/Documents/ros/ws_moveit2/install/moveit_ros_visualization:/home/julien/Documents/ros/ws_moveit2/install/moveit_hybrid_planning:/home/julien/Documents/ros/ws_moveit2/install/moveit_ros_planning_interface:/home/julien/Documents/ros/ws_moveit2/install/moveit_ros_benchmarks:/home/julien/Documents/ros/ws_moveit2/install/moveit_ros_warehouse:/home/julien/Documents/ros/ws_moveit2/install/moveit_ros_robot_interaction:/home/julien/Documents/ros/ws_moveit2/install/moveit_ros_perception:/home/julien/Documents/ros/ws_moveit2/install/moveit_resources_prbt_pg70_support:/home/julien/Documents/ros/ws_moveit2/install/moveit_resources_prbt_moveit_config:/home/julien/Documents/ros/ws_moveit2/install/moveit_ros_move_group:/home/julien/Documents/ros/ws_moveit2/install/moveit_planners_ompl:/home/julien/Documents/ros/ws_moveit2/install/moveit_ros_planning:/home/julien/Documents/ros/ws_moveit2/install/moveit_ros_occupancy_map_monitor:/home/julien/Documents/ros/ws_moveit2/install/moveit_resources_prbt_ikfast_manipulator_plugin:/home/julien/Documents/ros/ws_moveit2/install/moveit_planners_chomp:/home/julien/Documents/ros/ws_moveit2/install/moveit_kinematics:/home/julien/Documents/ros/ws_moveit2/install/moveit_chomp_optimizer_adapter:/home/julien/Documents/ros/ws_moveit2/install/chomp_motion_planner:/home/julien/Documents/ros/ws_moveit2/install/moveit_core:/home/julien/Documents/ros/ws_moveit2/install/srdfdom:/home/julien/Documents/ros/ws_moveit2/install/rviz_marker_tools:/home/julien/Documents/ros/ws_moveit2/install/rosparam_shortcuts:/home/julien/Documents/ros/ws_moveit2/install/moveit_task_constructor_msgs:/home/julien/Documents/ros/ws_moveit2/install/moveit_resources_prbt_support:/home/julien/Documents/ros/ws_moveit2/install/moveit_resources:/home/julien/Documents/ros/ws_moveit2/install/moveit_resources_pr2_description:/home/julien/Documents/ros/ws_moveit2/install/moveit_resources_panda_moveit_config:/home/julien/Documents/ros/ws_moveit2/install/moveit_resources_panda_description:/home/julien/Documents/ros/ws_moveit2/install/moveit_resources_fanuc_moveit_config:/home/julien/Documents/ros/ws_moveit2/install/moveit_resources_fanuc_description:/home/julien/Documents/ros/ws_moveit2/install/moveit_common:/home/julien/Documents/ros/robot_arm/ros2_ws_robot/install/robot_moveit_config:/home/julien/Documents/ros/robot_arm/ros2_ws_robot/install/prog_robot_cpp:/home/julien/Documents/ros/ws_ros2/install/simple_pub_sub:/home/julien/Documents/ros/ws_ros2/install/py_pubsub:/home/julien/Documents/ros/microros_ws/install/sensor_msgs_py:/home/julien/Documents/ros/ws_moveit2/install/moveit_configs_utils:/home/julien/Documents/ros/ws_moveit2/install/launch_param_builder:/home/julien/Documents/ros/robot_arm/ros2_ws_robot/install/tictactoe:/home/julien/Documents/ros/robot_arm/ros2_ws_robot/install/prog_robot:/opt/ros/humble /usr/bin/cmake --install /home/julien/Documents/ros/robot_arm/ros2_ws_robot/build/robot_moveit_config
[2.026s] INFO:colcon.colcon_core.shell:Creating environment descriptor '/home/julien/Documents/ros/robot_arm/ros2_ws_robot/install/robot_moveit_config/share/robot_moveit_config/hook/cmake_prefix_path.dsv'
[2.027s] INFO:colcon.colcon_core.shell:Creating environment hook '/home/julien/Documents/ros/robot_arm/ros2_ws_robot/install/robot_moveit_config/share/robot_moveit_config/hook/cmake_prefix_path.sh'
[2.028s] Level 1:colcon.colcon_core.environment:checking '/home/julien/Documents/ros/robot_arm/ros2_ws_robot/install/robot_moveit_config/bin'
[2.029s] Level 1:colcon.colcon_core.environment:checking '/home/julien/Documents/ros/robot_arm/ros2_ws_robot/install/robot_moveit_config/lib/pkgconfig/robot_moveit_config.pc'
[2.029s] Level 1:colcon.colcon_core.environment:checking '/home/julien/Documents/ros/robot_arm/ros2_ws_robot/install/robot_moveit_config/lib/python3.10/site-packages'
[2.029s] Level 1:colcon.colcon_core.environment:checking '/home/julien/Documents/ros/robot_arm/ros2_ws_robot/install/robot_moveit_config/bin'
[2.031s] INFO:colcon.colcon_core.shell:Creating package script '/home/julien/Documents/ros/robot_arm/ros2_ws_robot/install/robot_moveit_config/share/robot_moveit_config/package.ps1'
[2.033s] INFO:colcon.colcon_core.shell:Creating package descriptor '/home/julien/Documents/ros/robot_arm/ros2_ws_robot/install/robot_moveit_config/share/robot_moveit_config/package.dsv'
[2.034s] INFO:colcon.colcon_core.shell:Creating package script '/home/julien/Documents/ros/robot_arm/ros2_ws_robot/install/robot_moveit_config/share/robot_moveit_config/package.sh'
[2.035s] INFO:colcon.colcon_core.shell:Creating package script '/home/julien/Documents/ros/robot_arm/ros2_ws_robot/install/robot_moveit_config/share/robot_moveit_config/package.bash'
[2.036s] INFO:colcon.colcon_core.shell:Creating package script '/home/julien/Documents/ros/robot_arm/ros2_ws_robot/install/robot_moveit_config/share/robot_moveit_config/package.zsh'
[2.037s] Level 1:colcon.colcon_core.environment:create_file_with_runtime_dependencies(/home/julien/Documents/ros/robot_arm/ros2_ws_robot/install/robot_moveit_config/share/colcon-core/packages/robot_moveit_config)
[2.078s] DEBUG:colcon.colcon_core.event_handler.log_command:Invoking command in '/home/julien/Documents/ros/robot_arm/ros2_ws_robot/src/prog_robot': PYTHONPATH=/home/julien/Documents/ros/robot_arm/ros2_ws_robot/build/prog_robot/prefix_override:/home/julien/Documents/ros/robot_arm/ros2_ws_robot/install/prog_robot/lib/python3.10/site-packages:${PYTHONPATH} /usr/bin/python3 setup.py egg_info --egg-base ../../build/prog_robot build --build-base /home/julien/Documents/ros/robot_arm/ros2_ws_robot/build/prog_robot/build install --record /home/julien/Documents/ros/robot_arm/ros2_ws_robot/build/prog_robot/install.log --single-version-externally-managed
[2.080s] DEBUG:colcon.colcon_core.event_handler.log_command:Invoking command in '/home/julien/Documents/ros/robot_arm/ros2_ws_robot/src/tictactoe': PYTHONPATH=/home/julien/Documents/ros/robot_arm/ros2_ws_robot/build/tictactoe/prefix_override:/home/julien/Documents/ros/robot_arm/ros2_ws_robot/install/tictactoe/lib/python3.10/site-packages:${PYTHONPATH} /usr/bin/python3 setup.py egg_info --egg-base ../../build/tictactoe build --build-base /home/julien/Documents/ros/robot_arm/ros2_ws_robot/build/tictactoe/build install --record /home/julien/Documents/ros/robot_arm/ros2_ws_robot/build/tictactoe/install.log --single-version-externally-managed
[2.120s] Level 1:colcon.colcon_core.environment:create_environment_scripts_only(robot_moveit_config)
[2.122s] Level 1:colcon.colcon_core.environment:checking '/home/julien/Documents/ros/robot_arm/ros2_ws_robot/install/robot_moveit_config' for CMake module files
[2.122s] Level 1:colcon.colcon_core.environment:checking '/home/julien/Documents/ros/robot_arm/ros2_ws_robot/install/robot_moveit_config' for CMake config files
[2.123s] Level 1:colcon.colcon_core.shell:create_environment_hook('robot_moveit_config', 'cmake_prefix_path')
[2.124s] INFO:colcon.colcon_core.shell:Creating environment hook '/home/julien/Documents/ros/robot_arm/ros2_ws_robot/install/robot_moveit_config/share/robot_moveit_config/hook/cmake_prefix_path.ps1'
[2.125s] INFO:colcon.colcon_core.shell:Creating environment descriptor '/home/julien/Documents/ros/robot_arm/ros2_ws_robot/install/robot_moveit_config/share/robot_moveit_config/hook/cmake_prefix_path.dsv'
[2.125s] INFO:colcon.colcon_core.shell:Creating environment hook '/home/julien/Documents/ros/robot_arm/ros2_ws_robot/install/robot_moveit_config/share/robot_moveit_config/hook/cmake_prefix_path.sh'
[2.126s] Level 1:colcon.colcon_core.environment:checking '/home/julien/Documents/ros/robot_arm/ros2_ws_robot/install/robot_moveit_config/bin'
[2.126s] Level 1:colcon.colcon_core.environment:checking '/home/julien/Documents/ros/robot_arm/ros2_ws_robot/install/robot_moveit_config/lib/pkgconfig/robot_moveit_config.pc'
[2.127s] Level 1:colcon.colcon_core.environment:checking '/home/julien/Documents/ros/robot_arm/ros2_ws_robot/install/robot_moveit_config/lib/python3.10/site-packages'
[2.128s] Level 1:colcon.colcon_core.environment:checking '/home/julien/Documents/ros/robot_arm/ros2_ws_robot/install/robot_moveit_config/bin'
[2.129s] INFO:colcon.colcon_core.shell:Creating package script '/home/julien/Documents/ros/robot_arm/ros2_ws_robot/install/robot_moveit_config/share/robot_moveit_config/package.ps1'
[2.130s] INFO:colcon.colcon_core.shell:Creating package descriptor '/home/julien/Documents/ros/robot_arm/ros2_ws_robot/install/robot_moveit_config/share/robot_moveit_config/package.dsv'
[2.130s] INFO:colcon.colcon_core.shell:Creating package script '/home/julien/Documents/ros/robot_arm/ros2_ws_robot/install/robot_moveit_config/share/robot_moveit_config/package.sh'
[2.131s] INFO:colcon.colcon_core.shell:Creating package script '/home/julien/Documents/ros/robot_arm/ros2_ws_robot/install/robot_moveit_config/share/robot_moveit_config/package.bash'
[2.131s] INFO:colcon.colcon_core.shell:Creating package script '/home/julien/Documents/ros/robot_arm/ros2_ws_robot/install/robot_moveit_config/share/robot_moveit_config/package.zsh'
[2.132s] Level 1:colcon.colcon_core.environment:create_file_with_runtime_dependencies(/home/julien/Documents/ros/robot_arm/ros2_ws_robot/install/robot_moveit_config/share/colcon-core/packages/robot_moveit_config)
[2.508s] Level 1:colcon.colcon_core.environment:checking '/home/julien/Documents/ros/robot_arm/ros2_ws_robot/install/tictactoe' for CMake module files
[2.509s] Level 1:colcon.colcon_core.environment:checking '/home/julien/Documents/ros/robot_arm/ros2_ws_robot/install/tictactoe' for CMake config files
[2.510s] Level 1:colcon.colcon_core.environment:checking '/home/julien/Documents/ros/robot_arm/ros2_ws_robot/install/tictactoe/lib'
[2.510s] Level 1:colcon.colcon_core.environment:checking '/home/julien/Documents/ros/robot_arm/ros2_ws_robot/install/tictactoe/bin'
[2.510s] Level 1:colcon.colcon_core.environment:checking '/home/julien/Documents/ros/robot_arm/ros2_ws_robot/install/tictactoe/lib/pkgconfig/tictactoe.pc'
[2.510s] Level 1:colcon.colcon_core.environment:checking '/home/julien/Documents/ros/robot_arm/ros2_ws_robot/install/tictactoe/lib/python3.10/site-packages'
[2.510s] Level 1:colcon.colcon_core.shell:create_environment_hook('tictactoe', 'pythonpath')
[2.512s] INFO:colcon.colcon_core.shell:Creating environment hook '/home/julien/Documents/ros/robot_arm/ros2_ws_robot/install/tictactoe/share/tictactoe/hook/pythonpath.ps1'
[2.512s] DEBUG:colcon.colcon_core.event_handler.log_command:Invoked command in '/home/julien/Documents/ros/robot_arm/ros2_ws_robot/src/tictactoe' returned '0': PYTHONPATH=/home/julien/Documents/ros/robot_arm/ros2_ws_robot/build/tictactoe/prefix_override:/home/julien/Documents/ros/robot_arm/ros2_ws_robot/install/tictactoe/lib/python3.10/site-packages:${PYTHONPATH} /usr/bin/python3 setup.py egg_info --egg-base ../../build/tictactoe build --build-base /home/julien/Documents/ros/robot_arm/ros2_ws_robot/build/tictactoe/build install --record /home/julien/Documents/ros/robot_arm/ros2_ws_robot/build/tictactoe/install.log --single-version-externally-managed
[2.513s] INFO:colcon.colcon_core.shell:Creating environment descriptor '/home/julien/Documents/ros/robot_arm/ros2_ws_robot/install/tictactoe/share/tictactoe/hook/pythonpath.dsv'
[2.514s] INFO:colcon.colcon_core.shell:Creating environment hook '/home/julien/Documents/ros/robot_arm/ros2_ws_robot/install/tictactoe/share/tictactoe/hook/pythonpath.sh'
[2.514s] Level 1:colcon.colcon_core.environment:checking '/home/julien/Documents/ros/robot_arm/ros2_ws_robot/install/tictactoe/bin'
[2.514s] Level 1:colcon.colcon_core.environment:create_environment_scripts_only(tictactoe)
[2.516s] INFO:colcon.colcon_core.shell:Creating package script '/home/julien/Documents/ros/robot_arm/ros2_ws_robot/install/tictactoe/share/tictactoe/package.ps1'
[2.517s] INFO:colcon.colcon_core.shell:Creating package descriptor '/home/julien/Documents/ros/robot_arm/ros2_ws_robot/install/tictactoe/share/tictactoe/package.dsv'
[2.517s] INFO:colcon.colcon_core.shell:Creating package script '/home/julien/Documents/ros/robot_arm/ros2_ws_robot/install/tictactoe/share/tictactoe/package.sh'
[2.518s] INFO:colcon.colcon_core.shell:Creating package script '/home/julien/Documents/ros/robot_arm/ros2_ws_robot/install/tictactoe/share/tictactoe/package.bash'
[2.518s] INFO:colcon.colcon_core.shell:Creating package script '/home/julien/Documents/ros/robot_arm/ros2_ws_robot/install/tictactoe/share/tictactoe/package.zsh'
[2.518s] Level 1:colcon.colcon_core.environment:create_file_with_runtime_dependencies(/home/julien/Documents/ros/robot_arm/ros2_ws_robot/install/tictactoe/share/colcon-core/packages/tictactoe)
[2.523s] Level 1:colcon.colcon_core.environment:checking '/home/julien/Documents/ros/robot_arm/ros2_ws_robot/install/prog_robot' for CMake module files
[2.523s] DEBUG:colcon.colcon_core.event_handler.log_command:Invoked command in '/home/julien/Documents/ros/robot_arm/ros2_ws_robot/src/prog_robot' returned '0': PYTHONPATH=/home/julien/Documents/ros/robot_arm/ros2_ws_robot/build/prog_robot/prefix_override:/home/julien/Documents/ros/robot_arm/ros2_ws_robot/install/prog_robot/lib/python3.10/site-packages:${PYTHONPATH} /usr/bin/python3 setup.py egg_info --egg-base ../../build/prog_robot build --build-base /home/julien/Documents/ros/robot_arm/ros2_ws_robot/build/prog_robot/build install --record /home/julien/Documents/ros/robot_arm/ros2_ws_robot/build/prog_robot/install.log --single-version-externally-managed
[2.524s] Level 1:colcon.colcon_core.environment:checking '/home/julien/Documents/ros/robot_arm/ros2_ws_robot/install/prog_robot' for CMake config files
[2.524s] Level 1:colcon.colcon_core.environment:checking '/home/julien/Documents/ros/robot_arm/ros2_ws_robot/install/prog_robot/lib'
[2.525s] Level 1:colcon.colcon_core.environment:checking '/home/julien/Documents/ros/robot_arm/ros2_ws_robot/install/prog_robot/bin'
[2.525s] Level 1:colcon.colcon_core.environment:checking '/home/julien/Documents/ros/robot_arm/ros2_ws_robot/install/prog_robot/lib/pkgconfig/prog_robot.pc'
[2.525s] Level 1:colcon.colcon_core.environment:checking '/home/julien/Documents/ros/robot_arm/ros2_ws_robot/install/prog_robot/lib/python3.10/site-packages'
[2.525s] Level 1:colcon.colcon_core.shell:create_environment_hook('prog_robot', 'pythonpath')
[2.527s] INFO:colcon.colcon_core.shell:Creating environment hook '/home/julien/Documents/ros/robot_arm/ros2_ws_robot/install/prog_robot/share/prog_robot/hook/pythonpath.ps1'
[2.528s] INFO:colcon.colcon_core.shell:Creating environment descriptor '/home/julien/Documents/ros/robot_arm/ros2_ws_robot/install/prog_robot/share/prog_robot/hook/pythonpath.dsv'
[2.528s] INFO:colcon.colcon_core.shell:Creating environment hook '/home/julien/Documents/ros/robot_arm/ros2_ws_robot/install/prog_robot/share/prog_robot/hook/pythonpath.sh'
[2.529s] Level 1:colcon.colcon_core.environment:checking '/home/julien/Documents/ros/robot_arm/ros2_ws_robot/install/prog_robot/bin'
[2.529s] Level 1:colcon.colcon_core.environment:create_environment_scripts_only(prog_robot)
[2.530s] INFO:colcon.colcon_core.shell:Creating package script '/home/julien/Documents/ros/robot_arm/ros2_ws_robot/install/prog_robot/share/prog_robot/package.ps1'
[2.531s] INFO:colcon.colcon_core.shell:Creating package descriptor '/home/julien/Documents/ros/robot_arm/ros2_ws_robot/install/prog_robot/share/prog_robot/package.dsv'
[2.532s] INFO:colcon.colcon_core.shell:Creating package script '/home/julien/Documents/ros/robot_arm/ros2_ws_robot/install/prog_robot/share/prog_robot/package.sh'
[2.532s] INFO:colcon.colcon_core.shell:Creating package script '/home/julien/Documents/ros/robot_arm/ros2_ws_robot/install/prog_robot/share/prog_robot/package.bash'
[2.532s] INFO:colcon.colcon_core.shell:Creating package script '/home/julien/Documents/ros/robot_arm/ros2_ws_robot/install/prog_robot/share/prog_robot/package.zsh'
[2.533s] Level 1:colcon.colcon_core.environment:create_file_with_runtime_dependencies(/home/julien/Documents/ros/robot_arm/ros2_ws_robot/install/prog_robot/share/colcon-core/packages/prog_robot)
[2.533s] DEBUG:colcon.colcon_parallel_executor.executor.parallel:closing loop
[2.534s] DEBUG:colcon.colcon_parallel_executor.executor.parallel:loop closed
[2.534s] DEBUG:colcon.colcon_parallel_executor.executor.parallel:run_until_complete finished with '0'
[2.534s] DEBUG:colcon.colcon_core.event_reactor:joining thread
[2.542s] INFO:colcon.colcon_core.plugin_system:Skipping extension 'colcon_notification.desktop_notification.terminal_notifier': Not used on non-Darwin systems
[2.542s] INFO:colcon.colcon_core.plugin_system:Skipping extension 'colcon_notification.desktop_notification.win32': Not used on non-Windows systems
[2.542s] INFO:colcon.colcon_notification.desktop_notification:Sending desktop notification using 'notify2'
[2.554s] DEBUG:colcon.colcon_core.event_reactor:joined thread
[2.556s] INFO:colcon.colcon_core.shell:Creating prefix script '/home/julien/Documents/ros/robot_arm/ros2_ws_robot/install/local_setup.ps1'
[2.557s] INFO:colcon.colcon_core.shell:Creating prefix util module '/home/julien/Documents/ros/robot_arm/ros2_ws_robot/install/_local_setup_util_ps1.py'
[2.559s] INFO:colcon.colcon_core.shell:Creating prefix chain script '/home/julien/Documents/ros/robot_arm/ros2_ws_robot/install/setup.ps1'
[2.566s] INFO:colcon.colcon_core.shell:Creating prefix script '/home/julien/Documents/ros/robot_arm/ros2_ws_robot/install/local_setup.sh'
[2.567s] INFO:colcon.colcon_core.shell:Creating prefix util module '/home/julien/Documents/ros/robot_arm/ros2_ws_robot/install/_local_setup_util_sh.py'
[2.567s] INFO:colcon.colcon_core.shell:Creating prefix chain script '/home/julien/Documents/ros/robot_arm/ros2_ws_robot/install/setup.sh'
[2.575s] INFO:colcon.colcon_core.shell:Creating prefix script '/home/julien/Documents/ros/robot_arm/ros2_ws_robot/install/local_setup.bash'
[2.576s] INFO:colcon.colcon_core.shell:Creating prefix chain script '/home/julien/Documents/ros/robot_arm/ros2_ws_robot/install/setup.bash'
[2.583s] INFO:colcon.colcon_core.shell:Creating prefix script '/home/julien/Documents/ros/robot_arm/ros2_ws_robot/install/local_setup.zsh'
[2.584s] INFO:colcon.colcon_core.shell:Creating prefix chain script '/home/julien/Documents/ros/robot_arm/ros2_ws_robot/install/setup.zsh'
