[1.716s] Invoking command in '/home/julien/Documents/ros/robot_arm/ros2_ws_robot/src/tictactoe': PYTHONPATH=/home/julien/Documents/ros/robot_arm/ros2_ws_robot/build/tictactoe/prefix_override:/home/julien/Documents/ros/robot_arm/ros2_ws_robot/install/tictactoe/lib/python3.10/site-packages:${PYTHONPATH} /usr/bin/python3 setup.py egg_info --egg-base ../../build/tictactoe build --build-base /home/julien/Documents/ros/robot_arm/ros2_ws_robot/build/tictactoe/build install --record /home/julien/Documents/ros/robot_arm/ros2_ws_robot/build/tictactoe/install.log --single-version-externally-managed
[2.195s] running egg_info
[2.197s] writing ../../build/tictactoe/tictactoe.egg-info/PKG-INFO
[2.197s] writing dependency_links to ../../build/tictactoe/tictactoe.egg-info/dependency_links.txt
[2.197s] writing entry points to ../../build/tictactoe/tictactoe.egg-info/entry_points.txt
[2.198s] writing requirements to ../../build/tictactoe/tictactoe.egg-info/requires.txt
[2.198s] writing top-level names to ../../build/tictactoe/tictactoe.egg-info/top_level.txt
[2.201s] reading manifest file '../../build/tictactoe/tictactoe.egg-info/SOURCES.txt'
[2.202s] writing manifest file '../../build/tictactoe/tictactoe.egg-info/SOURCES.txt'
[2.203s] running build
[2.203s] running build_py
[2.204s] copying tictactoe/main.py -> /home/julien/Documents/ros/robot_arm/ros2_ws_robot/build/tictactoe/build/lib/tictactoe
[2.205s] running install
[2.206s] running install_lib
[2.207s] copying /home/julien/Documents/ros/robot_arm/ros2_ws_robot/build/tictactoe/build/lib/tictactoe/main.py -> /home/julien/Documents/ros/robot_arm/ros2_ws_robot/install/tictactoe/lib/python3.10/site-packages/tictactoe
[2.209s] byte-compiling /home/julien/Documents/ros/robot_arm/ros2_ws_robot/install/tictactoe/lib/python3.10/site-packages/tictactoe/main.py to main.cpython-310.pyc
[2.213s] running install_data
[2.214s] running install_egg_info
[2.217s] removing '/home/julien/Documents/ros/robot_arm/ros2_ws_robot/install/tictactoe/lib/python3.10/site-packages/tictactoe-0.0.0-py3.10.egg-info' (and everything under it)
[2.223s] Copying ../../build/tictactoe/tictactoe.egg-info to /home/julien/Documents/ros/robot_arm/ros2_ws_robot/install/tictactoe/lib/python3.10/site-packages/tictactoe-0.0.0-py3.10.egg-info
[2.223s] running install_scripts
[2.258s] Installing main script to /home/julien/Documents/ros/robot_arm/ros2_ws_robot/install/tictactoe/lib/tictactoe
[2.258s] writing list of installed files to '/home/julien/Documents/ros/robot_arm/ros2_ws_robot/build/tictactoe/install.log'
[2.302s] Invoked command in '/home/julien/Documents/ros/robot_arm/ros2_ws_robot/src/tictactoe' returned '0': PYTHONPATH=/home/julien/Documents/ros/robot_arm/ros2_ws_robot/build/tictactoe/prefix_override:/home/julien/Documents/ros/robot_arm/ros2_ws_robot/install/tictactoe/lib/python3.10/site-packages:${PYTHONPATH} /usr/bin/python3 setup.py egg_info --egg-base ../../build/tictactoe build --build-base /home/julien/Documents/ros/robot_arm/ros2_ws_robot/build/tictactoe/build install --record /home/julien/Documents/ros/robot_arm/ros2_ws_robot/build/tictactoe/install.log --single-version-externally-managed
