[1.474s] Invoking command in '/home/julien/Documents/ros/robot_arm/ros2_ws_robot/src/tictactoe': PYTHONPATH=/home/julien/Documents/ros/robot_arm/ros2_ws_robot/build/tictactoe/prefix_override:/home/julien/Documents/ros/robot_arm/ros2_ws_robot/install/tictactoe/lib/python3.10/site-packages:${PYTHONPATH} /usr/bin/python3 setup.py egg_info --egg-base ../../build/tictactoe build --build-base /home/julien/Documents/ros/robot_arm/ros2_ws_robot/build/tictactoe/build install --record /home/julien/Documents/ros/robot_arm/ros2_ws_robot/build/tictactoe/install.log --single-version-externally-managed
[1.847s] running egg_info
[1.847s] writing ../../build/tictactoe/tictactoe.egg-info/PKG-INFO
[1.847s] writing dependency_links to ../../build/tictactoe/tictactoe.egg-info/dependency_links.txt
[1.848s] writing entry points to ../../build/tictactoe/tictactoe.egg-info/entry_points.txt
[1.848s] writing requirements to ../../build/tictactoe/tictactoe.egg-info/requires.txt
[1.848s] writing top-level names to ../../build/tictactoe/tictactoe.egg-info/top_level.txt
[1.850s] reading manifest file '../../build/tictactoe/tictactoe.egg-info/SOURCES.txt'
[1.851s] writing manifest file '../../build/tictactoe/tictactoe.egg-info/SOURCES.txt'
[1.851s] running build
[1.851s] running build_py
[1.851s] running install
[1.852s] running install_lib
[1.854s] running install_data
[1.855s] running install_egg_info
[1.857s] removing '/home/julien/Documents/ros/robot_arm/ros2_ws_robot/install/tictactoe/lib/python3.10/site-packages/tictactoe-0.0.0-py3.10.egg-info' (and everything under it)
[1.858s] Copying ../../build/tictactoe/tictactoe.egg-info to /home/julien/Documents/ros/robot_arm/ros2_ws_robot/install/tictactoe/lib/python3.10/site-packages/tictactoe-0.0.0-py3.10.egg-info
[1.858s] running install_scripts
[1.887s] Installing main script to /home/julien/Documents/ros/robot_arm/ros2_ws_robot/install/tictactoe/lib/tictactoe
[1.887s] writing list of installed files to '/home/julien/Documents/ros/robot_arm/ros2_ws_robot/build/tictactoe/install.log'
[1.924s] Invoked command in '/home/julien/Documents/ros/robot_arm/ros2_ws_robot/src/tictactoe' returned '0': PYTHONPATH=/home/julien/Documents/ros/robot_arm/ros2_ws_robot/build/tictactoe/prefix_override:/home/julien/Documents/ros/robot_arm/ros2_ws_robot/install/tictactoe/lib/python3.10/site-packages:${PYTHONPATH} /usr/bin/python3 setup.py egg_info --egg-base ../../build/tictactoe build --build-base /home/julien/Documents/ros/robot_arm/ros2_ws_robot/build/tictactoe/build install --record /home/julien/Documents/ros/robot_arm/ros2_ws_robot/build/tictactoe/install.log --single-version-externally-managed
