[35m[1mConsolidate compiler generated dependencies of target move[0m
[ 33%] Built target hello_moveit
[ 66%] Built target scene
[ 83%] [32mBuilding CXX object CMakeFiles/move.dir/src/move.cpp.o[0m
/home/julien/Documents/ros/robot_arm/ros2_ws_robot/src/prog_robot_cpp/src/move.cpp: In instantiation of ‘[01m[KMove::pose_callback(std_msgs::msg::Float32MultiArray)::<lambda(auto:41)> [with auto:41 = const char*][m[K’:
[01m[K/home/julien/Documents/ros/robot_arm/ros2_ws_robot/src/prog_robot_cpp/src/move.cpp:91:15:[m[K   required from here
[01m[K/home/julien/Documents/ros/robot_arm/ros2_ws_robot/src/prog_robot_cpp/src/move.cpp:67:33:[m[K [01;31m[Kerror: [m[Kpassing ‘[01m[Kconst moveit_visual_tools::MoveItVisualTools[m[K’ as ‘[01m[Kthis[m[K’ argument discards qualifiers [[01;31m[K]8;;https://gcc.gnu.org/onlinedocs/gcc/Warning-Options.html#index-fpermissive-fpermissive]8;;[m[K]
   67 |             [01;31m[Kvisual_tools_.prompt(text)[m[K;
      |             [01;31m[K~~~~~~~~~~~~~~~~~~~~^~~~~~[m[K
In file included from [01m[K/home/julien/Documents/ros/ws_moveit2/install/moveit_visual_tools/include/moveit_visual_tools/moveit_visual_tools.h:38[m[K,
                 from [01m[K/home/julien/Documents/ros/robot_arm/ros2_ws_robot/src/prog_robot_cpp/src/move.cpp:5[m[K:
[01m[K/opt/ros/humble/include/rviz_visual_tools/rviz_visual_tools.hpp:1243:8:[m[K [01;36m[Knote: [m[K  in call to ‘[01m[Kbool rviz_visual_tools::RvizVisualTools::prompt(const string&)[m[K’
 1243 |   bool [01;36m[Kprompt[m[K(const std::string& msg);
      |        [01;36m[K^~~~~~[m[K
/home/julien/Documents/ros/robot_arm/ros2_ws_robot/src/prog_robot_cpp/src/move.cpp: In instantiation of ‘[01m[KMove::pose_callback(std_msgs::msg::Float32MultiArray)::<lambda(auto:40)> [with auto:40 = const char*][m[K’:
[01m[K/home/julien/Documents/ros/robot_arm/ros2_ws_robot/src/prog_robot_cpp/src/move.cpp:92:19:[m[K   required from here
[01m[K/home/julien/Documents/ros/robot_arm/ros2_ws_robot/src/prog_robot_cpp/src/move.cpp:64:34:[m[K [01;31m[Kerror: [m[Kpassing ‘[01m[Kconst moveit_visual_tools::MoveItVisualTools[m[K’ as ‘[01m[Kthis[m[K’ argument discards qualifiers [[01;31m[K]8;;https://gcc.gnu.org/onlinedocs/gcc/Warning-Options.html#index-fpermissive-fpermissive]8;;[m[K]
   64 |         [01;31m[Kvisual_tools_.publishText(text_pose, text, rviz_visual_tools::WHITE, rviz_visual_tools::XLARGE)[m[K;
      |         [01;31m[K~~~~~~~~~~~~~~~~~~~~~~~~~^~~~~~~~~~~~~~~~~~~~~~~~~~~~~~~~~~~~~~~~~~~~~~~~~~~~~~~~~~~~~~~~~~~~~~[m[K
In file included from [01m[K/home/julien/Documents/ros/ws_moveit2/install/moveit_visual_tools/include/moveit_visual_tools/moveit_visual_tools.h:38[m[K,
                 from [01m[K/home/julien/Documents/ros/robot_arm/ros2_ws_robot/src/prog_robot_cpp/src/move.cpp:5[m[K:
[01m[K/opt/ros/humble/include/rviz_visual_tools/rviz_visual_tools.hpp:1039:8:[m[K [01;36m[Knote: [m[K  in call to ‘[01m[Kbool rviz_visual_tools::RvizVisualTools::publishText(const Isometry3d&, const string&, rviz_visual_tools::Colors, rviz_visual_tools::Scales, bool)[m[K’
 1039 |   bool [01;36m[KpublishText[m[K(const Eigen::Isometry3d& pose, const std::string& text, Colors color = WHITE,
      |        [01;36m[K^~~~~~~~~~~[m[K
[01m[K/home/julien/Documents/ros/robot_arm/ros2_ws_robot/src/prog_robot_cpp/src/move.cpp:[m[K In member function ‘[01m[Kvoid Move::pose_callback(std_msgs::msg::Float32MultiArray)[m[K’:
[01m[K/home/julien/Documents/ros/robot_arm/ros2_ws_robot/src/prog_robot_cpp/src/move.cpp:94:39:[m[K [01;31m[Kerror: [m[Kcapture of non-variable ‘[01m[KMove::move_group_[m[K’
   94 |         auto const [success, plan] = [[01;31m[Kmove_group_[m[K] {
      |                                       [01;31m[K^~~~~~~~~~~[m[K
[01m[K/home/julien/Documents/ros/robot_arm/ros2_ws_robot/src/prog_robot_cpp/src/move.cpp:20:52:[m[K [01;36m[Knote: [m[K‘[01m[Kmoveit::planning_interface::MoveGroupInterface Move::move_group_[m[K’ declared here
   20 |     moveit::planning_interface::MoveGroupInterface [01;36m[Kmove_group_[m[K;
      |                                                    [01;36m[K^~~~~~~~~~~[m[K
[01m[K/home/julien/Documents/ros/robot_arm/ros2_ws_robot/src/prog_robot_cpp/src/move.cpp:[m[K In lambda function:
[01m[K/home/julien/Documents/ros/robot_arm/ros2_ws_robot/src/prog_robot_cpp/src/move.cpp:96:47:[m[K [01;31m[Kerror: [m[K‘[01m[Kthis[m[K’ was not captured for this lambda function
   96 |             auto const ok = static_cast<bool>([01;31m[Kmove_group_[m[K.plan(msg));
      |                                               [01;31m[K^~~~~~~~~~~[m[K
[01m[K/home/julien/Documents/ros/robot_arm/ros2_ws_robot/src/prog_robot_cpp/src/move.cpp:96:47:[m[K [01;31m[Kerror: [m[Kinvalid use of non-static data member ‘[01m[KMove::move_group_[m[K’
[01m[K/home/julien/Documents/ros/robot_arm/ros2_ws_robot/src/prog_robot_cpp/src/move.cpp:20:52:[m[K [01;36m[Knote: [m[Kdeclared here
   20 |     moveit::planning_interface::MoveGroupInterface [01;36m[Kmove_group_[m[K;
      |                                                    [01;36m[K^~~~~~~~~~~[m[K
gmake[2]: *** [CMakeFiles/move.dir/build.make:76: CMakeFiles/move.dir/src/move.cpp.o] Error 1
gmake[1]: *** [CMakeFiles/Makefile2:167: CMakeFiles/move.dir/all] Error 2
gmake: *** [Makefile:146: all] Error 2
