[0.029s] Invoking command in '/home/julien/Documents/ros/robot_arm/build/Robot_description': CMAKE_PREFIX_PATH=${CMAKE_PREFIX_PATH}:/home/julien/Documents/ros/ws_moveit2/install/ros2controlcli:/home/julien/Documents/ros/ws_moveit2/install/moveit_configs_utils:/opt/ros/humble /usr/bin/cmake --build /home/julien/Documents/ros/robot_arm/build/Robot_description -- -j4 -l4
[0.092s] Invoked command in '/home/julien/Documents/ros/robot_arm/build/Robot_description' returned '0': CMAKE_PREFIX_PATH=${CMAKE_PREFIX_PATH}:/home/julien/Documents/ros/ws_moveit2/install/ros2controlcli:/home/julien/Documents/ros/ws_moveit2/install/moveit_configs_utils:/opt/ros/humble /usr/bin/cmake --build /home/julien/Documents/ros/robot_arm/build/Robot_description -- -j4 -l4
[0.153s] Invoking command in '/home/julien/Documents/ros/robot_arm/build/Robot_description': CMAKE_PREFIX_PATH=${CMAKE_PREFIX_PATH}:/home/julien/Documents/ros/ws_moveit2/install/ros2controlcli:/home/julien/Documents/ros/ws_moveit2/install/moveit_configs_utils:/opt/ros/humble /usr/bin/cmake --install /home/julien/Documents/ros/robot_arm/build/Robot_description
[0.167s] -- Install configuration: ""
[0.167s] -- Up-to-date: /home/julien/Documents/ros/robot_arm/install/Robot_description/share/Robot_description/urdf
[0.167s] -- Up-to-date: /home/julien/Documents/ros/robot_arm/install/Robot_description/share/Robot_description/urdf/materials.xacro
[0.168s] -- Up-to-date: /home/julien/Documents/ros/robot_arm/install/Robot_description/share/Robot_description/urdf/Robot.gazebo
[0.168s] -- Installing: /home/julien/Documents/ros/robot_arm/install/Robot_description/share/Robot_description/urdf/Robot.xacro
[0.168s] -- Up-to-date: /home/julien/Documents/ros/robot_arm/install/Robot_description/share/Robot_description/urdf/Robot.trans
[0.168s] -- Up-to-date: /home/julien/Documents/ros/robot_arm/install/Robot_description/share/Robot_description/meshes
[0.168s] -- Up-to-date: /home/julien/Documents/ros/robot_arm/install/Robot_description/share/Robot_description/meshes/link5_1.stl
[0.168s] -- Up-to-date: /home/julien/Documents/ros/robot_arm/install/Robot_description/share/Robot_description/meshes/link2_1.stl
[0.168s] -- Up-to-date: /home/julien/Documents/ros/robot_arm/install/Robot_description/share/Robot_description/meshes/link6_1.stl
[0.168s] -- Up-to-date: /home/julien/Documents/ros/robot_arm/install/Robot_description/share/Robot_description/meshes/Servo_Gear_1.stl
[0.169s] -- Up-to-date: /home/julien/Documents/ros/robot_arm/install/Robot_description/share/Robot_description/meshes/link1_1.stl
[0.169s] -- Up-to-date: /home/julien/Documents/ros/robot_arm/install/Robot_description/share/Robot_description/meshes/link3_1.stl
[0.169s] -- Up-to-date: /home/julien/Documents/ros/robot_arm/install/Robot_description/share/Robot_description/meshes/base_link.stl
[0.169s] -- Up-to-date: /home/julien/Documents/ros/robot_arm/install/Robot_description/share/Robot_description/meshes/Idol_Gear_1.stl
[0.169s] -- Up-to-date: /home/julien/Documents/ros/robot_arm/install/Robot_description/share/Robot_description/meshes/link4_1.stl
[0.169s] -- Up-to-date: /home/julien/Documents/ros/robot_arm/install/Robot_description/share/Robot_description/launch
[0.169s] -- Up-to-date: /home/julien/Documents/ros/robot_arm/install/Robot_description/share/Robot_description/launch/visualize.launch.py
[0.169s] -- Up-to-date: /home/julien/Documents/ros/robot_arm/install/Robot_description/share/Robot_description/rviz
[0.169s] -- Installing: /home/julien/Documents/ros/robot_arm/install/Robot_description/share/Robot_description/rviz/config.rviz
[0.169s] -- Up-to-date: /home/julien/Documents/ros/robot_arm/install/Robot_description/share/ament_index/resource_index/package_run_dependencies/Robot_description
[0.169s] -- Up-to-date: /home/julien/Documents/ros/robot_arm/install/Robot_description/share/ament_index/resource_index/parent_prefix_path/Robot_description
[0.169s] -- Up-to-date: /home/julien/Documents/ros/robot_arm/install/Robot_description/share/Robot_description/environment/ament_prefix_path.sh
[0.170s] -- Up-to-date: /home/julien/Documents/ros/robot_arm/install/Robot_description/share/Robot_description/environment/ament_prefix_path.dsv
[0.170s] -- Up-to-date: /home/julien/Documents/ros/robot_arm/install/Robot_description/share/Robot_description/environment/path.sh
[0.170s] -- Up-to-date: /home/julien/Documents/ros/robot_arm/install/Robot_description/share/Robot_description/environment/path.dsv
[0.170s] -- Up-to-date: /home/julien/Documents/ros/robot_arm/install/Robot_description/share/Robot_description/local_setup.bash
[0.170s] -- Up-to-date: /home/julien/Documents/ros/robot_arm/install/Robot_description/share/Robot_description/local_setup.sh
[0.170s] -- Up-to-date: /home/julien/Documents/ros/robot_arm/install/Robot_description/share/Robot_description/local_setup.zsh
[0.170s] -- Up-to-date: /home/julien/Documents/ros/robot_arm/install/Robot_description/share/Robot_description/local_setup.dsv
[0.170s] -- Installing: /home/julien/Documents/ros/robot_arm/install/Robot_description/share/Robot_description/package.dsv
[0.170s] -- Up-to-date: /home/julien/Documents/ros/robot_arm/install/Robot_description/share/ament_index/resource_index/packages/Robot_description
[0.170s] -- Up-to-date: /home/julien/Documents/ros/robot_arm/install/Robot_description/share/Robot_description/cmake/Robot_descriptionConfig.cmake
[0.170s] -- Up-to-date: /home/julien/Documents/ros/robot_arm/install/Robot_description/share/Robot_description/cmake/Robot_descriptionConfig-version.cmake
[0.170s] -- Up-to-date: /home/julien/Documents/ros/robot_arm/install/Robot_description/share/Robot_description/package.xml
[0.172s] Invoked command in '/home/julien/Documents/ros/robot_arm/build/Robot_description' returned '0': CMAKE_PREFIX_PATH=${CMAKE_PREFIX_PATH}:/home/julien/Documents/ros/ws_moveit2/install/ros2controlcli:/home/julien/Documents/ros/ws_moveit2/install/moveit_configs_utils:/opt/ros/humble /usr/bin/cmake --install /home/julien/Documents/ros/robot_arm/build/Robot_description
