[1.342s] Invoking command in '/home/julien/Documents/ros/robot_arm/ros2_ws_robot/src/prog_robot': PYTHONPATH=/home/julien/Documents/ros/robot_arm/ros2_ws_robot/build/prog_robot/prefix_override:/home/julien/Documents/ros/robot_arm/ros2_ws_robot/install/prog_robot/lib/python3.10/site-packages:${PYTHONPATH} /usr/bin/python3 setup.py egg_info --egg-base ../../build/prog_robot build --build-base /home/julien/Documents/ros/robot_arm/ros2_ws_robot/build/prog_robot/build install --record /home/julien/Documents/ros/robot_arm/ros2_ws_robot/build/prog_robot/install.log --single-version-externally-managed
[1.848s] running egg_info
[1.849s] creating ../../build/prog_robot/prog_robot.egg-info
[1.849s] writing ../../build/prog_robot/prog_robot.egg-info/PKG-INFO
[1.850s] writing dependency_links to ../../build/prog_robot/prog_robot.egg-info/dependency_links.txt
[1.850s] writing entry points to ../../build/prog_robot/prog_robot.egg-info/entry_points.txt
[1.850s] writing requirements to ../../build/prog_robot/prog_robot.egg-info/requires.txt
[1.850s] writing top-level names to ../../build/prog_robot/prog_robot.egg-info/top_level.txt
[1.850s] writing manifest file '../../build/prog_robot/prog_robot.egg-info/SOURCES.txt'
[1.856s] reading manifest file '../../build/prog_robot/prog_robot.egg-info/SOURCES.txt'
[1.857s] writing manifest file '../../build/prog_robot/prog_robot.egg-info/SOURCES.txt'
[1.858s] running build
[1.858s] running build_py
[1.858s] creating /home/julien/Documents/ros/robot_arm/ros2_ws_robot/build/prog_robot/build
[1.858s] creating /home/julien/Documents/ros/robot_arm/ros2_ws_robot/build/prog_robot/build/lib
[1.858s] creating /home/julien/Documents/ros/robot_arm/ros2_ws_robot/build/prog_robot/build/lib/prog_robot
[1.858s] copying prog_robot/move.py -> /home/julien/Documents/ros/robot_arm/ros2_ws_robot/build/prog_robot/build/lib/prog_robot
[1.858s] copying prog_robot/pub_to_arduino.py -> /home/julien/Documents/ros/robot_arm/ros2_ws_robot/build/prog_robot/build/lib/prog_robot
[1.858s] copying prog_robot/fonctions.py -> /home/julien/Documents/ros/robot_arm/ros2_ws_robot/build/prog_robot/build/lib/prog_robot
[1.859s] copying prog_robot/__init__.py -> /home/julien/Documents/ros/robot_arm/ros2_ws_robot/build/prog_robot/build/lib/prog_robot
[1.859s] copying prog_robot/kinematics.py -> /home/julien/Documents/ros/robot_arm/ros2_ws_robot/build/prog_robot/build/lib/prog_robot
[1.859s] copying prog_robot/go_home.py -> /home/julien/Documents/ros/robot_arm/ros2_ws_robot/build/prog_robot/build/lib/prog_robot
[1.859s] running install
[1.859s] /usr/lib/python3/dist-packages/setuptools/command/install.py:34: SetuptoolsDeprecationWarning: setup.py install is deprecated. Use build and pip and other standards-based tools.
[1.859s]   warnings.warn(
[1.860s] running install_lib
[1.861s] creating /home/julien/Documents/ros/robot_arm/ros2_ws_robot/install/prog_robot/lib/python3.10/site-packages/prog_robot
[1.861s] copying /home/julien/Documents/ros/robot_arm/ros2_ws_robot/build/prog_robot/build/lib/prog_robot/move.py -> /home/julien/Documents/ros/robot_arm/ros2_ws_robot/install/prog_robot/lib/python3.10/site-packages/prog_robot
[1.861s] copying /home/julien/Documents/ros/robot_arm/ros2_ws_robot/build/prog_robot/build/lib/prog_robot/pub_to_arduino.py -> /home/julien/Documents/ros/robot_arm/ros2_ws_robot/install/prog_robot/lib/python3.10/site-packages/prog_robot
[1.861s] copying /home/julien/Documents/ros/robot_arm/ros2_ws_robot/build/prog_robot/build/lib/prog_robot/fonctions.py -> /home/julien/Documents/ros/robot_arm/ros2_ws_robot/install/prog_robot/lib/python3.10/site-packages/prog_robot
[1.862s] copying /home/julien/Documents/ros/robot_arm/ros2_ws_robot/build/prog_robot/build/lib/prog_robot/__init__.py -> /home/julien/Documents/ros/robot_arm/ros2_ws_robot/install/prog_robot/lib/python3.10/site-packages/prog_robot
[1.862s] copying /home/julien/Documents/ros/robot_arm/ros2_ws_robot/build/prog_robot/build/lib/prog_robot/kinematics.py -> /home/julien/Documents/ros/robot_arm/ros2_ws_robot/install/prog_robot/lib/python3.10/site-packages/prog_robot
[1.862s] copying /home/julien/Documents/ros/robot_arm/ros2_ws_robot/build/prog_robot/build/lib/prog_robot/go_home.py -> /home/julien/Documents/ros/robot_arm/ros2_ws_robot/install/prog_robot/lib/python3.10/site-packages/prog_robot
[1.862s] byte-compiling /home/julien/Documents/ros/robot_arm/ros2_ws_robot/install/prog_robot/lib/python3.10/site-packages/prog_robot/move.py to move.cpython-310.pyc
[1.864s] byte-compiling /home/julien/Documents/ros/robot_arm/ros2_ws_robot/install/prog_robot/lib/python3.10/site-packages/prog_robot/pub_to_arduino.py to pub_to_arduino.cpython-310.pyc
[1.864s] byte-compiling /home/julien/Documents/ros/robot_arm/ros2_ws_robot/install/prog_robot/lib/python3.10/site-packages/prog_robot/fonctions.py to fonctions.cpython-310.pyc
[1.865s] byte-compiling /home/julien/Documents/ros/robot_arm/ros2_ws_robot/install/prog_robot/lib/python3.10/site-packages/prog_robot/__init__.py to __init__.cpython-310.pyc
[1.865s] byte-compiling /home/julien/Documents/ros/robot_arm/ros2_ws_robot/install/prog_robot/lib/python3.10/site-packages/prog_robot/kinematics.py to kinematics.cpython-310.pyc
[1.873s] byte-compiling /home/julien/Documents/ros/robot_arm/ros2_ws_robot/install/prog_robot/lib/python3.10/site-packages/prog_robot/go_home.py to go_home.cpython-310.pyc
[1.873s] running install_data
[1.874s] creating /home/julien/Documents/ros/robot_arm/ros2_ws_robot/install/prog_robot/share/ament_index
[1.874s] creating /home/julien/Documents/ros/robot_arm/ros2_ws_robot/install/prog_robot/share/ament_index/resource_index
[1.874s] creating /home/julien/Documents/ros/robot_arm/ros2_ws_robot/install/prog_robot/share/ament_index/resource_index/packages
[1.874s] copying resource/prog_robot -> /home/julien/Documents/ros/robot_arm/ros2_ws_robot/install/prog_robot/share/ament_index/resource_index/packages
[1.874s] copying package.xml -> /home/julien/Documents/ros/robot_arm/ros2_ws_robot/install/prog_robot/share/prog_robot
[1.874s] copying launch/simu.launch.py -> /home/julien/Documents/ros/robot_arm/ros2_ws_robot/install/prog_robot/share/prog_robot
[1.874s] running install_egg_info
[1.882s] Copying ../../build/prog_robot/prog_robot.egg-info to /home/julien/Documents/ros/robot_arm/ros2_ws_robot/install/prog_robot/lib/python3.10/site-packages/prog_robot-0.0.0-py3.10.egg-info
[1.882s] running install_scripts
[1.920s] Installing go_home script to /home/julien/Documents/ros/robot_arm/ros2_ws_robot/install/prog_robot/lib/prog_robot
[1.920s] Installing move script to /home/julien/Documents/ros/robot_arm/ros2_ws_robot/install/prog_robot/lib/prog_robot
[1.920s] Installing pub_to_arduino script to /home/julien/Documents/ros/robot_arm/ros2_ws_robot/install/prog_robot/lib/prog_robot
[1.920s] writing list of installed files to '/home/julien/Documents/ros/robot_arm/ros2_ws_robot/build/prog_robot/install.log'
[1.972s] Invoked command in '/home/julien/Documents/ros/robot_arm/ros2_ws_robot/src/prog_robot' returned '0': PYTHONPATH=/home/julien/Documents/ros/robot_arm/ros2_ws_robot/build/prog_robot/prefix_override:/home/julien/Documents/ros/robot_arm/ros2_ws_robot/install/prog_robot/lib/python3.10/site-packages:${PYTHONPATH} /usr/bin/python3 setup.py egg_info --egg-base ../../build/prog_robot build --build-base /home/julien/Documents/ros/robot_arm/ros2_ws_robot/build/prog_robot/build install --record /home/julien/Documents/ros/robot_arm/ros2_ws_robot/build/prog_robot/install.log --single-version-externally-managed
