[0.090s] Invoking command in '/home/julien/Documents/ros/robot_arm/ros2_ws_robot/build/robot_description': CMAKE_PREFIX_PATH=${CMAKE_PREFIX_PATH}:/home/julien/Documents/ros/ws_ros2/install/simple_pub_sub:/home/julien/Documents/ros/ws_ros2/install/py_pubsub:/home/julien/Documents/ros/microros_ws/install/sensor_msgs_py:/home/julien/Documents/ros/ws_moveit2/install/moveit_configs_utils:/home/julien/Documents/ros/ws_moveit2/install/launch_param_builder:/home/julien/Documents/ros/robot_arm/ros2_ws_robot/install/prog_robot:/opt/ros/humble /usr/bin/cmake --build /home/julien/Documents/ros/robot_arm/ros2_ws_robot/build/robot_description -- -j4 -l4
[0.534s] Invoked command in '/home/julien/Documents/ros/robot_arm/ros2_ws_robot/build/robot_description' returned '0': CMAKE_PREFIX_PATH=${CMAKE_PREFIX_PATH}:/home/julien/Documents/ros/ws_ros2/install/simple_pub_sub:/home/julien/Documents/ros/ws_ros2/install/py_pubsub:/home/julien/Documents/ros/microros_ws/install/sensor_msgs_py:/home/julien/Documents/ros/ws_moveit2/install/moveit_configs_utils:/home/julien/Documents/ros/ws_moveit2/install/launch_param_builder:/home/julien/Documents/ros/robot_arm/ros2_ws_robot/install/prog_robot:/opt/ros/humble /usr/bin/cmake --build /home/julien/Documents/ros/robot_arm/ros2_ws_robot/build/robot_description -- -j4 -l4
[0.703s] Invoking command in '/home/julien/Documents/ros/robot_arm/ros2_ws_robot/build/robot_description': CMAKE_PREFIX_PATH=${CMAKE_PREFIX_PATH}:/home/julien/Documents/ros/ws_ros2/install/simple_pub_sub:/home/julien/Documents/ros/ws_ros2/install/py_pubsub:/home/julien/Documents/ros/microros_ws/install/sensor_msgs_py:/home/julien/Documents/ros/ws_moveit2/install/moveit_configs_utils:/home/julien/Documents/ros/ws_moveit2/install/launch_param_builder:/home/julien/Documents/ros/robot_arm/ros2_ws_robot/install/prog_robot:/opt/ros/humble /usr/bin/cmake --install /home/julien/Documents/ros/robot_arm/ros2_ws_robot/build/robot_description
[0.728s] -- Install configuration: ""
[0.728s] -- Up-to-date: /home/julien/Documents/ros/robot_arm/ros2_ws_robot/install/robot_description/share/robot_description/urdf
[0.728s] -- Up-to-date: /home/julien/Documents/ros/robot_arm/ros2_ws_robot/install/robot_description/share/robot_description/urdf/materials.xacro
[0.728s] -- Up-to-date: /home/julien/Documents/ros/robot_arm/ros2_ws_robot/install/robot_description/share/robot_description/urdf/Robot.gazebo
[0.728s] -- Up-to-date: /home/julien/Documents/ros/robot_arm/ros2_ws_robot/install/robot_description/share/robot_description/urdf/Robot.xacro
[0.728s] -- Up-to-date: /home/julien/Documents/ros/robot_arm/ros2_ws_robot/install/robot_description/share/robot_description/urdf/Robot.trans
[0.728s] -- Up-to-date: /home/julien/Documents/ros/robot_arm/ros2_ws_robot/install/robot_description/share/robot_description/meshes
[0.729s] -- Up-to-date: /home/julien/Documents/ros/robot_arm/ros2_ws_robot/install/robot_description/share/robot_description/meshes/link5_1.stl
[0.732s] -- Up-to-date: /home/julien/Documents/ros/robot_arm/ros2_ws_robot/install/robot_description/share/robot_description/meshes/link2_1.stl
[0.732s] -- Up-to-date: /home/julien/Documents/ros/robot_arm/ros2_ws_robot/install/robot_description/share/robot_description/meshes/link6_1.stl
[0.732s] -- Up-to-date: /home/julien/Documents/ros/robot_arm/ros2_ws_robot/install/robot_description/share/robot_description/meshes/Servo_Gear_1.stl
[0.732s] -- Up-to-date: /home/julien/Documents/ros/robot_arm/ros2_ws_robot/install/robot_description/share/robot_description/meshes/link1_1.stl
[0.732s] -- Up-to-date: /home/julien/Documents/ros/robot_arm/ros2_ws_robot/install/robot_description/share/robot_description/meshes/link3_1.stl
[0.732s] -- Up-to-date: /home/julien/Documents/ros/robot_arm/ros2_ws_robot/install/robot_description/share/robot_description/meshes/base_link.stl
[0.732s] -- Up-to-date: /home/julien/Documents/ros/robot_arm/ros2_ws_robot/install/robot_description/share/robot_description/meshes/Idol_Gear_1.stl
[0.732s] -- Up-to-date: /home/julien/Documents/ros/robot_arm/ros2_ws_robot/install/robot_description/share/robot_description/meshes/link4_1.stl
[0.732s] -- Up-to-date: /home/julien/Documents/ros/robot_arm/ros2_ws_robot/install/robot_description/share/robot_description/launch
[0.733s] -- Up-to-date: /home/julien/Documents/ros/robot_arm/ros2_ws_robot/install/robot_description/share/robot_description/launch/visualize.launch.py
[0.733s] -- Up-to-date: /home/julien/Documents/ros/robot_arm/ros2_ws_robot/install/robot_description/share/robot_description/rviz
[0.733s] -- Up-to-date: /home/julien/Documents/ros/robot_arm/ros2_ws_robot/install/robot_description/share/robot_description/rviz/config.rviz
[0.733s] -- Up-to-date: /home/julien/Documents/ros/robot_arm/ros2_ws_robot/install/robot_description/share/ament_index/resource_index/package_run_dependencies/robot_description
[0.736s] -- Up-to-date: /home/julien/Documents/ros/robot_arm/ros2_ws_robot/install/robot_description/share/ament_index/resource_index/parent_prefix_path/robot_description
[0.736s] -- Up-to-date: /home/julien/Documents/ros/robot_arm/ros2_ws_robot/install/robot_description/share/robot_description/environment/ament_prefix_path.sh
[0.736s] -- Up-to-date: /home/julien/Documents/ros/robot_arm/ros2_ws_robot/install/robot_description/share/robot_description/environment/ament_prefix_path.dsv
[0.736s] -- Up-to-date: /home/julien/Documents/ros/robot_arm/ros2_ws_robot/install/robot_description/share/robot_description/environment/path.sh
[0.736s] -- Up-to-date: /home/julien/Documents/ros/robot_arm/ros2_ws_robot/install/robot_description/share/robot_description/environment/path.dsv
[0.736s] -- Up-to-date: /home/julien/Documents/ros/robot_arm/ros2_ws_robot/install/robot_description/share/robot_description/local_setup.bash
[0.736s] -- Up-to-date: /home/julien/Documents/ros/robot_arm/ros2_ws_robot/install/robot_description/share/robot_description/local_setup.sh
[0.736s] -- Up-to-date: /home/julien/Documents/ros/robot_arm/ros2_ws_robot/install/robot_description/share/robot_description/local_setup.zsh
[0.736s] -- Up-to-date: /home/julien/Documents/ros/robot_arm/ros2_ws_robot/install/robot_description/share/robot_description/local_setup.dsv
[0.737s] -- Installing: /home/julien/Documents/ros/robot_arm/ros2_ws_robot/install/robot_description/share/robot_description/package.dsv
[0.739s] -- Up-to-date: /home/julien/Documents/ros/robot_arm/ros2_ws_robot/install/robot_description/share/ament_index/resource_index/packages/robot_description
[0.739s] -- Up-to-date: /home/julien/Documents/ros/robot_arm/ros2_ws_robot/install/robot_description/share/robot_description/cmake/robot_descriptionConfig.cmake
[0.739s] -- Up-to-date: /home/julien/Documents/ros/robot_arm/ros2_ws_robot/install/robot_description/share/robot_description/cmake/robot_descriptionConfig-version.cmake
[0.739s] -- Up-to-date: /home/julien/Documents/ros/robot_arm/ros2_ws_robot/install/robot_description/share/robot_description/package.xml
[0.746s] Invoked command in '/home/julien/Documents/ros/robot_arm/ros2_ws_robot/build/robot_description' returned '0': CMAKE_PREFIX_PATH=${CMAKE_PREFIX_PATH}:/home/julien/Documents/ros/ws_ros2/install/simple_pub_sub:/home/julien/Documents/ros/ws_ros2/install/py_pubsub:/home/julien/Documents/ros/microros_ws/install/sensor_msgs_py:/home/julien/Documents/ros/ws_moveit2/install/moveit_configs_utils:/home/julien/Documents/ros/ws_moveit2/install/launch_param_builder:/home/julien/Documents/ros/robot_arm/ros2_ws_robot/install/prog_robot:/opt/ros/humble /usr/bin/cmake --install /home/julien/Documents/ros/robot_arm/ros2_ws_robot/build/robot_description
