[1.460s] Invoking command in '/home/julien/Documents/ros/robot_arm/ros2_ws_robot/src/tictactoe': PYTHONPATH=/home/julien/Documents/ros/robot_arm/ros2_ws_robot/build/tictactoe/prefix_override:/home/julien/Documents/ros/robot_arm/ros2_ws_robot/install/tictactoe/lib/python3.10/site-packages:${PYTHONPATH} /usr/bin/python3 setup.py egg_info --egg-base ../../build/tictactoe build --build-base /home/julien/Documents/ros/robot_arm/ros2_ws_robot/build/tictactoe/build install --record /home/julien/Documents/ros/robot_arm/ros2_ws_robot/build/tictactoe/install.log --single-version-externally-managed
[1.869s] running egg_info
[1.869s] writing ../../build/tictactoe/tictactoe.egg-info/PKG-INFO
[1.869s] writing dependency_links to ../../build/tictactoe/tictactoe.egg-info/dependency_links.txt
[1.869s] writing entry points to ../../build/tictactoe/tictactoe.egg-info/entry_points.txt
[1.869s] writing requirements to ../../build/tictactoe/tictactoe.egg-info/requires.txt
[1.870s] writing top-level names to ../../build/tictactoe/tictactoe.egg-info/top_level.txt
[1.872s] reading manifest file '../../build/tictactoe/tictactoe.egg-info/SOURCES.txt'
[1.873s] writing manifest file '../../build/tictactoe/tictactoe.egg-info/SOURCES.txt'
[1.874s] running build
[1.874s] running build_py
[1.875s] running install
[1.875s] running install_lib
[1.883s] running install_data
[1.883s] running install_egg_info
[1.884s] removing '/home/julien/Documents/ros/robot_arm/ros2_ws_robot/install/tictactoe/lib/python3.10/site-packages/tictactoe-0.0.0-py3.10.egg-info' (and everything under it)
[1.893s] Copying ../../build/tictactoe/tictactoe.egg-info to /home/julien/Documents/ros/robot_arm/ros2_ws_robot/install/tictactoe/lib/python3.10/site-packages/tictactoe-0.0.0-py3.10.egg-info
[1.894s] running install_scripts
[1.928s] Installing main script to /home/julien/Documents/ros/robot_arm/ros2_ws_robot/install/tictactoe/lib/tictactoe
[1.928s] writing list of installed files to '/home/julien/Documents/ros/robot_arm/ros2_ws_robot/build/tictactoe/install.log'
[1.963s] Invoked command in '/home/julien/Documents/ros/robot_arm/ros2_ws_robot/src/tictactoe' returned '0': PYTHONPATH=/home/julien/Documents/ros/robot_arm/ros2_ws_robot/build/tictactoe/prefix_override:/home/julien/Documents/ros/robot_arm/ros2_ws_robot/install/tictactoe/lib/python3.10/site-packages:${PYTHONPATH} /usr/bin/python3 setup.py egg_info --egg-base ../../build/tictactoe build --build-base /home/julien/Documents/ros/robot_arm/ros2_ws_robot/build/tictactoe/build install --record /home/julien/Documents/ros/robot_arm/ros2_ws_robot/build/tictactoe/install.log --single-version-externally-managed
