[1.791s] DEBUG:colcon:Command line arguments: ['/usr/bin/colcon', 'build', '--packages-select', 'tictactoe']
[1.791s] DEBUG:colcon:Parsed command line arguments: Namespace(log_base=None, log_level=None, verb_name='build', build_base='build', install_base='install', merge_install=False, symlink_install=False, test_result_base=None, continue_on_error=False, executor='parallel', parallel_workers=4, event_handlers=None, ignore_user_meta=False, metas=['./colcon.meta'], base_paths=['.'], packages_ignore=None, packages_ignore_regex=None, paths=None, packages_up_to=None, packages_up_to_regex=None, packages_above=None, packages_above_and_dependencies=None, packages_above_depth=None, packages_select_by_dep=None, packages_skip_by_dep=None, packages_skip_up_to=None, packages_select_build_failed=False, packages_skip_build_finished=False, packages_select_test_failures=False, packages_skip_test_passed=False, packages_select=['tictactoe'], packages_skip=None, packages_select_regex=None, packages_skip_regex=None, packages_start=None, packages_end=None, allow_overriding=[], cmake_args=None, cmake_target=None, cmake_target_skip_unavailable=False, cmake_clean_cache=False, cmake_clean_first=False, cmake_force_configure=False, ament_cmake_args=None, catkin_cmake_args=None, catkin_skip_building_tests=False, mixin_files=None, mixin=None, verb_parser=<colcon_mixin.mixin.mixin_argument.MixinArgumentDecorator object at 0x7f6a4d611ba0>, verb_extension=<colcon_core.verb.build.BuildVerb object at 0x7f6a4d611510>, main=<bound method BuildVerb.main of <colcon_core.verb.build.BuildVerb object at 0x7f6a4d611510>>, mixin_verb=('build',))
[1.904s] Level 1:colcon.colcon_core.package_discovery:discover_packages(colcon_meta) check parameters
[1.904s] Level 1:colcon.colcon_core.package_discovery:discover_packages(recursive) check parameters
[1.904s] Level 1:colcon.colcon_core.package_discovery:discover_packages(ignore) check parameters
[1.904s] Level 1:colcon.colcon_core.package_discovery:discover_packages(path) check parameters
[1.904s] Level 1:colcon.colcon_core.package_discovery:discover_packages(colcon_meta) discover
[1.905s] Level 1:colcon.colcon_core.package_discovery:discover_packages(recursive) discover
[1.905s] INFO:colcon.colcon_core.package_discovery:Crawling recursively for packages in '/home/julien/Documents/ros/robot_arm/ros2_ws_robot'
[1.905s] Level 1:colcon.colcon_core.package_identification:_identify(.) by extensions ['ignore', 'ignore_ament_install']
[1.905s] Level 1:colcon.colcon_core.package_identification:_identify(.) by extension 'ignore'
[1.906s] Level 1:colcon.colcon_core.package_identification:_identify(.) by extension 'ignore_ament_install'
[1.906s] Level 1:colcon.colcon_core.package_identification:_identify(.) by extensions ['colcon_pkg']
[1.906s] Level 1:colcon.colcon_core.package_identification:_identify(.) by extension 'colcon_pkg'
[1.906s] Level 1:colcon.colcon_core.package_identification:_identify(.) by extensions ['colcon_meta']
[1.906s] Level 1:colcon.colcon_core.package_identification:_identify(.) by extension 'colcon_meta'
[1.907s] Level 1:colcon.colcon_core.package_identification:_identify(.) by extensions ['ros']
[1.907s] Level 1:colcon.colcon_core.package_identification:_identify(.) by extension 'ros'
[1.952s] Level 1:colcon.colcon_core.package_identification:_identify(.) by extensions ['cmake', 'python']
[1.953s] Level 1:colcon.colcon_core.package_identification:_identify(.) by extension 'cmake'
[1.953s] Level 1:colcon.colcon_core.package_identification:_identify(.) by extension 'python'
[1.953s] Level 1:colcon.colcon_core.package_identification:_identify(.) by extensions ['python_setup_py']
[1.953s] Level 1:colcon.colcon_core.package_identification:_identify(.) by extension 'python_setup_py'
[1.954s] Level 1:colcon.colcon_core.package_identification:_identify(build) by extensions ['ignore', 'ignore_ament_install']
[1.954s] Level 1:colcon.colcon_core.package_identification:_identify(build) by extension 'ignore'
[1.954s] Level 1:colcon.colcon_core.package_identification:_identify(build) ignored
[1.955s] Level 1:colcon.colcon_core.package_identification:_identify(frames) by extensions ['ignore', 'ignore_ament_install']
[1.955s] Level 1:colcon.colcon_core.package_identification:_identify(frames) by extension 'ignore'
[1.956s] Level 1:colcon.colcon_core.package_identification:_identify(frames) by extension 'ignore_ament_install'
[1.956s] Level 1:colcon.colcon_core.package_identification:_identify(frames) by extensions ['colcon_pkg']
[1.956s] Level 1:colcon.colcon_core.package_identification:_identify(frames) by extension 'colcon_pkg'
[1.956s] Level 1:colcon.colcon_core.package_identification:_identify(frames) by extensions ['colcon_meta']
[1.956s] Level 1:colcon.colcon_core.package_identification:_identify(frames) by extension 'colcon_meta'
[1.956s] Level 1:colcon.colcon_core.package_identification:_identify(frames) by extensions ['ros']
[1.957s] Level 1:colcon.colcon_core.package_identification:_identify(frames) by extension 'ros'
[1.957s] Level 1:colcon.colcon_core.package_identification:_identify(frames) by extensions ['cmake', 'python']
[1.957s] Level 1:colcon.colcon_core.package_identification:_identify(frames) by extension 'cmake'
[1.957s] Level 1:colcon.colcon_core.package_identification:_identify(frames) by extension 'python'
[1.957s] Level 1:colcon.colcon_core.package_identification:_identify(frames) by extensions ['python_setup_py']
[1.958s] Level 1:colcon.colcon_core.package_identification:_identify(frames) by extension 'python_setup_py'
[1.958s] Level 1:colcon.colcon_core.package_identification:_identify(install) by extensions ['ignore', 'ignore_ament_install']
[1.958s] Level 1:colcon.colcon_core.package_identification:_identify(install) by extension 'ignore'
[1.959s] Level 1:colcon.colcon_core.package_identification:_identify(install) ignored
[1.960s] Level 1:colcon.colcon_core.package_identification:_identify(log) by extensions ['ignore', 'ignore_ament_install']
[1.960s] Level 1:colcon.colcon_core.package_identification:_identify(log) by extension 'ignore'
[1.960s] Level 1:colcon.colcon_core.package_identification:_identify(log) ignored
[1.961s] Level 1:colcon.colcon_core.package_identification:_identify(src) by extensions ['ignore', 'ignore_ament_install']
[1.961s] Level 1:colcon.colcon_core.package_identification:_identify(src) by extension 'ignore'
[1.961s] Level 1:colcon.colcon_core.package_identification:_identify(src) by extension 'ignore_ament_install'
[1.961s] Level 1:colcon.colcon_core.package_identification:_identify(src) by extensions ['colcon_pkg']
[1.962s] Level 1:colcon.colcon_core.package_identification:_identify(src) by extension 'colcon_pkg'
[1.962s] Level 1:colcon.colcon_core.package_identification:_identify(src) by extensions ['colcon_meta']
[1.962s] Level 1:colcon.colcon_core.package_identification:_identify(src) by extension 'colcon_meta'
[1.962s] Level 1:colcon.colcon_core.package_identification:_identify(src) by extensions ['ros']
[1.962s] Level 1:colcon.colcon_core.package_identification:_identify(src) by extension 'ros'
[1.963s] Level 1:colcon.colcon_core.package_identification:_identify(src) by extensions ['cmake', 'python']
[1.963s] Level 1:colcon.colcon_core.package_identification:_identify(src) by extension 'cmake'
[1.963s] Level 1:colcon.colcon_core.package_identification:_identify(src) by extension 'python'
[1.963s] Level 1:colcon.colcon_core.package_identification:_identify(src) by extensions ['python_setup_py']
[1.963s] Level 1:colcon.colcon_core.package_identification:_identify(src) by extension 'python_setup_py'
[1.964s] Level 1:colcon.colcon_core.package_identification:_identify(src/prog_robot) by extensions ['ignore', 'ignore_ament_install']
[1.964s] Level 1:colcon.colcon_core.package_identification:_identify(src/prog_robot) by extension 'ignore'
[1.964s] Level 1:colcon.colcon_core.package_identification:_identify(src/prog_robot) by extension 'ignore_ament_install'
[1.965s] Level 1:colcon.colcon_core.package_identification:_identify(src/prog_robot) by extensions ['colcon_pkg']
[1.965s] Level 1:colcon.colcon_core.package_identification:_identify(src/prog_robot) by extension 'colcon_pkg'
[1.965s] Level 1:colcon.colcon_core.package_identification:_identify(src/prog_robot) by extensions ['colcon_meta']
[1.965s] Level 1:colcon.colcon_core.package_identification:_identify(src/prog_robot) by extension 'colcon_meta'
[1.965s] Level 1:colcon.colcon_core.package_identification:_identify(src/prog_robot) by extensions ['ros']
[1.965s] Level 1:colcon.colcon_core.package_identification:_identify(src/prog_robot) by extension 'ros'
[1.974s] DEBUG:colcon.colcon_core.package_identification:Package 'src/prog_robot' with type 'ros.ament_python' and name 'prog_robot'
[1.975s] Level 1:colcon.colcon_core.package_identification:_identify(src/prog_robot_cpp) by extensions ['ignore', 'ignore_ament_install']
[1.975s] Level 1:colcon.colcon_core.package_identification:_identify(src/prog_robot_cpp) by extension 'ignore'
[1.976s] Level 1:colcon.colcon_core.package_identification:_identify(src/prog_robot_cpp) by extension 'ignore_ament_install'
[1.976s] Level 1:colcon.colcon_core.package_identification:_identify(src/prog_robot_cpp) by extensions ['colcon_pkg']
[1.976s] Level 1:colcon.colcon_core.package_identification:_identify(src/prog_robot_cpp) by extension 'colcon_pkg'
[1.976s] Level 1:colcon.colcon_core.package_identification:_identify(src/prog_robot_cpp) by extensions ['colcon_meta']
[1.976s] Level 1:colcon.colcon_core.package_identification:_identify(src/prog_robot_cpp) by extension 'colcon_meta'
[1.977s] Level 1:colcon.colcon_core.package_identification:_identify(src/prog_robot_cpp) by extensions ['ros']
[1.977s] Level 1:colcon.colcon_core.package_identification:_identify(src/prog_robot_cpp) by extension 'ros'
[1.980s] DEBUG:colcon.colcon_core.package_identification:Package 'src/prog_robot_cpp' with type 'ros.ament_cmake' and name 'prog_robot_cpp'
[1.981s] Level 1:colcon.colcon_core.package_identification:_identify(src/robot_description) by extensions ['ignore', 'ignore_ament_install']
[1.981s] Level 1:colcon.colcon_core.package_identification:_identify(src/robot_description) by extension 'ignore'
[1.981s] Level 1:colcon.colcon_core.package_identification:_identify(src/robot_description) by extension 'ignore_ament_install'
[1.981s] Level 1:colcon.colcon_core.package_identification:_identify(src/robot_description) by extensions ['colcon_pkg']
[1.982s] Level 1:colcon.colcon_core.package_identification:_identify(src/robot_description) by extension 'colcon_pkg'
[1.982s] Level 1:colcon.colcon_core.package_identification:_identify(src/robot_description) by extensions ['colcon_meta']
[1.982s] Level 1:colcon.colcon_core.package_identification:_identify(src/robot_description) by extension 'colcon_meta'
[1.982s] Level 1:colcon.colcon_core.package_identification:_identify(src/robot_description) by extensions ['ros']
[1.982s] Level 1:colcon.colcon_core.package_identification:_identify(src/robot_description) by extension 'ros'
[1.984s] DEBUG:colcon.colcon_core.package_identification:Package 'src/robot_description' with type 'ros.ament_cmake' and name 'robot_description'
[1.984s] Level 1:colcon.colcon_core.package_identification:_identify(src/robot_moveit_config) by extensions ['ignore', 'ignore_ament_install']
[1.985s] Level 1:colcon.colcon_core.package_identification:_identify(src/robot_moveit_config) by extension 'ignore'
[1.985s] Level 1:colcon.colcon_core.package_identification:_identify(src/robot_moveit_config) by extension 'ignore_ament_install'
[1.985s] Level 1:colcon.colcon_core.package_identification:_identify(src/robot_moveit_config) by extensions ['colcon_pkg']
[1.986s] Level 1:colcon.colcon_core.package_identification:_identify(src/robot_moveit_config) by extension 'colcon_pkg'
[1.986s] Level 1:colcon.colcon_core.package_identification:_identify(src/robot_moveit_config) by extensions ['colcon_meta']
[1.986s] Level 1:colcon.colcon_core.package_identification:_identify(src/robot_moveit_config) by extension 'colcon_meta'
[1.986s] Level 1:colcon.colcon_core.package_identification:_identify(src/robot_moveit_config) by extensions ['ros']
[1.986s] Level 1:colcon.colcon_core.package_identification:_identify(src/robot_moveit_config) by extension 'ros'
[1.989s] DEBUG:colcon.colcon_core.package_identification:Package 'src/robot_moveit_config' with type 'ros.ament_cmake' and name 'robot_moveit_config'
[1.990s] Level 1:colcon.colcon_core.package_identification:_identify(src/tictactoe) by extensions ['ignore', 'ignore_ament_install']
[1.990s] Level 1:colcon.colcon_core.package_identification:_identify(src/tictactoe) by extension 'ignore'
[1.991s] Level 1:colcon.colcon_core.package_identification:_identify(src/tictactoe) by extension 'ignore_ament_install'
[1.991s] Level 1:colcon.colcon_core.package_identification:_identify(src/tictactoe) by extensions ['colcon_pkg']
[1.991s] Level 1:colcon.colcon_core.package_identification:_identify(src/tictactoe) by extension 'colcon_pkg'
[1.991s] Level 1:colcon.colcon_core.package_identification:_identify(src/tictactoe) by extensions ['colcon_meta']
[1.991s] Level 1:colcon.colcon_core.package_identification:_identify(src/tictactoe) by extension 'colcon_meta'
[1.992s] Level 1:colcon.colcon_core.package_identification:_identify(src/tictactoe) by extensions ['ros']
[1.992s] Level 1:colcon.colcon_core.package_identification:_identify(src/tictactoe) by extension 'ros'
[1.994s] DEBUG:colcon.colcon_core.package_identification:Package 'src/tictactoe' with type 'ros.ament_python' and name 'tictactoe'
[1.994s] Level 1:colcon.colcon_core.package_discovery:discover_packages(recursive) using defaults
[1.994s] Level 1:colcon.colcon_core.package_discovery:discover_packages(ignore) discover
[1.994s] Level 1:colcon.colcon_core.package_discovery:discover_packages(ignore) using defaults
[1.994s] Level 1:colcon.colcon_core.package_discovery:discover_packages(path) discover
[1.995s] Level 1:colcon.colcon_core.package_discovery:discover_packages(path) using defaults
[2.107s] INFO:colcon.colcon_core.package_selection:Skipping not selected package 'prog_robot' in 'src/prog_robot'
[2.108s] INFO:colcon.colcon_core.package_selection:Skipping not selected package 'prog_robot_cpp' in 'src/prog_robot_cpp'
[2.108s] INFO:colcon.colcon_core.package_selection:Skipping not selected package 'robot_description' in 'src/robot_description'
[2.108s] INFO:colcon.colcon_core.package_selection:Skipping not selected package 'robot_moveit_config' in 'src/robot_moveit_config'
[2.111s] Level 1:colcon.colcon_core.package_discovery:discover_packages(prefix_path) check parameters
[2.111s] Level 1:colcon.colcon_core.package_discovery:discover_packages(prefix_path) discover
[2.141s] DEBUG:colcon.colcon_installed_package_information.package_discovery:Found 5 installed packages in /home/julien/Documents/ros/robot_arm/ros2_ws_robot/install
[2.146s] DEBUG:colcon.colcon_installed_package_information.package_discovery:Found 7 installed packages in /home/julien/Documents/ros/rosbridge_suite/install
[2.153s] DEBUG:colcon.colcon_installed_package_information.package_discovery:Found 39 installed packages in /home/julien/Documents/ros/microros_ws/install
[2.164s] DEBUG:colcon.colcon_installed_package_information.package_discovery:Found 55 installed packages in /home/julien/Documents/ros/ws_moveit2/install
[2.169s] DEBUG:colcon.colcon_installed_package_information.package_discovery:Found 2 installed packages in /home/julien/Documents/ros/ws_ros2/install
[2.177s] DEBUG:colcon.colcon_installed_package_information.package_discovery:Found 314 installed packages in /opt/ros/humble
[2.188s] Level 1:colcon.colcon_core.package_discovery:discover_packages(prefix_path) using defaults
[2.502s] Level 5:colcon.colcon_core.verb:set package 'tictactoe' build argument 'cmake_args' from command line to 'None'
[2.502s] Level 5:colcon.colcon_core.verb:set package 'tictactoe' build argument 'cmake_target' from command line to 'None'
[2.502s] Level 5:colcon.colcon_core.verb:set package 'tictactoe' build argument 'cmake_target_skip_unavailable' from command line to 'False'
[2.502s] Level 5:colcon.colcon_core.verb:set package 'tictactoe' build argument 'cmake_clean_cache' from command line to 'False'
[2.502s] Level 5:colcon.colcon_core.verb:set package 'tictactoe' build argument 'cmake_clean_first' from command line to 'False'
[2.502s] Level 5:colcon.colcon_core.verb:set package 'tictactoe' build argument 'cmake_force_configure' from command line to 'False'
[2.503s] Level 5:colcon.colcon_core.verb:set package 'tictactoe' build argument 'ament_cmake_args' from command line to 'None'
[2.503s] Level 5:colcon.colcon_core.verb:set package 'tictactoe' build argument 'catkin_cmake_args' from command line to 'None'
[2.503s] Level 5:colcon.colcon_core.verb:set package 'tictactoe' build argument 'catkin_skip_building_tests' from command line to 'False'
[2.503s] DEBUG:colcon.colcon_core.verb:Building package 'tictactoe' with the following arguments: {'ament_cmake_args': None, 'build_base': '/home/julien/Documents/ros/robot_arm/ros2_ws_robot/build/tictactoe', 'catkin_cmake_args': None, 'catkin_skip_building_tests': False, 'cmake_args': None, 'cmake_clean_cache': False, 'cmake_clean_first': False, 'cmake_force_configure': False, 'cmake_target': None, 'cmake_target_skip_unavailable': False, 'install_base': '/home/julien/Documents/ros/robot_arm/ros2_ws_robot/install/tictactoe', 'merge_install': False, 'path': '/home/julien/Documents/ros/robot_arm/ros2_ws_robot/src/tictactoe', 'symlink_install': False, 'test_result_base': None}
[2.506s] INFO:colcon.colcon_core.executor:Executing jobs using 'parallel' executor
[2.520s] DEBUG:colcon.colcon_parallel_executor.executor.parallel:run_until_complete
[2.521s] INFO:colcon.colcon_ros.task.ament_python.build:Building ROS package in '/home/julien/Documents/ros/robot_arm/ros2_ws_robot/src/tictactoe' with build type 'ament_python'
[2.522s] Level 1:colcon.colcon_core.shell:create_environment_hook('tictactoe', 'ament_prefix_path')
[2.543s] INFO:colcon.colcon_core.plugin_system:Skipping extension 'colcon_core.shell.bat': Not used on non-Windows systems
[2.544s] INFO:colcon.colcon_core.shell:Creating environment hook '/home/julien/Documents/ros/robot_arm/ros2_ws_robot/install/tictactoe/share/tictactoe/hook/ament_prefix_path.ps1'
[2.546s] INFO:colcon.colcon_core.shell:Creating environment descriptor '/home/julien/Documents/ros/robot_arm/ros2_ws_robot/install/tictactoe/share/tictactoe/hook/ament_prefix_path.dsv'
[2.548s] INFO:colcon.colcon_core.shell:Creating environment hook '/home/julien/Documents/ros/robot_arm/ros2_ws_robot/install/tictactoe/share/tictactoe/hook/ament_prefix_path.sh'
[2.555s] INFO:colcon.colcon_core.shell:Skip shell extension 'powershell' for command environment: Not usable outside of PowerShell
[2.556s] DEBUG:colcon.colcon_core.shell:Skip shell extension 'dsv' for command environment
[4.088s] INFO:colcon.colcon_core.task.python.build:Building Python package in '/home/julien/Documents/ros/robot_arm/ros2_ws_robot/src/tictactoe'
[4.094s] INFO:colcon.colcon_core.shell:Skip shell extension 'powershell' for command environment: Not usable outside of PowerShell
[4.094s] DEBUG:colcon.colcon_core.shell:Skip shell extension 'dsv' for command environment
[6.013s] DEBUG:colcon.colcon_core.event_handler.log_command:Invoking command in '/home/julien/Documents/ros/robot_arm/ros2_ws_robot/src/tictactoe': PYTHONPATH=/home/julien/Documents/ros/robot_arm/ros2_ws_robot/build/tictactoe/prefix_override:/home/julien/Documents/ros/robot_arm/ros2_ws_robot/install/tictactoe/lib/python3.10/site-packages:${PYTHONPATH} /usr/bin/python3 setup.py egg_info --egg-base ../../build/tictactoe build --build-base /home/julien/Documents/ros/robot_arm/ros2_ws_robot/build/tictactoe/build install --record /home/julien/Documents/ros/robot_arm/ros2_ws_robot/build/tictactoe/install.log --single-version-externally-managed
[7.594s] DEBUG:colcon.colcon_core.event_handler.log_command:Invoked command in '/home/julien/Documents/ros/robot_arm/ros2_ws_robot/src/tictactoe' returned '0': PYTHONPATH=/home/julien/Documents/ros/robot_arm/ros2_ws_robot/build/tictactoe/prefix_override:/home/julien/Documents/ros/robot_arm/ros2_ws_robot/install/tictactoe/lib/python3.10/site-packages:${PYTHONPATH} /usr/bin/python3 setup.py egg_info --egg-base ../../build/tictactoe build --build-base /home/julien/Documents/ros/robot_arm/ros2_ws_robot/build/tictactoe/build install --record /home/julien/Documents/ros/robot_arm/ros2_ws_robot/build/tictactoe/install.log --single-version-externally-managed
[7.614s] Level 1:colcon.colcon_core.environment:checking '/home/julien/Documents/ros/robot_arm/ros2_ws_robot/install/tictactoe' for CMake module files
[7.615s] Level 1:colcon.colcon_core.environment:checking '/home/julien/Documents/ros/robot_arm/ros2_ws_robot/install/tictactoe' for CMake config files
[7.618s] Level 1:colcon.colcon_core.environment:checking '/home/julien/Documents/ros/robot_arm/ros2_ws_robot/install/tictactoe/lib'
[7.619s] Level 1:colcon.colcon_core.environment:checking '/home/julien/Documents/ros/robot_arm/ros2_ws_robot/install/tictactoe/bin'
[7.619s] Level 1:colcon.colcon_core.environment:checking '/home/julien/Documents/ros/robot_arm/ros2_ws_robot/install/tictactoe/lib/pkgconfig/tictactoe.pc'
[7.620s] Level 1:colcon.colcon_core.environment:checking '/home/julien/Documents/ros/robot_arm/ros2_ws_robot/install/tictactoe/lib/python3.10/site-packages'
[7.620s] Level 1:colcon.colcon_core.shell:create_environment_hook('tictactoe', 'pythonpath')
[7.626s] INFO:colcon.colcon_core.shell:Creating environment hook '/home/julien/Documents/ros/robot_arm/ros2_ws_robot/install/tictactoe/share/tictactoe/hook/pythonpath.ps1'
[7.627s] INFO:colcon.colcon_core.shell:Creating environment descriptor '/home/julien/Documents/ros/robot_arm/ros2_ws_robot/install/tictactoe/share/tictactoe/hook/pythonpath.dsv'
[7.628s] INFO:colcon.colcon_core.shell:Creating environment hook '/home/julien/Documents/ros/robot_arm/ros2_ws_robot/install/tictactoe/share/tictactoe/hook/pythonpath.sh'
[7.630s] Level 1:colcon.colcon_core.environment:checking '/home/julien/Documents/ros/robot_arm/ros2_ws_robot/install/tictactoe/bin'
[7.631s] Level 1:colcon.colcon_core.environment:create_environment_scripts_only(tictactoe)
[7.637s] INFO:colcon.colcon_core.shell:Creating package script '/home/julien/Documents/ros/robot_arm/ros2_ws_robot/install/tictactoe/share/tictactoe/package.ps1'
[7.639s] INFO:colcon.colcon_core.shell:Creating package descriptor '/home/julien/Documents/ros/robot_arm/ros2_ws_robot/install/tictactoe/share/tictactoe/package.dsv'
[7.642s] INFO:colcon.colcon_core.shell:Creating package script '/home/julien/Documents/ros/robot_arm/ros2_ws_robot/install/tictactoe/share/tictactoe/package.sh'
[7.645s] INFO:colcon.colcon_core.shell:Creating package script '/home/julien/Documents/ros/robot_arm/ros2_ws_robot/install/tictactoe/share/tictactoe/package.bash'
[7.648s] INFO:colcon.colcon_core.shell:Creating package script '/home/julien/Documents/ros/robot_arm/ros2_ws_robot/install/tictactoe/share/tictactoe/package.zsh'
[7.650s] Level 1:colcon.colcon_core.environment:create_file_with_runtime_dependencies(/home/julien/Documents/ros/robot_arm/ros2_ws_robot/install/tictactoe/share/colcon-core/packages/tictactoe)
[7.651s] DEBUG:colcon.colcon_parallel_executor.executor.parallel:closing loop
[7.652s] DEBUG:colcon.colcon_parallel_executor.executor.parallel:loop closed
[7.653s] DEBUG:colcon.colcon_parallel_executor.executor.parallel:run_until_complete finished with '0'
[7.653s] DEBUG:colcon.colcon_core.event_reactor:joining thread
[7.680s] INFO:colcon.colcon_core.plugin_system:Skipping extension 'colcon_notification.desktop_notification.terminal_notifier': Not used on non-Darwin systems
[7.681s] INFO:colcon.colcon_core.plugin_system:Skipping extension 'colcon_notification.desktop_notification.win32': Not used on non-Windows systems
[7.681s] INFO:colcon.colcon_notification.desktop_notification:Sending desktop notification using 'notify2'
[7.723s] DEBUG:colcon.colcon_core.event_reactor:joined thread
[7.729s] INFO:colcon.colcon_core.shell:Creating prefix script '/home/julien/Documents/ros/robot_arm/ros2_ws_robot/install/local_setup.ps1'
[7.732s] INFO:colcon.colcon_core.shell:Creating prefix util module '/home/julien/Documents/ros/robot_arm/ros2_ws_robot/install/_local_setup_util_ps1.py'
[7.737s] INFO:colcon.colcon_core.shell:Creating prefix chain script '/home/julien/Documents/ros/robot_arm/ros2_ws_robot/install/setup.ps1'
[7.763s] INFO:colcon.colcon_core.shell:Creating prefix script '/home/julien/Documents/ros/robot_arm/ros2_ws_robot/install/local_setup.sh'
[7.765s] INFO:colcon.colcon_core.shell:Creating prefix util module '/home/julien/Documents/ros/robot_arm/ros2_ws_robot/install/_local_setup_util_sh.py'
[7.767s] INFO:colcon.colcon_core.shell:Creating prefix chain script '/home/julien/Documents/ros/robot_arm/ros2_ws_robot/install/setup.sh'
[7.793s] INFO:colcon.colcon_core.shell:Creating prefix script '/home/julien/Documents/ros/robot_arm/ros2_ws_robot/install/local_setup.bash'
[7.795s] INFO:colcon.colcon_core.shell:Creating prefix chain script '/home/julien/Documents/ros/robot_arm/ros2_ws_robot/install/setup.bash'
[7.821s] INFO:colcon.colcon_core.shell:Creating prefix script '/home/julien/Documents/ros/robot_arm/ros2_ws_robot/install/local_setup.zsh'
[7.822s] INFO:colcon.colcon_core.shell:Creating prefix chain script '/home/julien/Documents/ros/robot_arm/ros2_ws_robot/install/setup.zsh'
