[1.448s] Invoking command in '/home/julien/Documents/ros/robot_arm/ros2_ws_robot/src/tictactoe': PYTHONPATH=/home/julien/Documents/ros/robot_arm/ros2_ws_robot/build/tictactoe/prefix_override:/home/julien/Documents/ros/robot_arm/ros2_ws_robot/install/tictactoe/lib/python3.10/site-packages:${PYTHONPATH} /usr/bin/python3 setup.py egg_info --egg-base ../../build/tictactoe build --build-base /home/julien/Documents/ros/robot_arm/ros2_ws_robot/build/tictactoe/build install --record /home/julien/Documents/ros/robot_arm/ros2_ws_robot/build/tictactoe/install.log --single-version-externally-managed
[1.826s] running egg_info
[1.826s] writing ../../build/tictactoe/tictactoe.egg-info/PKG-INFO
[1.827s] writing dependency_links to ../../build/tictactoe/tictactoe.egg-info/dependency_links.txt
[1.827s] writing entry points to ../../build/tictactoe/tictactoe.egg-info/entry_points.txt
[1.827s] writing requirements to ../../build/tictactoe/tictactoe.egg-info/requires.txt
[1.827s] writing top-level names to ../../build/tictactoe/tictactoe.egg-info/top_level.txt
[1.830s] reading manifest file '../../build/tictactoe/tictactoe.egg-info/SOURCES.txt'
[1.831s] writing manifest file '../../build/tictactoe/tictactoe.egg-info/SOURCES.txt'
[1.832s] running build
[1.832s] running build_py
[1.832s] running install
[1.833s] running install_lib
[1.835s] running install_data
[1.836s] running install_egg_info
[1.838s] removing '/home/julien/Documents/ros/robot_arm/ros2_ws_robot/install/tictactoe/lib/python3.10/site-packages/tictactoe-0.0.0-py3.10.egg-info' (and everything under it)
[1.839s] Copying ../../build/tictactoe/tictactoe.egg-info to /home/julien/Documents/ros/robot_arm/ros2_ws_robot/install/tictactoe/lib/python3.10/site-packages/tictactoe-0.0.0-py3.10.egg-info
[1.840s] running install_scripts
[1.868s] Installing main script to /home/julien/Documents/ros/robot_arm/ros2_ws_robot/install/tictactoe/lib/tictactoe
[1.870s] writing list of installed files to '/home/julien/Documents/ros/robot_arm/ros2_ws_robot/build/tictactoe/install.log'
[1.911s] Invoked command in '/home/julien/Documents/ros/robot_arm/ros2_ws_robot/src/tictactoe' returned '0': PYTHONPATH=/home/julien/Documents/ros/robot_arm/ros2_ws_robot/build/tictactoe/prefix_override:/home/julien/Documents/ros/robot_arm/ros2_ws_robot/install/tictactoe/lib/python3.10/site-packages:${PYTHONPATH} /usr/bin/python3 setup.py egg_info --egg-base ../../build/tictactoe build --build-base /home/julien/Documents/ros/robot_arm/ros2_ws_robot/build/tictactoe/build install --record /home/julien/Documents/ros/robot_arm/ros2_ws_robot/build/tictactoe/install.log --single-version-externally-managed
