[3.606s] Invoking command in '/home/julien/Documents/ros/robot_arm/ros2_ws_robot/src/tictactoe': PYTHONPATH=/home/julien/Documents/ros/robot_arm/ros2_ws_robot/build/tictactoe/prefix_override:/home/julien/Documents/ros/robot_arm/ros2_ws_robot/install/tictactoe/lib/python3.10/site-packages:${PYTHONPATH} /usr/bin/python3 setup.py egg_info --egg-base ../../build/tictactoe build --build-base /home/julien/Documents/ros/robot_arm/ros2_ws_robot/build/tictactoe/build install --record /home/julien/Documents/ros/robot_arm/ros2_ws_robot/build/tictactoe/install.log --single-version-externally-managed
[4.976s] running egg_info
[4.979s] writing ../../build/tictactoe/tictactoe.egg-info/PKG-INFO
[4.979s] writing dependency_links to ../../build/tictactoe/tictactoe.egg-info/dependency_links.txt
[4.980s] writing entry points to ../../build/tictactoe/tictactoe.egg-info/entry_points.txt
[4.981s] writing requirements to ../../build/tictactoe/tictactoe.egg-info/requires.txt
[4.981s] writing top-level names to ../../build/tictactoe/tictactoe.egg-info/top_level.txt
[4.987s] reading manifest file '../../build/tictactoe/tictactoe.egg-info/SOURCES.txt'
[4.992s] writing manifest file '../../build/tictactoe/tictactoe.egg-info/SOURCES.txt'
[4.992s] running build
[4.992s] running build_py
[4.993s] copying tictactoe/main.py -> /home/julien/Documents/ros/robot_arm/ros2_ws_robot/build/tictactoe/build/lib/tictactoe
[4.993s] running install
[4.995s] running install_lib
[4.998s] copying /home/julien/Documents/ros/robot_arm/ros2_ws_robot/build/tictactoe/build/lib/tictactoe/main.py -> /home/julien/Documents/ros/robot_arm/ros2_ws_robot/install/tictactoe/lib/python3.10/site-packages/tictactoe
[5.002s] byte-compiling /home/julien/Documents/ros/robot_arm/ros2_ws_robot/install/tictactoe/lib/python3.10/site-packages/tictactoe/main.py to main.cpython-310.pyc
[5.008s]   File "/home/julien/Documents/ros/robot_arm/ros2_ws_robot/install/tictactoe/lib/python3.10/site-packages/tictactoe/main.py", line 101
[5.008s]     self.cam_subscriber = self.create_subscription(Image, '/camera/frames', self.update_frame, 1):
[5.008s]                                                                                                  ^
[5.009s] SyntaxError: invalid syntax
[5.009s] 
[5.009s] running install_data
[5.011s] running install_egg_info
[5.017s] removing '/home/julien/Documents/ros/robot_arm/ros2_ws_robot/install/tictactoe/lib/python3.10/site-packages/tictactoe-0.0.0-py3.10.egg-info' (and everything under it)
[5.018s] Copying ../../build/tictactoe/tictactoe.egg-info to /home/julien/Documents/ros/robot_arm/ros2_ws_robot/install/tictactoe/lib/python3.10/site-packages/tictactoe-0.0.0-py3.10.egg-info
[5.025s] running install_scripts
[5.115s] Installing main script to /home/julien/Documents/ros/robot_arm/ros2_ws_robot/install/tictactoe/lib/tictactoe
[5.117s] writing list of installed files to '/home/julien/Documents/ros/robot_arm/ros2_ws_robot/build/tictactoe/install.log'
[5.205s] Invoked command in '/home/julien/Documents/ros/robot_arm/ros2_ws_robot/src/tictactoe' returned '0': PYTHONPATH=/home/julien/Documents/ros/robot_arm/ros2_ws_robot/build/tictactoe/prefix_override:/home/julien/Documents/ros/robot_arm/ros2_ws_robot/install/tictactoe/lib/python3.10/site-packages:${PYTHONPATH} /usr/bin/python3 setup.py egg_info --egg-base ../../build/tictactoe build --build-base /home/julien/Documents/ros/robot_arm/ros2_ws_robot/build/tictactoe/build install --record /home/julien/Documents/ros/robot_arm/ros2_ws_robot/build/tictactoe/install.log --single-version-externally-managed
