[1.458s] Invoking command in '/home/julien/Documents/ros/robot_arm/ros2_ws_robot/src/tictactoe': PYTHONPATH=/home/julien/Documents/ros/robot_arm/ros2_ws_robot/build/tictactoe/prefix_override:/home/julien/Documents/ros/robot_arm/ros2_ws_robot/install/tictactoe/lib/python3.10/site-packages:${PYTHONPATH} /usr/bin/python3 setup.py egg_info --egg-base ../../build/tictactoe build --build-base /home/julien/Documents/ros/robot_arm/ros2_ws_robot/build/tictactoe/build install --record /home/julien/Documents/ros/robot_arm/ros2_ws_robot/build/tictactoe/install.log --single-version-externally-managed
[1.830s] running egg_info
[1.832s] writing ../../build/tictactoe/tictactoe.egg-info/PKG-INFO
[1.832s] writing dependency_links to ../../build/tictactoe/tictactoe.egg-info/dependency_links.txt
[1.832s] writing entry points to ../../build/tictactoe/tictactoe.egg-info/entry_points.txt
[1.832s] writing requirements to ../../build/tictactoe/tictactoe.egg-info/requires.txt
[1.832s] writing top-level names to ../../build/tictactoe/tictactoe.egg-info/top_level.txt
[1.834s] reading manifest file '../../build/tictactoe/tictactoe.egg-info/SOURCES.txt'
[1.835s] writing manifest file '../../build/tictactoe/tictactoe.egg-info/SOURCES.txt'
[1.835s] running build
[1.835s] running build_py
[1.836s] copying tictactoe/main.py -> /home/julien/Documents/ros/robot_arm/ros2_ws_robot/build/tictactoe/build/lib/tictactoe
[1.836s] running install
[1.838s] running install_lib
[1.839s] copying /home/julien/Documents/ros/robot_arm/ros2_ws_robot/build/tictactoe/build/lib/tictactoe/main.py -> /home/julien/Documents/ros/robot_arm/ros2_ws_robot/install/tictactoe/lib/python3.10/site-packages/tictactoe
[1.841s] byte-compiling /home/julien/Documents/ros/robot_arm/ros2_ws_robot/install/tictactoe/lib/python3.10/site-packages/tictactoe/main.py to main.cpython-310.pyc
[1.843s] running install_data
[1.844s] running install_egg_info
[1.846s] removing '/home/julien/Documents/ros/robot_arm/ros2_ws_robot/install/tictactoe/lib/python3.10/site-packages/tictactoe-0.0.0-py3.10.egg-info' (and everything under it)
[1.853s] Copying ../../build/tictactoe/tictactoe.egg-info to /home/julien/Documents/ros/robot_arm/ros2_ws_robot/install/tictactoe/lib/python3.10/site-packages/tictactoe-0.0.0-py3.10.egg-info
[1.858s] running install_scripts
[1.887s] Installing main script to /home/julien/Documents/ros/robot_arm/ros2_ws_robot/install/tictactoe/lib/tictactoe
[1.891s] writing list of installed files to '/home/julien/Documents/ros/robot_arm/ros2_ws_robot/build/tictactoe/install.log'
[1.930s] Invoked command in '/home/julien/Documents/ros/robot_arm/ros2_ws_robot/src/tictactoe' returned '0': PYTHONPATH=/home/julien/Documents/ros/robot_arm/ros2_ws_robot/build/tictactoe/prefix_override:/home/julien/Documents/ros/robot_arm/ros2_ws_robot/install/tictactoe/lib/python3.10/site-packages:${PYTHONPATH} /usr/bin/python3 setup.py egg_info --egg-base ../../build/tictactoe build --build-base /home/julien/Documents/ros/robot_arm/ros2_ws_robot/build/tictactoe/build install --record /home/julien/Documents/ros/robot_arm/ros2_ws_robot/build/tictactoe/install.log --single-version-externally-managed
