[0.838s] Invoking command in '/home/julien/Documents/ros/robot_arm/src/prog_robot': PYTHONPATH=/home/julien/Documents/ros/robot_arm/build/prog_robot/prefix_override:/home/julien/Documents/ros/robot_arm/install/prog_robot/lib/python3.10/site-packages:${PYTHONPATH} /usr/bin/python3 setup.py egg_info --egg-base ../../build/prog_robot build --build-base /home/julien/Documents/ros/robot_arm/build/prog_robot/build install --record /home/julien/Documents/ros/robot_arm/build/prog_robot/install.log --single-version-externally-managed
[1.138s] running egg_info
[1.139s] writing ../../build/prog_robot/prog_robot.egg-info/PKG-INFO
[1.139s] writing dependency_links to ../../build/prog_robot/prog_robot.egg-info/dependency_links.txt
[1.139s] writing entry points to ../../build/prog_robot/prog_robot.egg-info/entry_points.txt
[1.139s] writing requirements to ../../build/prog_robot/prog_robot.egg-info/requires.txt
[1.140s] writing top-level names to ../../build/prog_robot/prog_robot.egg-info/top_level.txt
[1.141s] reading manifest file '../../build/prog_robot/prog_robot.egg-info/SOURCES.txt'
[1.142s] writing manifest file '../../build/prog_robot/prog_robot.egg-info/SOURCES.txt'
[1.143s] running build
[1.143s] running build_py
[1.143s] copying prog_robot/fonctions.py -> /home/julien/Documents/ros/robot_arm/build/prog_robot/build/lib/prog_robot
[1.143s] running install
[1.144s] /usr/lib/python3/dist-packages/setuptools/command/install.py:34: SetuptoolsDeprecationWarning: setup.py install is deprecated. Use build and pip and other standards-based tools.
[1.144s]   warnings.warn(
[1.144s] running install_lib
[1.145s] copying /home/julien/Documents/ros/robot_arm/build/prog_robot/build/lib/prog_robot/fonctions.py -> /home/julien/Documents/ros/robot_arm/install/prog_robot/lib/python3.10/site-packages/prog_robot
[1.146s] byte-compiling /home/julien/Documents/ros/robot_arm/install/prog_robot/lib/python3.10/site-packages/prog_robot/fonctions.py to fonctions.cpython-310.pyc
[1.147s] running install_data
[1.148s] running install_egg_info
[1.150s] removing '/home/julien/Documents/ros/robot_arm/install/prog_robot/lib/python3.10/site-packages/prog_robot-0.0.0-py3.10.egg-info' (and everything under it)
[1.151s] Copying ../../build/prog_robot/prog_robot.egg-info to /home/julien/Documents/ros/robot_arm/install/prog_robot/lib/python3.10/site-packages/prog_robot-0.0.0-py3.10.egg-info
[1.152s] running install_scripts
[1.175s] Installing go_home script to /home/julien/Documents/ros/robot_arm/install/prog_robot/lib/prog_robot
[1.175s] Installing move script to /home/julien/Documents/ros/robot_arm/install/prog_robot/lib/prog_robot
[1.175s] Installing pub_to_arduino script to /home/julien/Documents/ros/robot_arm/install/prog_robot/lib/prog_robot
[1.176s] writing list of installed files to '/home/julien/Documents/ros/robot_arm/build/prog_robot/install.log'
[1.201s] Invoked command in '/home/julien/Documents/ros/robot_arm/src/prog_robot' returned '0': PYTHONPATH=/home/julien/Documents/ros/robot_arm/build/prog_robot/prefix_override:/home/julien/Documents/ros/robot_arm/install/prog_robot/lib/python3.10/site-packages:${PYTHONPATH} /usr/bin/python3 setup.py egg_info --egg-base ../../build/prog_robot build --build-base /home/julien/Documents/ros/robot_arm/build/prog_robot/build install --record /home/julien/Documents/ros/robot_arm/build/prog_robot/install.log --single-version-externally-managed
