[0.047s] Invoking command in '/home/julien/Documents/ros/robot_arm/ros2_ws_robot/build/prog_robot_cpp': CMAKE_PREFIX_PATH=${CMAKE_PREFIX_PATH}:/home/julien/Documents/ros/ws_ros2/install/simple_pub_sub:/home/julien/Documents/ros/ws_ros2/install/py_pubsub:/home/julien/Documents/ros/microros_ws/install/sensor_msgs_py:/home/julien/Documents/ros/ws_moveit2/install/moveit_configs_utils:/home/julien/Documents/ros/ws_moveit2/install/launch_param_builder:/home/julien/Documents/ros/robot_arm/ros2_ws_robot/install/tictactoe:/home/julien/Documents/ros/robot_arm/ros2_ws_robot/install/prog_robot:/opt/ros/humble /usr/bin/cmake --build /home/julien/Documents/ros/robot_arm/ros2_ws_robot/build/prog_robot_cpp -- -j4 -l4
[0.289s] [35m[1mConsolidate compiler generated dependencies of target move[0m
[0.377s] [ 33%] Built target hello_moveit
[0.380s] [ 66%] Built target scene
[0.413s] [ 83%] [32mBuilding CXX object CMakeFiles/move.dir/src/move.cpp.o[0m
[11.253s] [01m[K/home/julien/Documents/ros/robot_arm/ros2_ws_robot/src/prog_robot_cpp/src/move.cpp:[m[K In constructor ‘[01m[KMove::Move()[m[K’:
[11.254s] [01m[K/home/julien/Documents/ros/robot_arm/ros2_ws_robot/src/prog_robot_cpp/src/move.cpp:35:129:[m[K [01;31m[Kerror: [m[K‘[01m[Kmove_group_interface[m[K’ was not declared in this scope
[11.254s]    35 |                visual_tools_(std::shared_ptr<rclcpp::Node>(std::move(this)), "base_link", rviz_visual_tools::RVIZ_MARKER_TOPIC, [01;31m[Kmove_group_interface[m[K.getRobotModel())
[11.254s]       |                                                                                                                                 [01;31m[K^~~~~~~~~~~~~~~~~~~~[m[K
[11.329s] [01m[K/home/julien/Documents/ros/robot_arm/ros2_ws_robot/src/prog_robot_cpp/src/move.cpp:37:149:[m[K [01;31m[Kerror: [m[Kno match for ‘[01m[Koperator=[m[K’ (operand types are ‘[01m[Krclcpp::Subscription<std_msgs::msg::String_<std::allocator<void> > >::SharedPtr[m[K’ {aka ‘[01m[Kstd::shared_ptr<rclcpp::Subscription<std_msgs::msg::String_<std::allocator<void> > > >[m[K’} and ‘[01m[Kstd::shared_ptr<rclcpp::Subscription<std_msgs::msg::Float32MultiArray_<std::allocator<void> >, std::allocator<void>, std_msgs::msg::Float32MultiArray_<std::allocator<void> >, std_msgs::msg::Float32MultiArray_<std::allocator<void> >, rclcpp::message_memory_strategy::MessageMemoryStrategy<std_msgs::msg::Float32MultiArray_<std::allocator<void> >, std::allocator<void> > > >[m[K’)
[11.329s]    37 |         subscription_ = this->create_subscription<std_msgs::msg::Float32MultiArray>("/pose_xyz_speed", 10, std::bind(&Move::pose_callback, this, _1)[01;31m[K)[m[K;
[11.329s]       |                                                                                                                                                     [01;31m[K^[m[K
[11.330s] In file included from [01m[K/usr/include/c++/11/memory:77[m[K,
[11.330s]                  from [01m[K/home/julien/Documents/ros/robot_arm/ros2_ws_robot/src/prog_robot_cpp/src/move.cpp:1[m[K:
[11.330s] [01m[K/usr/include/c++/11/bits/shared_ptr.h:363:9:[m[K [01;36m[Knote: [m[Kcandidate: ‘[01m[Ktemplate<class _Yp> std::shared_ptr<_Tp>::_Assignable<const std::shared_ptr<_Yp>&> std::shared_ptr<_Tp>::operator=(const std::shared_ptr<_Yp>&) [with _Yp = _Yp; _Tp = rclcpp::Subscription<std_msgs::msg::String_<std::allocator<void> > >][m[K’
[11.330s]   363 |         [01;36m[Koperator[m[K=(const shared_ptr<_Yp>& __r) noexcept
[11.330s]       |         [01;36m[K^~~~~~~~[m[K
[11.331s] [01m[K/usr/include/c++/11/bits/shared_ptr.h:363:9:[m[K [01;36m[Knote: [m[K  template argument deduction/substitution failed:
[11.331s] /usr/include/c++/11/bits/shared_ptr.h: In substitution of ‘[01m[Ktemplate<class _Tp> template<class _Arg> using _Assignable = typename std::enable_if<std::is_assignable<std::__shared_ptr<_Tp>&, _Arg>::value, std::shared_ptr<_Tp>&>::type [with _Arg = const std::shared_ptr<rclcpp::Subscription<std_msgs::msg::Float32MultiArray_<std::allocator<void> >, std::allocator<void>, std_msgs::msg::Float32MultiArray_<std::allocator<void> >, std_msgs::msg::Float32MultiArray_<std::allocator<void> >, rclcpp::message_memory_strategy::MessageMemoryStrategy<std_msgs::msg::Float32MultiArray_<std::allocator<void> >, std::allocator<void> > > >&; _Tp = rclcpp::Subscription<std_msgs::msg::String_<std::allocator<void> > >][m[K’:
[11.331s] [01m[K/usr/include/c++/11/bits/shared_ptr.h:363:2:[m[K   required by substitution of ‘[01m[Ktemplate<class _Yp> std::shared_ptr<rclcpp::Subscription<std_msgs::msg::String_<std::allocator<void> > > >::_Assignable<const std::shared_ptr<_Tp>&> std::shared_ptr<rclcpp::Subscription<std_msgs::msg::String_<std::allocator<void> > > >::operator=<_Yp>(const std::shared_ptr<_Tp>&) [with _Yp = rclcpp::Subscription<std_msgs::msg::Float32MultiArray_<std::allocator<void> >, std::allocator<void>, std_msgs::msg::Float32MultiArray_<std::allocator<void> >, std_msgs::msg::Float32MultiArray_<std::allocator<void> >, rclcpp::message_memory_strategy::MessageMemoryStrategy<std_msgs::msg::Float32MultiArray_<std::allocator<void> >, std::allocator<void> > >][m[K’
[11.331s] [01m[K/home/julien/Documents/ros/robot_arm/ros2_ws_robot/src/prog_robot_cpp/src/move.cpp:37:149:[m[K   required from here
[11.331s] [01m[K/usr/include/c++/11/bits/shared_ptr.h:130:15:[m[K [01;31m[Kerror: [m[Kno type named ‘[01m[Ktype[m[K’ in ‘[01m[Kstruct std::enable_if<false, std::shared_ptr<rclcpp::Subscription<std_msgs::msg::String_<std::allocator<void> > > >&>[m[K’
[11.331s]   130 |         using [01;31m[K_Assignable[m[K = typename enable_if<
[11.332s]       |               [01;31m[K^~~~~~~~~~~[m[K
[11.332s] [01m[K/usr/include/c++/11/bits/shared_ptr.h:374:9:[m[K [01;36m[Knote: [m[Kcandidate: ‘[01m[Ktemplate<class _Yp> std::shared_ptr<_Tp>::_Assignable<std::auto_ptr<_Up> > std::shared_ptr<_Tp>::operator=(std::auto_ptr<_Up>&&) [with _Yp = _Yp; _Tp = rclcpp::Subscription<std_msgs::msg::String_<std::allocator<void> > >][m[K’
[11.332s]   374 |         [01;36m[Koperator[m[K=(auto_ptr<_Yp>&& __r)
[11.332s]       |         [01;36m[K^~~~~~~~[m[K
[11.332s] [01m[K/usr/include/c++/11/bits/shared_ptr.h:374:9:[m[K [01;36m[Knote: [m[K  template argument deduction/substitution failed:
[11.332s] [01m[K/home/julien/Documents/ros/robot_arm/ros2_ws_robot/src/prog_robot_cpp/src/move.cpp:37:149:[m[K [01;36m[Knote: [m[K  ‘[01m[Kstd::shared_ptr<rclcpp::Subscription<std_msgs::msg::Float32MultiArray_<std::allocator<void> >, std::allocator<void>, std_msgs::msg::Float32MultiArray_<std::allocator<void> >, std_msgs::msg::Float32MultiArray_<std::allocator<void> >, rclcpp::message_memory_strategy::MessageMemoryStrategy<std_msgs::msg::Float32MultiArray_<std::allocator<void> >, std::allocator<void> > > >[m[K’ is not derived from ‘[01m[Kstd::auto_ptr<_Up>[m[K’
[11.332s]    37 |         subscription_ = this->create_subscription<std_msgs::msg::Float32MultiArray>("/pose_xyz_speed", 10, std::bind(&Move::pose_callback, this, _1)[01;36m[K)[m[K;
[11.332s]       |                                                                                                                                                     [01;36m[K^[m[K
[11.332s] In file included from [01m[K/usr/include/c++/11/memory:77[m[K,
[11.332s]                  from [01m[K/home/julien/Documents/ros/robot_arm/ros2_ws_robot/src/prog_robot_cpp/src/move.cpp:1[m[K:
[11.332s] [01m[K/usr/include/c++/11/bits/shared_ptr.h:391:9:[m[K [01;36m[Knote: [m[Kcandidate: ‘[01m[Ktemplate<class _Yp> std::shared_ptr<_Tp>::_Assignable<std::shared_ptr<_Yp> > std::shared_ptr<_Tp>::operator=(std::shared_ptr<_Yp>&&) [with _Yp = _Yp; _Tp = rclcpp::Subscription<std_msgs::msg::String_<std::allocator<void> > >][m[K’
[11.332s]   391 |         [01;36m[Koperator[m[K=(shared_ptr<_Yp>&& __r) noexcept
[11.332s]       |         [01;36m[K^~~~~~~~[m[K
[11.332s] [01m[K/usr/include/c++/11/bits/shared_ptr.h:391:9:[m[K [01;36m[Knote: [m[K  template argument deduction/substitution failed:
[11.333s] /usr/include/c++/11/bits/shared_ptr.h: In substitution of ‘[01m[Ktemplate<class _Tp> template<class _Arg> using _Assignable = typename std::enable_if<std::is_assignable<std::__shared_ptr<_Tp>&, _Arg>::value, std::shared_ptr<_Tp>&>::type [with _Arg = std::shared_ptr<rclcpp::Subscription<std_msgs::msg::Float32MultiArray_<std::allocator<void> >, std::allocator<void>, std_msgs::msg::Float32MultiArray_<std::allocator<void> >, std_msgs::msg::Float32MultiArray_<std::allocator<void> >, rclcpp::message_memory_strategy::MessageMemoryStrategy<std_msgs::msg::Float32MultiArray_<std::allocator<void> >, std::allocator<void> > > >; _Tp = rclcpp::Subscription<std_msgs::msg::String_<std::allocator<void> > >][m[K’:
[11.333s] [01m[K/usr/include/c++/11/bits/shared_ptr.h:391:2:[m[K   required by substitution of ‘[01m[Ktemplate<class _Yp> std::shared_ptr<rclcpp::Subscription<std_msgs::msg::String_<std::allocator<void> > > >::_Assignable<std::shared_ptr<_Tp> > std::shared_ptr<rclcpp::Subscription<std_msgs::msg::String_<std::allocator<void> > > >::operator=<_Yp>(std::shared_ptr<_Tp>&&) [with _Yp = rclcpp::Subscription<std_msgs::msg::Float32MultiArray_<std::allocator<void> >, std::allocator<void>, std_msgs::msg::Float32MultiArray_<std::allocator<void> >, std_msgs::msg::Float32MultiArray_<std::allocator<void> >, rclcpp::message_memory_strategy::MessageMemoryStrategy<std_msgs::msg::Float32MultiArray_<std::allocator<void> >, std::allocator<void> > >][m[K’
[11.333s] [01m[K/home/julien/Documents/ros/robot_arm/ros2_ws_robot/src/prog_robot_cpp/src/move.cpp:37:149:[m[K   required from here
[11.333s] [01m[K/usr/include/c++/11/bits/shared_ptr.h:130:15:[m[K [01;31m[Kerror: [m[Kno type named ‘[01m[Ktype[m[K’ in ‘[01m[Kstruct std::enable_if<false, std::shared_ptr<rclcpp::Subscription<std_msgs::msg::String_<std::allocator<void> > > >&>[m[K’
[11.333s]   130 |         using [01;31m[K_Assignable[m[K = typename enable_if<
[11.333s]       |               [01;31m[K^~~~~~~~~~~[m[K
[11.333s] [01m[K/usr/include/c++/11/bits/shared_ptr.h:399:9:[m[K [01;36m[Knote: [m[Kcandidate: ‘[01m[Ktemplate<class _Yp, class _Del> std::shared_ptr<_Tp>::_Assignable<std::unique_ptr<_Up, _Ep> > std::shared_ptr<_Tp>::operator=(std::unique_ptr<_Up, _Ep>&&) [with _Yp = _Yp; _Del = _Del; _Tp = rclcpp::Subscription<std_msgs::msg::String_<std::allocator<void> > >][m[K’
[11.333s]   399 |         [01;36m[Koperator[m[K=(unique_ptr<_Yp, _Del>&& __r)
[11.333s]       |         [01;36m[K^~~~~~~~[m[K
[11.333s] [01m[K/usr/include/c++/11/bits/shared_ptr.h:399:9:[m[K [01;36m[Knote: [m[K  template argument deduction/substitution failed:
[11.333s] [01m[K/home/julien/Documents/ros/robot_arm/ros2_ws_robot/src/prog_robot_cpp/src/move.cpp:37:149:[m[K [01;36m[Knote: [m[K  ‘[01m[Kstd::shared_ptr<rclcpp::Subscription<std_msgs::msg::Float32MultiArray_<std::allocator<void> >, std::allocator<void>, std_msgs::msg::Float32MultiArray_<std::allocator<void> >, std_msgs::msg::Float32MultiArray_<std::allocator<void> >, rclcpp::message_memory_strategy::MessageMemoryStrategy<std_msgs::msg::Float32MultiArray_<std::allocator<void> >, std::allocator<void> > > >[m[K’ is not derived from ‘[01m[Kstd::unique_ptr<_Tp, _Dp>[m[K’
[11.333s]    37 |         subscription_ = this->create_subscription<std_msgs::msg::Float32MultiArray>("/pose_xyz_speed", 10, std::bind(&Move::pose_callback, this, _1)[01;36m[K)[m[K;
[11.333s]       |                                                                                                                                                     [01;36m[K^[m[K
[11.333s] In file included from [01m[K/usr/include/c++/11/memory:77[m[K,
[11.334s]                  from [01m[K/home/julien/Documents/ros/robot_arm/ros2_ws_robot/src/prog_robot_cpp/src/move.cpp:1[m[K:
[11.334s] [01m[K/usr/include/c++/11/bits/shared_ptr.h:359:19:[m[K [01;36m[Knote: [m[Kcandidate: ‘[01m[Kstd::shared_ptr<_Tp>& std::shared_ptr<_Tp>::operator=(const std::shared_ptr<_Tp>&) [with _Tp = rclcpp::Subscription<std_msgs::msg::String_<std::allocator<void> > >][m[K’
[11.334s]   359 |       shared_ptr& [01;36m[Koperator[m[K=(const shared_ptr&) noexcept = default;
[11.334s]       |                   [01;36m[K^~~~~~~~[m[K
[11.334s] [01m[K/usr/include/c++/11/bits/shared_ptr.h:359:29:[m[K [01;36m[Knote: [m[K  no known conversion for argument 1 from ‘[01m[Kstd::shared_ptr<rclcpp::Subscription<std_msgs::msg::Float32MultiArray_<std::allocator<void> >, std::allocator<void>, std_msgs::msg::Float32MultiArray_<std::allocator<void> >, std_msgs::msg::Float32MultiArray_<std::allocator<void> >, rclcpp::message_memory_strategy::MessageMemoryStrategy<std_msgs::msg::Float32MultiArray_<std::allocator<void> >, std::allocator<void> > > >[m[K’ to ‘[01m[Kconst std::shared_ptr<rclcpp::Subscription<std_msgs::msg::String_<std::allocator<void> > > >&[m[K’
[11.334s]   359 |       shared_ptr& operator=([01;36m[Kconst shared_ptr&[m[K) noexcept = default;
[11.334s]       |                             [01;36m[K^~~~~~~~~~~~~~~~~[m[K
[11.334s] [01m[K/usr/include/c++/11/bits/shared_ptr.h:383:7:[m[K [01;36m[Knote: [m[Kcandidate: ‘[01m[Kstd::shared_ptr<_Tp>& std::shared_ptr<_Tp>::operator=(std::shared_ptr<_Tp>&&) [with _Tp = rclcpp::Subscription<std_msgs::msg::String_<std::allocator<void> > >][m[K’
[11.334s]   383 |       [01;36m[Koperator[m[K=(shared_ptr&& __r) noexcept
[11.334s]       |       [01;36m[K^~~~~~~~[m[K
[11.334s] [01m[K/usr/include/c++/11/bits/shared_ptr.h:383:30:[m[K [01;36m[Knote: [m[K  no known conversion for argument 1 from ‘[01m[Kstd::shared_ptr<rclcpp::Subscription<std_msgs::msg::Float32MultiArray_<std::allocator<void> >, std::allocator<void>, std_msgs::msg::Float32MultiArray_<std::allocator<void> >, std_msgs::msg::Float32MultiArray_<std::allocator<void> >, rclcpp::message_memory_strategy::MessageMemoryStrategy<std_msgs::msg::Float32MultiArray_<std::allocator<void> >, std::allocator<void> > > >[m[K’ to ‘[01m[Kstd::shared_ptr<rclcpp::Subscription<std_msgs::msg::String_<std::allocator<void> > > >&&[m[K’
[11.334s]   383 |       operator=([01;36m[Kshared_ptr&& __r[m[K) noexcept
[11.334s]       |                 [01;36m[K~~~~~~~~~~~~~^~~[m[K
[11.334s] In file included from [01m[K/opt/ros/humble/include/rclcpp/rclcpp/logging.hpp:24[m[K,
[11.335s]                  from [01m[K/opt/ros/humble/include/rclcpp/rclcpp/client.hpp:40[m[K,
[11.335s]                  from [01m[K/opt/ros/humble/include/rclcpp/rclcpp/callback_group.hpp:24[m[K,
[11.335s]                  from [01m[K/opt/ros/humble/include/rclcpp/rclcpp/any_executable.hpp:20[m[K,
[11.335s]                  from [01m[K/opt/ros/humble/include/rclcpp/rclcpp/memory_strategy.hpp:25[m[K,
[11.335s]                  from [01m[K/opt/ros/humble/include/rclcpp/rclcpp/memory_strategies.hpp:18[m[K,
[11.335s]                  from [01m[K/opt/ros/humble/include/rclcpp/rclcpp/executor_options.hpp:20[m[K,
[11.335s]                  from [01m[K/opt/ros/humble/include/rclcpp/rclcpp/executor.hpp:37[m[K,
[11.335s]                  from [01m[K/opt/ros/humble/include/rclcpp/rclcpp/executors/multi_threaded_executor.hpp:25[m[K,
[11.335s]                  from [01m[K/opt/ros/humble/include/rclcpp/rclcpp/executors.hpp:21[m[K,
[11.335s]                  from [01m[K/opt/ros/humble/include/rclcpp/rclcpp/rclcpp.hpp:155[m[K,
[11.335s]                  from [01m[K/home/julien/Documents/ros/robot_arm/ros2_ws_robot/src/prog_robot_cpp/src/move.cpp:3[m[K:
[11.335s] [01m[K/home/julien/Documents/ros/robot_arm/ros2_ws_robot/src/prog_robot_cpp/src/move.cpp:[m[K In member function ‘[01m[Kvoid Move::pose_callback(std_msgs::msg::Float32MultiArray)[m[K’:
[11.335s] [01m[K/home/julien/Documents/ros/robot_arm/ros2_ws_robot/src/prog_robot_cpp/src/move.cpp:47:67:[m[K [01;31m[Kerror: [m[K‘[01m[Kconst _data_type[m[K’ {aka ‘[01m[Kconst class std::vector<float>[m[K’} has no member named ‘[01m[Kc_str[m[K’
[11.335s]    47 |         RCLCPP_INFO(this->get_logger(), "I heard: '%s'", msg.data.[01;31m[Kc_str[m[K());
[11.336s]       |                                                                   [01;31m[K^~~~~[m[K
[16.303s] gmake[2]: *** [CMakeFiles/move.dir/build.make:76: CMakeFiles/move.dir/src/move.cpp.o] Error 1
[16.303s] gmake[1]: *** [CMakeFiles/Makefile2:167: CMakeFiles/move.dir/all] Error 2
[16.304s] gmake: *** [Makefile:146: all] Error 2
[16.320s] Invoked command in '/home/julien/Documents/ros/robot_arm/ros2_ws_robot/build/prog_robot_cpp' returned '2': CMAKE_PREFIX_PATH=${CMAKE_PREFIX_PATH}:/home/julien/Documents/ros/ws_ros2/install/simple_pub_sub:/home/julien/Documents/ros/ws_ros2/install/py_pubsub:/home/julien/Documents/ros/microros_ws/install/sensor_msgs_py:/home/julien/Documents/ros/ws_moveit2/install/moveit_configs_utils:/home/julien/Documents/ros/ws_moveit2/install/launch_param_builder:/home/julien/Documents/ros/robot_arm/ros2_ws_robot/install/tictactoe:/home/julien/Documents/ros/robot_arm/ros2_ws_robot/install/prog_robot:/opt/ros/humble /usr/bin/cmake --build /home/julien/Documents/ros/robot_arm/ros2_ws_robot/build/prog_robot_cpp -- -j4 -l4
