[0.088s] Invoking command in '/home/julien/Documents/ros/robot_arm/build/Robot_description': CMAKE_PREFIX_PATH=${CMAKE_PREFIX_PATH}:/home/julien/Documents/ros/ws_moveit2/install/ros2controlcli:/home/julien/Documents/ros/ws_moveit2/install/moveit_configs_utils:/opt/ros/humble /usr/bin/cmake --build /home/julien/Documents/ros/robot_arm/build/Robot_description -- -j4 -l4
[0.300s] Invoked command in '/home/julien/Documents/ros/robot_arm/build/Robot_description' returned '0': CMAKE_PREFIX_PATH=${CMAKE_PREFIX_PATH}:/home/julien/Documents/ros/ws_moveit2/install/ros2controlcli:/home/julien/Documents/ros/ws_moveit2/install/moveit_configs_utils:/opt/ros/humble /usr/bin/cmake --build /home/julien/Documents/ros/robot_arm/build/Robot_description -- -j4 -l4
[0.515s] Invoking command in '/home/julien/Documents/ros/robot_arm/build/Robot_description': CMAKE_PREFIX_PATH=${CMAKE_PREFIX_PATH}:/home/julien/Documents/ros/ws_moveit2/install/ros2controlcli:/home/julien/Documents/ros/ws_moveit2/install/moveit_configs_utils:/opt/ros/humble /usr/bin/cmake --install /home/julien/Documents/ros/robot_arm/build/Robot_description
[0.559s] -- Install configuration: ""
[0.559s] -- Up-to-date: /home/julien/Documents/ros/robot_arm/install/Robot_description/share/Robot_description/urdf
[0.560s] -- Installing: /home/julien/Documents/ros/robot_arm/install/Robot_description/share/Robot_description/urdf/materials.xacro
[0.560s] -- Installing: /home/julien/Documents/ros/robot_arm/install/Robot_description/share/Robot_description/urdf/Robot.gazebo
[0.561s] -- Installing: /home/julien/Documents/ros/robot_arm/install/Robot_description/share/Robot_description/urdf/Robot.xacro
[0.561s] -- Installing: /home/julien/Documents/ros/robot_arm/install/Robot_description/share/Robot_description/urdf/Robot.trans
[0.562s] -- Up-to-date: /home/julien/Documents/ros/robot_arm/install/Robot_description/share/Robot_description/meshes
[0.562s] -- Installing: /home/julien/Documents/ros/robot_arm/install/Robot_description/share/Robot_description/meshes/link5_1.stl
[0.565s] -- Installing: /home/julien/Documents/ros/robot_arm/install/Robot_description/share/Robot_description/meshes/link2_1.stl
[0.582s] -- Installing: /home/julien/Documents/ros/robot_arm/install/Robot_description/share/Robot_description/meshes/link6_1.stl
[0.600s] -- Installing: /home/julien/Documents/ros/robot_arm/install/Robot_description/share/Robot_description/meshes/Servo_Gear_1.stl
[0.603s] -- Installing: /home/julien/Documents/ros/robot_arm/install/Robot_description/share/Robot_description/meshes/link1_1.stl
[0.614s] -- Installing: /home/julien/Documents/ros/robot_arm/install/Robot_description/share/Robot_description/meshes/link3_1.stl
[0.620s] -- Installing: /home/julien/Documents/ros/robot_arm/install/Robot_description/share/Robot_description/meshes/base_link.stl
[0.631s] -- Installing: /home/julien/Documents/ros/robot_arm/install/Robot_description/share/Robot_description/meshes/Idol_Gear_1.stl
[0.634s] -- Installing: /home/julien/Documents/ros/robot_arm/install/Robot_description/share/Robot_description/meshes/link4_1.stl
[0.647s] -- Up-to-date: /home/julien/Documents/ros/robot_arm/install/Robot_description/share/Robot_description/launch
[0.648s] -- Up-to-date: /home/julien/Documents/ros/robot_arm/install/Robot_description/share/Robot_description/launch/visualize.launch.py
[0.648s] -- Up-to-date: /home/julien/Documents/ros/robot_arm/install/Robot_description/share/Robot_description/rviz
[0.650s] -- Up-to-date: /home/julien/Documents/ros/robot_arm/install/Robot_description/share/Robot_description/rviz/config.rviz
[0.650s] -- Up-to-date: /home/julien/Documents/ros/robot_arm/install/Robot_description/share/ament_index/resource_index/package_run_dependencies/Robot_description
[0.650s] -- Up-to-date: /home/julien/Documents/ros/robot_arm/install/Robot_description/share/ament_index/resource_index/parent_prefix_path/Robot_description
[0.651s] -- Up-to-date: /home/julien/Documents/ros/robot_arm/install/Robot_description/share/Robot_description/environment/ament_prefix_path.sh
[0.651s] -- Up-to-date: /home/julien/Documents/ros/robot_arm/install/Robot_description/share/Robot_description/environment/ament_prefix_path.dsv
[0.651s] -- Up-to-date: /home/julien/Documents/ros/robot_arm/install/Robot_description/share/Robot_description/environment/path.sh
[0.652s] -- Up-to-date: /home/julien/Documents/ros/robot_arm/install/Robot_description/share/Robot_description/environment/path.dsv
[0.652s] -- Up-to-date: /home/julien/Documents/ros/robot_arm/install/Robot_description/share/Robot_description/local_setup.bash
[0.652s] -- Up-to-date: /home/julien/Documents/ros/robot_arm/install/Robot_description/share/Robot_description/local_setup.sh
[0.653s] -- Up-to-date: /home/julien/Documents/ros/robot_arm/install/Robot_description/share/Robot_description/local_setup.zsh
[0.653s] -- Up-to-date: /home/julien/Documents/ros/robot_arm/install/Robot_description/share/Robot_description/local_setup.dsv
[0.653s] -- Installing: /home/julien/Documents/ros/robot_arm/install/Robot_description/share/Robot_description/package.dsv
[0.653s] -- Up-to-date: /home/julien/Documents/ros/robot_arm/install/Robot_description/share/ament_index/resource_index/packages/Robot_description
[0.654s] -- Up-to-date: /home/julien/Documents/ros/robot_arm/install/Robot_description/share/Robot_description/cmake/Robot_descriptionConfig.cmake
[0.654s] -- Up-to-date: /home/julien/Documents/ros/robot_arm/install/Robot_description/share/Robot_description/cmake/Robot_descriptionConfig-version.cmake
[0.654s] -- Up-to-date: /home/julien/Documents/ros/robot_arm/install/Robot_description/share/Robot_description/package.xml
[0.657s] Invoked command in '/home/julien/Documents/ros/robot_arm/build/Robot_description' returned '0': CMAKE_PREFIX_PATH=${CMAKE_PREFIX_PATH}:/home/julien/Documents/ros/ws_moveit2/install/ros2controlcli:/home/julien/Documents/ros/ws_moveit2/install/moveit_configs_utils:/opt/ros/humble /usr/bin/cmake --install /home/julien/Documents/ros/robot_arm/build/Robot_description
