[2.120s] DEBUG:colcon:Command line arguments: ['/usr/bin/colcon', 'build']
[2.121s] DEBUG:colcon:Parsed command line arguments: Namespace(log_base=None, log_level=None, verb_name='build', build_base='build', install_base='install', merge_install=False, symlink_install=False, test_result_base=None, continue_on_error=False, executor='parallel', parallel_workers=4, event_handlers=None, ignore_user_meta=False, metas=['./colcon.meta'], base_paths=['.'], packages_ignore=None, packages_ignore_regex=None, paths=None, packages_up_to=None, packages_up_to_regex=None, packages_above=None, packages_above_and_dependencies=None, packages_above_depth=None, packages_select_by_dep=None, packages_skip_by_dep=None, packages_skip_up_to=None, packages_select_build_failed=False, packages_skip_build_finished=False, packages_select_test_failures=False, packages_skip_test_passed=False, packages_select=None, packages_skip=None, packages_select_regex=None, packages_skip_regex=None, packages_start=None, packages_end=None, allow_overriding=[], cmake_args=None, cmake_target=None, cmake_target_skip_unavailable=False, cmake_clean_cache=False, cmake_clean_first=False, cmake_force_configure=False, ament_cmake_args=None, catkin_cmake_args=None, catkin_skip_building_tests=False, mixin_files=None, mixin=None, verb_parser=<colcon_mixin.mixin.mixin_argument.MixinArgumentDecorator object at 0x7f18e5c217e0>, verb_extension=<colcon_core.verb.build.BuildVerb object at 0x7f18e5c21150>, main=<bound method BuildVerb.main of <colcon_core.verb.build.BuildVerb object at 0x7f18e5c21150>>, mixin_verb=('build',))
[2.264s] Level 1:colcon.colcon_core.package_discovery:discover_packages(colcon_meta) check parameters
[2.265s] Level 1:colcon.colcon_core.package_discovery:discover_packages(recursive) check parameters
[2.265s] Level 1:colcon.colcon_core.package_discovery:discover_packages(ignore) check parameters
[2.265s] Level 1:colcon.colcon_core.package_discovery:discover_packages(path) check parameters
[2.265s] Level 1:colcon.colcon_core.package_discovery:discover_packages(colcon_meta) discover
[2.265s] Level 1:colcon.colcon_core.package_discovery:discover_packages(recursive) discover
[2.266s] INFO:colcon.colcon_core.package_discovery:Crawling recursively for packages in '/home/julien/Documents/ros/robot_arm/ros2_ws_robot'
[2.266s] Level 1:colcon.colcon_core.package_identification:_identify(.) by extensions ['ignore', 'ignore_ament_install']
[2.266s] Level 1:colcon.colcon_core.package_identification:_identify(.) by extension 'ignore'
[2.267s] Level 1:colcon.colcon_core.package_identification:_identify(.) by extension 'ignore_ament_install'
[2.267s] Level 1:colcon.colcon_core.package_identification:_identify(.) by extensions ['colcon_pkg']
[2.267s] Level 1:colcon.colcon_core.package_identification:_identify(.) by extension 'colcon_pkg'
[2.267s] Level 1:colcon.colcon_core.package_identification:_identify(.) by extensions ['colcon_meta']
[2.267s] Level 1:colcon.colcon_core.package_identification:_identify(.) by extension 'colcon_meta'
[2.268s] Level 1:colcon.colcon_core.package_identification:_identify(.) by extensions ['ros']
[2.268s] Level 1:colcon.colcon_core.package_identification:_identify(.) by extension 'ros'
[2.318s] Level 1:colcon.colcon_core.package_identification:_identify(.) by extensions ['cmake', 'python']
[2.318s] Level 1:colcon.colcon_core.package_identification:_identify(.) by extension 'cmake'
[2.318s] Level 1:colcon.colcon_core.package_identification:_identify(.) by extension 'python'
[2.319s] Level 1:colcon.colcon_core.package_identification:_identify(.) by extensions ['python_setup_py']
[2.319s] Level 1:colcon.colcon_core.package_identification:_identify(.) by extension 'python_setup_py'
[2.320s] Level 1:colcon.colcon_core.package_identification:_identify(build) by extensions ['ignore', 'ignore_ament_install']
[2.320s] Level 1:colcon.colcon_core.package_identification:_identify(build) by extension 'ignore'
[2.320s] Level 1:colcon.colcon_core.package_identification:_identify(build) ignored
[2.321s] Level 1:colcon.colcon_core.package_identification:_identify(frames) by extensions ['ignore', 'ignore_ament_install']
[2.321s] Level 1:colcon.colcon_core.package_identification:_identify(frames) by extension 'ignore'
[2.321s] Level 1:colcon.colcon_core.package_identification:_identify(frames) by extension 'ignore_ament_install'
[2.322s] Level 1:colcon.colcon_core.package_identification:_identify(frames) by extensions ['colcon_pkg']
[2.322s] Level 1:colcon.colcon_core.package_identification:_identify(frames) by extension 'colcon_pkg'
[2.322s] Level 1:colcon.colcon_core.package_identification:_identify(frames) by extensions ['colcon_meta']
[2.322s] Level 1:colcon.colcon_core.package_identification:_identify(frames) by extension 'colcon_meta'
[2.323s] Level 1:colcon.colcon_core.package_identification:_identify(frames) by extensions ['ros']
[2.323s] Level 1:colcon.colcon_core.package_identification:_identify(frames) by extension 'ros'
[2.323s] Level 1:colcon.colcon_core.package_identification:_identify(frames) by extensions ['cmake', 'python']
[2.323s] Level 1:colcon.colcon_core.package_identification:_identify(frames) by extension 'cmake'
[2.323s] Level 1:colcon.colcon_core.package_identification:_identify(frames) by extension 'python'
[2.324s] Level 1:colcon.colcon_core.package_identification:_identify(frames) by extensions ['python_setup_py']
[2.324s] Level 1:colcon.colcon_core.package_identification:_identify(frames) by extension 'python_setup_py'
[2.324s] Level 1:colcon.colcon_core.package_identification:_identify(install) by extensions ['ignore', 'ignore_ament_install']
[2.325s] Level 1:colcon.colcon_core.package_identification:_identify(install) by extension 'ignore'
[2.325s] Level 1:colcon.colcon_core.package_identification:_identify(install) ignored
[2.326s] Level 1:colcon.colcon_core.package_identification:_identify(log) by extensions ['ignore', 'ignore_ament_install']
[2.326s] Level 1:colcon.colcon_core.package_identification:_identify(log) by extension 'ignore'
[2.326s] Level 1:colcon.colcon_core.package_identification:_identify(log) ignored
[2.327s] Level 1:colcon.colcon_core.package_identification:_identify(src) by extensions ['ignore', 'ignore_ament_install']
[2.327s] Level 1:colcon.colcon_core.package_identification:_identify(src) by extension 'ignore'
[2.328s] Level 1:colcon.colcon_core.package_identification:_identify(src) by extension 'ignore_ament_install'
[2.328s] Level 1:colcon.colcon_core.package_identification:_identify(src) by extensions ['colcon_pkg']
[2.328s] Level 1:colcon.colcon_core.package_identification:_identify(src) by extension 'colcon_pkg'
[2.328s] Level 1:colcon.colcon_core.package_identification:_identify(src) by extensions ['colcon_meta']
[2.328s] Level 1:colcon.colcon_core.package_identification:_identify(src) by extension 'colcon_meta'
[2.329s] Level 1:colcon.colcon_core.package_identification:_identify(src) by extensions ['ros']
[2.329s] Level 1:colcon.colcon_core.package_identification:_identify(src) by extension 'ros'
[2.329s] Level 1:colcon.colcon_core.package_identification:_identify(src) by extensions ['cmake', 'python']
[2.329s] Level 1:colcon.colcon_core.package_identification:_identify(src) by extension 'cmake'
[2.330s] Level 1:colcon.colcon_core.package_identification:_identify(src) by extension 'python'
[2.330s] Level 1:colcon.colcon_core.package_identification:_identify(src) by extensions ['python_setup_py']
[2.330s] Level 1:colcon.colcon_core.package_identification:_identify(src) by extension 'python_setup_py'
[2.330s] Level 1:colcon.colcon_core.package_identification:_identify(src/prog_robot) by extensions ['ignore', 'ignore_ament_install']
[2.331s] Level 1:colcon.colcon_core.package_identification:_identify(src/prog_robot) by extension 'ignore'
[2.331s] Level 1:colcon.colcon_core.package_identification:_identify(src/prog_robot) by extension 'ignore_ament_install'
[2.331s] Level 1:colcon.colcon_core.package_identification:_identify(src/prog_robot) by extensions ['colcon_pkg']
[2.332s] Level 1:colcon.colcon_core.package_identification:_identify(src/prog_robot) by extension 'colcon_pkg'
[2.332s] Level 1:colcon.colcon_core.package_identification:_identify(src/prog_robot) by extensions ['colcon_meta']
[2.332s] Level 1:colcon.colcon_core.package_identification:_identify(src/prog_robot) by extension 'colcon_meta'
[2.332s] Level 1:colcon.colcon_core.package_identification:_identify(src/prog_robot) by extensions ['ros']
[2.332s] Level 1:colcon.colcon_core.package_identification:_identify(src/prog_robot) by extension 'ros'
[2.343s] DEBUG:colcon.colcon_core.package_identification:Package 'src/prog_robot' with type 'ros.ament_python' and name 'prog_robot'
[2.344s] Level 1:colcon.colcon_core.package_identification:_identify(src/prog_robot_cpp) by extensions ['ignore', 'ignore_ament_install']
[2.344s] Level 1:colcon.colcon_core.package_identification:_identify(src/prog_robot_cpp) by extension 'ignore'
[2.345s] Level 1:colcon.colcon_core.package_identification:_identify(src/prog_robot_cpp) by extension 'ignore_ament_install'
[2.345s] Level 1:colcon.colcon_core.package_identification:_identify(src/prog_robot_cpp) by extensions ['colcon_pkg']
[2.345s] Level 1:colcon.colcon_core.package_identification:_identify(src/prog_robot_cpp) by extension 'colcon_pkg'
[2.345s] Level 1:colcon.colcon_core.package_identification:_identify(src/prog_robot_cpp) by extensions ['colcon_meta']
[2.345s] Level 1:colcon.colcon_core.package_identification:_identify(src/prog_robot_cpp) by extension 'colcon_meta'
[2.346s] Level 1:colcon.colcon_core.package_identification:_identify(src/prog_robot_cpp) by extensions ['ros']
[2.346s] Level 1:colcon.colcon_core.package_identification:_identify(src/prog_robot_cpp) by extension 'ros'
[2.350s] DEBUG:colcon.colcon_core.package_identification:Package 'src/prog_robot_cpp' with type 'ros.ament_cmake' and name 'prog_robot_cpp'
[2.351s] Level 1:colcon.colcon_core.package_identification:_identify(src/robot_description) by extensions ['ignore', 'ignore_ament_install']
[2.351s] Level 1:colcon.colcon_core.package_identification:_identify(src/robot_description) by extension 'ignore'
[2.351s] Level 1:colcon.colcon_core.package_identification:_identify(src/robot_description) by extension 'ignore_ament_install'
[2.352s] Level 1:colcon.colcon_core.package_identification:_identify(src/robot_description) by extensions ['colcon_pkg']
[2.352s] Level 1:colcon.colcon_core.package_identification:_identify(src/robot_description) by extension 'colcon_pkg'
[2.352s] Level 1:colcon.colcon_core.package_identification:_identify(src/robot_description) by extensions ['colcon_meta']
[2.352s] Level 1:colcon.colcon_core.package_identification:_identify(src/robot_description) by extension 'colcon_meta'
[2.352s] Level 1:colcon.colcon_core.package_identification:_identify(src/robot_description) by extensions ['ros']
[2.353s] Level 1:colcon.colcon_core.package_identification:_identify(src/robot_description) by extension 'ros'
[2.355s] DEBUG:colcon.colcon_core.package_identification:Package 'src/robot_description' with type 'ros.ament_cmake' and name 'robot_description'
[2.356s] Level 1:colcon.colcon_core.package_identification:_identify(src/robot_moveit_config) by extensions ['ignore', 'ignore_ament_install']
[2.356s] Level 1:colcon.colcon_core.package_identification:_identify(src/robot_moveit_config) by extension 'ignore'
[2.357s] Level 1:colcon.colcon_core.package_identification:_identify(src/robot_moveit_config) by extension 'ignore_ament_install'
[2.357s] Level 1:colcon.colcon_core.package_identification:_identify(src/robot_moveit_config) by extensions ['colcon_pkg']
[2.357s] Level 1:colcon.colcon_core.package_identification:_identify(src/robot_moveit_config) by extension 'colcon_pkg'
[2.357s] Level 1:colcon.colcon_core.package_identification:_identify(src/robot_moveit_config) by extensions ['colcon_meta']
[2.358s] Level 1:colcon.colcon_core.package_identification:_identify(src/robot_moveit_config) by extension 'colcon_meta'
[2.358s] Level 1:colcon.colcon_core.package_identification:_identify(src/robot_moveit_config) by extensions ['ros']
[2.358s] Level 1:colcon.colcon_core.package_identification:_identify(src/robot_moveit_config) by extension 'ros'
[2.362s] DEBUG:colcon.colcon_core.package_identification:Package 'src/robot_moveit_config' with type 'ros.ament_cmake' and name 'robot_moveit_config'
[2.362s] Level 1:colcon.colcon_core.package_identification:_identify(src/tictactoe) by extensions ['ignore', 'ignore_ament_install']
[2.363s] Level 1:colcon.colcon_core.package_identification:_identify(src/tictactoe) by extension 'ignore'
[2.363s] Level 1:colcon.colcon_core.package_identification:_identify(src/tictactoe) by extension 'ignore_ament_install'
[2.363s] Level 1:colcon.colcon_core.package_identification:_identify(src/tictactoe) by extensions ['colcon_pkg']
[2.364s] Level 1:colcon.colcon_core.package_identification:_identify(src/tictactoe) by extension 'colcon_pkg'
[2.364s] Level 1:colcon.colcon_core.package_identification:_identify(src/tictactoe) by extensions ['colcon_meta']
[2.364s] Level 1:colcon.colcon_core.package_identification:_identify(src/tictactoe) by extension 'colcon_meta'
[2.364s] Level 1:colcon.colcon_core.package_identification:_identify(src/tictactoe) by extensions ['ros']
[2.364s] Level 1:colcon.colcon_core.package_identification:_identify(src/tictactoe) by extension 'ros'
[2.366s] DEBUG:colcon.colcon_core.package_identification:Package 'src/tictactoe' with type 'ros.ament_python' and name 'tictactoe'
[2.366s] Level 1:colcon.colcon_core.package_discovery:discover_packages(recursive) using defaults
[2.367s] Level 1:colcon.colcon_core.package_discovery:discover_packages(ignore) discover
[2.367s] Level 1:colcon.colcon_core.package_discovery:discover_packages(ignore) using defaults
[2.367s] Level 1:colcon.colcon_core.package_discovery:discover_packages(path) discover
[2.367s] Level 1:colcon.colcon_core.package_discovery:discover_packages(path) using defaults
[2.497s] Level 1:colcon.colcon_core.package_discovery:discover_packages(prefix_path) check parameters
[2.497s] Level 1:colcon.colcon_core.package_discovery:discover_packages(prefix_path) discover
[2.548s] DEBUG:colcon.colcon_installed_package_information.package_discovery:Found 5 installed packages in /home/julien/Documents/ros/robot_arm/ros2_ws_robot/install
[2.552s] DEBUG:colcon.colcon_installed_package_information.package_discovery:Found 7 installed packages in /home/julien/Documents/ros/rosbridge_suite/install
[2.561s] DEBUG:colcon.colcon_installed_package_information.package_discovery:Found 39 installed packages in /home/julien/Documents/ros/microros_ws/install
[2.571s] DEBUG:colcon.colcon_installed_package_information.package_discovery:Found 55 installed packages in /home/julien/Documents/ros/ws_moveit2/install
[2.577s] DEBUG:colcon.colcon_installed_package_information.package_discovery:Found 2 installed packages in /home/julien/Documents/ros/ws_ros2/install
[2.585s] DEBUG:colcon.colcon_installed_package_information.package_discovery:Found 314 installed packages in /opt/ros/humble
[2.596s] Level 1:colcon.colcon_core.package_discovery:discover_packages(prefix_path) using defaults
[3.086s] Level 5:colcon.colcon_core.verb:set package 'prog_robot' build argument 'cmake_args' from command line to 'None'
[3.087s] Level 5:colcon.colcon_core.verb:set package 'prog_robot' build argument 'cmake_target' from command line to 'None'
[3.087s] Level 5:colcon.colcon_core.verb:set package 'prog_robot' build argument 'cmake_target_skip_unavailable' from command line to 'False'
[3.088s] Level 5:colcon.colcon_core.verb:set package 'prog_robot' build argument 'cmake_clean_cache' from command line to 'False'
[3.088s] Level 5:colcon.colcon_core.verb:set package 'prog_robot' build argument 'cmake_clean_first' from command line to 'False'
[3.088s] Level 5:colcon.colcon_core.verb:set package 'prog_robot' build argument 'cmake_force_configure' from command line to 'False'
[3.088s] Level 5:colcon.colcon_core.verb:set package 'prog_robot' build argument 'ament_cmake_args' from command line to 'None'
[3.088s] Level 5:colcon.colcon_core.verb:set package 'prog_robot' build argument 'catkin_cmake_args' from command line to 'None'
[3.089s] Level 5:colcon.colcon_core.verb:set package 'prog_robot' build argument 'catkin_skip_building_tests' from command line to 'False'
[3.089s] DEBUG:colcon.colcon_core.verb:Building package 'prog_robot' with the following arguments: {'ament_cmake_args': None, 'build_base': '/home/julien/Documents/ros/robot_arm/ros2_ws_robot/build/prog_robot', 'catkin_cmake_args': None, 'catkin_skip_building_tests': False, 'cmake_args': None, 'cmake_clean_cache': False, 'cmake_clean_first': False, 'cmake_force_configure': False, 'cmake_target': None, 'cmake_target_skip_unavailable': False, 'install_base': '/home/julien/Documents/ros/robot_arm/ros2_ws_robot/install/prog_robot', 'merge_install': False, 'path': '/home/julien/Documents/ros/robot_arm/ros2_ws_robot/src/prog_robot', 'symlink_install': False, 'test_result_base': None}
[3.094s] Level 5:colcon.colcon_core.verb:set package 'prog_robot_cpp' build argument 'cmake_args' from command line to 'None'
[3.094s] Level 5:colcon.colcon_core.verb:set package 'prog_robot_cpp' build argument 'cmake_target' from command line to 'None'
[3.094s] Level 5:colcon.colcon_core.verb:set package 'prog_robot_cpp' build argument 'cmake_target_skip_unavailable' from command line to 'False'
[3.094s] Level 5:colcon.colcon_core.verb:set package 'prog_robot_cpp' build argument 'cmake_clean_cache' from command line to 'False'
[3.094s] Level 5:colcon.colcon_core.verb:set package 'prog_robot_cpp' build argument 'cmake_clean_first' from command line to 'False'
[3.094s] Level 5:colcon.colcon_core.verb:set package 'prog_robot_cpp' build argument 'cmake_force_configure' from command line to 'False'
[3.095s] Level 5:colcon.colcon_core.verb:set package 'prog_robot_cpp' build argument 'ament_cmake_args' from command line to 'None'
[3.095s] Level 5:colcon.colcon_core.verb:set package 'prog_robot_cpp' build argument 'catkin_cmake_args' from command line to 'None'
[3.095s] Level 5:colcon.colcon_core.verb:set package 'prog_robot_cpp' build argument 'catkin_skip_building_tests' from command line to 'False'
[3.095s] DEBUG:colcon.colcon_core.verb:Building package 'prog_robot_cpp' with the following arguments: {'ament_cmake_args': None, 'build_base': '/home/julien/Documents/ros/robot_arm/ros2_ws_robot/build/prog_robot_cpp', 'catkin_cmake_args': None, 'catkin_skip_building_tests': False, 'cmake_args': None, 'cmake_clean_cache': False, 'cmake_clean_first': False, 'cmake_force_configure': False, 'cmake_target': None, 'cmake_target_skip_unavailable': False, 'install_base': '/home/julien/Documents/ros/robot_arm/ros2_ws_robot/install/prog_robot_cpp', 'merge_install': False, 'path': '/home/julien/Documents/ros/robot_arm/ros2_ws_robot/src/prog_robot_cpp', 'symlink_install': False, 'test_result_base': None}
[3.100s] Level 5:colcon.colcon_core.verb:set package 'robot_description' build argument 'cmake_args' from command line to 'None'
[3.100s] Level 5:colcon.colcon_core.verb:set package 'robot_description' build argument 'cmake_target' from command line to 'None'
[3.100s] Level 5:colcon.colcon_core.verb:set package 'robot_description' build argument 'cmake_target_skip_unavailable' from command line to 'False'
[3.100s] Level 5:colcon.colcon_core.verb:set package 'robot_description' build argument 'cmake_clean_cache' from command line to 'False'
[3.100s] Level 5:colcon.colcon_core.verb:set package 'robot_description' build argument 'cmake_clean_first' from command line to 'False'
[3.101s] Level 5:colcon.colcon_core.verb:set package 'robot_description' build argument 'cmake_force_configure' from command line to 'False'
[3.101s] Level 5:colcon.colcon_core.verb:set package 'robot_description' build argument 'ament_cmake_args' from command line to 'None'
[3.101s] Level 5:colcon.colcon_core.verb:set package 'robot_description' build argument 'catkin_cmake_args' from command line to 'None'
[3.101s] Level 5:colcon.colcon_core.verb:set package 'robot_description' build argument 'catkin_skip_building_tests' from command line to 'False'
[3.101s] DEBUG:colcon.colcon_core.verb:Building package 'robot_description' with the following arguments: {'ament_cmake_args': None, 'build_base': '/home/julien/Documents/ros/robot_arm/ros2_ws_robot/build/robot_description', 'catkin_cmake_args': None, 'catkin_skip_building_tests': False, 'cmake_args': None, 'cmake_clean_cache': False, 'cmake_clean_first': False, 'cmake_force_configure': False, 'cmake_target': None, 'cmake_target_skip_unavailable': False, 'install_base': '/home/julien/Documents/ros/robot_arm/ros2_ws_robot/install/robot_description', 'merge_install': False, 'path': '/home/julien/Documents/ros/robot_arm/ros2_ws_robot/src/robot_description', 'symlink_install': False, 'test_result_base': None}
[3.106s] Level 5:colcon.colcon_core.verb:set package 'tictactoe' build argument 'cmake_args' from command line to 'None'
[3.106s] Level 5:colcon.colcon_core.verb:set package 'tictactoe' build argument 'cmake_target' from command line to 'None'
[3.106s] Level 5:colcon.colcon_core.verb:set package 'tictactoe' build argument 'cmake_target_skip_unavailable' from command line to 'False'
[3.107s] Level 5:colcon.colcon_core.verb:set package 'tictactoe' build argument 'cmake_clean_cache' from command line to 'False'
[3.107s] Level 5:colcon.colcon_core.verb:set package 'tictactoe' build argument 'cmake_clean_first' from command line to 'False'
[3.107s] Level 5:colcon.colcon_core.verb:set package 'tictactoe' build argument 'cmake_force_configure' from command line to 'False'
[3.107s] Level 5:colcon.colcon_core.verb:set package 'tictactoe' build argument 'ament_cmake_args' from command line to 'None'
[3.107s] Level 5:colcon.colcon_core.verb:set package 'tictactoe' build argument 'catkin_cmake_args' from command line to 'None'
[3.107s] Level 5:colcon.colcon_core.verb:set package 'tictactoe' build argument 'catkin_skip_building_tests' from command line to 'False'
[3.107s] DEBUG:colcon.colcon_core.verb:Building package 'tictactoe' with the following arguments: {'ament_cmake_args': None, 'build_base': '/home/julien/Documents/ros/robot_arm/ros2_ws_robot/build/tictactoe', 'catkin_cmake_args': None, 'catkin_skip_building_tests': False, 'cmake_args': None, 'cmake_clean_cache': False, 'cmake_clean_first': False, 'cmake_force_configure': False, 'cmake_target': None, 'cmake_target_skip_unavailable': False, 'install_base': '/home/julien/Documents/ros/robot_arm/ros2_ws_robot/install/tictactoe', 'merge_install': False, 'path': '/home/julien/Documents/ros/robot_arm/ros2_ws_robot/src/tictactoe', 'symlink_install': False, 'test_result_base': None}
[3.112s] Level 5:colcon.colcon_core.verb:set package 'robot_moveit_config' build argument 'cmake_args' from command line to 'None'
[3.112s] Level 5:colcon.colcon_core.verb:set package 'robot_moveit_config' build argument 'cmake_target' from command line to 'None'
[3.112s] Level 5:colcon.colcon_core.verb:set package 'robot_moveit_config' build argument 'cmake_target_skip_unavailable' from command line to 'False'
[3.112s] Level 5:colcon.colcon_core.verb:set package 'robot_moveit_config' build argument 'cmake_clean_cache' from command line to 'False'
[3.113s] Level 5:colcon.colcon_core.verb:set package 'robot_moveit_config' build argument 'cmake_clean_first' from command line to 'False'
[3.113s] Level 5:colcon.colcon_core.verb:set package 'robot_moveit_config' build argument 'cmake_force_configure' from command line to 'False'
[3.113s] Level 5:colcon.colcon_core.verb:set package 'robot_moveit_config' build argument 'ament_cmake_args' from command line to 'None'
[3.113s] Level 5:colcon.colcon_core.verb:set package 'robot_moveit_config' build argument 'catkin_cmake_args' from command line to 'None'
[3.113s] Level 5:colcon.colcon_core.verb:set package 'robot_moveit_config' build argument 'catkin_skip_building_tests' from command line to 'False'
[3.113s] DEBUG:colcon.colcon_core.verb:Building package 'robot_moveit_config' with the following arguments: {'ament_cmake_args': None, 'build_base': '/home/julien/Documents/ros/robot_arm/ros2_ws_robot/build/robot_moveit_config', 'catkin_cmake_args': None, 'catkin_skip_building_tests': False, 'cmake_args': None, 'cmake_clean_cache': False, 'cmake_clean_first': False, 'cmake_force_configure': False, 'cmake_target': None, 'cmake_target_skip_unavailable': False, 'install_base': '/home/julien/Documents/ros/robot_arm/ros2_ws_robot/install/robot_moveit_config', 'merge_install': False, 'path': '/home/julien/Documents/ros/robot_arm/ros2_ws_robot/src/robot_moveit_config', 'symlink_install': False, 'test_result_base': None}
[3.116s] INFO:colcon.colcon_core.executor:Executing jobs using 'parallel' executor
[3.131s] DEBUG:colcon.colcon_parallel_executor.executor.parallel:run_until_complete
[3.132s] INFO:colcon.colcon_ros.task.ament_cmake.build:Building ROS package in '/home/julien/Documents/ros/robot_arm/ros2_ws_robot/src/robot_description' with build type 'ament_cmake'
[3.133s] INFO:colcon.colcon_cmake.task.cmake.build:Building CMake package in '/home/julien/Documents/ros/robot_arm/ros2_ws_robot/src/robot_description'
[3.167s] INFO:colcon.colcon_core.plugin_system:Skipping extension 'colcon_core.shell.bat': Not used on non-Windows systems
[3.167s] INFO:colcon.colcon_core.shell:Skip shell extension 'powershell' for command environment: Not usable outside of PowerShell
[3.168s] DEBUG:colcon.colcon_core.shell:Skip shell extension 'dsv' for command environment
[3.238s] INFO:colcon.colcon_ros.task.ament_python.build:Building ROS package in '/home/julien/Documents/ros/robot_arm/ros2_ws_robot/src/prog_robot' with build type 'ament_python'
[3.239s] Level 1:colcon.colcon_core.shell:create_environment_hook('prog_robot', 'ament_prefix_path')
[3.245s] INFO:colcon.colcon_core.shell:Creating environment hook '/home/julien/Documents/ros/robot_arm/ros2_ws_robot/install/prog_robot/share/prog_robot/hook/ament_prefix_path.ps1'
[3.253s] INFO:colcon.colcon_core.shell:Creating environment descriptor '/home/julien/Documents/ros/robot_arm/ros2_ws_robot/install/prog_robot/share/prog_robot/hook/ament_prefix_path.dsv'
[3.264s] INFO:colcon.colcon_core.shell:Creating environment hook '/home/julien/Documents/ros/robot_arm/ros2_ws_robot/install/prog_robot/share/prog_robot/hook/ament_prefix_path.sh'
[3.282s] INFO:colcon.colcon_core.shell:Skip shell extension 'powershell' for command environment: Not usable outside of PowerShell
[3.283s] DEBUG:colcon.colcon_core.shell:Skip shell extension 'dsv' for command environment
[3.352s] INFO:colcon.colcon_ros.task.ament_cmake.build:Building ROS package in '/home/julien/Documents/ros/robot_arm/ros2_ws_robot/src/prog_robot_cpp' with build type 'ament_cmake'
[3.353s] INFO:colcon.colcon_cmake.task.cmake.build:Building CMake package in '/home/julien/Documents/ros/robot_arm/ros2_ws_robot/src/prog_robot_cpp'
[3.370s] INFO:colcon.colcon_core.shell:Skip shell extension 'powershell' for command environment: Not usable outside of PowerShell
[3.371s] DEBUG:colcon.colcon_core.shell:Skip shell extension 'dsv' for command environment
[3.439s] INFO:colcon.colcon_ros.task.ament_python.build:Building ROS package in '/home/julien/Documents/ros/robot_arm/ros2_ws_robot/src/tictactoe' with build type 'ament_python'
[3.440s] Level 1:colcon.colcon_core.shell:create_environment_hook('tictactoe', 'ament_prefix_path')
[3.446s] INFO:colcon.colcon_core.shell:Creating environment hook '/home/julien/Documents/ros/robot_arm/ros2_ws_robot/install/tictactoe/share/tictactoe/hook/ament_prefix_path.ps1'
[3.451s] INFO:colcon.colcon_core.shell:Creating environment descriptor '/home/julien/Documents/ros/robot_arm/ros2_ws_robot/install/tictactoe/share/tictactoe/hook/ament_prefix_path.dsv'
[3.453s] INFO:colcon.colcon_core.shell:Creating environment hook '/home/julien/Documents/ros/robot_arm/ros2_ws_robot/install/tictactoe/share/tictactoe/hook/ament_prefix_path.sh'
[3.472s] INFO:colcon.colcon_core.shell:Skip shell extension 'powershell' for command environment: Not usable outside of PowerShell
[3.472s] DEBUG:colcon.colcon_core.shell:Skip shell extension 'dsv' for command environment
[3.575s] DEBUG:colcon.colcon_core.event_handler.log_command:Invoking command in '/home/julien/Documents/ros/robot_arm/ros2_ws_robot/build/robot_description': CMAKE_PREFIX_PATH=${CMAKE_PREFIX_PATH}:/home/julien/Documents/ros/ws_ros2/install/simple_pub_sub:/home/julien/Documents/ros/ws_ros2/install/py_pubsub:/home/julien/Documents/ros/microros_ws/install/sensor_msgs_py:/home/julien/Documents/ros/ws_moveit2/install/moveit_configs_utils:/home/julien/Documents/ros/ws_moveit2/install/launch_param_builder:/home/julien/Documents/ros/robot_arm/ros2_ws_robot/install/tictactoe:/home/julien/Documents/ros/robot_arm/ros2_ws_robot/install/prog_robot:/opt/ros/humble /usr/bin/cmake --build /home/julien/Documents/ros/robot_arm/ros2_ws_robot/build/robot_description -- -j4 -l4
[5.089s] INFO:colcon.colcon_core.task.python.build:Building Python package in '/home/julien/Documents/ros/robot_arm/ros2_ws_robot/src/prog_robot'
[5.095s] INFO:colcon.colcon_core.shell:Skip shell extension 'powershell' for command environment: Not usable outside of PowerShell
[5.095s] DEBUG:colcon.colcon_core.shell:Skip shell extension 'dsv' for command environment
[5.174s] DEBUG:colcon.colcon_core.event_handler.log_command:Invoking command in '/home/julien/Documents/ros/robot_arm/ros2_ws_robot/build/prog_robot_cpp': CMAKE_PREFIX_PATH=${CMAKE_PREFIX_PATH}:/home/julien/Documents/ros/ws_ros2/install/simple_pub_sub:/home/julien/Documents/ros/ws_ros2/install/py_pubsub:/home/julien/Documents/ros/microros_ws/install/sensor_msgs_py:/home/julien/Documents/ros/ws_moveit2/install/moveit_configs_utils:/home/julien/Documents/ros/ws_moveit2/install/launch_param_builder:/home/julien/Documents/ros/robot_arm/ros2_ws_robot/install/tictactoe:/home/julien/Documents/ros/robot_arm/ros2_ws_robot/install/prog_robot:/opt/ros/humble /usr/bin/cmake --build /home/julien/Documents/ros/robot_arm/ros2_ws_robot/build/prog_robot_cpp -- -j4 -l4
[5.197s] DEBUG:colcon.colcon_core.event_handler.log_command:Invoked command in '/home/julien/Documents/ros/robot_arm/ros2_ws_robot/build/robot_description' returned '0': CMAKE_PREFIX_PATH=${CMAKE_PREFIX_PATH}:/home/julien/Documents/ros/ws_ros2/install/simple_pub_sub:/home/julien/Documents/ros/ws_ros2/install/py_pubsub:/home/julien/Documents/ros/microros_ws/install/sensor_msgs_py:/home/julien/Documents/ros/ws_moveit2/install/moveit_configs_utils:/home/julien/Documents/ros/ws_moveit2/install/launch_param_builder:/home/julien/Documents/ros/robot_arm/ros2_ws_robot/install/tictactoe:/home/julien/Documents/ros/robot_arm/ros2_ws_robot/install/prog_robot:/opt/ros/humble /usr/bin/cmake --build /home/julien/Documents/ros/robot_arm/ros2_ws_robot/build/robot_description -- -j4 -l4
[8.452s] INFO:colcon.colcon_core.task.python.build:Building Python package in '/home/julien/Documents/ros/robot_arm/ros2_ws_robot/src/tictactoe'
[8.458s] INFO:colcon.colcon_core.shell:Skip shell extension 'powershell' for command environment: Not usable outside of PowerShell
[8.459s] DEBUG:colcon.colcon_core.shell:Skip shell extension 'dsv' for command environment
[9.009s] DEBUG:colcon.colcon_core.event_handler.log_command:Invoking command in '/home/julien/Documents/ros/robot_arm/ros2_ws_robot/build/robot_description': CMAKE_PREFIX_PATH=${CMAKE_PREFIX_PATH}:/home/julien/Documents/ros/ws_ros2/install/simple_pub_sub:/home/julien/Documents/ros/ws_ros2/install/py_pubsub:/home/julien/Documents/ros/microros_ws/install/sensor_msgs_py:/home/julien/Documents/ros/ws_moveit2/install/moveit_configs_utils:/home/julien/Documents/ros/ws_moveit2/install/launch_param_builder:/home/julien/Documents/ros/robot_arm/ros2_ws_robot/install/tictactoe:/home/julien/Documents/ros/robot_arm/ros2_ws_robot/install/prog_robot:/opt/ros/humble /usr/bin/cmake --install /home/julien/Documents/ros/robot_arm/ros2_ws_robot/build/robot_description
[9.520s] Level 1:colcon.colcon_core.environment:create_environment_scripts_only(robot_description)
[9.527s] DEBUG:colcon.colcon_core.event_handler.log_command:Invoked command in '/home/julien/Documents/ros/robot_arm/ros2_ws_robot/build/robot_description' returned '0': CMAKE_PREFIX_PATH=${CMAKE_PREFIX_PATH}:/home/julien/Documents/ros/ws_ros2/install/simple_pub_sub:/home/julien/Documents/ros/ws_ros2/install/py_pubsub:/home/julien/Documents/ros/microros_ws/install/sensor_msgs_py:/home/julien/Documents/ros/ws_moveit2/install/moveit_configs_utils:/home/julien/Documents/ros/ws_moveit2/install/launch_param_builder:/home/julien/Documents/ros/robot_arm/ros2_ws_robot/install/tictactoe:/home/julien/Documents/ros/robot_arm/ros2_ws_robot/install/prog_robot:/opt/ros/humble /usr/bin/cmake --install /home/julien/Documents/ros/robot_arm/ros2_ws_robot/build/robot_description
[9.655s] Level 1:colcon.colcon_core.environment:checking '/home/julien/Documents/ros/robot_arm/ros2_ws_robot/install/robot_description' for CMake module files
[9.669s] Level 1:colcon.colcon_core.environment:checking '/home/julien/Documents/ros/robot_arm/ros2_ws_robot/install/robot_description' for CMake config files
[9.676s] Level 1:colcon.colcon_core.shell:create_environment_hook('robot_description', 'cmake_prefix_path')
[9.691s] INFO:colcon.colcon_core.shell:Creating environment hook '/home/julien/Documents/ros/robot_arm/ros2_ws_robot/install/robot_description/share/robot_description/hook/cmake_prefix_path.ps1'
[9.695s] INFO:colcon.colcon_core.shell:Creating environment descriptor '/home/julien/Documents/ros/robot_arm/ros2_ws_robot/install/robot_description/share/robot_description/hook/cmake_prefix_path.dsv'
[9.706s] INFO:colcon.colcon_core.shell:Creating environment hook '/home/julien/Documents/ros/robot_arm/ros2_ws_robot/install/robot_description/share/robot_description/hook/cmake_prefix_path.sh'
[9.710s] Level 1:colcon.colcon_core.environment:checking '/home/julien/Documents/ros/robot_arm/ros2_ws_robot/install/robot_description/bin'
[9.710s] Level 1:colcon.colcon_core.environment:checking '/home/julien/Documents/ros/robot_arm/ros2_ws_robot/install/robot_description/lib/pkgconfig/robot_description.pc'
[9.711s] Level 1:colcon.colcon_core.environment:checking '/home/julien/Documents/ros/robot_arm/ros2_ws_robot/install/robot_description/lib/python3.10/site-packages'
[9.712s] Level 1:colcon.colcon_core.environment:checking '/home/julien/Documents/ros/robot_arm/ros2_ws_robot/install/robot_description/bin'
[9.739s] INFO:colcon.colcon_core.shell:Creating package script '/home/julien/Documents/ros/robot_arm/ros2_ws_robot/install/robot_description/share/robot_description/package.ps1'
[9.754s] INFO:colcon.colcon_core.shell:Creating package descriptor '/home/julien/Documents/ros/robot_arm/ros2_ws_robot/install/robot_description/share/robot_description/package.dsv'
[9.764s] INFO:colcon.colcon_core.shell:Creating package script '/home/julien/Documents/ros/robot_arm/ros2_ws_robot/install/robot_description/share/robot_description/package.sh'
[9.774s] INFO:colcon.colcon_core.shell:Creating package script '/home/julien/Documents/ros/robot_arm/ros2_ws_robot/install/robot_description/share/robot_description/package.bash'
[9.790s] INFO:colcon.colcon_core.shell:Creating package script '/home/julien/Documents/ros/robot_arm/ros2_ws_robot/install/robot_description/share/robot_description/package.zsh'
[9.793s] Level 1:colcon.colcon_core.environment:create_file_with_runtime_dependencies(/home/julien/Documents/ros/robot_arm/ros2_ws_robot/install/robot_description/share/colcon-core/packages/robot_description)
[11.049s] Level 1:colcon.colcon_core.environment:create_environment_scripts_only(robot_description)
[11.058s] Level 1:colcon.colcon_core.environment:checking '/home/julien/Documents/ros/robot_arm/ros2_ws_robot/install/robot_description' for CMake module files
[11.070s] Level 1:colcon.colcon_core.environment:checking '/home/julien/Documents/ros/robot_arm/ros2_ws_robot/install/robot_description' for CMake config files
[11.072s] Level 1:colcon.colcon_core.shell:create_environment_hook('robot_description', 'cmake_prefix_path')
[11.095s] INFO:colcon.colcon_core.shell:Creating environment hook '/home/julien/Documents/ros/robot_arm/ros2_ws_robot/install/robot_description/share/robot_description/hook/cmake_prefix_path.ps1'
[11.096s] INFO:colcon.colcon_core.shell:Creating environment descriptor '/home/julien/Documents/ros/robot_arm/ros2_ws_robot/install/robot_description/share/robot_description/hook/cmake_prefix_path.dsv'
[11.097s] INFO:colcon.colcon_core.shell:Creating environment hook '/home/julien/Documents/ros/robot_arm/ros2_ws_robot/install/robot_description/share/robot_description/hook/cmake_prefix_path.sh'
[11.116s] Level 1:colcon.colcon_core.environment:checking '/home/julien/Documents/ros/robot_arm/ros2_ws_robot/install/robot_description/bin'
[11.116s] Level 1:colcon.colcon_core.environment:checking '/home/julien/Documents/ros/robot_arm/ros2_ws_robot/install/robot_description/lib/pkgconfig/robot_description.pc'
[11.117s] Level 1:colcon.colcon_core.environment:checking '/home/julien/Documents/ros/robot_arm/ros2_ws_robot/install/robot_description/lib/python3.10/site-packages'
[11.118s] Level 1:colcon.colcon_core.environment:checking '/home/julien/Documents/ros/robot_arm/ros2_ws_robot/install/robot_description/bin'
[11.141s] INFO:colcon.colcon_core.shell:Creating package script '/home/julien/Documents/ros/robot_arm/ros2_ws_robot/install/robot_description/share/robot_description/package.ps1'
[11.143s] INFO:colcon.colcon_core.shell:Creating package descriptor '/home/julien/Documents/ros/robot_arm/ros2_ws_robot/install/robot_description/share/robot_description/package.dsv'
[11.144s] INFO:colcon.colcon_core.shell:Creating package script '/home/julien/Documents/ros/robot_arm/ros2_ws_robot/install/robot_description/share/robot_description/package.sh'
[11.158s] INFO:colcon.colcon_core.shell:Creating package script '/home/julien/Documents/ros/robot_arm/ros2_ws_robot/install/robot_description/share/robot_description/package.bash'
[11.160s] INFO:colcon.colcon_core.shell:Creating package script '/home/julien/Documents/ros/robot_arm/ros2_ws_robot/install/robot_description/share/robot_description/package.zsh'
[11.161s] Level 1:colcon.colcon_core.environment:create_file_with_runtime_dependencies(/home/julien/Documents/ros/robot_arm/ros2_ws_robot/install/robot_description/share/colcon-core/packages/robot_description)
[11.172s] INFO:colcon.colcon_ros.task.ament_cmake.build:Building ROS package in '/home/julien/Documents/ros/robot_arm/ros2_ws_robot/src/robot_moveit_config' with build type 'ament_cmake'
[11.173s] INFO:colcon.colcon_cmake.task.cmake.build:Building CMake package in '/home/julien/Documents/ros/robot_arm/ros2_ws_robot/src/robot_moveit_config'
[11.179s] INFO:colcon.colcon_core.shell:Skip shell extension 'powershell' for command environment: Not usable outside of PowerShell
[11.179s] DEBUG:colcon.colcon_core.shell:Skip shell extension 'dsv' for command environment
[11.655s] DEBUG:colcon.colcon_core.event_handler.log_command:Invoking command in '/home/julien/Documents/ros/robot_arm/ros2_ws_robot/build/robot_moveit_config': CMAKE_PREFIX_PATH=/home/julien/Documents/ros/robot_arm/ros2_ws_robot/install/robot_description:/home/julien/Documents/ros/rosbridge_suite/install/rosbridge_test_msgs:/home/julien/Documents/ros/rosbridge_suite/install/rosbridge_suite:/home/julien/Documents/ros/rosbridge_suite/install/rosbridge_server:/home/julien/Documents/ros/rosbridge_suite/install/rosbridge_msgs:/home/julien/Documents/ros/rosbridge_suite/install/rosapi:/home/julien/Documents/ros/rosbridge_suite/install/rosbridge_library:/home/julien/Documents/ros/rosbridge_suite/install/rosapi_msgs:/home/julien/Documents/ros/microros_ws/install/micro_ros_demos_rclc:/home/julien/Documents/ros/microros_ws/install/common_interfaces:/home/julien/Documents/ros/microros_ws/install/visualization_msgs:/home/julien/Documents/ros/microros_ws/install/test_msgs:/home/julien/Documents/ros/microros_ws/install/example_interfaces:/home/julien/Documents/ros/microros_ws/install/action_msgs:/home/julien/Documents/ros/microros_ws/install/unique_identifier_msgs:/home/julien/Documents/ros/microros_ws/install/trajectory_msgs:/home/julien/Documents/ros/microros_ws/install/stereo_msgs:/home/julien/Documents/ros/microros_ws/install/std_srvs:/home/julien/Documents/ros/microros_ws/install/shape_msgs:/home/julien/Documents/ros/microros_ws/install/sensor_msgs:/home/julien/Documents/ros/microros_ws/install/nav_msgs:/home/julien/Documents/ros/microros_ws/install/diagnostic_msgs:/home/julien/Documents/ros/microros_ws/install/geometry_msgs:/home/julien/Documents/ros/microros_ws/install/actionlib_msgs:/home/julien/Documents/ros/microros_ws/install/std_msgs:/home/julien/Documents/ros/microros_ws/install/statistics_msgs:/home/julien/Documents/ros/microros_ws/install/rosidl_typesupport_microxrcedds_test_msg:/home/julien/Documents/ros/microros_ws/install/rosidl_typesupport_microxrcedds_cpp_tests:/home/julien/Documents/ros/microros_ws/install/rmw_microxrcedds:/home/julien/Documents/ros/microros_ws/install/rosidl_typesupport_microxrcedds_cpp:/home/julien/Documents/ros/microros_ws/install/rosidl_typesupport_microxrcedds_c_tests:/home/julien/Documents/ros/microros_ws/install/rosidl_typesupport_microxrcedds_c:/home/julien/Documents/ros/microros_ws/install/rosgraph_msgs:/home/julien/Documents/ros/microros_ws/install/rclc_parameter:/home/julien/Documents/ros/microros_ws/install/rclc:/home/julien/Documents/ros/microros_ws/install/composition_interfaces:/home/julien/Documents/ros/microros_ws/install/rcl_interfaces:/home/julien/Documents/ros/microros_ws/install/microxrcedds_client:/home/julien/Documents/ros/microros_ws/install/microcdr:/home/julien/Documents/ros/microros_ws/install/micro_ros_utilities:/home/julien/Documents/ros/microros_ws/install/micro_ros_setup:/home/julien/Documents/ros/microros_ws/install/micro_ros_agent:/home/julien/Documents/ros/microros_ws/install/micro_ros_msgs:/home/julien/Documents/ros/microros_ws/install/lifecycle_msgs:/home/julien/Documents/ros/microros_ws/install/complex_msgs:/home/julien/Documents/ros/microros_ws/install/builtin_interfaces:/home/julien/Documents/ros/ws_moveit2/install/pilz_industrial_motion_planner_testutils:/home/julien/Documents/ros/ws_moveit2/install/moveit_runtime:/home/julien/Documents/ros/ws_moveit2/install/moveit2_tutorials:/home/julien/Documents/ros/ws_moveit2/install/moveit:/home/julien/Documents/ros/ws_moveit2/install/moveit_planners:/home/julien/Documents/ros/ws_moveit2/install/pilz_industrial_motion_planner:/home/julien/Documents/ros/ws_moveit2/install/moveit_visual_tools:/home/julien/Documents/ros/ws_moveit2/install/moveit_task_constructor_visualization:/home/julien/Documents/ros/ws_moveit2/install/moveit_task_constructor_demo:/home/julien/Documents/ros/ws_moveit2/install/moveit_task_constructor_capabilities:/home/julien/Documents/ros/ws_moveit2/install/moveit_task_constructor_core:/home/julien/Documents/ros/ws_moveit2/install/moveit_ros_control_interface:/home/julien/Documents/ros/ws_moveit2/install/moveit_plugins:/home/julien/Documents/ros/ws_moveit2/install/moveit_simple_controller_manager:/home/julien/Documents/ros/ws_moveit2/install/moveit_setup_assistant:/home/julien/Documents/ros/ws_moveit2/install/moveit_setup_srdf_plugins:/home/julien/Documents/ros/ws_moveit2/install/moveit_setup_core_plugins:/home/julien/Documents/ros/ws_moveit2/install/moveit_setup_controllers:/home/julien/Documents/ros/ws_moveit2/install/moveit_setup_app_plugins:/home/julien/Documents/ros/ws_moveit2/install/moveit_setup_framework:/home/julien/Documents/ros/ws_moveit2/install/moveit_servo:/home/julien/Documents/ros/ws_moveit2/install/moveit_ros:/home/julien/Documents/ros/ws_moveit2/install/moveit_ros_visualization:/home/julien/Documents/ros/ws_moveit2/install/moveit_hybrid_planning:/home/julien/Documents/ros/ws_moveit2/install/moveit_ros_planning_interface:/home/julien/Documents/ros/ws_moveit2/install/moveit_ros_benchmarks:/home/julien/Documents/ros/ws_moveit2/install/moveit_ros_warehouse:/home/julien/Documents/ros/ws_moveit2/install/moveit_ros_robot_interaction:/home/julien/Documents/ros/ws_moveit2/install/moveit_ros_perception:/home/julien/Documents/ros/ws_moveit2/install/moveit_resources_prbt_pg70_support:/home/julien/Documents/ros/ws_moveit2/install/moveit_resources_prbt_moveit_config:/home/julien/Documents/ros/ws_moveit2/install/moveit_ros_move_group:/home/julien/Documents/ros/ws_moveit2/install/moveit_planners_ompl:/home/julien/Documents/ros/ws_moveit2/install/moveit_ros_planning:/home/julien/Documents/ros/ws_moveit2/install/moveit_ros_occupancy_map_monitor:/home/julien/Documents/ros/ws_moveit2/install/moveit_resources_prbt_ikfast_manipulator_plugin:/home/julien/Documents/ros/ws_moveit2/install/moveit_planners_chomp:/home/julien/Documents/ros/ws_moveit2/install/moveit_kinematics:/home/julien/Documents/ros/ws_moveit2/install/moveit_chomp_optimizer_adapter:/home/julien/Documents/ros/ws_moveit2/install/chomp_motion_planner:/home/julien/Documents/ros/ws_moveit2/install/moveit_core:/home/julien/Documents/ros/ws_moveit2/install/srdfdom:/home/julien/Documents/ros/ws_moveit2/install/rviz_marker_tools:/home/julien/Documents/ros/ws_moveit2/install/rosparam_shortcuts:/home/julien/Documents/ros/ws_moveit2/install/moveit_task_constructor_msgs:/home/julien/Documents/ros/ws_moveit2/install/moveit_resources_prbt_support:/home/julien/Documents/ros/ws_moveit2/install/moveit_resources:/home/julien/Documents/ros/ws_moveit2/install/moveit_resources_pr2_description:/home/julien/Documents/ros/ws_moveit2/install/moveit_resources_panda_moveit_config:/home/julien/Documents/ros/ws_moveit2/install/moveit_resources_panda_description:/home/julien/Documents/ros/ws_moveit2/install/moveit_resources_fanuc_moveit_config:/home/julien/Documents/ros/ws_moveit2/install/moveit_resources_fanuc_description:/home/julien/Documents/ros/ws_moveit2/install/moveit_common:/home/julien/Documents/ros/robot_arm/ros2_ws_robot/install/robot_moveit_config:/home/julien/Documents/ros/robot_arm/ros2_ws_robot/install/prog_robot_cpp:/home/julien/Documents/ros/ws_ros2/install/simple_pub_sub:/home/julien/Documents/ros/ws_ros2/install/py_pubsub:/home/julien/Documents/ros/microros_ws/install/sensor_msgs_py:/home/julien/Documents/ros/ws_moveit2/install/moveit_configs_utils:/home/julien/Documents/ros/ws_moveit2/install/launch_param_builder:/home/julien/Documents/ros/robot_arm/ros2_ws_robot/install/tictactoe:/home/julien/Documents/ros/robot_arm/ros2_ws_robot/install/prog_robot:/opt/ros/humble /usr/bin/cmake --build /home/julien/Documents/ros/robot_arm/ros2_ws_robot/build/robot_moveit_config -- -j4 -l4
[13.215s] DEBUG:colcon.colcon_core.event_handler.log_command:Invoked command in '/home/julien/Documents/ros/robot_arm/ros2_ws_robot/build/robot_moveit_config' returned '0': CMAKE_PREFIX_PATH=/home/julien/Documents/ros/robot_arm/ros2_ws_robot/install/robot_description:/home/julien/Documents/ros/rosbridge_suite/install/rosbridge_test_msgs:/home/julien/Documents/ros/rosbridge_suite/install/rosbridge_suite:/home/julien/Documents/ros/rosbridge_suite/install/rosbridge_server:/home/julien/Documents/ros/rosbridge_suite/install/rosbridge_msgs:/home/julien/Documents/ros/rosbridge_suite/install/rosapi:/home/julien/Documents/ros/rosbridge_suite/install/rosbridge_library:/home/julien/Documents/ros/rosbridge_suite/install/rosapi_msgs:/home/julien/Documents/ros/microros_ws/install/micro_ros_demos_rclc:/home/julien/Documents/ros/microros_ws/install/common_interfaces:/home/julien/Documents/ros/microros_ws/install/visualization_msgs:/home/julien/Documents/ros/microros_ws/install/test_msgs:/home/julien/Documents/ros/microros_ws/install/example_interfaces:/home/julien/Documents/ros/microros_ws/install/action_msgs:/home/julien/Documents/ros/microros_ws/install/unique_identifier_msgs:/home/julien/Documents/ros/microros_ws/install/trajectory_msgs:/home/julien/Documents/ros/microros_ws/install/stereo_msgs:/home/julien/Documents/ros/microros_ws/install/std_srvs:/home/julien/Documents/ros/microros_ws/install/shape_msgs:/home/julien/Documents/ros/microros_ws/install/sensor_msgs:/home/julien/Documents/ros/microros_ws/install/nav_msgs:/home/julien/Documents/ros/microros_ws/install/diagnostic_msgs:/home/julien/Documents/ros/microros_ws/install/geometry_msgs:/home/julien/Documents/ros/microros_ws/install/actionlib_msgs:/home/julien/Documents/ros/microros_ws/install/std_msgs:/home/julien/Documents/ros/microros_ws/install/statistics_msgs:/home/julien/Documents/ros/microros_ws/install/rosidl_typesupport_microxrcedds_test_msg:/home/julien/Documents/ros/microros_ws/install/rosidl_typesupport_microxrcedds_cpp_tests:/home/julien/Documents/ros/microros_ws/install/rmw_microxrcedds:/home/julien/Documents/ros/microros_ws/install/rosidl_typesupport_microxrcedds_cpp:/home/julien/Documents/ros/microros_ws/install/rosidl_typesupport_microxrcedds_c_tests:/home/julien/Documents/ros/microros_ws/install/rosidl_typesupport_microxrcedds_c:/home/julien/Documents/ros/microros_ws/install/rosgraph_msgs:/home/julien/Documents/ros/microros_ws/install/rclc_parameter:/home/julien/Documents/ros/microros_ws/install/rclc:/home/julien/Documents/ros/microros_ws/install/composition_interfaces:/home/julien/Documents/ros/microros_ws/install/rcl_interfaces:/home/julien/Documents/ros/microros_ws/install/microxrcedds_client:/home/julien/Documents/ros/microros_ws/install/microcdr:/home/julien/Documents/ros/microros_ws/install/micro_ros_utilities:/home/julien/Documents/ros/microros_ws/install/micro_ros_setup:/home/julien/Documents/ros/microros_ws/install/micro_ros_agent:/home/julien/Documents/ros/microros_ws/install/micro_ros_msgs:/home/julien/Documents/ros/microros_ws/install/lifecycle_msgs:/home/julien/Documents/ros/microros_ws/install/complex_msgs:/home/julien/Documents/ros/microros_ws/install/builtin_interfaces:/home/julien/Documents/ros/ws_moveit2/install/pilz_industrial_motion_planner_testutils:/home/julien/Documents/ros/ws_moveit2/install/moveit_runtime:/home/julien/Documents/ros/ws_moveit2/install/moveit2_tutorials:/home/julien/Documents/ros/ws_moveit2/install/moveit:/home/julien/Documents/ros/ws_moveit2/install/moveit_planners:/home/julien/Documents/ros/ws_moveit2/install/pilz_industrial_motion_planner:/home/julien/Documents/ros/ws_moveit2/install/moveit_visual_tools:/home/julien/Documents/ros/ws_moveit2/install/moveit_task_constructor_visualization:/home/julien/Documents/ros/ws_moveit2/install/moveit_task_constructor_demo:/home/julien/Documents/ros/ws_moveit2/install/moveit_task_constructor_capabilities:/home/julien/Documents/ros/ws_moveit2/install/moveit_task_constructor_core:/home/julien/Documents/ros/ws_moveit2/install/moveit_ros_control_interface:/home/julien/Documents/ros/ws_moveit2/install/moveit_plugins:/home/julien/Documents/ros/ws_moveit2/install/moveit_simple_controller_manager:/home/julien/Documents/ros/ws_moveit2/install/moveit_setup_assistant:/home/julien/Documents/ros/ws_moveit2/install/moveit_setup_srdf_plugins:/home/julien/Documents/ros/ws_moveit2/install/moveit_setup_core_plugins:/home/julien/Documents/ros/ws_moveit2/install/moveit_setup_controllers:/home/julien/Documents/ros/ws_moveit2/install/moveit_setup_app_plugins:/home/julien/Documents/ros/ws_moveit2/install/moveit_setup_framework:/home/julien/Documents/ros/ws_moveit2/install/moveit_servo:/home/julien/Documents/ros/ws_moveit2/install/moveit_ros:/home/julien/Documents/ros/ws_moveit2/install/moveit_ros_visualization:/home/julien/Documents/ros/ws_moveit2/install/moveit_hybrid_planning:/home/julien/Documents/ros/ws_moveit2/install/moveit_ros_planning_interface:/home/julien/Documents/ros/ws_moveit2/install/moveit_ros_benchmarks:/home/julien/Documents/ros/ws_moveit2/install/moveit_ros_warehouse:/home/julien/Documents/ros/ws_moveit2/install/moveit_ros_robot_interaction:/home/julien/Documents/ros/ws_moveit2/install/moveit_ros_perception:/home/julien/Documents/ros/ws_moveit2/install/moveit_resources_prbt_pg70_support:/home/julien/Documents/ros/ws_moveit2/install/moveit_resources_prbt_moveit_config:/home/julien/Documents/ros/ws_moveit2/install/moveit_ros_move_group:/home/julien/Documents/ros/ws_moveit2/install/moveit_planners_ompl:/home/julien/Documents/ros/ws_moveit2/install/moveit_ros_planning:/home/julien/Documents/ros/ws_moveit2/install/moveit_ros_occupancy_map_monitor:/home/julien/Documents/ros/ws_moveit2/install/moveit_resources_prbt_ikfast_manipulator_plugin:/home/julien/Documents/ros/ws_moveit2/install/moveit_planners_chomp:/home/julien/Documents/ros/ws_moveit2/install/moveit_kinematics:/home/julien/Documents/ros/ws_moveit2/install/moveit_chomp_optimizer_adapter:/home/julien/Documents/ros/ws_moveit2/install/chomp_motion_planner:/home/julien/Documents/ros/ws_moveit2/install/moveit_core:/home/julien/Documents/ros/ws_moveit2/install/srdfdom:/home/julien/Documents/ros/ws_moveit2/install/rviz_marker_tools:/home/julien/Documents/ros/ws_moveit2/install/rosparam_shortcuts:/home/julien/Documents/ros/ws_moveit2/install/moveit_task_constructor_msgs:/home/julien/Documents/ros/ws_moveit2/install/moveit_resources_prbt_support:/home/julien/Documents/ros/ws_moveit2/install/moveit_resources:/home/julien/Documents/ros/ws_moveit2/install/moveit_resources_pr2_description:/home/julien/Documents/ros/ws_moveit2/install/moveit_resources_panda_moveit_config:/home/julien/Documents/ros/ws_moveit2/install/moveit_resources_panda_description:/home/julien/Documents/ros/ws_moveit2/install/moveit_resources_fanuc_moveit_config:/home/julien/Documents/ros/ws_moveit2/install/moveit_resources_fanuc_description:/home/julien/Documents/ros/ws_moveit2/install/moveit_common:/home/julien/Documents/ros/robot_arm/ros2_ws_robot/install/robot_moveit_config:/home/julien/Documents/ros/robot_arm/ros2_ws_robot/install/prog_robot_cpp:/home/julien/Documents/ros/ws_ros2/install/simple_pub_sub:/home/julien/Documents/ros/ws_ros2/install/py_pubsub:/home/julien/Documents/ros/microros_ws/install/sensor_msgs_py:/home/julien/Documents/ros/ws_moveit2/install/moveit_configs_utils:/home/julien/Documents/ros/ws_moveit2/install/launch_param_builder:/home/julien/Documents/ros/robot_arm/ros2_ws_robot/install/tictactoe:/home/julien/Documents/ros/robot_arm/ros2_ws_robot/install/prog_robot:/opt/ros/humble /usr/bin/cmake --build /home/julien/Documents/ros/robot_arm/ros2_ws_robot/build/robot_moveit_config -- -j4 -l4
[14.620s] DEBUG:colcon.colcon_core.event_handler.log_command:Invoking command in '/home/julien/Documents/ros/robot_arm/ros2_ws_robot/build/robot_moveit_config': CMAKE_PREFIX_PATH=/home/julien/Documents/ros/robot_arm/ros2_ws_robot/install/robot_description:/home/julien/Documents/ros/rosbridge_suite/install/rosbridge_test_msgs:/home/julien/Documents/ros/rosbridge_suite/install/rosbridge_suite:/home/julien/Documents/ros/rosbridge_suite/install/rosbridge_server:/home/julien/Documents/ros/rosbridge_suite/install/rosbridge_msgs:/home/julien/Documents/ros/rosbridge_suite/install/rosapi:/home/julien/Documents/ros/rosbridge_suite/install/rosbridge_library:/home/julien/Documents/ros/rosbridge_suite/install/rosapi_msgs:/home/julien/Documents/ros/microros_ws/install/micro_ros_demos_rclc:/home/julien/Documents/ros/microros_ws/install/common_interfaces:/home/julien/Documents/ros/microros_ws/install/visualization_msgs:/home/julien/Documents/ros/microros_ws/install/test_msgs:/home/julien/Documents/ros/microros_ws/install/example_interfaces:/home/julien/Documents/ros/microros_ws/install/action_msgs:/home/julien/Documents/ros/microros_ws/install/unique_identifier_msgs:/home/julien/Documents/ros/microros_ws/install/trajectory_msgs:/home/julien/Documents/ros/microros_ws/install/stereo_msgs:/home/julien/Documents/ros/microros_ws/install/std_srvs:/home/julien/Documents/ros/microros_ws/install/shape_msgs:/home/julien/Documents/ros/microros_ws/install/sensor_msgs:/home/julien/Documents/ros/microros_ws/install/nav_msgs:/home/julien/Documents/ros/microros_ws/install/diagnostic_msgs:/home/julien/Documents/ros/microros_ws/install/geometry_msgs:/home/julien/Documents/ros/microros_ws/install/actionlib_msgs:/home/julien/Documents/ros/microros_ws/install/std_msgs:/home/julien/Documents/ros/microros_ws/install/statistics_msgs:/home/julien/Documents/ros/microros_ws/install/rosidl_typesupport_microxrcedds_test_msg:/home/julien/Documents/ros/microros_ws/install/rosidl_typesupport_microxrcedds_cpp_tests:/home/julien/Documents/ros/microros_ws/install/rmw_microxrcedds:/home/julien/Documents/ros/microros_ws/install/rosidl_typesupport_microxrcedds_cpp:/home/julien/Documents/ros/microros_ws/install/rosidl_typesupport_microxrcedds_c_tests:/home/julien/Documents/ros/microros_ws/install/rosidl_typesupport_microxrcedds_c:/home/julien/Documents/ros/microros_ws/install/rosgraph_msgs:/home/julien/Documents/ros/microros_ws/install/rclc_parameter:/home/julien/Documents/ros/microros_ws/install/rclc:/home/julien/Documents/ros/microros_ws/install/composition_interfaces:/home/julien/Documents/ros/microros_ws/install/rcl_interfaces:/home/julien/Documents/ros/microros_ws/install/microxrcedds_client:/home/julien/Documents/ros/microros_ws/install/microcdr:/home/julien/Documents/ros/microros_ws/install/micro_ros_utilities:/home/julien/Documents/ros/microros_ws/install/micro_ros_setup:/home/julien/Documents/ros/microros_ws/install/micro_ros_agent:/home/julien/Documents/ros/microros_ws/install/micro_ros_msgs:/home/julien/Documents/ros/microros_ws/install/lifecycle_msgs:/home/julien/Documents/ros/microros_ws/install/complex_msgs:/home/julien/Documents/ros/microros_ws/install/builtin_interfaces:/home/julien/Documents/ros/ws_moveit2/install/pilz_industrial_motion_planner_testutils:/home/julien/Documents/ros/ws_moveit2/install/moveit_runtime:/home/julien/Documents/ros/ws_moveit2/install/moveit2_tutorials:/home/julien/Documents/ros/ws_moveit2/install/moveit:/home/julien/Documents/ros/ws_moveit2/install/moveit_planners:/home/julien/Documents/ros/ws_moveit2/install/pilz_industrial_motion_planner:/home/julien/Documents/ros/ws_moveit2/install/moveit_visual_tools:/home/julien/Documents/ros/ws_moveit2/install/moveit_task_constructor_visualization:/home/julien/Documents/ros/ws_moveit2/install/moveit_task_constructor_demo:/home/julien/Documents/ros/ws_moveit2/install/moveit_task_constructor_capabilities:/home/julien/Documents/ros/ws_moveit2/install/moveit_task_constructor_core:/home/julien/Documents/ros/ws_moveit2/install/moveit_ros_control_interface:/home/julien/Documents/ros/ws_moveit2/install/moveit_plugins:/home/julien/Documents/ros/ws_moveit2/install/moveit_simple_controller_manager:/home/julien/Documents/ros/ws_moveit2/install/moveit_setup_assistant:/home/julien/Documents/ros/ws_moveit2/install/moveit_setup_srdf_plugins:/home/julien/Documents/ros/ws_moveit2/install/moveit_setup_core_plugins:/home/julien/Documents/ros/ws_moveit2/install/moveit_setup_controllers:/home/julien/Documents/ros/ws_moveit2/install/moveit_setup_app_plugins:/home/julien/Documents/ros/ws_moveit2/install/moveit_setup_framework:/home/julien/Documents/ros/ws_moveit2/install/moveit_servo:/home/julien/Documents/ros/ws_moveit2/install/moveit_ros:/home/julien/Documents/ros/ws_moveit2/install/moveit_ros_visualization:/home/julien/Documents/ros/ws_moveit2/install/moveit_hybrid_planning:/home/julien/Documents/ros/ws_moveit2/install/moveit_ros_planning_interface:/home/julien/Documents/ros/ws_moveit2/install/moveit_ros_benchmarks:/home/julien/Documents/ros/ws_moveit2/install/moveit_ros_warehouse:/home/julien/Documents/ros/ws_moveit2/install/moveit_ros_robot_interaction:/home/julien/Documents/ros/ws_moveit2/install/moveit_ros_perception:/home/julien/Documents/ros/ws_moveit2/install/moveit_resources_prbt_pg70_support:/home/julien/Documents/ros/ws_moveit2/install/moveit_resources_prbt_moveit_config:/home/julien/Documents/ros/ws_moveit2/install/moveit_ros_move_group:/home/julien/Documents/ros/ws_moveit2/install/moveit_planners_ompl:/home/julien/Documents/ros/ws_moveit2/install/moveit_ros_planning:/home/julien/Documents/ros/ws_moveit2/install/moveit_ros_occupancy_map_monitor:/home/julien/Documents/ros/ws_moveit2/install/moveit_resources_prbt_ikfast_manipulator_plugin:/home/julien/Documents/ros/ws_moveit2/install/moveit_planners_chomp:/home/julien/Documents/ros/ws_moveit2/install/moveit_kinematics:/home/julien/Documents/ros/ws_moveit2/install/moveit_chomp_optimizer_adapter:/home/julien/Documents/ros/ws_moveit2/install/chomp_motion_planner:/home/julien/Documents/ros/ws_moveit2/install/moveit_core:/home/julien/Documents/ros/ws_moveit2/install/srdfdom:/home/julien/Documents/ros/ws_moveit2/install/rviz_marker_tools:/home/julien/Documents/ros/ws_moveit2/install/rosparam_shortcuts:/home/julien/Documents/ros/ws_moveit2/install/moveit_task_constructor_msgs:/home/julien/Documents/ros/ws_moveit2/install/moveit_resources_prbt_support:/home/julien/Documents/ros/ws_moveit2/install/moveit_resources:/home/julien/Documents/ros/ws_moveit2/install/moveit_resources_pr2_description:/home/julien/Documents/ros/ws_moveit2/install/moveit_resources_panda_moveit_config:/home/julien/Documents/ros/ws_moveit2/install/moveit_resources_panda_description:/home/julien/Documents/ros/ws_moveit2/install/moveit_resources_fanuc_moveit_config:/home/julien/Documents/ros/ws_moveit2/install/moveit_resources_fanuc_description:/home/julien/Documents/ros/ws_moveit2/install/moveit_common:/home/julien/Documents/ros/robot_arm/ros2_ws_robot/install/robot_moveit_config:/home/julien/Documents/ros/robot_arm/ros2_ws_robot/install/prog_robot_cpp:/home/julien/Documents/ros/ws_ros2/install/simple_pub_sub:/home/julien/Documents/ros/ws_ros2/install/py_pubsub:/home/julien/Documents/ros/microros_ws/install/sensor_msgs_py:/home/julien/Documents/ros/ws_moveit2/install/moveit_configs_utils:/home/julien/Documents/ros/ws_moveit2/install/launch_param_builder:/home/julien/Documents/ros/robot_arm/ros2_ws_robot/install/tictactoe:/home/julien/Documents/ros/robot_arm/ros2_ws_robot/install/prog_robot:/opt/ros/humble /usr/bin/cmake --install /home/julien/Documents/ros/robot_arm/ros2_ws_robot/build/robot_moveit_config
[14.811s] Level 1:colcon.colcon_core.environment:create_environment_scripts_only(robot_moveit_config)
[14.856s] Level 1:colcon.colcon_core.environment:checking '/home/julien/Documents/ros/robot_arm/ros2_ws_robot/install/robot_moveit_config' for CMake module files
[14.860s] DEBUG:colcon.colcon_core.event_handler.log_command:Invoked command in '/home/julien/Documents/ros/robot_arm/ros2_ws_robot/build/robot_moveit_config' returned '0': CMAKE_PREFIX_PATH=/home/julien/Documents/ros/robot_arm/ros2_ws_robot/install/robot_description:/home/julien/Documents/ros/rosbridge_suite/install/rosbridge_test_msgs:/home/julien/Documents/ros/rosbridge_suite/install/rosbridge_suite:/home/julien/Documents/ros/rosbridge_suite/install/rosbridge_server:/home/julien/Documents/ros/rosbridge_suite/install/rosbridge_msgs:/home/julien/Documents/ros/rosbridge_suite/install/rosapi:/home/julien/Documents/ros/rosbridge_suite/install/rosbridge_library:/home/julien/Documents/ros/rosbridge_suite/install/rosapi_msgs:/home/julien/Documents/ros/microros_ws/install/micro_ros_demos_rclc:/home/julien/Documents/ros/microros_ws/install/common_interfaces:/home/julien/Documents/ros/microros_ws/install/visualization_msgs:/home/julien/Documents/ros/microros_ws/install/test_msgs:/home/julien/Documents/ros/microros_ws/install/example_interfaces:/home/julien/Documents/ros/microros_ws/install/action_msgs:/home/julien/Documents/ros/microros_ws/install/unique_identifier_msgs:/home/julien/Documents/ros/microros_ws/install/trajectory_msgs:/home/julien/Documents/ros/microros_ws/install/stereo_msgs:/home/julien/Documents/ros/microros_ws/install/std_srvs:/home/julien/Documents/ros/microros_ws/install/shape_msgs:/home/julien/Documents/ros/microros_ws/install/sensor_msgs:/home/julien/Documents/ros/microros_ws/install/nav_msgs:/home/julien/Documents/ros/microros_ws/install/diagnostic_msgs:/home/julien/Documents/ros/microros_ws/install/geometry_msgs:/home/julien/Documents/ros/microros_ws/install/actionlib_msgs:/home/julien/Documents/ros/microros_ws/install/std_msgs:/home/julien/Documents/ros/microros_ws/install/statistics_msgs:/home/julien/Documents/ros/microros_ws/install/rosidl_typesupport_microxrcedds_test_msg:/home/julien/Documents/ros/microros_ws/install/rosidl_typesupport_microxrcedds_cpp_tests:/home/julien/Documents/ros/microros_ws/install/rmw_microxrcedds:/home/julien/Documents/ros/microros_ws/install/rosidl_typesupport_microxrcedds_cpp:/home/julien/Documents/ros/microros_ws/install/rosidl_typesupport_microxrcedds_c_tests:/home/julien/Documents/ros/microros_ws/install/rosidl_typesupport_microxrcedds_c:/home/julien/Documents/ros/microros_ws/install/rosgraph_msgs:/home/julien/Documents/ros/microros_ws/install/rclc_parameter:/home/julien/Documents/ros/microros_ws/install/rclc:/home/julien/Documents/ros/microros_ws/install/composition_interfaces:/home/julien/Documents/ros/microros_ws/install/rcl_interfaces:/home/julien/Documents/ros/microros_ws/install/microxrcedds_client:/home/julien/Documents/ros/microros_ws/install/microcdr:/home/julien/Documents/ros/microros_ws/install/micro_ros_utilities:/home/julien/Documents/ros/microros_ws/install/micro_ros_setup:/home/julien/Documents/ros/microros_ws/install/micro_ros_agent:/home/julien/Documents/ros/microros_ws/install/micro_ros_msgs:/home/julien/Documents/ros/microros_ws/install/lifecycle_msgs:/home/julien/Documents/ros/microros_ws/install/complex_msgs:/home/julien/Documents/ros/microros_ws/install/builtin_interfaces:/home/julien/Documents/ros/ws_moveit2/install/pilz_industrial_motion_planner_testutils:/home/julien/Documents/ros/ws_moveit2/install/moveit_runtime:/home/julien/Documents/ros/ws_moveit2/install/moveit2_tutorials:/home/julien/Documents/ros/ws_moveit2/install/moveit:/home/julien/Documents/ros/ws_moveit2/install/moveit_planners:/home/julien/Documents/ros/ws_moveit2/install/pilz_industrial_motion_planner:/home/julien/Documents/ros/ws_moveit2/install/moveit_visual_tools:/home/julien/Documents/ros/ws_moveit2/install/moveit_task_constructor_visualization:/home/julien/Documents/ros/ws_moveit2/install/moveit_task_constructor_demo:/home/julien/Documents/ros/ws_moveit2/install/moveit_task_constructor_capabilities:/home/julien/Documents/ros/ws_moveit2/install/moveit_task_constructor_core:/home/julien/Documents/ros/ws_moveit2/install/moveit_ros_control_interface:/home/julien/Documents/ros/ws_moveit2/install/moveit_plugins:/home/julien/Documents/ros/ws_moveit2/install/moveit_simple_controller_manager:/home/julien/Documents/ros/ws_moveit2/install/moveit_setup_assistant:/home/julien/Documents/ros/ws_moveit2/install/moveit_setup_srdf_plugins:/home/julien/Documents/ros/ws_moveit2/install/moveit_setup_core_plugins:/home/julien/Documents/ros/ws_moveit2/install/moveit_setup_controllers:/home/julien/Documents/ros/ws_moveit2/install/moveit_setup_app_plugins:/home/julien/Documents/ros/ws_moveit2/install/moveit_setup_framework:/home/julien/Documents/ros/ws_moveit2/install/moveit_servo:/home/julien/Documents/ros/ws_moveit2/install/moveit_ros:/home/julien/Documents/ros/ws_moveit2/install/moveit_ros_visualization:/home/julien/Documents/ros/ws_moveit2/install/moveit_hybrid_planning:/home/julien/Documents/ros/ws_moveit2/install/moveit_ros_planning_interface:/home/julien/Documents/ros/ws_moveit2/install/moveit_ros_benchmarks:/home/julien/Documents/ros/ws_moveit2/install/moveit_ros_warehouse:/home/julien/Documents/ros/ws_moveit2/install/moveit_ros_robot_interaction:/home/julien/Documents/ros/ws_moveit2/install/moveit_ros_perception:/home/julien/Documents/ros/ws_moveit2/install/moveit_resources_prbt_pg70_support:/home/julien/Documents/ros/ws_moveit2/install/moveit_resources_prbt_moveit_config:/home/julien/Documents/ros/ws_moveit2/install/moveit_ros_move_group:/home/julien/Documents/ros/ws_moveit2/install/moveit_planners_ompl:/home/julien/Documents/ros/ws_moveit2/install/moveit_ros_planning:/home/julien/Documents/ros/ws_moveit2/install/moveit_ros_occupancy_map_monitor:/home/julien/Documents/ros/ws_moveit2/install/moveit_resources_prbt_ikfast_manipulator_plugin:/home/julien/Documents/ros/ws_moveit2/install/moveit_planners_chomp:/home/julien/Documents/ros/ws_moveit2/install/moveit_kinematics:/home/julien/Documents/ros/ws_moveit2/install/moveit_chomp_optimizer_adapter:/home/julien/Documents/ros/ws_moveit2/install/chomp_motion_planner:/home/julien/Documents/ros/ws_moveit2/install/moveit_core:/home/julien/Documents/ros/ws_moveit2/install/srdfdom:/home/julien/Documents/ros/ws_moveit2/install/rviz_marker_tools:/home/julien/Documents/ros/ws_moveit2/install/rosparam_shortcuts:/home/julien/Documents/ros/ws_moveit2/install/moveit_task_constructor_msgs:/home/julien/Documents/ros/ws_moveit2/install/moveit_resources_prbt_support:/home/julien/Documents/ros/ws_moveit2/install/moveit_resources:/home/julien/Documents/ros/ws_moveit2/install/moveit_resources_pr2_description:/home/julien/Documents/ros/ws_moveit2/install/moveit_resources_panda_moveit_config:/home/julien/Documents/ros/ws_moveit2/install/moveit_resources_panda_description:/home/julien/Documents/ros/ws_moveit2/install/moveit_resources_fanuc_moveit_config:/home/julien/Documents/ros/ws_moveit2/install/moveit_resources_fanuc_description:/home/julien/Documents/ros/ws_moveit2/install/moveit_common:/home/julien/Documents/ros/robot_arm/ros2_ws_robot/install/robot_moveit_config:/home/julien/Documents/ros/robot_arm/ros2_ws_robot/install/prog_robot_cpp:/home/julien/Documents/ros/ws_ros2/install/simple_pub_sub:/home/julien/Documents/ros/ws_ros2/install/py_pubsub:/home/julien/Documents/ros/microros_ws/install/sensor_msgs_py:/home/julien/Documents/ros/ws_moveit2/install/moveit_configs_utils:/home/julien/Documents/ros/ws_moveit2/install/launch_param_builder:/home/julien/Documents/ros/robot_arm/ros2_ws_robot/install/tictactoe:/home/julien/Documents/ros/robot_arm/ros2_ws_robot/install/prog_robot:/opt/ros/humble /usr/bin/cmake --install /home/julien/Documents/ros/robot_arm/ros2_ws_robot/build/robot_moveit_config
[14.862s] Level 1:colcon.colcon_core.environment:checking '/home/julien/Documents/ros/robot_arm/ros2_ws_robot/install/robot_moveit_config' for CMake config files
[14.865s] Level 1:colcon.colcon_core.shell:create_environment_hook('robot_moveit_config', 'cmake_prefix_path')
[14.874s] INFO:colcon.colcon_core.shell:Creating environment hook '/home/julien/Documents/ros/robot_arm/ros2_ws_robot/install/robot_moveit_config/share/robot_moveit_config/hook/cmake_prefix_path.ps1'
[14.884s] INFO:colcon.colcon_core.shell:Creating environment descriptor '/home/julien/Documents/ros/robot_arm/ros2_ws_robot/install/robot_moveit_config/share/robot_moveit_config/hook/cmake_prefix_path.dsv'
[14.886s] INFO:colcon.colcon_core.shell:Creating environment hook '/home/julien/Documents/ros/robot_arm/ros2_ws_robot/install/robot_moveit_config/share/robot_moveit_config/hook/cmake_prefix_path.sh'
[14.889s] Level 1:colcon.colcon_core.environment:checking '/home/julien/Documents/ros/robot_arm/ros2_ws_robot/install/robot_moveit_config/bin'
[14.890s] Level 1:colcon.colcon_core.environment:checking '/home/julien/Documents/ros/robot_arm/ros2_ws_robot/install/robot_moveit_config/lib/pkgconfig/robot_moveit_config.pc'
[14.891s] Level 1:colcon.colcon_core.environment:checking '/home/julien/Documents/ros/robot_arm/ros2_ws_robot/install/robot_moveit_config/lib/python3.10/site-packages'
[14.898s] Level 1:colcon.colcon_core.environment:checking '/home/julien/Documents/ros/robot_arm/ros2_ws_robot/install/robot_moveit_config/bin'
[14.915s] INFO:colcon.colcon_core.shell:Creating package script '/home/julien/Documents/ros/robot_arm/ros2_ws_robot/install/robot_moveit_config/share/robot_moveit_config/package.ps1'
[14.923s] INFO:colcon.colcon_core.shell:Creating package descriptor '/home/julien/Documents/ros/robot_arm/ros2_ws_robot/install/robot_moveit_config/share/robot_moveit_config/package.dsv'
[14.928s] INFO:colcon.colcon_core.shell:Creating package script '/home/julien/Documents/ros/robot_arm/ros2_ws_robot/install/robot_moveit_config/share/robot_moveit_config/package.sh'
[14.930s] INFO:colcon.colcon_core.shell:Creating package script '/home/julien/Documents/ros/robot_arm/ros2_ws_robot/install/robot_moveit_config/share/robot_moveit_config/package.bash'
[14.938s] INFO:colcon.colcon_core.shell:Creating package script '/home/julien/Documents/ros/robot_arm/ros2_ws_robot/install/robot_moveit_config/share/robot_moveit_config/package.zsh'
[14.940s] Level 1:colcon.colcon_core.environment:create_file_with_runtime_dependencies(/home/julien/Documents/ros/robot_arm/ros2_ws_robot/install/robot_moveit_config/share/colcon-core/packages/robot_moveit_config)
[15.065s] DEBUG:colcon.colcon_core.event_handler.log_command:Invoking command in '/home/julien/Documents/ros/robot_arm/ros2_ws_robot/src/prog_robot': PYTHONPATH=/home/julien/Documents/ros/robot_arm/ros2_ws_robot/build/prog_robot/prefix_override:/home/julien/Documents/ros/robot_arm/ros2_ws_robot/install/prog_robot/lib/python3.10/site-packages:${PYTHONPATH} /usr/bin/python3 setup.py egg_info --egg-base ../../build/prog_robot build --build-base /home/julien/Documents/ros/robot_arm/ros2_ws_robot/build/prog_robot/build install --record /home/julien/Documents/ros/robot_arm/ros2_ws_robot/build/prog_robot/install.log --single-version-externally-managed
[16.089s] Level 1:colcon.colcon_core.environment:create_environment_scripts_only(robot_moveit_config)
[16.111s] Level 1:colcon.colcon_core.environment:checking '/home/julien/Documents/ros/robot_arm/ros2_ws_robot/install/robot_moveit_config' for CMake module files
[16.113s] Level 1:colcon.colcon_core.environment:checking '/home/julien/Documents/ros/robot_arm/ros2_ws_robot/install/robot_moveit_config' for CMake config files
[16.147s] Level 1:colcon.colcon_core.shell:create_environment_hook('robot_moveit_config', 'cmake_prefix_path')
[16.170s] INFO:colcon.colcon_core.shell:Creating environment hook '/home/julien/Documents/ros/robot_arm/ros2_ws_robot/install/robot_moveit_config/share/robot_moveit_config/hook/cmake_prefix_path.ps1'
[16.190s] INFO:colcon.colcon_core.shell:Creating environment descriptor '/home/julien/Documents/ros/robot_arm/ros2_ws_robot/install/robot_moveit_config/share/robot_moveit_config/hook/cmake_prefix_path.dsv'
[16.192s] INFO:colcon.colcon_core.shell:Creating environment hook '/home/julien/Documents/ros/robot_arm/ros2_ws_robot/install/robot_moveit_config/share/robot_moveit_config/hook/cmake_prefix_path.sh'
[16.202s] Level 1:colcon.colcon_core.environment:checking '/home/julien/Documents/ros/robot_arm/ros2_ws_robot/install/robot_moveit_config/bin'
[16.203s] Level 1:colcon.colcon_core.environment:checking '/home/julien/Documents/ros/robot_arm/ros2_ws_robot/install/robot_moveit_config/lib/pkgconfig/robot_moveit_config.pc'
[16.204s] Level 1:colcon.colcon_core.environment:checking '/home/julien/Documents/ros/robot_arm/ros2_ws_robot/install/robot_moveit_config/lib/python3.10/site-packages'
[16.205s] Level 1:colcon.colcon_core.environment:checking '/home/julien/Documents/ros/robot_arm/ros2_ws_robot/install/robot_moveit_config/bin'
[16.243s] INFO:colcon.colcon_core.shell:Creating package script '/home/julien/Documents/ros/robot_arm/ros2_ws_robot/install/robot_moveit_config/share/robot_moveit_config/package.ps1'
[16.254s] INFO:colcon.colcon_core.shell:Creating package descriptor '/home/julien/Documents/ros/robot_arm/ros2_ws_robot/install/robot_moveit_config/share/robot_moveit_config/package.dsv'
[16.265s] INFO:colcon.colcon_core.shell:Creating package script '/home/julien/Documents/ros/robot_arm/ros2_ws_robot/install/robot_moveit_config/share/robot_moveit_config/package.sh'
[16.278s] INFO:colcon.colcon_core.shell:Creating package script '/home/julien/Documents/ros/robot_arm/ros2_ws_robot/install/robot_moveit_config/share/robot_moveit_config/package.bash'
[16.294s] INFO:colcon.colcon_core.shell:Creating package script '/home/julien/Documents/ros/robot_arm/ros2_ws_robot/install/robot_moveit_config/share/robot_moveit_config/package.zsh'
[16.298s] Level 1:colcon.colcon_core.environment:create_file_with_runtime_dependencies(/home/julien/Documents/ros/robot_arm/ros2_ws_robot/install/robot_moveit_config/share/colcon-core/packages/robot_moveit_config)
[17.478s] DEBUG:colcon.colcon_core.event_handler.log_command:Invoking command in '/home/julien/Documents/ros/robot_arm/ros2_ws_robot/src/tictactoe': PYTHONPATH=/home/julien/Documents/ros/robot_arm/ros2_ws_robot/build/tictactoe/prefix_override:/home/julien/Documents/ros/robot_arm/ros2_ws_robot/install/tictactoe/lib/python3.10/site-packages:${PYTHONPATH} /usr/bin/python3 setup.py egg_info --egg-base ../../build/tictactoe build --build-base /home/julien/Documents/ros/robot_arm/ros2_ws_robot/build/tictactoe/build install --record /home/julien/Documents/ros/robot_arm/ros2_ws_robot/build/tictactoe/install.log --single-version-externally-managed
[19.702s] DEBUG:colcon.colcon_core.event_handler.log_command:Invoked command in '/home/julien/Documents/ros/robot_arm/ros2_ws_robot/src/prog_robot' returned '0': PYTHONPATH=/home/julien/Documents/ros/robot_arm/ros2_ws_robot/build/prog_robot/prefix_override:/home/julien/Documents/ros/robot_arm/ros2_ws_robot/install/prog_robot/lib/python3.10/site-packages:${PYTHONPATH} /usr/bin/python3 setup.py egg_info --egg-base ../../build/prog_robot build --build-base /home/julien/Documents/ros/robot_arm/ros2_ws_robot/build/prog_robot/build install --record /home/julien/Documents/ros/robot_arm/ros2_ws_robot/build/prog_robot/install.log --single-version-externally-managed
[19.742s] Level 1:colcon.colcon_core.environment:checking '/home/julien/Documents/ros/robot_arm/ros2_ws_robot/install/prog_robot' for CMake module files
[19.744s] Level 1:colcon.colcon_core.environment:checking '/home/julien/Documents/ros/robot_arm/ros2_ws_robot/install/prog_robot' for CMake config files
[19.755s] Level 1:colcon.colcon_core.environment:checking '/home/julien/Documents/ros/robot_arm/ros2_ws_robot/install/prog_robot/lib'
[19.755s] Level 1:colcon.colcon_core.environment:checking '/home/julien/Documents/ros/robot_arm/ros2_ws_robot/install/prog_robot/bin'
[19.756s] Level 1:colcon.colcon_core.environment:checking '/home/julien/Documents/ros/robot_arm/ros2_ws_robot/install/prog_robot/lib/pkgconfig/prog_robot.pc'
[19.757s] Level 1:colcon.colcon_core.environment:checking '/home/julien/Documents/ros/robot_arm/ros2_ws_robot/install/prog_robot/lib/python3.10/site-packages'
[19.757s] Level 1:colcon.colcon_core.shell:create_environment_hook('prog_robot', 'pythonpath')
[19.780s] INFO:colcon.colcon_core.shell:Creating environment hook '/home/julien/Documents/ros/robot_arm/ros2_ws_robot/install/prog_robot/share/prog_robot/hook/pythonpath.ps1'
[19.788s] INFO:colcon.colcon_core.shell:Creating environment descriptor '/home/julien/Documents/ros/robot_arm/ros2_ws_robot/install/prog_robot/share/prog_robot/hook/pythonpath.dsv'
[19.789s] INFO:colcon.colcon_core.shell:Creating environment hook '/home/julien/Documents/ros/robot_arm/ros2_ws_robot/install/prog_robot/share/prog_robot/hook/pythonpath.sh'
[19.803s] Level 1:colcon.colcon_core.environment:checking '/home/julien/Documents/ros/robot_arm/ros2_ws_robot/install/prog_robot/bin'
[19.804s] Level 1:colcon.colcon_core.environment:create_environment_scripts_only(prog_robot)
[19.833s] INFO:colcon.colcon_core.shell:Creating package script '/home/julien/Documents/ros/robot_arm/ros2_ws_robot/install/prog_robot/share/prog_robot/package.ps1'
[19.841s] INFO:colcon.colcon_core.shell:Creating package descriptor '/home/julien/Documents/ros/robot_arm/ros2_ws_robot/install/prog_robot/share/prog_robot/package.dsv'
[19.851s] INFO:colcon.colcon_core.shell:Creating package script '/home/julien/Documents/ros/robot_arm/ros2_ws_robot/install/prog_robot/share/prog_robot/package.sh'
[19.853s] INFO:colcon.colcon_core.shell:Creating package script '/home/julien/Documents/ros/robot_arm/ros2_ws_robot/install/prog_robot/share/prog_robot/package.bash'
[19.856s] INFO:colcon.colcon_core.shell:Creating package script '/home/julien/Documents/ros/robot_arm/ros2_ws_robot/install/prog_robot/share/prog_robot/package.zsh'
[19.859s] Level 1:colcon.colcon_core.environment:create_file_with_runtime_dependencies(/home/julien/Documents/ros/robot_arm/ros2_ws_robot/install/prog_robot/share/colcon-core/packages/prog_robot)
[21.799s] DEBUG:colcon.colcon_core.event_handler.log_command:Invoked command in '/home/julien/Documents/ros/robot_arm/ros2_ws_robot/src/tictactoe' returned '0': PYTHONPATH=/home/julien/Documents/ros/robot_arm/ros2_ws_robot/build/tictactoe/prefix_override:/home/julien/Documents/ros/robot_arm/ros2_ws_robot/install/tictactoe/lib/python3.10/site-packages:${PYTHONPATH} /usr/bin/python3 setup.py egg_info --egg-base ../../build/tictactoe build --build-base /home/julien/Documents/ros/robot_arm/ros2_ws_robot/build/tictactoe/build install --record /home/julien/Documents/ros/robot_arm/ros2_ws_robot/build/tictactoe/install.log --single-version-externally-managed
[21.800s] Level 1:colcon.colcon_core.environment:checking '/home/julien/Documents/ros/robot_arm/ros2_ws_robot/install/tictactoe' for CMake module files
[21.801s] Level 1:colcon.colcon_core.environment:checking '/home/julien/Documents/ros/robot_arm/ros2_ws_robot/install/tictactoe' for CMake config files
[21.803s] Level 1:colcon.colcon_core.environment:checking '/home/julien/Documents/ros/robot_arm/ros2_ws_robot/install/tictactoe/lib'
[21.804s] Level 1:colcon.colcon_core.environment:checking '/home/julien/Documents/ros/robot_arm/ros2_ws_robot/install/tictactoe/bin'
[21.814s] Level 1:colcon.colcon_core.environment:checking '/home/julien/Documents/ros/robot_arm/ros2_ws_robot/install/tictactoe/lib/pkgconfig/tictactoe.pc'
[21.815s] Level 1:colcon.colcon_core.environment:checking '/home/julien/Documents/ros/robot_arm/ros2_ws_robot/install/tictactoe/lib/python3.10/site-packages'
[21.815s] Level 1:colcon.colcon_core.shell:create_environment_hook('tictactoe', 'pythonpath')
[21.826s] INFO:colcon.colcon_core.shell:Creating environment hook '/home/julien/Documents/ros/robot_arm/ros2_ws_robot/install/tictactoe/share/tictactoe/hook/pythonpath.ps1'
[21.828s] INFO:colcon.colcon_core.shell:Creating environment descriptor '/home/julien/Documents/ros/robot_arm/ros2_ws_robot/install/tictactoe/share/tictactoe/hook/pythonpath.dsv'
[21.829s] INFO:colcon.colcon_core.shell:Creating environment hook '/home/julien/Documents/ros/robot_arm/ros2_ws_robot/install/tictactoe/share/tictactoe/hook/pythonpath.sh'
[21.836s] Level 1:colcon.colcon_core.environment:checking '/home/julien/Documents/ros/robot_arm/ros2_ws_robot/install/tictactoe/bin'
[21.836s] Level 1:colcon.colcon_core.environment:create_environment_scripts_only(tictactoe)
[21.848s] INFO:colcon.colcon_core.shell:Creating package script '/home/julien/Documents/ros/robot_arm/ros2_ws_robot/install/tictactoe/share/tictactoe/package.ps1'
[21.850s] INFO:colcon.colcon_core.shell:Creating package descriptor '/home/julien/Documents/ros/robot_arm/ros2_ws_robot/install/tictactoe/share/tictactoe/package.dsv'
[21.851s] INFO:colcon.colcon_core.shell:Creating package script '/home/julien/Documents/ros/robot_arm/ros2_ws_robot/install/tictactoe/share/tictactoe/package.sh'
[21.853s] INFO:colcon.colcon_core.shell:Creating package script '/home/julien/Documents/ros/robot_arm/ros2_ws_robot/install/tictactoe/share/tictactoe/package.bash'
[21.865s] INFO:colcon.colcon_core.shell:Creating package script '/home/julien/Documents/ros/robot_arm/ros2_ws_robot/install/tictactoe/share/tictactoe/package.zsh'
[21.866s] Level 1:colcon.colcon_core.environment:create_file_with_runtime_dependencies(/home/julien/Documents/ros/robot_arm/ros2_ws_robot/install/tictactoe/share/colcon-core/packages/tictactoe)
[56.393s] DEBUG:colcon.colcon_core.event_handler.log_command:Invoked command in '/home/julien/Documents/ros/robot_arm/ros2_ws_robot/build/prog_robot_cpp' returned '0': CMAKE_PREFIX_PATH=${CMAKE_PREFIX_PATH}:/home/julien/Documents/ros/ws_ros2/install/simple_pub_sub:/home/julien/Documents/ros/ws_ros2/install/py_pubsub:/home/julien/Documents/ros/microros_ws/install/sensor_msgs_py:/home/julien/Documents/ros/ws_moveit2/install/moveit_configs_utils:/home/julien/Documents/ros/ws_moveit2/install/launch_param_builder:/home/julien/Documents/ros/robot_arm/ros2_ws_robot/install/tictactoe:/home/julien/Documents/ros/robot_arm/ros2_ws_robot/install/prog_robot:/opt/ros/humble /usr/bin/cmake --build /home/julien/Documents/ros/robot_arm/ros2_ws_robot/build/prog_robot_cpp -- -j4 -l4
[56.945s] DEBUG:colcon.colcon_core.event_handler.log_command:Invoking command in '/home/julien/Documents/ros/robot_arm/ros2_ws_robot/build/prog_robot_cpp': CMAKE_PREFIX_PATH=${CMAKE_PREFIX_PATH}:/home/julien/Documents/ros/ws_ros2/install/simple_pub_sub:/home/julien/Documents/ros/ws_ros2/install/py_pubsub:/home/julien/Documents/ros/microros_ws/install/sensor_msgs_py:/home/julien/Documents/ros/ws_moveit2/install/moveit_configs_utils:/home/julien/Documents/ros/ws_moveit2/install/launch_param_builder:/home/julien/Documents/ros/robot_arm/ros2_ws_robot/install/tictactoe:/home/julien/Documents/ros/robot_arm/ros2_ws_robot/install/prog_robot:/opt/ros/humble /usr/bin/cmake --install /home/julien/Documents/ros/robot_arm/ros2_ws_robot/build/prog_robot_cpp
[57.072s] Level 1:colcon.colcon_core.environment:create_environment_scripts_only(prog_robot_cpp)
[57.082s] DEBUG:colcon.colcon_core.event_handler.log_command:Invoked command in '/home/julien/Documents/ros/robot_arm/ros2_ws_robot/build/prog_robot_cpp' returned '0': CMAKE_PREFIX_PATH=${CMAKE_PREFIX_PATH}:/home/julien/Documents/ros/ws_ros2/install/simple_pub_sub:/home/julien/Documents/ros/ws_ros2/install/py_pubsub:/home/julien/Documents/ros/microros_ws/install/sensor_msgs_py:/home/julien/Documents/ros/ws_moveit2/install/moveit_configs_utils:/home/julien/Documents/ros/ws_moveit2/install/launch_param_builder:/home/julien/Documents/ros/robot_arm/ros2_ws_robot/install/tictactoe:/home/julien/Documents/ros/robot_arm/ros2_ws_robot/install/prog_robot:/opt/ros/humble /usr/bin/cmake --install /home/julien/Documents/ros/robot_arm/ros2_ws_robot/build/prog_robot_cpp
[57.088s] Level 1:colcon.colcon_core.environment:checking '/home/julien/Documents/ros/robot_arm/ros2_ws_robot/install/prog_robot_cpp' for CMake module files
[57.093s] Level 1:colcon.colcon_core.environment:checking '/home/julien/Documents/ros/robot_arm/ros2_ws_robot/install/prog_robot_cpp' for CMake config files
[57.094s] Level 1:colcon.colcon_core.shell:create_environment_hook('prog_robot_cpp', 'cmake_prefix_path')
[57.100s] INFO:colcon.colcon_core.shell:Creating environment hook '/home/julien/Documents/ros/robot_arm/ros2_ws_robot/install/prog_robot_cpp/share/prog_robot_cpp/hook/cmake_prefix_path.ps1'
[57.103s] INFO:colcon.colcon_core.shell:Creating environment descriptor '/home/julien/Documents/ros/robot_arm/ros2_ws_robot/install/prog_robot_cpp/share/prog_robot_cpp/hook/cmake_prefix_path.dsv'
[57.105s] INFO:colcon.colcon_core.shell:Creating environment hook '/home/julien/Documents/ros/robot_arm/ros2_ws_robot/install/prog_robot_cpp/share/prog_robot_cpp/hook/cmake_prefix_path.sh'
[57.108s] Level 1:colcon.colcon_core.environment:checking '/home/julien/Documents/ros/robot_arm/ros2_ws_robot/install/prog_robot_cpp/lib'
[57.109s] Level 1:colcon.colcon_core.environment:checking '/home/julien/Documents/ros/robot_arm/ros2_ws_robot/install/prog_robot_cpp/bin'
[57.110s] Level 1:colcon.colcon_core.environment:checking '/home/julien/Documents/ros/robot_arm/ros2_ws_robot/install/prog_robot_cpp/lib/pkgconfig/prog_robot_cpp.pc'
[57.111s] Level 1:colcon.colcon_core.environment:checking '/home/julien/Documents/ros/robot_arm/ros2_ws_robot/install/prog_robot_cpp/lib/python3.10/site-packages'
[57.112s] Level 1:colcon.colcon_core.environment:checking '/home/julien/Documents/ros/robot_arm/ros2_ws_robot/install/prog_robot_cpp/bin'
[57.119s] INFO:colcon.colcon_core.shell:Creating package script '/home/julien/Documents/ros/robot_arm/ros2_ws_robot/install/prog_robot_cpp/share/prog_robot_cpp/package.ps1'
[57.121s] INFO:colcon.colcon_core.shell:Creating package descriptor '/home/julien/Documents/ros/robot_arm/ros2_ws_robot/install/prog_robot_cpp/share/prog_robot_cpp/package.dsv'
[57.122s] INFO:colcon.colcon_core.shell:Creating package script '/home/julien/Documents/ros/robot_arm/ros2_ws_robot/install/prog_robot_cpp/share/prog_robot_cpp/package.sh'
[57.124s] INFO:colcon.colcon_core.shell:Creating package script '/home/julien/Documents/ros/robot_arm/ros2_ws_robot/install/prog_robot_cpp/share/prog_robot_cpp/package.bash'
[57.125s] INFO:colcon.colcon_core.shell:Creating package script '/home/julien/Documents/ros/robot_arm/ros2_ws_robot/install/prog_robot_cpp/share/prog_robot_cpp/package.zsh'
[57.127s] Level 1:colcon.colcon_core.environment:create_file_with_runtime_dependencies(/home/julien/Documents/ros/robot_arm/ros2_ws_robot/install/prog_robot_cpp/share/colcon-core/packages/prog_robot_cpp)
[57.688s] Level 1:colcon.colcon_core.environment:create_environment_scripts_only(prog_robot_cpp)
[57.696s] Level 1:colcon.colcon_core.environment:checking '/home/julien/Documents/ros/robot_arm/ros2_ws_robot/install/prog_robot_cpp' for CMake module files
[57.699s] Level 1:colcon.colcon_core.environment:checking '/home/julien/Documents/ros/robot_arm/ros2_ws_robot/install/prog_robot_cpp' for CMake config files
[57.700s] Level 1:colcon.colcon_core.shell:create_environment_hook('prog_robot_cpp', 'cmake_prefix_path')
[57.706s] INFO:colcon.colcon_core.shell:Creating environment hook '/home/julien/Documents/ros/robot_arm/ros2_ws_robot/install/prog_robot_cpp/share/prog_robot_cpp/hook/cmake_prefix_path.ps1'
[57.708s] INFO:colcon.colcon_core.shell:Creating environment descriptor '/home/julien/Documents/ros/robot_arm/ros2_ws_robot/install/prog_robot_cpp/share/prog_robot_cpp/hook/cmake_prefix_path.dsv'
[57.709s] INFO:colcon.colcon_core.shell:Creating environment hook '/home/julien/Documents/ros/robot_arm/ros2_ws_robot/install/prog_robot_cpp/share/prog_robot_cpp/hook/cmake_prefix_path.sh'
[57.711s] Level 1:colcon.colcon_core.environment:checking '/home/julien/Documents/ros/robot_arm/ros2_ws_robot/install/prog_robot_cpp/lib'
[57.711s] Level 1:colcon.colcon_core.environment:checking '/home/julien/Documents/ros/robot_arm/ros2_ws_robot/install/prog_robot_cpp/bin'
[57.712s] Level 1:colcon.colcon_core.environment:checking '/home/julien/Documents/ros/robot_arm/ros2_ws_robot/install/prog_robot_cpp/lib/pkgconfig/prog_robot_cpp.pc'
[57.712s] Level 1:colcon.colcon_core.environment:checking '/home/julien/Documents/ros/robot_arm/ros2_ws_robot/install/prog_robot_cpp/lib/python3.10/site-packages'
[57.713s] Level 1:colcon.colcon_core.environment:checking '/home/julien/Documents/ros/robot_arm/ros2_ws_robot/install/prog_robot_cpp/bin'
[57.719s] INFO:colcon.colcon_core.shell:Creating package script '/home/julien/Documents/ros/robot_arm/ros2_ws_robot/install/prog_robot_cpp/share/prog_robot_cpp/package.ps1'
[57.721s] INFO:colcon.colcon_core.shell:Creating package descriptor '/home/julien/Documents/ros/robot_arm/ros2_ws_robot/install/prog_robot_cpp/share/prog_robot_cpp/package.dsv'
[57.723s] INFO:colcon.colcon_core.shell:Creating package script '/home/julien/Documents/ros/robot_arm/ros2_ws_robot/install/prog_robot_cpp/share/prog_robot_cpp/package.sh'
[57.724s] INFO:colcon.colcon_core.shell:Creating package script '/home/julien/Documents/ros/robot_arm/ros2_ws_robot/install/prog_robot_cpp/share/prog_robot_cpp/package.bash'
[57.726s] INFO:colcon.colcon_core.shell:Creating package script '/home/julien/Documents/ros/robot_arm/ros2_ws_robot/install/prog_robot_cpp/share/prog_robot_cpp/package.zsh'
[57.727s] Level 1:colcon.colcon_core.environment:create_file_with_runtime_dependencies(/home/julien/Documents/ros/robot_arm/ros2_ws_robot/install/prog_robot_cpp/share/colcon-core/packages/prog_robot_cpp)
[57.729s] DEBUG:colcon.colcon_parallel_executor.executor.parallel:closing loop
[57.730s] DEBUG:colcon.colcon_parallel_executor.executor.parallel:loop closed
[57.730s] DEBUG:colcon.colcon_parallel_executor.executor.parallel:run_until_complete finished with '0'
[57.731s] DEBUG:colcon.colcon_core.event_reactor:joining thread
[57.763s] INFO:colcon.colcon_core.plugin_system:Skipping extension 'colcon_notification.desktop_notification.terminal_notifier': Not used on non-Darwin systems
[57.763s] INFO:colcon.colcon_core.plugin_system:Skipping extension 'colcon_notification.desktop_notification.win32': Not used on non-Windows systems
[57.763s] INFO:colcon.colcon_notification.desktop_notification:Sending desktop notification using 'notify2'
[57.877s] DEBUG:colcon.colcon_core.event_reactor:joined thread
[57.884s] INFO:colcon.colcon_core.shell:Creating prefix script '/home/julien/Documents/ros/robot_arm/ros2_ws_robot/install/local_setup.ps1'
[57.888s] INFO:colcon.colcon_core.shell:Creating prefix util module '/home/julien/Documents/ros/robot_arm/ros2_ws_robot/install/_local_setup_util_ps1.py'
[57.894s] INFO:colcon.colcon_core.shell:Creating prefix chain script '/home/julien/Documents/ros/robot_arm/ros2_ws_robot/install/setup.ps1'
[57.925s] INFO:colcon.colcon_core.shell:Creating prefix script '/home/julien/Documents/ros/robot_arm/ros2_ws_robot/install/local_setup.sh'
[57.928s] INFO:colcon.colcon_core.shell:Creating prefix util module '/home/julien/Documents/ros/robot_arm/ros2_ws_robot/install/_local_setup_util_sh.py'
[57.930s] INFO:colcon.colcon_core.shell:Creating prefix chain script '/home/julien/Documents/ros/robot_arm/ros2_ws_robot/install/setup.sh'
[57.962s] INFO:colcon.colcon_core.shell:Creating prefix script '/home/julien/Documents/ros/robot_arm/ros2_ws_robot/install/local_setup.bash'
[57.964s] INFO:colcon.colcon_core.shell:Creating prefix chain script '/home/julien/Documents/ros/robot_arm/ros2_ws_robot/install/setup.bash'
[57.992s] INFO:colcon.colcon_core.shell:Creating prefix script '/home/julien/Documents/ros/robot_arm/ros2_ws_robot/install/local_setup.zsh'
[57.995s] INFO:colcon.colcon_core.shell:Creating prefix chain script '/home/julien/Documents/ros/robot_arm/ros2_ws_robot/install/setup.zsh'
