[0.686s] Invoking command in '/home/julien/Documents/ros/robot_arm/src/prog_robot': PYTHONPATH=/home/julien/Documents/ros/robot_arm/build/prog_robot/prefix_override:/home/julien/Documents/ros/robot_arm/install/prog_robot/lib/python3.10/site-packages:${PYTHONPATH} /usr/bin/python3 setup.py egg_info --egg-base ../../build/prog_robot build --build-base /home/julien/Documents/ros/robot_arm/build/prog_robot/build install --record /home/julien/Documents/ros/robot_arm/build/prog_robot/install.log --single-version-externally-managed
[0.936s] running egg_info
[0.936s] writing ../../build/prog_robot/prog_robot.egg-info/PKG-INFO
[0.937s] writing dependency_links to ../../build/prog_robot/prog_robot.egg-info/dependency_links.txt
[0.937s] writing entry points to ../../build/prog_robot/prog_robot.egg-info/entry_points.txt
[0.937s] writing requirements to ../../build/prog_robot/prog_robot.egg-info/requires.txt
[0.937s] writing top-level names to ../../build/prog_robot/prog_robot.egg-info/top_level.txt
[0.939s] reading manifest file '../../build/prog_robot/prog_robot.egg-info/SOURCES.txt'
[0.940s] writing manifest file '../../build/prog_robot/prog_robot.egg-info/SOURCES.txt'
[0.940s] running build
[0.940s] running build_py
[0.940s] running install
[0.941s] /usr/lib/python3/dist-packages/setuptools/command/install.py:34: SetuptoolsDeprecationWarning: setup.py install is deprecated. Use build and pip and other standards-based tools.
[0.941s]   warnings.warn(
[0.941s] running install_lib
[0.942s] running install_data
[0.943s] copying launch/simu.launch.py -> /home/julien/Documents/ros/robot_arm/install/prog_robot/share/prog_robot
[0.943s] running install_egg_info
[0.945s] removing '/home/julien/Documents/ros/robot_arm/install/prog_robot/lib/python3.10/site-packages/prog_robot-0.0.0-py3.10.egg-info' (and everything under it)
[0.945s] Copying ../../build/prog_robot/prog_robot.egg-info to /home/julien/Documents/ros/robot_arm/install/prog_robot/lib/python3.10/site-packages/prog_robot-0.0.0-py3.10.egg-info
[0.946s] running install_scripts
[0.968s] writing list of installed files to '/home/julien/Documents/ros/robot_arm/build/prog_robot/install.log'
[0.991s] Invoked command in '/home/julien/Documents/ros/robot_arm/src/prog_robot' returned '0': PYTHONPATH=/home/julien/Documents/ros/robot_arm/build/prog_robot/prefix_override:/home/julien/Documents/ros/robot_arm/install/prog_robot/lib/python3.10/site-packages:${PYTHONPATH} /usr/bin/python3 setup.py egg_info --egg-base ../../build/prog_robot build --build-base /home/julien/Documents/ros/robot_arm/build/prog_robot/build install --record /home/julien/Documents/ros/robot_arm/build/prog_robot/install.log --single-version-externally-managed
