[0.734s] Invoking command in '/home/julien/Documents/ros/robot_arm/src/prog_robot': PYTHONPATH=/home/julien/Documents/ros/robot_arm/build/prog_robot/prefix_override:/home/julien/Documents/ros/robot_arm/install/prog_robot/lib/python3.10/site-packages:${PYTHONPATH} /usr/bin/python3 setup.py egg_info --egg-base ../../build/prog_robot build --build-base /home/julien/Documents/ros/robot_arm/build/prog_robot/build install --record /home/julien/Documents/ros/robot_arm/build/prog_robot/install.log --single-version-externally-managed
[0.999s] running egg_info
[1.000s] creating ../../build/prog_robot/prog_robot.egg-info
[1.000s] writing ../../build/prog_robot/prog_robot.egg-info/PKG-INFO
[1.000s] writing dependency_links to ../../build/prog_robot/prog_robot.egg-info/dependency_links.txt
[1.000s] writing entry points to ../../build/prog_robot/prog_robot.egg-info/entry_points.txt
[1.000s] writing requirements to ../../build/prog_robot/prog_robot.egg-info/requires.txt
[1.000s] writing top-level names to ../../build/prog_robot/prog_robot.egg-info/top_level.txt
[1.001s] writing manifest file '../../build/prog_robot/prog_robot.egg-info/SOURCES.txt'
[1.002s] reading manifest file '../../build/prog_robot/prog_robot.egg-info/SOURCES.txt'
[1.003s] writing manifest file '../../build/prog_robot/prog_robot.egg-info/SOURCES.txt'
[1.003s] running build
[1.003s] running build_py
[1.004s] creating /home/julien/Documents/ros/robot_arm/build/prog_robot/build
[1.004s] creating /home/julien/Documents/ros/robot_arm/build/prog_robot/build/lib
[1.004s] creating /home/julien/Documents/ros/robot_arm/build/prog_robot/build/lib/prog_robot
[1.004s] copying prog_robot/__init__.py -> /home/julien/Documents/ros/robot_arm/build/prog_robot/build/lib/prog_robot
[1.004s] running install
[1.004s] /usr/lib/python3/dist-packages/setuptools/command/install.py:34: SetuptoolsDeprecationWarning: setup.py install is deprecated. Use build and pip and other standards-based tools.
[1.004s]   warnings.warn(
[1.004s] running install_lib
[1.005s] creating /home/julien/Documents/ros/robot_arm/install/prog_robot/lib/python3.10/site-packages/prog_robot
[1.005s] copying /home/julien/Documents/ros/robot_arm/build/prog_robot/build/lib/prog_robot/__init__.py -> /home/julien/Documents/ros/robot_arm/install/prog_robot/lib/python3.10/site-packages/prog_robot
[1.006s] byte-compiling /home/julien/Documents/ros/robot_arm/install/prog_robot/lib/python3.10/site-packages/prog_robot/__init__.py to __init__.cpython-310.pyc
[1.006s] running install_data
[1.007s] creating /home/julien/Documents/ros/robot_arm/install/prog_robot/share/ament_index
[1.007s] creating /home/julien/Documents/ros/robot_arm/install/prog_robot/share/ament_index/resource_index
[1.007s] creating /home/julien/Documents/ros/robot_arm/install/prog_robot/share/ament_index/resource_index/packages
[1.007s] copying resource/prog_robot -> /home/julien/Documents/ros/robot_arm/install/prog_robot/share/ament_index/resource_index/packages
[1.007s] copying package.xml -> /home/julien/Documents/ros/robot_arm/install/prog_robot/share/prog_robot
[1.007s] copying launch/simu.launch.py -> /home/julien/Documents/ros/robot_arm/install/prog_robot/share/prog_robot
[1.007s] running install_egg_info
[1.009s] Copying ../../build/prog_robot/prog_robot.egg-info to /home/julien/Documents/ros/robot_arm/install/prog_robot/lib/python3.10/site-packages/prog_robot-0.0.0-py3.10.egg-info
[1.010s] running install_scripts
[1.035s] writing list of installed files to '/home/julien/Documents/ros/robot_arm/build/prog_robot/install.log'
[1.069s] Invoked command in '/home/julien/Documents/ros/robot_arm/src/prog_robot' returned '0': PYTHONPATH=/home/julien/Documents/ros/robot_arm/build/prog_robot/prefix_override:/home/julien/Documents/ros/robot_arm/install/prog_robot/lib/python3.10/site-packages:${PYTHONPATH} /usr/bin/python3 setup.py egg_info --egg-base ../../build/prog_robot build --build-base /home/julien/Documents/ros/robot_arm/build/prog_robot/build install --record /home/julien/Documents/ros/robot_arm/build/prog_robot/install.log --single-version-externally-managed
