[35m[1mConsolidate compiler generated dependencies of target move[0m
[ 33%] Built target scene
[ 66%] Built target hello_moveit
[ 83%] [32mBuilding CXX object CMakeFiles/move.dir/src/move.cpp.o[0m
[01m[K/home/julien/Documents/ros/robot_arm/ros2_ws_robot/src/prog_robot_cpp/src/move.cpp:[m[K In lambda function:
[01m[K/home/julien/Documents/ros/robot_arm/ros2_ws_robot/src/prog_robot_cpp/src/move.cpp:81:48:[m[K [01;31m[Kerror: [m[K‘[01m[Kusing Quaternion = struct geometry_msgs::msg::Quaternion_<std::allocator<void> >[m[K’ {aka ‘[01m[Kstruct geometry_msgs::msg::Quaternion_<std::allocator<void> >[m[K’} has no member named ‘[01m[KgetX[m[K’
   81 |             msg.orientation.x = quaternion_msg.[01;31m[KgetX[m[K();
      |                                                [01;31m[K^~~~[m[K
[01m[K/home/julien/Documents/ros/robot_arm/ros2_ws_robot/src/prog_robot_cpp/src/move.cpp:82:48:[m[K [01;31m[Kerror: [m[K‘[01m[Kusing Quaternion = struct geometry_msgs::msg::Quaternion_<std::allocator<void> >[m[K’ {aka ‘[01m[Kstruct geometry_msgs::msg::Quaternion_<std::allocator<void> >[m[K’} has no member named ‘[01m[KgetY[m[K’
   82 |             msg.orientation.y = quaternion_msg.[01;31m[KgetY[m[K();
      |                                                [01;31m[K^~~~[m[K
[01m[K/home/julien/Documents/ros/robot_arm/ros2_ws_robot/src/prog_robot_cpp/src/move.cpp:83:48:[m[K [01;31m[Kerror: [m[K‘[01m[Kusing Quaternion = struct geometry_msgs::msg::Quaternion_<std::allocator<void> >[m[K’ {aka ‘[01m[Kstruct geometry_msgs::msg::Quaternion_<std::allocator<void> >[m[K’} has no member named ‘[01m[KgetZ[m[K’
   83 |             msg.orientation.z = quaternion_msg.[01;31m[KgetZ[m[K();
      |                                                [01;31m[K^~~~[m[K
[01m[K/home/julien/Documents/ros/robot_arm/ros2_ws_robot/src/prog_robot_cpp/src/move.cpp:84:48:[m[K [01;31m[Kerror: [m[K‘[01m[Kusing Quaternion = struct geometry_msgs::msg::Quaternion_<std::allocator<void> >[m[K’ {aka ‘[01m[Kstruct geometry_msgs::msg::Quaternion_<std::allocator<void> >[m[K’} has no member named ‘[01m[KgetW[m[K’
   84 |             msg.orientation.w = quaternion_msg.[01;31m[KgetW[m[K();
      |                                                [01;31m[K^~~~[m[K
In file included from [01m[K/opt/ros/humble/include/tf2/tf2/convert.h:41[m[K,
                 from [01m[K/opt/ros/humble/include/tf2_ros/tf2_ros/buffer_interface.h:43[m[K,
                 from [01m[K/opt/ros/humble/include/tf2_ros/tf2_ros/buffer.h:42[m[K,
                 from [01m[K/home/julien/Documents/ros/ws_moveit2/install/moveit_ros_planning_interface/include/moveit/move_group_interface/move_group_interface.h:62[m[K,
                 from [01m[K/home/julien/Documents/ros/robot_arm/ros2_ws_robot/src/prog_robot_cpp/src/move.cpp:4[m[K:
/opt/ros/humble/include/tf2/tf2/impl/convert.h: In instantiation of ‘[01m[Kstatic void tf2::impl::Converter<IS_MESSAGE_A, IS_MESSAGE_B>::convert(const A&, B&) [with A = tf2::Quaternion; B = geometry_msgs::msg::Quaternion_<std::allocator<void> >; bool IS_MESSAGE_A = false; bool IS_MESSAGE_B = true][m[K’:
[01m[K/opt/ros/humble/include/tf2/tf2/convert.h:151:60:[m[K   required from ‘[01m[Kvoid tf2::convert(const A&, B&) [with A = tf2::Quaternion; B = geometry_msgs::msg::Quaternion_<std::allocator<void> >][m[K’
[01m[K/home/julien/Documents/ros/robot_arm/ros2_ws_robot/src/prog_robot_cpp/src/move.cpp:80:25:[m[K   required from here
[01m[K/opt/ros/humble/include/tf2/tf2/impl/convert.h:67:12:[m[K [01;31m[Kerror: [m[Kno matching function for call to ‘[01m[KtoMsg(const tf2::Quaternion&)[m[K’
   67 |   b = [01;31m[KtoMsg(a)[m[K;
      |       [01;31m[K~~~~~^~~[m[K
In file included from [01m[K/opt/ros/humble/include/tf2_ros/tf2_ros/buffer_interface.h:43[m[K,
                 from [01m[K/opt/ros/humble/include/tf2_ros/tf2_ros/buffer.h:42[m[K,
                 from [01m[K/home/julien/Documents/ros/ws_moveit2/install/moveit_ros_planning_interface/include/moveit/move_group_interface/move_group_interface.h:62[m[K,
                 from [01m[K/home/julien/Documents/ros/robot_arm/ros2_ws_robot/src/prog_robot_cpp/src/move.cpp:4[m[K:
[01m[K/opt/ros/humble/include/tf2/tf2/convert.h:129:3:[m[K [01;36m[Knote: [m[Kcandidate: ‘[01m[Ktemplate<class A, class B> B tf2::toMsg(const A&)[m[K’
  129 | B [01;36m[KtoMsg[m[K(const A & a);
      |   [01;36m[K^~~~~[m[K
[01m[K/opt/ros/humble/include/tf2/tf2/convert.h:129:3:[m[K [01;36m[Knote: [m[K  template argument deduction/substitution failed:
In file included from [01m[K/opt/ros/humble/include/tf2/tf2/convert.h:41[m[K,
                 from [01m[K/opt/ros/humble/include/tf2_ros/tf2_ros/buffer_interface.h:43[m[K,
                 from [01m[K/opt/ros/humble/include/tf2_ros/tf2_ros/buffer.h:42[m[K,
                 from [01m[K/home/julien/Documents/ros/ws_moveit2/install/moveit_ros_planning_interface/include/moveit/move_group_interface/move_group_interface.h:62[m[K,
                 from [01m[K/home/julien/Documents/ros/robot_arm/ros2_ws_robot/src/prog_robot_cpp/src/move.cpp:4[m[K:
[01m[K/opt/ros/humble/include/tf2/tf2/impl/convert.h:67:12:[m[K [01;36m[Knote: [m[K  couldn’t deduce template parameter ‘[01m[KB[m[K’
   67 |   b = [01;36m[KtoMsg(a)[m[K;
      |       [01;36m[K~~~~~^~~[m[K
gmake[2]: *** [CMakeFiles/move.dir/build.make:76: CMakeFiles/move.dir/src/move.cpp.o] Error 1
gmake[1]: *** [CMakeFiles/Makefile2:167: CMakeFiles/move.dir/all] Error 2
gmake: *** [Makefile:146: all] Error 2
