[0.633s] DEBUG:colcon:Command line arguments: ['/usr/bin/colcon', 'build']
[0.633s] DEBUG:colcon:Parsed command line arguments: Namespace(log_base=None, log_level=None, verb_name='build', build_base='build', install_base='install', merge_install=False, symlink_install=False, test_result_base=None, continue_on_error=False, executor='parallel', parallel_workers=4, event_handlers=None, ignore_user_meta=False, metas=['./colcon.meta'], base_paths=['.'], packages_ignore=None, packages_ignore_regex=None, paths=None, packages_up_to=None, packages_up_to_regex=None, packages_above=None, packages_above_and_dependencies=None, packages_above_depth=None, packages_select_by_dep=None, packages_skip_by_dep=None, packages_skip_up_to=None, packages_select_build_failed=False, packages_skip_build_finished=False, packages_select_test_failures=False, packages_skip_test_passed=False, packages_select=None, packages_skip=None, packages_select_regex=None, packages_skip_regex=None, packages_start=None, packages_end=None, allow_overriding=[], cmake_args=None, cmake_target=None, cmake_target_skip_unavailable=False, cmake_clean_cache=False, cmake_clean_first=False, cmake_force_configure=False, ament_cmake_args=None, catkin_cmake_args=None, catkin_skip_building_tests=False, mixin_files=None, mixin=None, verb_parser=<colcon_mixin.mixin.mixin_argument.MixinArgumentDecorator object at 0x7f6bfbb19990>, verb_extension=<colcon_core.verb.build.BuildVerb object at 0x7f6bfbb19300>, main=<bound method BuildVerb.main of <colcon_core.verb.build.BuildVerb object at 0x7f6bfbb19300>>, mixin_verb=('build',))
[0.682s] Level 1:colcon.colcon_core.package_discovery:discover_packages(colcon_meta) check parameters
[0.682s] Level 1:colcon.colcon_core.package_discovery:discover_packages(recursive) check parameters
[0.682s] Level 1:colcon.colcon_core.package_discovery:discover_packages(ignore) check parameters
[0.682s] Level 1:colcon.colcon_core.package_discovery:discover_packages(path) check parameters
[0.682s] Level 1:colcon.colcon_core.package_discovery:discover_packages(colcon_meta) discover
[0.683s] Level 1:colcon.colcon_core.package_discovery:discover_packages(recursive) discover
[0.683s] INFO:colcon.colcon_core.package_discovery:Crawling recursively for packages in '/home/julien/Documents/ros/robot_arm/ros2_ws_robot'
[0.683s] Level 1:colcon.colcon_core.package_identification:_identify(.) by extensions ['ignore', 'ignore_ament_install']
[0.683s] Level 1:colcon.colcon_core.package_identification:_identify(.) by extension 'ignore'
[0.683s] Level 1:colcon.colcon_core.package_identification:_identify(.) by extension 'ignore_ament_install'
[0.683s] Level 1:colcon.colcon_core.package_identification:_identify(.) by extensions ['colcon_pkg']
[0.683s] Level 1:colcon.colcon_core.package_identification:_identify(.) by extension 'colcon_pkg'
[0.683s] Level 1:colcon.colcon_core.package_identification:_identify(.) by extensions ['colcon_meta']
[0.683s] Level 1:colcon.colcon_core.package_identification:_identify(.) by extension 'colcon_meta'
[0.683s] Level 1:colcon.colcon_core.package_identification:_identify(.) by extensions ['ros']
[0.683s] Level 1:colcon.colcon_core.package_identification:_identify(.) by extension 'ros'
[0.698s] Level 1:colcon.colcon_core.package_identification:_identify(.) by extensions ['cmake', 'python']
[0.698s] Level 1:colcon.colcon_core.package_identification:_identify(.) by extension 'cmake'
[0.698s] Level 1:colcon.colcon_core.package_identification:_identify(.) by extension 'python'
[0.698s] Level 1:colcon.colcon_core.package_identification:_identify(.) by extensions ['python_setup_py']
[0.698s] Level 1:colcon.colcon_core.package_identification:_identify(.) by extension 'python_setup_py'
[0.699s] Level 1:colcon.colcon_core.package_identification:_identify(build) by extensions ['ignore', 'ignore_ament_install']
[0.699s] Level 1:colcon.colcon_core.package_identification:_identify(build) by extension 'ignore'
[0.699s] Level 1:colcon.colcon_core.package_identification:_identify(build) ignored
[0.699s] Level 1:colcon.colcon_core.package_identification:_identify(install) by extensions ['ignore', 'ignore_ament_install']
[0.699s] Level 1:colcon.colcon_core.package_identification:_identify(install) by extension 'ignore'
[0.699s] Level 1:colcon.colcon_core.package_identification:_identify(install) ignored
[0.699s] Level 1:colcon.colcon_core.package_identification:_identify(log) by extensions ['ignore', 'ignore_ament_install']
[0.699s] Level 1:colcon.colcon_core.package_identification:_identify(log) by extension 'ignore'
[0.699s] Level 1:colcon.colcon_core.package_identification:_identify(log) ignored
[0.700s] Level 1:colcon.colcon_core.package_identification:_identify(src) by extensions ['ignore', 'ignore_ament_install']
[0.700s] Level 1:colcon.colcon_core.package_identification:_identify(src) by extension 'ignore'
[0.700s] Level 1:colcon.colcon_core.package_identification:_identify(src) by extension 'ignore_ament_install'
[0.700s] Level 1:colcon.colcon_core.package_identification:_identify(src) by extensions ['colcon_pkg']
[0.700s] Level 1:colcon.colcon_core.package_identification:_identify(src) by extension 'colcon_pkg'
[0.700s] Level 1:colcon.colcon_core.package_identification:_identify(src) by extensions ['colcon_meta']
[0.700s] Level 1:colcon.colcon_core.package_identification:_identify(src) by extension 'colcon_meta'
[0.700s] Level 1:colcon.colcon_core.package_identification:_identify(src) by extensions ['ros']
[0.700s] Level 1:colcon.colcon_core.package_identification:_identify(src) by extension 'ros'
[0.700s] Level 1:colcon.colcon_core.package_identification:_identify(src) by extensions ['cmake', 'python']
[0.700s] Level 1:colcon.colcon_core.package_identification:_identify(src) by extension 'cmake'
[0.700s] Level 1:colcon.colcon_core.package_identification:_identify(src) by extension 'python'
[0.700s] Level 1:colcon.colcon_core.package_identification:_identify(src) by extensions ['python_setup_py']
[0.700s] Level 1:colcon.colcon_core.package_identification:_identify(src) by extension 'python_setup_py'
[0.700s] Level 1:colcon.colcon_core.package_identification:_identify(src/prog_robot) by extensions ['ignore', 'ignore_ament_install']
[0.701s] Level 1:colcon.colcon_core.package_identification:_identify(src/prog_robot) by extension 'ignore'
[0.701s] Level 1:colcon.colcon_core.package_identification:_identify(src/prog_robot) by extension 'ignore_ament_install'
[0.701s] Level 1:colcon.colcon_core.package_identification:_identify(src/prog_robot) by extensions ['colcon_pkg']
[0.701s] Level 1:colcon.colcon_core.package_identification:_identify(src/prog_robot) by extension 'colcon_pkg'
[0.701s] Level 1:colcon.colcon_core.package_identification:_identify(src/prog_robot) by extensions ['colcon_meta']
[0.701s] Level 1:colcon.colcon_core.package_identification:_identify(src/prog_robot) by extension 'colcon_meta'
[0.701s] Level 1:colcon.colcon_core.package_identification:_identify(src/prog_robot) by extensions ['ros']
[0.701s] Level 1:colcon.colcon_core.package_identification:_identify(src/prog_robot) by extension 'ros'
[0.705s] DEBUG:colcon.colcon_core.package_identification:Package 'src/prog_robot' with type 'ros.ament_python' and name 'prog_robot'
[0.705s] Level 1:colcon.colcon_core.package_identification:_identify(src/prog_robot_cpp) by extensions ['ignore', 'ignore_ament_install']
[0.705s] Level 1:colcon.colcon_core.package_identification:_identify(src/prog_robot_cpp) by extension 'ignore'
[0.705s] Level 1:colcon.colcon_core.package_identification:_identify(src/prog_robot_cpp) by extension 'ignore_ament_install'
[0.705s] Level 1:colcon.colcon_core.package_identification:_identify(src/prog_robot_cpp) by extensions ['colcon_pkg']
[0.705s] Level 1:colcon.colcon_core.package_identification:_identify(src/prog_robot_cpp) by extension 'colcon_pkg'
[0.705s] Level 1:colcon.colcon_core.package_identification:_identify(src/prog_robot_cpp) by extensions ['colcon_meta']
[0.705s] Level 1:colcon.colcon_core.package_identification:_identify(src/prog_robot_cpp) by extension 'colcon_meta'
[0.705s] Level 1:colcon.colcon_core.package_identification:_identify(src/prog_robot_cpp) by extensions ['ros']
[0.705s] Level 1:colcon.colcon_core.package_identification:_identify(src/prog_robot_cpp) by extension 'ros'
[0.706s] DEBUG:colcon.colcon_core.package_identification:Package 'src/prog_robot_cpp' with type 'ros.ament_cmake' and name 'prog_robot_cpp'
[0.706s] Level 1:colcon.colcon_core.package_identification:_identify(src/robot_description) by extensions ['ignore', 'ignore_ament_install']
[0.707s] Level 1:colcon.colcon_core.package_identification:_identify(src/robot_description) by extension 'ignore'
[0.707s] Level 1:colcon.colcon_core.package_identification:_identify(src/robot_description) by extension 'ignore_ament_install'
[0.707s] Level 1:colcon.colcon_core.package_identification:_identify(src/robot_description) by extensions ['colcon_pkg']
[0.707s] Level 1:colcon.colcon_core.package_identification:_identify(src/robot_description) by extension 'colcon_pkg'
[0.707s] Level 1:colcon.colcon_core.package_identification:_identify(src/robot_description) by extensions ['colcon_meta']
[0.707s] Level 1:colcon.colcon_core.package_identification:_identify(src/robot_description) by extension 'colcon_meta'
[0.707s] Level 1:colcon.colcon_core.package_identification:_identify(src/robot_description) by extensions ['ros']
[0.707s] Level 1:colcon.colcon_core.package_identification:_identify(src/robot_description) by extension 'ros'
[0.708s] DEBUG:colcon.colcon_core.package_identification:Package 'src/robot_description' with type 'ros.ament_cmake' and name 'robot_description'
[0.708s] Level 1:colcon.colcon_core.package_identification:_identify(src/robot_moveit_config) by extensions ['ignore', 'ignore_ament_install']
[0.708s] Level 1:colcon.colcon_core.package_identification:_identify(src/robot_moveit_config) by extension 'ignore'
[0.708s] Level 1:colcon.colcon_core.package_identification:_identify(src/robot_moveit_config) by extension 'ignore_ament_install'
[0.708s] Level 1:colcon.colcon_core.package_identification:_identify(src/robot_moveit_config) by extensions ['colcon_pkg']
[0.708s] Level 1:colcon.colcon_core.package_identification:_identify(src/robot_moveit_config) by extension 'colcon_pkg'
[0.708s] Level 1:colcon.colcon_core.package_identification:_identify(src/robot_moveit_config) by extensions ['colcon_meta']
[0.708s] Level 1:colcon.colcon_core.package_identification:_identify(src/robot_moveit_config) by extension 'colcon_meta'
[0.708s] Level 1:colcon.colcon_core.package_identification:_identify(src/robot_moveit_config) by extensions ['ros']
[0.708s] Level 1:colcon.colcon_core.package_identification:_identify(src/robot_moveit_config) by extension 'ros'
[0.709s] DEBUG:colcon.colcon_core.package_identification:Package 'src/robot_moveit_config' with type 'ros.ament_cmake' and name 'robot_moveit_config'
[0.710s] Level 1:colcon.colcon_core.package_identification:_identify(src/tictactoe) by extensions ['ignore', 'ignore_ament_install']
[0.710s] Level 1:colcon.colcon_core.package_identification:_identify(src/tictactoe) by extension 'ignore'
[0.710s] Level 1:colcon.colcon_core.package_identification:_identify(src/tictactoe) by extension 'ignore_ament_install'
[0.710s] Level 1:colcon.colcon_core.package_identification:_identify(src/tictactoe) by extensions ['colcon_pkg']
[0.710s] Level 1:colcon.colcon_core.package_identification:_identify(src/tictactoe) by extension 'colcon_pkg'
[0.710s] Level 1:colcon.colcon_core.package_identification:_identify(src/tictactoe) by extensions ['colcon_meta']
[0.710s] Level 1:colcon.colcon_core.package_identification:_identify(src/tictactoe) by extension 'colcon_meta'
[0.710s] Level 1:colcon.colcon_core.package_identification:_identify(src/tictactoe) by extensions ['ros']
[0.710s] Level 1:colcon.colcon_core.package_identification:_identify(src/tictactoe) by extension 'ros'
[0.711s] DEBUG:colcon.colcon_core.package_identification:Package 'src/tictactoe' with type 'ros.ament_python' and name 'tictactoe'
[0.711s] Level 1:colcon.colcon_core.package_discovery:discover_packages(recursive) using defaults
[0.711s] Level 1:colcon.colcon_core.package_discovery:discover_packages(ignore) discover
[0.711s] Level 1:colcon.colcon_core.package_discovery:discover_packages(ignore) using defaults
[0.711s] Level 1:colcon.colcon_core.package_discovery:discover_packages(path) discover
[0.711s] Level 1:colcon.colcon_core.package_discovery:discover_packages(path) using defaults
[0.754s] Level 1:colcon.colcon_core.package_discovery:discover_packages(prefix_path) check parameters
[0.754s] Level 1:colcon.colcon_core.package_discovery:discover_packages(prefix_path) discover
[0.766s] DEBUG:colcon.colcon_installed_package_information.package_discovery:Found 7 installed packages in /home/julien/Documents/ros/rosbridge_suite/install
[0.768s] DEBUG:colcon.colcon_installed_package_information.package_discovery:Found 39 installed packages in /home/julien/Documents/ros/microros_ws/install
[0.771s] DEBUG:colcon.colcon_installed_package_information.package_discovery:Found 55 installed packages in /home/julien/Documents/ros/ws_moveit2/install
[0.773s] DEBUG:colcon.colcon_installed_package_information.package_discovery:Found 2 installed packages in /home/julien/Documents/ros/ws_ros2/install
[0.774s] DEBUG:colcon.colcon_installed_package_information.package_discovery:Found 5 installed packages in /home/julien/Documents/ros/robot_arm/ros2_ws_robot/install
[0.778s] DEBUG:colcon.colcon_installed_package_information.package_discovery:Found 314 installed packages in /opt/ros/humble
[0.781s] Level 1:colcon.colcon_core.package_discovery:discover_packages(prefix_path) using defaults
[0.913s] Level 5:colcon.colcon_core.verb:set package 'prog_robot' build argument 'cmake_args' from command line to 'None'
[0.913s] Level 5:colcon.colcon_core.verb:set package 'prog_robot' build argument 'cmake_target' from command line to 'None'
[0.913s] Level 5:colcon.colcon_core.verb:set package 'prog_robot' build argument 'cmake_target_skip_unavailable' from command line to 'False'
[0.913s] Level 5:colcon.colcon_core.verb:set package 'prog_robot' build argument 'cmake_clean_cache' from command line to 'False'
[0.914s] Level 5:colcon.colcon_core.verb:set package 'prog_robot' build argument 'cmake_clean_first' from command line to 'False'
[0.914s] Level 5:colcon.colcon_core.verb:set package 'prog_robot' build argument 'cmake_force_configure' from command line to 'False'
[0.914s] Level 5:colcon.colcon_core.verb:set package 'prog_robot' build argument 'ament_cmake_args' from command line to 'None'
[0.914s] Level 5:colcon.colcon_core.verb:set package 'prog_robot' build argument 'catkin_cmake_args' from command line to 'None'
[0.914s] Level 5:colcon.colcon_core.verb:set package 'prog_robot' build argument 'catkin_skip_building_tests' from command line to 'False'
[0.914s] DEBUG:colcon.colcon_core.verb:Building package 'prog_robot' with the following arguments: {'ament_cmake_args': None, 'build_base': '/home/julien/Documents/ros/robot_arm/ros2_ws_robot/build/prog_robot', 'catkin_cmake_args': None, 'catkin_skip_building_tests': False, 'cmake_args': None, 'cmake_clean_cache': False, 'cmake_clean_first': False, 'cmake_force_configure': False, 'cmake_target': None, 'cmake_target_skip_unavailable': False, 'install_base': '/home/julien/Documents/ros/robot_arm/ros2_ws_robot/install/prog_robot', 'merge_install': False, 'path': '/home/julien/Documents/ros/robot_arm/ros2_ws_robot/src/prog_robot', 'symlink_install': False, 'test_result_base': None}
[0.916s] Level 5:colcon.colcon_core.verb:set package 'prog_robot_cpp' build argument 'cmake_args' from command line to 'None'
[0.916s] Level 5:colcon.colcon_core.verb:set package 'prog_robot_cpp' build argument 'cmake_target' from command line to 'None'
[0.916s] Level 5:colcon.colcon_core.verb:set package 'prog_robot_cpp' build argument 'cmake_target_skip_unavailable' from command line to 'False'
[0.916s] Level 5:colcon.colcon_core.verb:set package 'prog_robot_cpp' build argument 'cmake_clean_cache' from command line to 'False'
[0.916s] Level 5:colcon.colcon_core.verb:set package 'prog_robot_cpp' build argument 'cmake_clean_first' from command line to 'False'
[0.916s] Level 5:colcon.colcon_core.verb:set package 'prog_robot_cpp' build argument 'cmake_force_configure' from command line to 'False'
[0.916s] Level 5:colcon.colcon_core.verb:set package 'prog_robot_cpp' build argument 'ament_cmake_args' from command line to 'None'
[0.916s] Level 5:colcon.colcon_core.verb:set package 'prog_robot_cpp' build argument 'catkin_cmake_args' from command line to 'None'
[0.916s] Level 5:colcon.colcon_core.verb:set package 'prog_robot_cpp' build argument 'catkin_skip_building_tests' from command line to 'False'
[0.916s] DEBUG:colcon.colcon_core.verb:Building package 'prog_robot_cpp' with the following arguments: {'ament_cmake_args': None, 'build_base': '/home/julien/Documents/ros/robot_arm/ros2_ws_robot/build/prog_robot_cpp', 'catkin_cmake_args': None, 'catkin_skip_building_tests': False, 'cmake_args': None, 'cmake_clean_cache': False, 'cmake_clean_first': False, 'cmake_force_configure': False, 'cmake_target': None, 'cmake_target_skip_unavailable': False, 'install_base': '/home/julien/Documents/ros/robot_arm/ros2_ws_robot/install/prog_robot_cpp', 'merge_install': False, 'path': '/home/julien/Documents/ros/robot_arm/ros2_ws_robot/src/prog_robot_cpp', 'symlink_install': False, 'test_result_base': None}
[0.917s] Level 5:colcon.colcon_core.verb:set package 'robot_description' build argument 'cmake_args' from command line to 'None'
[0.917s] Level 5:colcon.colcon_core.verb:set package 'robot_description' build argument 'cmake_target' from command line to 'None'
[0.917s] Level 5:colcon.colcon_core.verb:set package 'robot_description' build argument 'cmake_target_skip_unavailable' from command line to 'False'
[0.917s] Level 5:colcon.colcon_core.verb:set package 'robot_description' build argument 'cmake_clean_cache' from command line to 'False'
[0.917s] Level 5:colcon.colcon_core.verb:set package 'robot_description' build argument 'cmake_clean_first' from command line to 'False'
[0.917s] Level 5:colcon.colcon_core.verb:set package 'robot_description' build argument 'cmake_force_configure' from command line to 'False'
[0.918s] Level 5:colcon.colcon_core.verb:set package 'robot_description' build argument 'ament_cmake_args' from command line to 'None'
[0.918s] Level 5:colcon.colcon_core.verb:set package 'robot_description' build argument 'catkin_cmake_args' from command line to 'None'
[0.918s] Level 5:colcon.colcon_core.verb:set package 'robot_description' build argument 'catkin_skip_building_tests' from command line to 'False'
[0.918s] DEBUG:colcon.colcon_core.verb:Building package 'robot_description' with the following arguments: {'ament_cmake_args': None, 'build_base': '/home/julien/Documents/ros/robot_arm/ros2_ws_robot/build/robot_description', 'catkin_cmake_args': None, 'catkin_skip_building_tests': False, 'cmake_args': None, 'cmake_clean_cache': False, 'cmake_clean_first': False, 'cmake_force_configure': False, 'cmake_target': None, 'cmake_target_skip_unavailable': False, 'install_base': '/home/julien/Documents/ros/robot_arm/ros2_ws_robot/install/robot_description', 'merge_install': False, 'path': '/home/julien/Documents/ros/robot_arm/ros2_ws_robot/src/robot_description', 'symlink_install': False, 'test_result_base': None}
[0.919s] Level 5:colcon.colcon_core.verb:set package 'tictactoe' build argument 'cmake_args' from command line to 'None'
[0.919s] Level 5:colcon.colcon_core.verb:set package 'tictactoe' build argument 'cmake_target' from command line to 'None'
[0.919s] Level 5:colcon.colcon_core.verb:set package 'tictactoe' build argument 'cmake_target_skip_unavailable' from command line to 'False'
[0.919s] Level 5:colcon.colcon_core.verb:set package 'tictactoe' build argument 'cmake_clean_cache' from command line to 'False'
[0.919s] Level 5:colcon.colcon_core.verb:set package 'tictactoe' build argument 'cmake_clean_first' from command line to 'False'
[0.919s] Level 5:colcon.colcon_core.verb:set package 'tictactoe' build argument 'cmake_force_configure' from command line to 'False'
[0.919s] Level 5:colcon.colcon_core.verb:set package 'tictactoe' build argument 'ament_cmake_args' from command line to 'None'
[0.919s] Level 5:colcon.colcon_core.verb:set package 'tictactoe' build argument 'catkin_cmake_args' from command line to 'None'
[0.919s] Level 5:colcon.colcon_core.verb:set package 'tictactoe' build argument 'catkin_skip_building_tests' from command line to 'False'
[0.919s] DEBUG:colcon.colcon_core.verb:Building package 'tictactoe' with the following arguments: {'ament_cmake_args': None, 'build_base': '/home/julien/Documents/ros/robot_arm/ros2_ws_robot/build/tictactoe', 'catkin_cmake_args': None, 'catkin_skip_building_tests': False, 'cmake_args': None, 'cmake_clean_cache': False, 'cmake_clean_first': False, 'cmake_force_configure': False, 'cmake_target': None, 'cmake_target_skip_unavailable': False, 'install_base': '/home/julien/Documents/ros/robot_arm/ros2_ws_robot/install/tictactoe', 'merge_install': False, 'path': '/home/julien/Documents/ros/robot_arm/ros2_ws_robot/src/tictactoe', 'symlink_install': False, 'test_result_base': None}
[0.920s] Level 5:colcon.colcon_core.verb:set package 'robot_moveit_config' build argument 'cmake_args' from command line to 'None'
[0.921s] Level 5:colcon.colcon_core.verb:set package 'robot_moveit_config' build argument 'cmake_target' from command line to 'None'
[0.921s] Level 5:colcon.colcon_core.verb:set package 'robot_moveit_config' build argument 'cmake_target_skip_unavailable' from command line to 'False'
[0.921s] Level 5:colcon.colcon_core.verb:set package 'robot_moveit_config' build argument 'cmake_clean_cache' from command line to 'False'
[0.921s] Level 5:colcon.colcon_core.verb:set package 'robot_moveit_config' build argument 'cmake_clean_first' from command line to 'False'
[0.921s] Level 5:colcon.colcon_core.verb:set package 'robot_moveit_config' build argument 'cmake_force_configure' from command line to 'False'
[0.921s] Level 5:colcon.colcon_core.verb:set package 'robot_moveit_config' build argument 'ament_cmake_args' from command line to 'None'
[0.921s] Level 5:colcon.colcon_core.verb:set package 'robot_moveit_config' build argument 'catkin_cmake_args' from command line to 'None'
[0.921s] Level 5:colcon.colcon_core.verb:set package 'robot_moveit_config' build argument 'catkin_skip_building_tests' from command line to 'False'
[0.921s] DEBUG:colcon.colcon_core.verb:Building package 'robot_moveit_config' with the following arguments: {'ament_cmake_args': None, 'build_base': '/home/julien/Documents/ros/robot_arm/ros2_ws_robot/build/robot_moveit_config', 'catkin_cmake_args': None, 'catkin_skip_building_tests': False, 'cmake_args': None, 'cmake_clean_cache': False, 'cmake_clean_first': False, 'cmake_force_configure': False, 'cmake_target': None, 'cmake_target_skip_unavailable': False, 'install_base': '/home/julien/Documents/ros/robot_arm/ros2_ws_robot/install/robot_moveit_config', 'merge_install': False, 'path': '/home/julien/Documents/ros/robot_arm/ros2_ws_robot/src/robot_moveit_config', 'symlink_install': False, 'test_result_base': None}
[0.922s] INFO:colcon.colcon_core.executor:Executing jobs using 'parallel' executor
[0.929s] DEBUG:colcon.colcon_parallel_executor.executor.parallel:run_until_complete
[0.929s] INFO:colcon.colcon_ros.task.ament_cmake.build:Building ROS package in '/home/julien/Documents/ros/robot_arm/ros2_ws_robot/src/robot_description' with build type 'ament_cmake'
[0.930s] INFO:colcon.colcon_cmake.task.cmake.build:Building CMake package in '/home/julien/Documents/ros/robot_arm/ros2_ws_robot/src/robot_description'
[0.943s] INFO:colcon.colcon_core.plugin_system:Skipping extension 'colcon_core.shell.bat': Not used on non-Windows systems
[0.943s] INFO:colcon.colcon_core.shell:Skip shell extension 'powershell' for command environment: Not usable outside of PowerShell
[0.944s] DEBUG:colcon.colcon_core.shell:Skip shell extension 'dsv' for command environment
[0.969s] INFO:colcon.colcon_ros.task.ament_python.build:Building ROS package in '/home/julien/Documents/ros/robot_arm/ros2_ws_robot/src/prog_robot' with build type 'ament_python'
[0.969s] Level 1:colcon.colcon_core.shell:create_environment_hook('prog_robot', 'ament_prefix_path')
[0.971s] INFO:colcon.colcon_core.shell:Creating environment hook '/home/julien/Documents/ros/robot_arm/ros2_ws_robot/install/prog_robot/share/prog_robot/hook/ament_prefix_path.ps1'
[0.973s] INFO:colcon.colcon_core.shell:Creating environment descriptor '/home/julien/Documents/ros/robot_arm/ros2_ws_robot/install/prog_robot/share/prog_robot/hook/ament_prefix_path.dsv'
[0.979s] INFO:colcon.colcon_core.shell:Creating environment hook '/home/julien/Documents/ros/robot_arm/ros2_ws_robot/install/prog_robot/share/prog_robot/hook/ament_prefix_path.sh'
[0.982s] INFO:colcon.colcon_core.shell:Skip shell extension 'powershell' for command environment: Not usable outside of PowerShell
[0.982s] DEBUG:colcon.colcon_core.shell:Skip shell extension 'dsv' for command environment
[1.002s] INFO:colcon.colcon_ros.task.ament_cmake.build:Building ROS package in '/home/julien/Documents/ros/robot_arm/ros2_ws_robot/src/prog_robot_cpp' with build type 'ament_cmake'
[1.002s] INFO:colcon.colcon_cmake.task.cmake.build:Building CMake package in '/home/julien/Documents/ros/robot_arm/ros2_ws_robot/src/prog_robot_cpp'
[1.003s] INFO:colcon.colcon_core.shell:Skip shell extension 'powershell' for command environment: Not usable outside of PowerShell
[1.004s] DEBUG:colcon.colcon_core.shell:Skip shell extension 'dsv' for command environment
[1.030s] INFO:colcon.colcon_ros.task.ament_python.build:Building ROS package in '/home/julien/Documents/ros/robot_arm/ros2_ws_robot/src/tictactoe' with build type 'ament_python'
[1.030s] Level 1:colcon.colcon_core.shell:create_environment_hook('tictactoe', 'ament_prefix_path')
[1.032s] INFO:colcon.colcon_core.shell:Creating environment hook '/home/julien/Documents/ros/robot_arm/ros2_ws_robot/install/tictactoe/share/tictactoe/hook/ament_prefix_path.ps1'
[1.033s] INFO:colcon.colcon_core.shell:Creating environment descriptor '/home/julien/Documents/ros/robot_arm/ros2_ws_robot/install/tictactoe/share/tictactoe/hook/ament_prefix_path.dsv'
[1.033s] INFO:colcon.colcon_core.shell:Creating environment hook '/home/julien/Documents/ros/robot_arm/ros2_ws_robot/install/tictactoe/share/tictactoe/hook/ament_prefix_path.sh'
[1.035s] INFO:colcon.colcon_core.shell:Skip shell extension 'powershell' for command environment: Not usable outside of PowerShell
[1.035s] DEBUG:colcon.colcon_core.shell:Skip shell extension 'dsv' for command environment
[1.063s] DEBUG:colcon.colcon_core.event_handler.log_command:Invoking command in '/home/julien/Documents/ros/robot_arm/ros2_ws_robot/build/robot_description': CMAKE_PREFIX_PATH=${CMAKE_PREFIX_PATH}:/home/julien/Documents/ros/ws_ros2/install/simple_pub_sub:/home/julien/Documents/ros/ws_ros2/install/py_pubsub:/home/julien/Documents/ros/microros_ws/install/sensor_msgs_py:/home/julien/Documents/ros/ws_moveit2/install/moveit_configs_utils:/home/julien/Documents/ros/ws_moveit2/install/launch_param_builder:/home/julien/Documents/ros/robot_arm/ros2_ws_robot/install/tictactoe:/home/julien/Documents/ros/robot_arm/ros2_ws_robot/install/prog_robot:/opt/ros/humble /usr/bin/cmake --build /home/julien/Documents/ros/robot_arm/ros2_ws_robot/build/robot_description -- -j4 -l4
[1.506s] INFO:colcon.colcon_core.task.python.build:Building Python package in '/home/julien/Documents/ros/robot_arm/ros2_ws_robot/src/prog_robot'
[1.507s] INFO:colcon.colcon_core.shell:Skip shell extension 'powershell' for command environment: Not usable outside of PowerShell
[1.507s] DEBUG:colcon.colcon_core.shell:Skip shell extension 'dsv' for command environment
[1.532s] DEBUG:colcon.colcon_core.event_handler.log_command:Invoking command in '/home/julien/Documents/ros/robot_arm/ros2_ws_robot/build/prog_robot_cpp': CMAKE_PREFIX_PATH=${CMAKE_PREFIX_PATH}:/home/julien/Documents/ros/ws_ros2/install/simple_pub_sub:/home/julien/Documents/ros/ws_ros2/install/py_pubsub:/home/julien/Documents/ros/microros_ws/install/sensor_msgs_py:/home/julien/Documents/ros/ws_moveit2/install/moveit_configs_utils:/home/julien/Documents/ros/ws_moveit2/install/launch_param_builder:/home/julien/Documents/ros/robot_arm/ros2_ws_robot/install/tictactoe:/home/julien/Documents/ros/robot_arm/ros2_ws_robot/install/prog_robot:/opt/ros/humble /usr/bin/cmake --build /home/julien/Documents/ros/robot_arm/ros2_ws_robot/build/prog_robot_cpp -- -j4 -l4
[1.937s] INFO:colcon.colcon_core.task.python.build:Building Python package in '/home/julien/Documents/ros/robot_arm/ros2_ws_robot/src/tictactoe'
[1.939s] INFO:colcon.colcon_core.shell:Skip shell extension 'powershell' for command environment: Not usable outside of PowerShell
[1.939s] DEBUG:colcon.colcon_core.shell:Skip shell extension 'dsv' for command environment
[1.970s] DEBUG:colcon.colcon_core.event_handler.log_command:Invoked command in '/home/julien/Documents/ros/robot_arm/ros2_ws_robot/build/robot_description' returned '0': CMAKE_PREFIX_PATH=${CMAKE_PREFIX_PATH}:/home/julien/Documents/ros/ws_ros2/install/simple_pub_sub:/home/julien/Documents/ros/ws_ros2/install/py_pubsub:/home/julien/Documents/ros/microros_ws/install/sensor_msgs_py:/home/julien/Documents/ros/ws_moveit2/install/moveit_configs_utils:/home/julien/Documents/ros/ws_moveit2/install/launch_param_builder:/home/julien/Documents/ros/robot_arm/ros2_ws_robot/install/tictactoe:/home/julien/Documents/ros/robot_arm/ros2_ws_robot/install/prog_robot:/opt/ros/humble /usr/bin/cmake --build /home/julien/Documents/ros/robot_arm/ros2_ws_robot/build/robot_description -- -j4 -l4
[2.145s] DEBUG:colcon.colcon_core.event_handler.log_command:Invoking command in '/home/julien/Documents/ros/robot_arm/ros2_ws_robot/build/robot_description': CMAKE_PREFIX_PATH=${CMAKE_PREFIX_PATH}:/home/julien/Documents/ros/ws_ros2/install/simple_pub_sub:/home/julien/Documents/ros/ws_ros2/install/py_pubsub:/home/julien/Documents/ros/microros_ws/install/sensor_msgs_py:/home/julien/Documents/ros/ws_moveit2/install/moveit_configs_utils:/home/julien/Documents/ros/ws_moveit2/install/launch_param_builder:/home/julien/Documents/ros/robot_arm/ros2_ws_robot/install/tictactoe:/home/julien/Documents/ros/robot_arm/ros2_ws_robot/install/prog_robot:/opt/ros/humble /usr/bin/cmake --install /home/julien/Documents/ros/robot_arm/ros2_ws_robot/build/robot_description
[2.190s] Level 1:colcon.colcon_core.environment:create_environment_scripts_only(robot_description)
[2.191s] DEBUG:colcon.colcon_core.event_handler.log_command:Invoked command in '/home/julien/Documents/ros/robot_arm/ros2_ws_robot/build/robot_description' returned '0': CMAKE_PREFIX_PATH=${CMAKE_PREFIX_PATH}:/home/julien/Documents/ros/ws_ros2/install/simple_pub_sub:/home/julien/Documents/ros/ws_ros2/install/py_pubsub:/home/julien/Documents/ros/microros_ws/install/sensor_msgs_py:/home/julien/Documents/ros/ws_moveit2/install/moveit_configs_utils:/home/julien/Documents/ros/ws_moveit2/install/launch_param_builder:/home/julien/Documents/ros/robot_arm/ros2_ws_robot/install/tictactoe:/home/julien/Documents/ros/robot_arm/ros2_ws_robot/install/prog_robot:/opt/ros/humble /usr/bin/cmake --install /home/julien/Documents/ros/robot_arm/ros2_ws_robot/build/robot_description
[2.204s] Level 1:colcon.colcon_core.environment:checking '/home/julien/Documents/ros/robot_arm/ros2_ws_robot/install/robot_description' for CMake module files
[2.204s] Level 1:colcon.colcon_core.environment:checking '/home/julien/Documents/ros/robot_arm/ros2_ws_robot/install/robot_description' for CMake config files
[2.205s] Level 1:colcon.colcon_core.shell:create_environment_hook('robot_description', 'cmake_prefix_path')
[2.207s] INFO:colcon.colcon_core.shell:Creating environment hook '/home/julien/Documents/ros/robot_arm/ros2_ws_robot/install/robot_description/share/robot_description/hook/cmake_prefix_path.ps1'
[2.208s] INFO:colcon.colcon_core.shell:Creating environment descriptor '/home/julien/Documents/ros/robot_arm/ros2_ws_robot/install/robot_description/share/robot_description/hook/cmake_prefix_path.dsv'
[2.208s] INFO:colcon.colcon_core.shell:Creating environment hook '/home/julien/Documents/ros/robot_arm/ros2_ws_robot/install/robot_description/share/robot_description/hook/cmake_prefix_path.sh'
[2.209s] Level 1:colcon.colcon_core.environment:checking '/home/julien/Documents/ros/robot_arm/ros2_ws_robot/install/robot_description/bin'
[2.209s] Level 1:colcon.colcon_core.environment:checking '/home/julien/Documents/ros/robot_arm/ros2_ws_robot/install/robot_description/lib/pkgconfig/robot_description.pc'
[2.209s] Level 1:colcon.colcon_core.environment:checking '/home/julien/Documents/ros/robot_arm/ros2_ws_robot/install/robot_description/lib/python3.10/site-packages'
[2.209s] Level 1:colcon.colcon_core.environment:checking '/home/julien/Documents/ros/robot_arm/ros2_ws_robot/install/robot_description/bin'
[2.211s] INFO:colcon.colcon_core.shell:Creating package script '/home/julien/Documents/ros/robot_arm/ros2_ws_robot/install/robot_description/share/robot_description/package.ps1'
[2.213s] INFO:colcon.colcon_core.shell:Creating package descriptor '/home/julien/Documents/ros/robot_arm/ros2_ws_robot/install/robot_description/share/robot_description/package.dsv'
[2.214s] INFO:colcon.colcon_core.shell:Creating package script '/home/julien/Documents/ros/robot_arm/ros2_ws_robot/install/robot_description/share/robot_description/package.sh'
[2.216s] INFO:colcon.colcon_core.shell:Creating package script '/home/julien/Documents/ros/robot_arm/ros2_ws_robot/install/robot_description/share/robot_description/package.bash'
[2.218s] INFO:colcon.colcon_core.shell:Creating package script '/home/julien/Documents/ros/robot_arm/ros2_ws_robot/install/robot_description/share/robot_description/package.zsh'
[2.220s] Level 1:colcon.colcon_core.environment:create_file_with_runtime_dependencies(/home/julien/Documents/ros/robot_arm/ros2_ws_robot/install/robot_description/share/colcon-core/packages/robot_description)
[2.380s] Level 1:colcon.colcon_core.environment:create_environment_scripts_only(robot_description)
[2.382s] Level 1:colcon.colcon_core.environment:checking '/home/julien/Documents/ros/robot_arm/ros2_ws_robot/install/robot_description' for CMake module files
[2.383s] Level 1:colcon.colcon_core.environment:checking '/home/julien/Documents/ros/robot_arm/ros2_ws_robot/install/robot_description' for CMake config files
[2.383s] Level 1:colcon.colcon_core.shell:create_environment_hook('robot_description', 'cmake_prefix_path')
[2.385s] INFO:colcon.colcon_core.shell:Creating environment hook '/home/julien/Documents/ros/robot_arm/ros2_ws_robot/install/robot_description/share/robot_description/hook/cmake_prefix_path.ps1'
[2.385s] INFO:colcon.colcon_core.shell:Creating environment descriptor '/home/julien/Documents/ros/robot_arm/ros2_ws_robot/install/robot_description/share/robot_description/hook/cmake_prefix_path.dsv'
[2.386s] INFO:colcon.colcon_core.shell:Creating environment hook '/home/julien/Documents/ros/robot_arm/ros2_ws_robot/install/robot_description/share/robot_description/hook/cmake_prefix_path.sh'
[2.387s] Level 1:colcon.colcon_core.environment:checking '/home/julien/Documents/ros/robot_arm/ros2_ws_robot/install/robot_description/bin'
[2.387s] Level 1:colcon.colcon_core.environment:checking '/home/julien/Documents/ros/robot_arm/ros2_ws_robot/install/robot_description/lib/pkgconfig/robot_description.pc'
[2.387s] Level 1:colcon.colcon_core.environment:checking '/home/julien/Documents/ros/robot_arm/ros2_ws_robot/install/robot_description/lib/python3.10/site-packages'
[2.387s] Level 1:colcon.colcon_core.environment:checking '/home/julien/Documents/ros/robot_arm/ros2_ws_robot/install/robot_description/bin'
[2.389s] INFO:colcon.colcon_core.shell:Creating package script '/home/julien/Documents/ros/robot_arm/ros2_ws_robot/install/robot_description/share/robot_description/package.ps1'
[2.390s] INFO:colcon.colcon_core.shell:Creating package descriptor '/home/julien/Documents/ros/robot_arm/ros2_ws_robot/install/robot_description/share/robot_description/package.dsv'
[2.390s] INFO:colcon.colcon_core.shell:Creating package script '/home/julien/Documents/ros/robot_arm/ros2_ws_robot/install/robot_description/share/robot_description/package.sh'
[2.391s] INFO:colcon.colcon_core.shell:Creating package script '/home/julien/Documents/ros/robot_arm/ros2_ws_robot/install/robot_description/share/robot_description/package.bash'
[2.391s] INFO:colcon.colcon_core.shell:Creating package script '/home/julien/Documents/ros/robot_arm/ros2_ws_robot/install/robot_description/share/robot_description/package.zsh'
[2.392s] Level 1:colcon.colcon_core.environment:create_file_with_runtime_dependencies(/home/julien/Documents/ros/robot_arm/ros2_ws_robot/install/robot_description/share/colcon-core/packages/robot_description)
[2.393s] INFO:colcon.colcon_ros.task.ament_cmake.build:Building ROS package in '/home/julien/Documents/ros/robot_arm/ros2_ws_robot/src/robot_moveit_config' with build type 'ament_cmake'
[2.398s] INFO:colcon.colcon_cmake.task.cmake.build:Building CMake package in '/home/julien/Documents/ros/robot_arm/ros2_ws_robot/src/robot_moveit_config'
[2.400s] INFO:colcon.colcon_core.shell:Skip shell extension 'powershell' for command environment: Not usable outside of PowerShell
[2.400s] DEBUG:colcon.colcon_core.shell:Skip shell extension 'dsv' for command environment
[2.452s] DEBUG:colcon.colcon_core.event_handler.log_command:Invoking command in '/home/julien/Documents/ros/robot_arm/ros2_ws_robot/build/robot_moveit_config': CMAKE_PREFIX_PATH=/home/julien/Documents/ros/robot_arm/ros2_ws_robot/install/robot_description:/home/julien/Documents/ros/rosbridge_suite/install/rosbridge_test_msgs:/home/julien/Documents/ros/rosbridge_suite/install/rosbridge_suite:/home/julien/Documents/ros/rosbridge_suite/install/rosbridge_server:/home/julien/Documents/ros/rosbridge_suite/install/rosbridge_msgs:/home/julien/Documents/ros/rosbridge_suite/install/rosapi:/home/julien/Documents/ros/rosbridge_suite/install/rosbridge_library:/home/julien/Documents/ros/rosbridge_suite/install/rosapi_msgs:/home/julien/Documents/ros/microros_ws/install/micro_ros_demos_rclc:/home/julien/Documents/ros/microros_ws/install/common_interfaces:/home/julien/Documents/ros/microros_ws/install/visualization_msgs:/home/julien/Documents/ros/microros_ws/install/test_msgs:/home/julien/Documents/ros/microros_ws/install/example_interfaces:/home/julien/Documents/ros/microros_ws/install/action_msgs:/home/julien/Documents/ros/microros_ws/install/unique_identifier_msgs:/home/julien/Documents/ros/microros_ws/install/trajectory_msgs:/home/julien/Documents/ros/microros_ws/install/stereo_msgs:/home/julien/Documents/ros/microros_ws/install/std_srvs:/home/julien/Documents/ros/microros_ws/install/shape_msgs:/home/julien/Documents/ros/microros_ws/install/sensor_msgs:/home/julien/Documents/ros/microros_ws/install/nav_msgs:/home/julien/Documents/ros/microros_ws/install/diagnostic_msgs:/home/julien/Documents/ros/microros_ws/install/geometry_msgs:/home/julien/Documents/ros/microros_ws/install/actionlib_msgs:/home/julien/Documents/ros/microros_ws/install/std_msgs:/home/julien/Documents/ros/microros_ws/install/statistics_msgs:/home/julien/Documents/ros/microros_ws/install/rosidl_typesupport_microxrcedds_test_msg:/home/julien/Documents/ros/microros_ws/install/rosidl_typesupport_microxrcedds_cpp_tests:/home/julien/Documents/ros/microros_ws/install/rmw_microxrcedds:/home/julien/Documents/ros/microros_ws/install/rosidl_typesupport_microxrcedds_cpp:/home/julien/Documents/ros/microros_ws/install/rosidl_typesupport_microxrcedds_c_tests:/home/julien/Documents/ros/microros_ws/install/rosidl_typesupport_microxrcedds_c:/home/julien/Documents/ros/microros_ws/install/rosgraph_msgs:/home/julien/Documents/ros/microros_ws/install/rclc_parameter:/home/julien/Documents/ros/microros_ws/install/rclc:/home/julien/Documents/ros/microros_ws/install/composition_interfaces:/home/julien/Documents/ros/microros_ws/install/rcl_interfaces:/home/julien/Documents/ros/microros_ws/install/microxrcedds_client:/home/julien/Documents/ros/microros_ws/install/microcdr:/home/julien/Documents/ros/microros_ws/install/micro_ros_utilities:/home/julien/Documents/ros/microros_ws/install/micro_ros_setup:/home/julien/Documents/ros/microros_ws/install/micro_ros_agent:/home/julien/Documents/ros/microros_ws/install/micro_ros_msgs:/home/julien/Documents/ros/microros_ws/install/lifecycle_msgs:/home/julien/Documents/ros/microros_ws/install/complex_msgs:/home/julien/Documents/ros/microros_ws/install/builtin_interfaces:/home/julien/Documents/ros/ws_moveit2/install/pilz_industrial_motion_planner_testutils:/home/julien/Documents/ros/ws_moveit2/install/moveit_runtime:/home/julien/Documents/ros/ws_moveit2/install/moveit2_tutorials:/home/julien/Documents/ros/ws_moveit2/install/moveit:/home/julien/Documents/ros/ws_moveit2/install/moveit_planners:/home/julien/Documents/ros/ws_moveit2/install/pilz_industrial_motion_planner:/home/julien/Documents/ros/ws_moveit2/install/moveit_visual_tools:/home/julien/Documents/ros/ws_moveit2/install/moveit_task_constructor_visualization:/home/julien/Documents/ros/ws_moveit2/install/moveit_task_constructor_demo:/home/julien/Documents/ros/ws_moveit2/install/moveit_task_constructor_capabilities:/home/julien/Documents/ros/ws_moveit2/install/moveit_task_constructor_core:/home/julien/Documents/ros/ws_moveit2/install/moveit_ros_control_interface:/home/julien/Documents/ros/ws_moveit2/install/moveit_plugins:/home/julien/Documents/ros/ws_moveit2/install/moveit_simple_controller_manager:/home/julien/Documents/ros/ws_moveit2/install/moveit_setup_assistant:/home/julien/Documents/ros/ws_moveit2/install/moveit_setup_srdf_plugins:/home/julien/Documents/ros/ws_moveit2/install/moveit_setup_core_plugins:/home/julien/Documents/ros/ws_moveit2/install/moveit_setup_controllers:/home/julien/Documents/ros/ws_moveit2/install/moveit_setup_app_plugins:/home/julien/Documents/ros/ws_moveit2/install/moveit_setup_framework:/home/julien/Documents/ros/ws_moveit2/install/moveit_servo:/home/julien/Documents/ros/ws_moveit2/install/moveit_ros:/home/julien/Documents/ros/ws_moveit2/install/moveit_ros_visualization:/home/julien/Documents/ros/ws_moveit2/install/moveit_hybrid_planning:/home/julien/Documents/ros/ws_moveit2/install/moveit_ros_planning_interface:/home/julien/Documents/ros/ws_moveit2/install/moveit_ros_benchmarks:/home/julien/Documents/ros/ws_moveit2/install/moveit_ros_warehouse:/home/julien/Documents/ros/ws_moveit2/install/moveit_ros_robot_interaction:/home/julien/Documents/ros/ws_moveit2/install/moveit_ros_perception:/home/julien/Documents/ros/ws_moveit2/install/moveit_resources_prbt_pg70_support:/home/julien/Documents/ros/ws_moveit2/install/moveit_resources_prbt_moveit_config:/home/julien/Documents/ros/ws_moveit2/install/moveit_ros_move_group:/home/julien/Documents/ros/ws_moveit2/install/moveit_planners_ompl:/home/julien/Documents/ros/ws_moveit2/install/moveit_ros_planning:/home/julien/Documents/ros/ws_moveit2/install/moveit_ros_occupancy_map_monitor:/home/julien/Documents/ros/ws_moveit2/install/moveit_resources_prbt_ikfast_manipulator_plugin:/home/julien/Documents/ros/ws_moveit2/install/moveit_planners_chomp:/home/julien/Documents/ros/ws_moveit2/install/moveit_kinematics:/home/julien/Documents/ros/ws_moveit2/install/moveit_chomp_optimizer_adapter:/home/julien/Documents/ros/ws_moveit2/install/chomp_motion_planner:/home/julien/Documents/ros/ws_moveit2/install/moveit_core:/home/julien/Documents/ros/ws_moveit2/install/srdfdom:/home/julien/Documents/ros/ws_moveit2/install/rviz_marker_tools:/home/julien/Documents/ros/ws_moveit2/install/rosparam_shortcuts:/home/julien/Documents/ros/ws_moveit2/install/moveit_task_constructor_msgs:/home/julien/Documents/ros/ws_moveit2/install/moveit_resources_prbt_support:/home/julien/Documents/ros/ws_moveit2/install/moveit_resources:/home/julien/Documents/ros/ws_moveit2/install/moveit_resources_pr2_description:/home/julien/Documents/ros/ws_moveit2/install/moveit_resources_panda_moveit_config:/home/julien/Documents/ros/ws_moveit2/install/moveit_resources_panda_description:/home/julien/Documents/ros/ws_moveit2/install/moveit_resources_fanuc_moveit_config:/home/julien/Documents/ros/ws_moveit2/install/moveit_resources_fanuc_description:/home/julien/Documents/ros/ws_moveit2/install/moveit_common:/home/julien/Documents/ros/robot_arm/ros2_ws_robot/install/robot_moveit_config:/home/julien/Documents/ros/robot_arm/ros2_ws_robot/install/prog_robot_cpp:/home/julien/Documents/ros/ws_ros2/install/simple_pub_sub:/home/julien/Documents/ros/ws_ros2/install/py_pubsub:/home/julien/Documents/ros/microros_ws/install/sensor_msgs_py:/home/julien/Documents/ros/ws_moveit2/install/moveit_configs_utils:/home/julien/Documents/ros/ws_moveit2/install/launch_param_builder:/home/julien/Documents/ros/robot_arm/ros2_ws_robot/install/tictactoe:/home/julien/Documents/ros/robot_arm/ros2_ws_robot/install/prog_robot:/opt/ros/humble /usr/bin/cmake --build /home/julien/Documents/ros/robot_arm/ros2_ws_robot/build/robot_moveit_config -- -j4 -l4
[2.562s] DEBUG:colcon.colcon_core.event_handler.log_command:Invoked command in '/home/julien/Documents/ros/robot_arm/ros2_ws_robot/build/robot_moveit_config' returned '0': CMAKE_PREFIX_PATH=/home/julien/Documents/ros/robot_arm/ros2_ws_robot/install/robot_description:/home/julien/Documents/ros/rosbridge_suite/install/rosbridge_test_msgs:/home/julien/Documents/ros/rosbridge_suite/install/rosbridge_suite:/home/julien/Documents/ros/rosbridge_suite/install/rosbridge_server:/home/julien/Documents/ros/rosbridge_suite/install/rosbridge_msgs:/home/julien/Documents/ros/rosbridge_suite/install/rosapi:/home/julien/Documents/ros/rosbridge_suite/install/rosbridge_library:/home/julien/Documents/ros/rosbridge_suite/install/rosapi_msgs:/home/julien/Documents/ros/microros_ws/install/micro_ros_demos_rclc:/home/julien/Documents/ros/microros_ws/install/common_interfaces:/home/julien/Documents/ros/microros_ws/install/visualization_msgs:/home/julien/Documents/ros/microros_ws/install/test_msgs:/home/julien/Documents/ros/microros_ws/install/example_interfaces:/home/julien/Documents/ros/microros_ws/install/action_msgs:/home/julien/Documents/ros/microros_ws/install/unique_identifier_msgs:/home/julien/Documents/ros/microros_ws/install/trajectory_msgs:/home/julien/Documents/ros/microros_ws/install/stereo_msgs:/home/julien/Documents/ros/microros_ws/install/std_srvs:/home/julien/Documents/ros/microros_ws/install/shape_msgs:/home/julien/Documents/ros/microros_ws/install/sensor_msgs:/home/julien/Documents/ros/microros_ws/install/nav_msgs:/home/julien/Documents/ros/microros_ws/install/diagnostic_msgs:/home/julien/Documents/ros/microros_ws/install/geometry_msgs:/home/julien/Documents/ros/microros_ws/install/actionlib_msgs:/home/julien/Documents/ros/microros_ws/install/std_msgs:/home/julien/Documents/ros/microros_ws/install/statistics_msgs:/home/julien/Documents/ros/microros_ws/install/rosidl_typesupport_microxrcedds_test_msg:/home/julien/Documents/ros/microros_ws/install/rosidl_typesupport_microxrcedds_cpp_tests:/home/julien/Documents/ros/microros_ws/install/rmw_microxrcedds:/home/julien/Documents/ros/microros_ws/install/rosidl_typesupport_microxrcedds_cpp:/home/julien/Documents/ros/microros_ws/install/rosidl_typesupport_microxrcedds_c_tests:/home/julien/Documents/ros/microros_ws/install/rosidl_typesupport_microxrcedds_c:/home/julien/Documents/ros/microros_ws/install/rosgraph_msgs:/home/julien/Documents/ros/microros_ws/install/rclc_parameter:/home/julien/Documents/ros/microros_ws/install/rclc:/home/julien/Documents/ros/microros_ws/install/composition_interfaces:/home/julien/Documents/ros/microros_ws/install/rcl_interfaces:/home/julien/Documents/ros/microros_ws/install/microxrcedds_client:/home/julien/Documents/ros/microros_ws/install/microcdr:/home/julien/Documents/ros/microros_ws/install/micro_ros_utilities:/home/julien/Documents/ros/microros_ws/install/micro_ros_setup:/home/julien/Documents/ros/microros_ws/install/micro_ros_agent:/home/julien/Documents/ros/microros_ws/install/micro_ros_msgs:/home/julien/Documents/ros/microros_ws/install/lifecycle_msgs:/home/julien/Documents/ros/microros_ws/install/complex_msgs:/home/julien/Documents/ros/microros_ws/install/builtin_interfaces:/home/julien/Documents/ros/ws_moveit2/install/pilz_industrial_motion_planner_testutils:/home/julien/Documents/ros/ws_moveit2/install/moveit_runtime:/home/julien/Documents/ros/ws_moveit2/install/moveit2_tutorials:/home/julien/Documents/ros/ws_moveit2/install/moveit:/home/julien/Documents/ros/ws_moveit2/install/moveit_planners:/home/julien/Documents/ros/ws_moveit2/install/pilz_industrial_motion_planner:/home/julien/Documents/ros/ws_moveit2/install/moveit_visual_tools:/home/julien/Documents/ros/ws_moveit2/install/moveit_task_constructor_visualization:/home/julien/Documents/ros/ws_moveit2/install/moveit_task_constructor_demo:/home/julien/Documents/ros/ws_moveit2/install/moveit_task_constructor_capabilities:/home/julien/Documents/ros/ws_moveit2/install/moveit_task_constructor_core:/home/julien/Documents/ros/ws_moveit2/install/moveit_ros_control_interface:/home/julien/Documents/ros/ws_moveit2/install/moveit_plugins:/home/julien/Documents/ros/ws_moveit2/install/moveit_simple_controller_manager:/home/julien/Documents/ros/ws_moveit2/install/moveit_setup_assistant:/home/julien/Documents/ros/ws_moveit2/install/moveit_setup_srdf_plugins:/home/julien/Documents/ros/ws_moveit2/install/moveit_setup_core_plugins:/home/julien/Documents/ros/ws_moveit2/install/moveit_setup_controllers:/home/julien/Documents/ros/ws_moveit2/install/moveit_setup_app_plugins:/home/julien/Documents/ros/ws_moveit2/install/moveit_setup_framework:/home/julien/Documents/ros/ws_moveit2/install/moveit_servo:/home/julien/Documents/ros/ws_moveit2/install/moveit_ros:/home/julien/Documents/ros/ws_moveit2/install/moveit_ros_visualization:/home/julien/Documents/ros/ws_moveit2/install/moveit_hybrid_planning:/home/julien/Documents/ros/ws_moveit2/install/moveit_ros_planning_interface:/home/julien/Documents/ros/ws_moveit2/install/moveit_ros_benchmarks:/home/julien/Documents/ros/ws_moveit2/install/moveit_ros_warehouse:/home/julien/Documents/ros/ws_moveit2/install/moveit_ros_robot_interaction:/home/julien/Documents/ros/ws_moveit2/install/moveit_ros_perception:/home/julien/Documents/ros/ws_moveit2/install/moveit_resources_prbt_pg70_support:/home/julien/Documents/ros/ws_moveit2/install/moveit_resources_prbt_moveit_config:/home/julien/Documents/ros/ws_moveit2/install/moveit_ros_move_group:/home/julien/Documents/ros/ws_moveit2/install/moveit_planners_ompl:/home/julien/Documents/ros/ws_moveit2/install/moveit_ros_planning:/home/julien/Documents/ros/ws_moveit2/install/moveit_ros_occupancy_map_monitor:/home/julien/Documents/ros/ws_moveit2/install/moveit_resources_prbt_ikfast_manipulator_plugin:/home/julien/Documents/ros/ws_moveit2/install/moveit_planners_chomp:/home/julien/Documents/ros/ws_moveit2/install/moveit_kinematics:/home/julien/Documents/ros/ws_moveit2/install/moveit_chomp_optimizer_adapter:/home/julien/Documents/ros/ws_moveit2/install/chomp_motion_planner:/home/julien/Documents/ros/ws_moveit2/install/moveit_core:/home/julien/Documents/ros/ws_moveit2/install/srdfdom:/home/julien/Documents/ros/ws_moveit2/install/rviz_marker_tools:/home/julien/Documents/ros/ws_moveit2/install/rosparam_shortcuts:/home/julien/Documents/ros/ws_moveit2/install/moveit_task_constructor_msgs:/home/julien/Documents/ros/ws_moveit2/install/moveit_resources_prbt_support:/home/julien/Documents/ros/ws_moveit2/install/moveit_resources:/home/julien/Documents/ros/ws_moveit2/install/moveit_resources_pr2_description:/home/julien/Documents/ros/ws_moveit2/install/moveit_resources_panda_moveit_config:/home/julien/Documents/ros/ws_moveit2/install/moveit_resources_panda_description:/home/julien/Documents/ros/ws_moveit2/install/moveit_resources_fanuc_moveit_config:/home/julien/Documents/ros/ws_moveit2/install/moveit_resources_fanuc_description:/home/julien/Documents/ros/ws_moveit2/install/moveit_common:/home/julien/Documents/ros/robot_arm/ros2_ws_robot/install/robot_moveit_config:/home/julien/Documents/ros/robot_arm/ros2_ws_robot/install/prog_robot_cpp:/home/julien/Documents/ros/ws_ros2/install/simple_pub_sub:/home/julien/Documents/ros/ws_ros2/install/py_pubsub:/home/julien/Documents/ros/microros_ws/install/sensor_msgs_py:/home/julien/Documents/ros/ws_moveit2/install/moveit_configs_utils:/home/julien/Documents/ros/ws_moveit2/install/launch_param_builder:/home/julien/Documents/ros/robot_arm/ros2_ws_robot/install/tictactoe:/home/julien/Documents/ros/robot_arm/ros2_ws_robot/install/prog_robot:/opt/ros/humble /usr/bin/cmake --build /home/julien/Documents/ros/robot_arm/ros2_ws_robot/build/robot_moveit_config -- -j4 -l4
[2.655s] DEBUG:colcon.colcon_core.event_handler.log_command:Invoking command in '/home/julien/Documents/ros/robot_arm/ros2_ws_robot/build/robot_moveit_config': CMAKE_PREFIX_PATH=/home/julien/Documents/ros/robot_arm/ros2_ws_robot/install/robot_description:/home/julien/Documents/ros/rosbridge_suite/install/rosbridge_test_msgs:/home/julien/Documents/ros/rosbridge_suite/install/rosbridge_suite:/home/julien/Documents/ros/rosbridge_suite/install/rosbridge_server:/home/julien/Documents/ros/rosbridge_suite/install/rosbridge_msgs:/home/julien/Documents/ros/rosbridge_suite/install/rosapi:/home/julien/Documents/ros/rosbridge_suite/install/rosbridge_library:/home/julien/Documents/ros/rosbridge_suite/install/rosapi_msgs:/home/julien/Documents/ros/microros_ws/install/micro_ros_demos_rclc:/home/julien/Documents/ros/microros_ws/install/common_interfaces:/home/julien/Documents/ros/microros_ws/install/visualization_msgs:/home/julien/Documents/ros/microros_ws/install/test_msgs:/home/julien/Documents/ros/microros_ws/install/example_interfaces:/home/julien/Documents/ros/microros_ws/install/action_msgs:/home/julien/Documents/ros/microros_ws/install/unique_identifier_msgs:/home/julien/Documents/ros/microros_ws/install/trajectory_msgs:/home/julien/Documents/ros/microros_ws/install/stereo_msgs:/home/julien/Documents/ros/microros_ws/install/std_srvs:/home/julien/Documents/ros/microros_ws/install/shape_msgs:/home/julien/Documents/ros/microros_ws/install/sensor_msgs:/home/julien/Documents/ros/microros_ws/install/nav_msgs:/home/julien/Documents/ros/microros_ws/install/diagnostic_msgs:/home/julien/Documents/ros/microros_ws/install/geometry_msgs:/home/julien/Documents/ros/microros_ws/install/actionlib_msgs:/home/julien/Documents/ros/microros_ws/install/std_msgs:/home/julien/Documents/ros/microros_ws/install/statistics_msgs:/home/julien/Documents/ros/microros_ws/install/rosidl_typesupport_microxrcedds_test_msg:/home/julien/Documents/ros/microros_ws/install/rosidl_typesupport_microxrcedds_cpp_tests:/home/julien/Documents/ros/microros_ws/install/rmw_microxrcedds:/home/julien/Documents/ros/microros_ws/install/rosidl_typesupport_microxrcedds_cpp:/home/julien/Documents/ros/microros_ws/install/rosidl_typesupport_microxrcedds_c_tests:/home/julien/Documents/ros/microros_ws/install/rosidl_typesupport_microxrcedds_c:/home/julien/Documents/ros/microros_ws/install/rosgraph_msgs:/home/julien/Documents/ros/microros_ws/install/rclc_parameter:/home/julien/Documents/ros/microros_ws/install/rclc:/home/julien/Documents/ros/microros_ws/install/composition_interfaces:/home/julien/Documents/ros/microros_ws/install/rcl_interfaces:/home/julien/Documents/ros/microros_ws/install/microxrcedds_client:/home/julien/Documents/ros/microros_ws/install/microcdr:/home/julien/Documents/ros/microros_ws/install/micro_ros_utilities:/home/julien/Documents/ros/microros_ws/install/micro_ros_setup:/home/julien/Documents/ros/microros_ws/install/micro_ros_agent:/home/julien/Documents/ros/microros_ws/install/micro_ros_msgs:/home/julien/Documents/ros/microros_ws/install/lifecycle_msgs:/home/julien/Documents/ros/microros_ws/install/complex_msgs:/home/julien/Documents/ros/microros_ws/install/builtin_interfaces:/home/julien/Documents/ros/ws_moveit2/install/pilz_industrial_motion_planner_testutils:/home/julien/Documents/ros/ws_moveit2/install/moveit_runtime:/home/julien/Documents/ros/ws_moveit2/install/moveit2_tutorials:/home/julien/Documents/ros/ws_moveit2/install/moveit:/home/julien/Documents/ros/ws_moveit2/install/moveit_planners:/home/julien/Documents/ros/ws_moveit2/install/pilz_industrial_motion_planner:/home/julien/Documents/ros/ws_moveit2/install/moveit_visual_tools:/home/julien/Documents/ros/ws_moveit2/install/moveit_task_constructor_visualization:/home/julien/Documents/ros/ws_moveit2/install/moveit_task_constructor_demo:/home/julien/Documents/ros/ws_moveit2/install/moveit_task_constructor_capabilities:/home/julien/Documents/ros/ws_moveit2/install/moveit_task_constructor_core:/home/julien/Documents/ros/ws_moveit2/install/moveit_ros_control_interface:/home/julien/Documents/ros/ws_moveit2/install/moveit_plugins:/home/julien/Documents/ros/ws_moveit2/install/moveit_simple_controller_manager:/home/julien/Documents/ros/ws_moveit2/install/moveit_setup_assistant:/home/julien/Documents/ros/ws_moveit2/install/moveit_setup_srdf_plugins:/home/julien/Documents/ros/ws_moveit2/install/moveit_setup_core_plugins:/home/julien/Documents/ros/ws_moveit2/install/moveit_setup_controllers:/home/julien/Documents/ros/ws_moveit2/install/moveit_setup_app_plugins:/home/julien/Documents/ros/ws_moveit2/install/moveit_setup_framework:/home/julien/Documents/ros/ws_moveit2/install/moveit_servo:/home/julien/Documents/ros/ws_moveit2/install/moveit_ros:/home/julien/Documents/ros/ws_moveit2/install/moveit_ros_visualization:/home/julien/Documents/ros/ws_moveit2/install/moveit_hybrid_planning:/home/julien/Documents/ros/ws_moveit2/install/moveit_ros_planning_interface:/home/julien/Documents/ros/ws_moveit2/install/moveit_ros_benchmarks:/home/julien/Documents/ros/ws_moveit2/install/moveit_ros_warehouse:/home/julien/Documents/ros/ws_moveit2/install/moveit_ros_robot_interaction:/home/julien/Documents/ros/ws_moveit2/install/moveit_ros_perception:/home/julien/Documents/ros/ws_moveit2/install/moveit_resources_prbt_pg70_support:/home/julien/Documents/ros/ws_moveit2/install/moveit_resources_prbt_moveit_config:/home/julien/Documents/ros/ws_moveit2/install/moveit_ros_move_group:/home/julien/Documents/ros/ws_moveit2/install/moveit_planners_ompl:/home/julien/Documents/ros/ws_moveit2/install/moveit_ros_planning:/home/julien/Documents/ros/ws_moveit2/install/moveit_ros_occupancy_map_monitor:/home/julien/Documents/ros/ws_moveit2/install/moveit_resources_prbt_ikfast_manipulator_plugin:/home/julien/Documents/ros/ws_moveit2/install/moveit_planners_chomp:/home/julien/Documents/ros/ws_moveit2/install/moveit_kinematics:/home/julien/Documents/ros/ws_moveit2/install/moveit_chomp_optimizer_adapter:/home/julien/Documents/ros/ws_moveit2/install/chomp_motion_planner:/home/julien/Documents/ros/ws_moveit2/install/moveit_core:/home/julien/Documents/ros/ws_moveit2/install/srdfdom:/home/julien/Documents/ros/ws_moveit2/install/rviz_marker_tools:/home/julien/Documents/ros/ws_moveit2/install/rosparam_shortcuts:/home/julien/Documents/ros/ws_moveit2/install/moveit_task_constructor_msgs:/home/julien/Documents/ros/ws_moveit2/install/moveit_resources_prbt_support:/home/julien/Documents/ros/ws_moveit2/install/moveit_resources:/home/julien/Documents/ros/ws_moveit2/install/moveit_resources_pr2_description:/home/julien/Documents/ros/ws_moveit2/install/moveit_resources_panda_moveit_config:/home/julien/Documents/ros/ws_moveit2/install/moveit_resources_panda_description:/home/julien/Documents/ros/ws_moveit2/install/moveit_resources_fanuc_moveit_config:/home/julien/Documents/ros/ws_moveit2/install/moveit_resources_fanuc_description:/home/julien/Documents/ros/ws_moveit2/install/moveit_common:/home/julien/Documents/ros/robot_arm/ros2_ws_robot/install/robot_moveit_config:/home/julien/Documents/ros/robot_arm/ros2_ws_robot/install/prog_robot_cpp:/home/julien/Documents/ros/ws_ros2/install/simple_pub_sub:/home/julien/Documents/ros/ws_ros2/install/py_pubsub:/home/julien/Documents/ros/microros_ws/install/sensor_msgs_py:/home/julien/Documents/ros/ws_moveit2/install/moveit_configs_utils:/home/julien/Documents/ros/ws_moveit2/install/launch_param_builder:/home/julien/Documents/ros/robot_arm/ros2_ws_robot/install/tictactoe:/home/julien/Documents/ros/robot_arm/ros2_ws_robot/install/prog_robot:/opt/ros/humble /usr/bin/cmake --install /home/julien/Documents/ros/robot_arm/ros2_ws_robot/build/robot_moveit_config
[2.708s] Level 1:colcon.colcon_core.environment:create_environment_scripts_only(robot_moveit_config)
[2.716s] DEBUG:colcon.colcon_core.event_handler.log_command:Invoked command in '/home/julien/Documents/ros/robot_arm/ros2_ws_robot/build/robot_moveit_config' returned '0': CMAKE_PREFIX_PATH=/home/julien/Documents/ros/robot_arm/ros2_ws_robot/install/robot_description:/home/julien/Documents/ros/rosbridge_suite/install/rosbridge_test_msgs:/home/julien/Documents/ros/rosbridge_suite/install/rosbridge_suite:/home/julien/Documents/ros/rosbridge_suite/install/rosbridge_server:/home/julien/Documents/ros/rosbridge_suite/install/rosbridge_msgs:/home/julien/Documents/ros/rosbridge_suite/install/rosapi:/home/julien/Documents/ros/rosbridge_suite/install/rosbridge_library:/home/julien/Documents/ros/rosbridge_suite/install/rosapi_msgs:/home/julien/Documents/ros/microros_ws/install/micro_ros_demos_rclc:/home/julien/Documents/ros/microros_ws/install/common_interfaces:/home/julien/Documents/ros/microros_ws/install/visualization_msgs:/home/julien/Documents/ros/microros_ws/install/test_msgs:/home/julien/Documents/ros/microros_ws/install/example_interfaces:/home/julien/Documents/ros/microros_ws/install/action_msgs:/home/julien/Documents/ros/microros_ws/install/unique_identifier_msgs:/home/julien/Documents/ros/microros_ws/install/trajectory_msgs:/home/julien/Documents/ros/microros_ws/install/stereo_msgs:/home/julien/Documents/ros/microros_ws/install/std_srvs:/home/julien/Documents/ros/microros_ws/install/shape_msgs:/home/julien/Documents/ros/microros_ws/install/sensor_msgs:/home/julien/Documents/ros/microros_ws/install/nav_msgs:/home/julien/Documents/ros/microros_ws/install/diagnostic_msgs:/home/julien/Documents/ros/microros_ws/install/geometry_msgs:/home/julien/Documents/ros/microros_ws/install/actionlib_msgs:/home/julien/Documents/ros/microros_ws/install/std_msgs:/home/julien/Documents/ros/microros_ws/install/statistics_msgs:/home/julien/Documents/ros/microros_ws/install/rosidl_typesupport_microxrcedds_test_msg:/home/julien/Documents/ros/microros_ws/install/rosidl_typesupport_microxrcedds_cpp_tests:/home/julien/Documents/ros/microros_ws/install/rmw_microxrcedds:/home/julien/Documents/ros/microros_ws/install/rosidl_typesupport_microxrcedds_cpp:/home/julien/Documents/ros/microros_ws/install/rosidl_typesupport_microxrcedds_c_tests:/home/julien/Documents/ros/microros_ws/install/rosidl_typesupport_microxrcedds_c:/home/julien/Documents/ros/microros_ws/install/rosgraph_msgs:/home/julien/Documents/ros/microros_ws/install/rclc_parameter:/home/julien/Documents/ros/microros_ws/install/rclc:/home/julien/Documents/ros/microros_ws/install/composition_interfaces:/home/julien/Documents/ros/microros_ws/install/rcl_interfaces:/home/julien/Documents/ros/microros_ws/install/microxrcedds_client:/home/julien/Documents/ros/microros_ws/install/microcdr:/home/julien/Documents/ros/microros_ws/install/micro_ros_utilities:/home/julien/Documents/ros/microros_ws/install/micro_ros_setup:/home/julien/Documents/ros/microros_ws/install/micro_ros_agent:/home/julien/Documents/ros/microros_ws/install/micro_ros_msgs:/home/julien/Documents/ros/microros_ws/install/lifecycle_msgs:/home/julien/Documents/ros/microros_ws/install/complex_msgs:/home/julien/Documents/ros/microros_ws/install/builtin_interfaces:/home/julien/Documents/ros/ws_moveit2/install/pilz_industrial_motion_planner_testutils:/home/julien/Documents/ros/ws_moveit2/install/moveit_runtime:/home/julien/Documents/ros/ws_moveit2/install/moveit2_tutorials:/home/julien/Documents/ros/ws_moveit2/install/moveit:/home/julien/Documents/ros/ws_moveit2/install/moveit_planners:/home/julien/Documents/ros/ws_moveit2/install/pilz_industrial_motion_planner:/home/julien/Documents/ros/ws_moveit2/install/moveit_visual_tools:/home/julien/Documents/ros/ws_moveit2/install/moveit_task_constructor_visualization:/home/julien/Documents/ros/ws_moveit2/install/moveit_task_constructor_demo:/home/julien/Documents/ros/ws_moveit2/install/moveit_task_constructor_capabilities:/home/julien/Documents/ros/ws_moveit2/install/moveit_task_constructor_core:/home/julien/Documents/ros/ws_moveit2/install/moveit_ros_control_interface:/home/julien/Documents/ros/ws_moveit2/install/moveit_plugins:/home/julien/Documents/ros/ws_moveit2/install/moveit_simple_controller_manager:/home/julien/Documents/ros/ws_moveit2/install/moveit_setup_assistant:/home/julien/Documents/ros/ws_moveit2/install/moveit_setup_srdf_plugins:/home/julien/Documents/ros/ws_moveit2/install/moveit_setup_core_plugins:/home/julien/Documents/ros/ws_moveit2/install/moveit_setup_controllers:/home/julien/Documents/ros/ws_moveit2/install/moveit_setup_app_plugins:/home/julien/Documents/ros/ws_moveit2/install/moveit_setup_framework:/home/julien/Documents/ros/ws_moveit2/install/moveit_servo:/home/julien/Documents/ros/ws_moveit2/install/moveit_ros:/home/julien/Documents/ros/ws_moveit2/install/moveit_ros_visualization:/home/julien/Documents/ros/ws_moveit2/install/moveit_hybrid_planning:/home/julien/Documents/ros/ws_moveit2/install/moveit_ros_planning_interface:/home/julien/Documents/ros/ws_moveit2/install/moveit_ros_benchmarks:/home/julien/Documents/ros/ws_moveit2/install/moveit_ros_warehouse:/home/julien/Documents/ros/ws_moveit2/install/moveit_ros_robot_interaction:/home/julien/Documents/ros/ws_moveit2/install/moveit_ros_perception:/home/julien/Documents/ros/ws_moveit2/install/moveit_resources_prbt_pg70_support:/home/julien/Documents/ros/ws_moveit2/install/moveit_resources_prbt_moveit_config:/home/julien/Documents/ros/ws_moveit2/install/moveit_ros_move_group:/home/julien/Documents/ros/ws_moveit2/install/moveit_planners_ompl:/home/julien/Documents/ros/ws_moveit2/install/moveit_ros_planning:/home/julien/Documents/ros/ws_moveit2/install/moveit_ros_occupancy_map_monitor:/home/julien/Documents/ros/ws_moveit2/install/moveit_resources_prbt_ikfast_manipulator_plugin:/home/julien/Documents/ros/ws_moveit2/install/moveit_planners_chomp:/home/julien/Documents/ros/ws_moveit2/install/moveit_kinematics:/home/julien/Documents/ros/ws_moveit2/install/moveit_chomp_optimizer_adapter:/home/julien/Documents/ros/ws_moveit2/install/chomp_motion_planner:/home/julien/Documents/ros/ws_moveit2/install/moveit_core:/home/julien/Documents/ros/ws_moveit2/install/srdfdom:/home/julien/Documents/ros/ws_moveit2/install/rviz_marker_tools:/home/julien/Documents/ros/ws_moveit2/install/rosparam_shortcuts:/home/julien/Documents/ros/ws_moveit2/install/moveit_task_constructor_msgs:/home/julien/Documents/ros/ws_moveit2/install/moveit_resources_prbt_support:/home/julien/Documents/ros/ws_moveit2/install/moveit_resources:/home/julien/Documents/ros/ws_moveit2/install/moveit_resources_pr2_description:/home/julien/Documents/ros/ws_moveit2/install/moveit_resources_panda_moveit_config:/home/julien/Documents/ros/ws_moveit2/install/moveit_resources_panda_description:/home/julien/Documents/ros/ws_moveit2/install/moveit_resources_fanuc_moveit_config:/home/julien/Documents/ros/ws_moveit2/install/moveit_resources_fanuc_description:/home/julien/Documents/ros/ws_moveit2/install/moveit_common:/home/julien/Documents/ros/robot_arm/ros2_ws_robot/install/robot_moveit_config:/home/julien/Documents/ros/robot_arm/ros2_ws_robot/install/prog_robot_cpp:/home/julien/Documents/ros/ws_ros2/install/simple_pub_sub:/home/julien/Documents/ros/ws_ros2/install/py_pubsub:/home/julien/Documents/ros/microros_ws/install/sensor_msgs_py:/home/julien/Documents/ros/ws_moveit2/install/moveit_configs_utils:/home/julien/Documents/ros/ws_moveit2/install/launch_param_builder:/home/julien/Documents/ros/robot_arm/ros2_ws_robot/install/tictactoe:/home/julien/Documents/ros/robot_arm/ros2_ws_robot/install/prog_robot:/opt/ros/humble /usr/bin/cmake --install /home/julien/Documents/ros/robot_arm/ros2_ws_robot/build/robot_moveit_config
[2.717s] Level 1:colcon.colcon_core.environment:checking '/home/julien/Documents/ros/robot_arm/ros2_ws_robot/install/robot_moveit_config' for CMake module files
[2.718s] Level 1:colcon.colcon_core.environment:checking '/home/julien/Documents/ros/robot_arm/ros2_ws_robot/install/robot_moveit_config' for CMake config files
[2.718s] Level 1:colcon.colcon_core.shell:create_environment_hook('robot_moveit_config', 'cmake_prefix_path')
[2.724s] INFO:colcon.colcon_core.shell:Creating environment hook '/home/julien/Documents/ros/robot_arm/ros2_ws_robot/install/robot_moveit_config/share/robot_moveit_config/hook/cmake_prefix_path.ps1'
[2.724s] INFO:colcon.colcon_core.shell:Creating environment descriptor '/home/julien/Documents/ros/robot_arm/ros2_ws_robot/install/robot_moveit_config/share/robot_moveit_config/hook/cmake_prefix_path.dsv'
[2.725s] INFO:colcon.colcon_core.shell:Creating environment hook '/home/julien/Documents/ros/robot_arm/ros2_ws_robot/install/robot_moveit_config/share/robot_moveit_config/hook/cmake_prefix_path.sh'
[2.725s] Level 1:colcon.colcon_core.environment:checking '/home/julien/Documents/ros/robot_arm/ros2_ws_robot/install/robot_moveit_config/bin'
[2.726s] Level 1:colcon.colcon_core.environment:checking '/home/julien/Documents/ros/robot_arm/ros2_ws_robot/install/robot_moveit_config/lib/pkgconfig/robot_moveit_config.pc'
[2.726s] Level 1:colcon.colcon_core.environment:checking '/home/julien/Documents/ros/robot_arm/ros2_ws_robot/install/robot_moveit_config/lib/python3.10/site-packages'
[2.734s] Level 1:colcon.colcon_core.environment:checking '/home/julien/Documents/ros/robot_arm/ros2_ws_robot/install/robot_moveit_config/bin'
[2.736s] INFO:colcon.colcon_core.shell:Creating package script '/home/julien/Documents/ros/robot_arm/ros2_ws_robot/install/robot_moveit_config/share/robot_moveit_config/package.ps1'
[2.737s] INFO:colcon.colcon_core.shell:Creating package descriptor '/home/julien/Documents/ros/robot_arm/ros2_ws_robot/install/robot_moveit_config/share/robot_moveit_config/package.dsv'
[2.737s] INFO:colcon.colcon_core.shell:Creating package script '/home/julien/Documents/ros/robot_arm/ros2_ws_robot/install/robot_moveit_config/share/robot_moveit_config/package.sh'
[2.738s] INFO:colcon.colcon_core.shell:Creating package script '/home/julien/Documents/ros/robot_arm/ros2_ws_robot/install/robot_moveit_config/share/robot_moveit_config/package.bash'
[2.738s] INFO:colcon.colcon_core.shell:Creating package script '/home/julien/Documents/ros/robot_arm/ros2_ws_robot/install/robot_moveit_config/share/robot_moveit_config/package.zsh'
[2.748s] Level 1:colcon.colcon_core.environment:create_file_with_runtime_dependencies(/home/julien/Documents/ros/robot_arm/ros2_ws_robot/install/robot_moveit_config/share/colcon-core/packages/robot_moveit_config)
[2.809s] DEBUG:colcon.colcon_core.event_handler.log_command:Invoking command in '/home/julien/Documents/ros/robot_arm/ros2_ws_robot/src/tictactoe': PYTHONPATH=/home/julien/Documents/ros/robot_arm/ros2_ws_robot/build/tictactoe/prefix_override:/home/julien/Documents/ros/robot_arm/ros2_ws_robot/install/tictactoe/lib/python3.10/site-packages:${PYTHONPATH} /usr/bin/python3 setup.py egg_info --egg-base ../../build/tictactoe build --build-base /home/julien/Documents/ros/robot_arm/ros2_ws_robot/build/tictactoe/build install --record /home/julien/Documents/ros/robot_arm/ros2_ws_robot/build/tictactoe/install.log --single-version-externally-managed
[2.831s] DEBUG:colcon.colcon_core.event_handler.log_command:Invoking command in '/home/julien/Documents/ros/robot_arm/ros2_ws_robot/src/prog_robot': PYTHONPATH=/home/julien/Documents/ros/robot_arm/ros2_ws_robot/build/prog_robot/prefix_override:/home/julien/Documents/ros/robot_arm/ros2_ws_robot/install/prog_robot/lib/python3.10/site-packages:${PYTHONPATH} /usr/bin/python3 setup.py egg_info --egg-base ../../build/prog_robot build --build-base /home/julien/Documents/ros/robot_arm/ros2_ws_robot/build/prog_robot/build install --record /home/julien/Documents/ros/robot_arm/ros2_ws_robot/build/prog_robot/install.log --single-version-externally-managed
[2.922s] Level 1:colcon.colcon_core.environment:create_environment_scripts_only(robot_moveit_config)
[2.925s] Level 1:colcon.colcon_core.environment:checking '/home/julien/Documents/ros/robot_arm/ros2_ws_robot/install/robot_moveit_config' for CMake module files
[2.926s] Level 1:colcon.colcon_core.environment:checking '/home/julien/Documents/ros/robot_arm/ros2_ws_robot/install/robot_moveit_config' for CMake config files
[2.927s] Level 1:colcon.colcon_core.shell:create_environment_hook('robot_moveit_config', 'cmake_prefix_path')
[2.929s] INFO:colcon.colcon_core.shell:Creating environment hook '/home/julien/Documents/ros/robot_arm/ros2_ws_robot/install/robot_moveit_config/share/robot_moveit_config/hook/cmake_prefix_path.ps1'
[2.934s] INFO:colcon.colcon_core.shell:Creating environment descriptor '/home/julien/Documents/ros/robot_arm/ros2_ws_robot/install/robot_moveit_config/share/robot_moveit_config/hook/cmake_prefix_path.dsv'
[2.935s] INFO:colcon.colcon_core.shell:Creating environment hook '/home/julien/Documents/ros/robot_arm/ros2_ws_robot/install/robot_moveit_config/share/robot_moveit_config/hook/cmake_prefix_path.sh'
[2.937s] Level 1:colcon.colcon_core.environment:checking '/home/julien/Documents/ros/robot_arm/ros2_ws_robot/install/robot_moveit_config/bin'
[2.938s] Level 1:colcon.colcon_core.environment:checking '/home/julien/Documents/ros/robot_arm/ros2_ws_robot/install/robot_moveit_config/lib/pkgconfig/robot_moveit_config.pc'
[2.939s] Level 1:colcon.colcon_core.environment:checking '/home/julien/Documents/ros/robot_arm/ros2_ws_robot/install/robot_moveit_config/lib/python3.10/site-packages'
[2.940s] Level 1:colcon.colcon_core.environment:checking '/home/julien/Documents/ros/robot_arm/ros2_ws_robot/install/robot_moveit_config/bin'
[2.943s] INFO:colcon.colcon_core.shell:Creating package script '/home/julien/Documents/ros/robot_arm/ros2_ws_robot/install/robot_moveit_config/share/robot_moveit_config/package.ps1'
[2.949s] INFO:colcon.colcon_core.shell:Creating package descriptor '/home/julien/Documents/ros/robot_arm/ros2_ws_robot/install/robot_moveit_config/share/robot_moveit_config/package.dsv'
[2.951s] INFO:colcon.colcon_core.shell:Creating package script '/home/julien/Documents/ros/robot_arm/ros2_ws_robot/install/robot_moveit_config/share/robot_moveit_config/package.sh'
[2.954s] INFO:colcon.colcon_core.shell:Creating package script '/home/julien/Documents/ros/robot_arm/ros2_ws_robot/install/robot_moveit_config/share/robot_moveit_config/package.bash'
[2.956s] INFO:colcon.colcon_core.shell:Creating package script '/home/julien/Documents/ros/robot_arm/ros2_ws_robot/install/robot_moveit_config/share/robot_moveit_config/package.zsh'
[2.959s] Level 1:colcon.colcon_core.environment:create_file_with_runtime_dependencies(/home/julien/Documents/ros/robot_arm/ros2_ws_robot/install/robot_moveit_config/share/colcon-core/packages/robot_moveit_config)
[3.323s] Level 1:colcon.colcon_core.environment:checking '/home/julien/Documents/ros/robot_arm/ros2_ws_robot/install/prog_robot' for CMake module files
[3.325s] Level 1:colcon.colcon_core.environment:checking '/home/julien/Documents/ros/robot_arm/ros2_ws_robot/install/prog_robot' for CMake config files
[3.326s] Level 1:colcon.colcon_core.environment:checking '/home/julien/Documents/ros/robot_arm/ros2_ws_robot/install/prog_robot/lib'
[3.326s] Level 1:colcon.colcon_core.environment:checking '/home/julien/Documents/ros/robot_arm/ros2_ws_robot/install/prog_robot/bin'
[3.326s] Level 1:colcon.colcon_core.environment:checking '/home/julien/Documents/ros/robot_arm/ros2_ws_robot/install/prog_robot/lib/pkgconfig/prog_robot.pc'
[3.324s] DEBUG:colcon.colcon_core.event_handler.log_command:Invoked command in '/home/julien/Documents/ros/robot_arm/ros2_ws_robot/src/prog_robot' returned '0': PYTHONPATH=/home/julien/Documents/ros/robot_arm/ros2_ws_robot/build/prog_robot/prefix_override:/home/julien/Documents/ros/robot_arm/ros2_ws_robot/install/prog_robot/lib/python3.10/site-packages:${PYTHONPATH} /usr/bin/python3 setup.py egg_info --egg-base ../../build/prog_robot build --build-base /home/julien/Documents/ros/robot_arm/ros2_ws_robot/build/prog_robot/build install --record /home/julien/Documents/ros/robot_arm/ros2_ws_robot/build/prog_robot/install.log --single-version-externally-managed
[3.327s] Level 1:colcon.colcon_core.environment:checking '/home/julien/Documents/ros/robot_arm/ros2_ws_robot/install/prog_robot/lib/python3.10/site-packages'
[3.328s] Level 1:colcon.colcon_core.shell:create_environment_hook('prog_robot', 'pythonpath')
[3.329s] INFO:colcon.colcon_core.shell:Creating environment hook '/home/julien/Documents/ros/robot_arm/ros2_ws_robot/install/prog_robot/share/prog_robot/hook/pythonpath.ps1'
[3.330s] INFO:colcon.colcon_core.shell:Creating environment descriptor '/home/julien/Documents/ros/robot_arm/ros2_ws_robot/install/prog_robot/share/prog_robot/hook/pythonpath.dsv'
[3.332s] INFO:colcon.colcon_core.shell:Creating environment hook '/home/julien/Documents/ros/robot_arm/ros2_ws_robot/install/prog_robot/share/prog_robot/hook/pythonpath.sh'
[3.333s] Level 1:colcon.colcon_core.environment:checking '/home/julien/Documents/ros/robot_arm/ros2_ws_robot/install/prog_robot/bin'
[3.333s] Level 1:colcon.colcon_core.environment:create_environment_scripts_only(prog_robot)
[3.335s] INFO:colcon.colcon_core.shell:Creating package script '/home/julien/Documents/ros/robot_arm/ros2_ws_robot/install/prog_robot/share/prog_robot/package.ps1'
[3.336s] INFO:colcon.colcon_core.shell:Creating package descriptor '/home/julien/Documents/ros/robot_arm/ros2_ws_robot/install/prog_robot/share/prog_robot/package.dsv'
[3.337s] INFO:colcon.colcon_core.shell:Creating package script '/home/julien/Documents/ros/robot_arm/ros2_ws_robot/install/prog_robot/share/prog_robot/package.sh'
[3.338s] INFO:colcon.colcon_core.shell:Creating package script '/home/julien/Documents/ros/robot_arm/ros2_ws_robot/install/prog_robot/share/prog_robot/package.bash'
[3.338s] INFO:colcon.colcon_core.shell:Creating package script '/home/julien/Documents/ros/robot_arm/ros2_ws_robot/install/prog_robot/share/prog_robot/package.zsh'
[3.339s] Level 1:colcon.colcon_core.environment:create_file_with_runtime_dependencies(/home/julien/Documents/ros/robot_arm/ros2_ws_robot/install/prog_robot/share/colcon-core/packages/prog_robot)
[3.358s] Level 1:colcon.colcon_core.environment:checking '/home/julien/Documents/ros/robot_arm/ros2_ws_robot/install/tictactoe' for CMake module files
[3.359s] DEBUG:colcon.colcon_core.event_handler.log_command:Invoked command in '/home/julien/Documents/ros/robot_arm/ros2_ws_robot/src/tictactoe' returned '0': PYTHONPATH=/home/julien/Documents/ros/robot_arm/ros2_ws_robot/build/tictactoe/prefix_override:/home/julien/Documents/ros/robot_arm/ros2_ws_robot/install/tictactoe/lib/python3.10/site-packages:${PYTHONPATH} /usr/bin/python3 setup.py egg_info --egg-base ../../build/tictactoe build --build-base /home/julien/Documents/ros/robot_arm/ros2_ws_robot/build/tictactoe/build install --record /home/julien/Documents/ros/robot_arm/ros2_ws_robot/build/tictactoe/install.log --single-version-externally-managed
[3.360s] Level 1:colcon.colcon_core.environment:checking '/home/julien/Documents/ros/robot_arm/ros2_ws_robot/install/tictactoe' for CMake config files
[3.361s] Level 1:colcon.colcon_core.environment:checking '/home/julien/Documents/ros/robot_arm/ros2_ws_robot/install/tictactoe/lib'
[3.361s] Level 1:colcon.colcon_core.environment:checking '/home/julien/Documents/ros/robot_arm/ros2_ws_robot/install/tictactoe/bin'
[3.361s] Level 1:colcon.colcon_core.environment:checking '/home/julien/Documents/ros/robot_arm/ros2_ws_robot/install/tictactoe/lib/pkgconfig/tictactoe.pc'
[3.362s] Level 1:colcon.colcon_core.environment:checking '/home/julien/Documents/ros/robot_arm/ros2_ws_robot/install/tictactoe/lib/python3.10/site-packages'
[3.362s] Level 1:colcon.colcon_core.shell:create_environment_hook('tictactoe', 'pythonpath')
[3.363s] INFO:colcon.colcon_core.shell:Creating environment hook '/home/julien/Documents/ros/robot_arm/ros2_ws_robot/install/tictactoe/share/tictactoe/hook/pythonpath.ps1'
[3.364s] INFO:colcon.colcon_core.shell:Creating environment descriptor '/home/julien/Documents/ros/robot_arm/ros2_ws_robot/install/tictactoe/share/tictactoe/hook/pythonpath.dsv'
[3.364s] INFO:colcon.colcon_core.shell:Creating environment hook '/home/julien/Documents/ros/robot_arm/ros2_ws_robot/install/tictactoe/share/tictactoe/hook/pythonpath.sh'
[3.365s] Level 1:colcon.colcon_core.environment:checking '/home/julien/Documents/ros/robot_arm/ros2_ws_robot/install/tictactoe/bin'
[3.365s] Level 1:colcon.colcon_core.environment:create_environment_scripts_only(tictactoe)
[3.367s] INFO:colcon.colcon_core.shell:Creating package script '/home/julien/Documents/ros/robot_arm/ros2_ws_robot/install/tictactoe/share/tictactoe/package.ps1'
[3.368s] INFO:colcon.colcon_core.shell:Creating package descriptor '/home/julien/Documents/ros/robot_arm/ros2_ws_robot/install/tictactoe/share/tictactoe/package.dsv'
[3.370s] INFO:colcon.colcon_core.shell:Creating package script '/home/julien/Documents/ros/robot_arm/ros2_ws_robot/install/tictactoe/share/tictactoe/package.sh'
[3.370s] INFO:colcon.colcon_core.shell:Creating package script '/home/julien/Documents/ros/robot_arm/ros2_ws_robot/install/tictactoe/share/tictactoe/package.bash'
[3.371s] INFO:colcon.colcon_core.shell:Creating package script '/home/julien/Documents/ros/robot_arm/ros2_ws_robot/install/tictactoe/share/tictactoe/package.zsh'
[3.371s] Level 1:colcon.colcon_core.environment:create_file_with_runtime_dependencies(/home/julien/Documents/ros/robot_arm/ros2_ws_robot/install/tictactoe/share/colcon-core/packages/tictactoe)
[21.973s] DEBUG:colcon.colcon_core.event_handler.log_command:Invoked command in '/home/julien/Documents/ros/robot_arm/ros2_ws_robot/build/prog_robot_cpp' returned '0': CMAKE_PREFIX_PATH=${CMAKE_PREFIX_PATH}:/home/julien/Documents/ros/ws_ros2/install/simple_pub_sub:/home/julien/Documents/ros/ws_ros2/install/py_pubsub:/home/julien/Documents/ros/microros_ws/install/sensor_msgs_py:/home/julien/Documents/ros/ws_moveit2/install/moveit_configs_utils:/home/julien/Documents/ros/ws_moveit2/install/launch_param_builder:/home/julien/Documents/ros/robot_arm/ros2_ws_robot/install/tictactoe:/home/julien/Documents/ros/robot_arm/ros2_ws_robot/install/prog_robot:/opt/ros/humble /usr/bin/cmake --build /home/julien/Documents/ros/robot_arm/ros2_ws_robot/build/prog_robot_cpp -- -j4 -l4
[22.091s] DEBUG:colcon.colcon_core.event_handler.log_command:Invoking command in '/home/julien/Documents/ros/robot_arm/ros2_ws_robot/build/prog_robot_cpp': CMAKE_PREFIX_PATH=${CMAKE_PREFIX_PATH}:/home/julien/Documents/ros/ws_ros2/install/simple_pub_sub:/home/julien/Documents/ros/ws_ros2/install/py_pubsub:/home/julien/Documents/ros/microros_ws/install/sensor_msgs_py:/home/julien/Documents/ros/ws_moveit2/install/moveit_configs_utils:/home/julien/Documents/ros/ws_moveit2/install/launch_param_builder:/home/julien/Documents/ros/robot_arm/ros2_ws_robot/install/tictactoe:/home/julien/Documents/ros/robot_arm/ros2_ws_robot/install/prog_robot:/opt/ros/humble /usr/bin/cmake --install /home/julien/Documents/ros/robot_arm/ros2_ws_robot/build/prog_robot_cpp
[22.121s] Level 1:colcon.colcon_core.environment:create_environment_scripts_only(prog_robot_cpp)
[22.125s] Level 1:colcon.colcon_core.environment:checking '/home/julien/Documents/ros/robot_arm/ros2_ws_robot/install/prog_robot_cpp' for CMake module files
[22.127s] DEBUG:colcon.colcon_core.event_handler.log_command:Invoked command in '/home/julien/Documents/ros/robot_arm/ros2_ws_robot/build/prog_robot_cpp' returned '0': CMAKE_PREFIX_PATH=${CMAKE_PREFIX_PATH}:/home/julien/Documents/ros/ws_ros2/install/simple_pub_sub:/home/julien/Documents/ros/ws_ros2/install/py_pubsub:/home/julien/Documents/ros/microros_ws/install/sensor_msgs_py:/home/julien/Documents/ros/ws_moveit2/install/moveit_configs_utils:/home/julien/Documents/ros/ws_moveit2/install/launch_param_builder:/home/julien/Documents/ros/robot_arm/ros2_ws_robot/install/tictactoe:/home/julien/Documents/ros/robot_arm/ros2_ws_robot/install/prog_robot:/opt/ros/humble /usr/bin/cmake --install /home/julien/Documents/ros/robot_arm/ros2_ws_robot/build/prog_robot_cpp
[22.128s] Level 1:colcon.colcon_core.environment:checking '/home/julien/Documents/ros/robot_arm/ros2_ws_robot/install/prog_robot_cpp' for CMake config files
[22.128s] Level 1:colcon.colcon_core.shell:create_environment_hook('prog_robot_cpp', 'cmake_prefix_path')
[22.130s] INFO:colcon.colcon_core.shell:Creating environment hook '/home/julien/Documents/ros/robot_arm/ros2_ws_robot/install/prog_robot_cpp/share/prog_robot_cpp/hook/cmake_prefix_path.ps1'
[22.132s] INFO:colcon.colcon_core.shell:Creating environment descriptor '/home/julien/Documents/ros/robot_arm/ros2_ws_robot/install/prog_robot_cpp/share/prog_robot_cpp/hook/cmake_prefix_path.dsv'
[22.132s] INFO:colcon.colcon_core.shell:Creating environment hook '/home/julien/Documents/ros/robot_arm/ros2_ws_robot/install/prog_robot_cpp/share/prog_robot_cpp/hook/cmake_prefix_path.sh'
[22.134s] Level 1:colcon.colcon_core.environment:checking '/home/julien/Documents/ros/robot_arm/ros2_ws_robot/install/prog_robot_cpp/lib'
[22.135s] Level 1:colcon.colcon_core.environment:checking '/home/julien/Documents/ros/robot_arm/ros2_ws_robot/install/prog_robot_cpp/bin'
[22.135s] Level 1:colcon.colcon_core.environment:checking '/home/julien/Documents/ros/robot_arm/ros2_ws_robot/install/prog_robot_cpp/lib/pkgconfig/prog_robot_cpp.pc'
[22.135s] Level 1:colcon.colcon_core.environment:checking '/home/julien/Documents/ros/robot_arm/ros2_ws_robot/install/prog_robot_cpp/lib/python3.10/site-packages'
[22.136s] Level 1:colcon.colcon_core.environment:checking '/home/julien/Documents/ros/robot_arm/ros2_ws_robot/install/prog_robot_cpp/bin'
[22.138s] INFO:colcon.colcon_core.shell:Creating package script '/home/julien/Documents/ros/robot_arm/ros2_ws_robot/install/prog_robot_cpp/share/prog_robot_cpp/package.ps1'
[22.138s] INFO:colcon.colcon_core.shell:Creating package descriptor '/home/julien/Documents/ros/robot_arm/ros2_ws_robot/install/prog_robot_cpp/share/prog_robot_cpp/package.dsv'
[22.139s] INFO:colcon.colcon_core.shell:Creating package script '/home/julien/Documents/ros/robot_arm/ros2_ws_robot/install/prog_robot_cpp/share/prog_robot_cpp/package.sh'
[22.139s] INFO:colcon.colcon_core.shell:Creating package script '/home/julien/Documents/ros/robot_arm/ros2_ws_robot/install/prog_robot_cpp/share/prog_robot_cpp/package.bash'
[22.140s] INFO:colcon.colcon_core.shell:Creating package script '/home/julien/Documents/ros/robot_arm/ros2_ws_robot/install/prog_robot_cpp/share/prog_robot_cpp/package.zsh'
[22.140s] Level 1:colcon.colcon_core.environment:create_file_with_runtime_dependencies(/home/julien/Documents/ros/robot_arm/ros2_ws_robot/install/prog_robot_cpp/share/colcon-core/packages/prog_robot_cpp)
[22.259s] Level 1:colcon.colcon_core.environment:create_environment_scripts_only(prog_robot_cpp)
[22.261s] Level 1:colcon.colcon_core.environment:checking '/home/julien/Documents/ros/robot_arm/ros2_ws_robot/install/prog_robot_cpp' for CMake module files
[22.262s] Level 1:colcon.colcon_core.environment:checking '/home/julien/Documents/ros/robot_arm/ros2_ws_robot/install/prog_robot_cpp' for CMake config files
[22.262s] Level 1:colcon.colcon_core.shell:create_environment_hook('prog_robot_cpp', 'cmake_prefix_path')
[22.264s] INFO:colcon.colcon_core.shell:Creating environment hook '/home/julien/Documents/ros/robot_arm/ros2_ws_robot/install/prog_robot_cpp/share/prog_robot_cpp/hook/cmake_prefix_path.ps1'
[22.265s] INFO:colcon.colcon_core.shell:Creating environment descriptor '/home/julien/Documents/ros/robot_arm/ros2_ws_robot/install/prog_robot_cpp/share/prog_robot_cpp/hook/cmake_prefix_path.dsv'
[22.265s] INFO:colcon.colcon_core.shell:Creating environment hook '/home/julien/Documents/ros/robot_arm/ros2_ws_robot/install/prog_robot_cpp/share/prog_robot_cpp/hook/cmake_prefix_path.sh'
[22.267s] Level 1:colcon.colcon_core.environment:checking '/home/julien/Documents/ros/robot_arm/ros2_ws_robot/install/prog_robot_cpp/lib'
[22.267s] Level 1:colcon.colcon_core.environment:checking '/home/julien/Documents/ros/robot_arm/ros2_ws_robot/install/prog_robot_cpp/bin'
[22.267s] Level 1:colcon.colcon_core.environment:checking '/home/julien/Documents/ros/robot_arm/ros2_ws_robot/install/prog_robot_cpp/lib/pkgconfig/prog_robot_cpp.pc'
[22.267s] Level 1:colcon.colcon_core.environment:checking '/home/julien/Documents/ros/robot_arm/ros2_ws_robot/install/prog_robot_cpp/lib/python3.10/site-packages'
[22.267s] Level 1:colcon.colcon_core.environment:checking '/home/julien/Documents/ros/robot_arm/ros2_ws_robot/install/prog_robot_cpp/bin'
[22.269s] INFO:colcon.colcon_core.shell:Creating package script '/home/julien/Documents/ros/robot_arm/ros2_ws_robot/install/prog_robot_cpp/share/prog_robot_cpp/package.ps1'
[22.270s] INFO:colcon.colcon_core.shell:Creating package descriptor '/home/julien/Documents/ros/robot_arm/ros2_ws_robot/install/prog_robot_cpp/share/prog_robot_cpp/package.dsv'
[22.271s] INFO:colcon.colcon_core.shell:Creating package script '/home/julien/Documents/ros/robot_arm/ros2_ws_robot/install/prog_robot_cpp/share/prog_robot_cpp/package.sh'
[22.271s] INFO:colcon.colcon_core.shell:Creating package script '/home/julien/Documents/ros/robot_arm/ros2_ws_robot/install/prog_robot_cpp/share/prog_robot_cpp/package.bash'
[22.272s] INFO:colcon.colcon_core.shell:Creating package script '/home/julien/Documents/ros/robot_arm/ros2_ws_robot/install/prog_robot_cpp/share/prog_robot_cpp/package.zsh'
[22.273s] Level 1:colcon.colcon_core.environment:create_file_with_runtime_dependencies(/home/julien/Documents/ros/robot_arm/ros2_ws_robot/install/prog_robot_cpp/share/colcon-core/packages/prog_robot_cpp)
[22.273s] DEBUG:colcon.colcon_parallel_executor.executor.parallel:closing loop
[22.274s] DEBUG:colcon.colcon_parallel_executor.executor.parallel:loop closed
[22.274s] DEBUG:colcon.colcon_parallel_executor.executor.parallel:run_until_complete finished with '0'
[22.274s] DEBUG:colcon.colcon_core.event_reactor:joining thread
[22.296s] INFO:colcon.colcon_core.plugin_system:Skipping extension 'colcon_notification.desktop_notification.terminal_notifier': Not used on non-Darwin systems
[22.297s] INFO:colcon.colcon_core.plugin_system:Skipping extension 'colcon_notification.desktop_notification.win32': Not used on non-Windows systems
[22.297s] INFO:colcon.colcon_notification.desktop_notification:Sending desktop notification using 'notify2'
[22.362s] DEBUG:colcon.colcon_core.event_reactor:joined thread
[22.364s] INFO:colcon.colcon_core.shell:Creating prefix script '/home/julien/Documents/ros/robot_arm/ros2_ws_robot/install/local_setup.ps1'
[22.366s] INFO:colcon.colcon_core.shell:Creating prefix util module '/home/julien/Documents/ros/robot_arm/ros2_ws_robot/install/_local_setup_util_ps1.py'
[22.368s] INFO:colcon.colcon_core.shell:Creating prefix chain script '/home/julien/Documents/ros/robot_arm/ros2_ws_robot/install/setup.ps1'
[22.375s] INFO:colcon.colcon_core.shell:Creating prefix script '/home/julien/Documents/ros/robot_arm/ros2_ws_robot/install/local_setup.sh'
[22.376s] INFO:colcon.colcon_core.shell:Creating prefix util module '/home/julien/Documents/ros/robot_arm/ros2_ws_robot/install/_local_setup_util_sh.py'
[22.377s] INFO:colcon.colcon_core.shell:Creating prefix chain script '/home/julien/Documents/ros/robot_arm/ros2_ws_robot/install/setup.sh'
[22.384s] INFO:colcon.colcon_core.shell:Creating prefix script '/home/julien/Documents/ros/robot_arm/ros2_ws_robot/install/local_setup.bash'
[22.385s] INFO:colcon.colcon_core.shell:Creating prefix chain script '/home/julien/Documents/ros/robot_arm/ros2_ws_robot/install/setup.bash'
[22.393s] INFO:colcon.colcon_core.shell:Creating prefix script '/home/julien/Documents/ros/robot_arm/ros2_ws_robot/install/local_setup.zsh'
[22.393s] INFO:colcon.colcon_core.shell:Creating prefix chain script '/home/julien/Documents/ros/robot_arm/ros2_ws_robot/install/setup.zsh'
