[35m[1mConsolidate compiler generated dependencies of target move[0m
[ 33%] Built target scene
[ 66%] Built target hello_moveit
[100%] Built target move
-- Install configuration: ""
-- Up-to-date: /home/julien/Documents/ros/robot_arm/ros2_ws_robot/install/prog_robot_cpp/lib/prog_robot_cpp/hello_moveit
-- Up-to-date: /home/julien/Documents/ros/robot_arm/ros2_ws_robot/install/prog_robot_cpp/lib/prog_robot_cpp/scene
-- Up-to-date: /home/julien/Documents/ros/robot_arm/ros2_ws_robot/install/prog_robot_cpp/lib/prog_robot_cpp/move
-- Up-to-date: /home/julien/Documents/ros/robot_arm/ros2_ws_robot/install/prog_robot_cpp/share/ament_index/resource_index/package_run_dependencies/prog_robot_cpp
-- Up-to-date: /home/julien/Documents/ros/robot_arm/ros2_ws_robot/install/prog_robot_cpp/share/ament_index/resource_index/parent_prefix_path/prog_robot_cpp
-- Up-to-date: /home/julien/Documents/ros/robot_arm/ros2_ws_robot/install/prog_robot_cpp/share/prog_robot_cpp/environment/ament_prefix_path.sh
-- Up-to-date: /home/julien/Documents/ros/robot_arm/ros2_ws_robot/install/prog_robot_cpp/share/prog_robot_cpp/environment/ament_prefix_path.dsv
-- Up-to-date: /home/julien/Documents/ros/robot_arm/ros2_ws_robot/install/prog_robot_cpp/share/prog_robot_cpp/environment/path.sh
-- Up-to-date: /home/julien/Documents/ros/robot_arm/ros2_ws_robot/install/prog_robot_cpp/share/prog_robot_cpp/environment/path.dsv
-- Up-to-date: /home/julien/Documents/ros/robot_arm/ros2_ws_robot/install/prog_robot_cpp/share/prog_robot_cpp/local_setup.bash
-- Up-to-date: /home/julien/Documents/ros/robot_arm/ros2_ws_robot/install/prog_robot_cpp/share/prog_robot_cpp/local_setup.sh
-- Up-to-date: /home/julien/Documents/ros/robot_arm/ros2_ws_robot/install/prog_robot_cpp/share/prog_robot_cpp/local_setup.zsh
-- Up-to-date: /home/julien/Documents/ros/robot_arm/ros2_ws_robot/install/prog_robot_cpp/share/prog_robot_cpp/local_setup.dsv
-- Installing: /home/julien/Documents/ros/robot_arm/ros2_ws_robot/install/prog_robot_cpp/share/prog_robot_cpp/package.dsv
-- Up-to-date: /home/julien/Documents/ros/robot_arm/ros2_ws_robot/install/prog_robot_cpp/share/ament_index/resource_index/packages/prog_robot_cpp
-- Up-to-date: /home/julien/Documents/ros/robot_arm/ros2_ws_robot/install/prog_robot_cpp/share/prog_robot_cpp/cmake/prog_robot_cppConfig.cmake
-- Up-to-date: /home/julien/Documents/ros/robot_arm/ros2_ws_robot/install/prog_robot_cpp/share/prog_robot_cpp/cmake/prog_robot_cppConfig-version.cmake
-- Up-to-date: /home/julien/Documents/ros/robot_arm/ros2_ws_robot/install/prog_robot_cpp/share/prog_robot_cpp/package.xml
