[0.766s] Invoking command in '/home/julien/Documents/ros/robot_arm/src/prog_robot': PYTHONPATH=/home/julien/Documents/ros/robot_arm/build/prog_robot/prefix_override:/home/julien/Documents/ros/robot_arm/install/prog_robot/lib/python3.10/site-packages:${PYTHONPATH} /usr/bin/python3 setup.py egg_info --egg-base ../../build/prog_robot build --build-base /home/julien/Documents/ros/robot_arm/build/prog_robot/build install --record /home/julien/Documents/ros/robot_arm/build/prog_robot/install.log --single-version-externally-managed
[1.054s] running egg_info
[1.054s] creating ../../build/prog_robot/prog_robot.egg-info
[1.055s] writing ../../build/prog_robot/prog_robot.egg-info/PKG-INFO
[1.055s] writing dependency_links to ../../build/prog_robot/prog_robot.egg-info/dependency_links.txt
[1.055s] writing entry points to ../../build/prog_robot/prog_robot.egg-info/entry_points.txt
[1.055s] writing requirements to ../../build/prog_robot/prog_robot.egg-info/requires.txt
[1.055s] writing top-level names to ../../build/prog_robot/prog_robot.egg-info/top_level.txt
[1.056s] writing manifest file '../../build/prog_robot/prog_robot.egg-info/SOURCES.txt'
[1.057s] reading manifest file '../../build/prog_robot/prog_robot.egg-info/SOURCES.txt'
[1.058s] writing manifest file '../../build/prog_robot/prog_robot.egg-info/SOURCES.txt'
[1.059s] running build
[1.059s] running build_py
[1.059s] creating /home/julien/Documents/ros/robot_arm/build/prog_robot/build
[1.059s] creating /home/julien/Documents/ros/robot_arm/build/prog_robot/build/lib
[1.059s] creating /home/julien/Documents/ros/robot_arm/build/prog_robot/build/lib/prog_robot
[1.059s] copying prog_robot/__init__.py -> /home/julien/Documents/ros/robot_arm/build/prog_robot/build/lib/prog_robot
[1.059s] copying prog_robot/test_com_arduino.py -> /home/julien/Documents/ros/robot_arm/build/prog_robot/build/lib/prog_robot
[1.059s] copying prog_robot/angtostep.py -> /home/julien/Documents/ros/robot_arm/build/prog_robot/build/lib/prog_robot
[1.060s] running install
[1.060s] /usr/lib/python3/dist-packages/setuptools/command/install.py:34: SetuptoolsDeprecationWarning: setup.py install is deprecated. Use build and pip and other standards-based tools.
[1.060s]   warnings.warn(
[1.060s] running install_lib
[1.061s] creating /home/julien/Documents/ros/robot_arm/install/prog_robot/lib/python3.10/site-packages/prog_robot
[1.061s] copying /home/julien/Documents/ros/robot_arm/build/prog_robot/build/lib/prog_robot/__init__.py -> /home/julien/Documents/ros/robot_arm/install/prog_robot/lib/python3.10/site-packages/prog_robot
[1.061s] copying /home/julien/Documents/ros/robot_arm/build/prog_robot/build/lib/prog_robot/test_com_arduino.py -> /home/julien/Documents/ros/robot_arm/install/prog_robot/lib/python3.10/site-packages/prog_robot
[1.062s] copying /home/julien/Documents/ros/robot_arm/build/prog_robot/build/lib/prog_robot/angtostep.py -> /home/julien/Documents/ros/robot_arm/install/prog_robot/lib/python3.10/site-packages/prog_robot
[1.062s] byte-compiling /home/julien/Documents/ros/robot_arm/install/prog_robot/lib/python3.10/site-packages/prog_robot/__init__.py to __init__.cpython-310.pyc
[1.062s] byte-compiling /home/julien/Documents/ros/robot_arm/install/prog_robot/lib/python3.10/site-packages/prog_robot/test_com_arduino.py to test_com_arduino.cpython-310.pyc
[1.063s] byte-compiling /home/julien/Documents/ros/robot_arm/install/prog_robot/lib/python3.10/site-packages/prog_robot/angtostep.py to angtostep.cpython-310.pyc
[1.064s] running install_data
[1.064s] creating /home/julien/Documents/ros/robot_arm/install/prog_robot/share/ament_index
[1.064s] creating /home/julien/Documents/ros/robot_arm/install/prog_robot/share/ament_index/resource_index
[1.065s] creating /home/julien/Documents/ros/robot_arm/install/prog_robot/share/ament_index/resource_index/packages
[1.065s] copying resource/prog_robot -> /home/julien/Documents/ros/robot_arm/install/prog_robot/share/ament_index/resource_index/packages
[1.065s] copying package.xml -> /home/julien/Documents/ros/robot_arm/install/prog_robot/share/prog_robot
[1.065s] copying launch/simu.launch.py -> /home/julien/Documents/ros/robot_arm/install/prog_robot/share/prog_robot
[1.065s] running install_egg_info
[1.067s] Copying ../../build/prog_robot/prog_robot.egg-info to /home/julien/Documents/ros/robot_arm/install/prog_robot/lib/python3.10/site-packages/prog_robot-0.0.0-py3.10.egg-info
[1.068s] running install_scripts
[1.092s] writing list of installed files to '/home/julien/Documents/ros/robot_arm/build/prog_robot/install.log'
[1.116s] Invoked command in '/home/julien/Documents/ros/robot_arm/src/prog_robot' returned '0': PYTHONPATH=/home/julien/Documents/ros/robot_arm/build/prog_robot/prefix_override:/home/julien/Documents/ros/robot_arm/install/prog_robot/lib/python3.10/site-packages:${PYTHONPATH} /usr/bin/python3 setup.py egg_info --egg-base ../../build/prog_robot build --build-base /home/julien/Documents/ros/robot_arm/build/prog_robot/build install --record /home/julien/Documents/ros/robot_arm/build/prog_robot/install.log --single-version-externally-managed
