[1.477s] Invoking command in '/home/julien/Documents/ros/robot_arm/ros2_ws_robot/src/tictactoe': PYTHONPATH=/home/julien/Documents/ros/robot_arm/ros2_ws_robot/build/tictactoe/prefix_override:/home/julien/Documents/ros/robot_arm/ros2_ws_robot/install/tictactoe/lib/python3.10/site-packages:${PYTHONPATH} /usr/bin/python3 setup.py egg_info --egg-base ../../build/tictactoe build --build-base /home/julien/Documents/ros/robot_arm/ros2_ws_robot/build/tictactoe/build install --record /home/julien/Documents/ros/robot_arm/ros2_ws_robot/build/tictactoe/install.log --single-version-externally-managed
[1.861s] running egg_info
[1.861s] writing ../../build/tictactoe/tictactoe.egg-info/PKG-INFO
[1.861s] writing dependency_links to ../../build/tictactoe/tictactoe.egg-info/dependency_links.txt
[1.861s] writing entry points to ../../build/tictactoe/tictactoe.egg-info/entry_points.txt
[1.861s] writing requirements to ../../build/tictactoe/tictactoe.egg-info/requires.txt
[1.861s] writing top-level names to ../../build/tictactoe/tictactoe.egg-info/top_level.txt
[1.865s] reading manifest file '../../build/tictactoe/tictactoe.egg-info/SOURCES.txt'
[1.868s] writing manifest file '../../build/tictactoe/tictactoe.egg-info/SOURCES.txt'
[1.868s] running build
[1.868s] running build_py
[1.868s] copying tictactoe/game_algorithm.py -> /home/julien/Documents/ros/robot_arm/ros2_ws_robot/build/tictactoe/build/lib/tictactoe
[1.868s] copying tictactoe/main.py -> /home/julien/Documents/ros/robot_arm/ros2_ws_robot/build/tictactoe/build/lib/tictactoe
[1.868s] running install
[1.869s] running install_lib
[1.869s] copying /home/julien/Documents/ros/robot_arm/ros2_ws_robot/build/tictactoe/build/lib/tictactoe/game_algorithm.py -> /home/julien/Documents/ros/robot_arm/ros2_ws_robot/install/tictactoe/lib/python3.10/site-packages/tictactoe
[1.869s] copying /home/julien/Documents/ros/robot_arm/ros2_ws_robot/build/tictactoe/build/lib/tictactoe/main.py -> /home/julien/Documents/ros/robot_arm/ros2_ws_robot/install/tictactoe/lib/python3.10/site-packages/tictactoe
[1.869s] byte-compiling /home/julien/Documents/ros/robot_arm/ros2_ws_robot/install/tictactoe/lib/python3.10/site-packages/tictactoe/game_algorithm.py to game_algorithm.cpython-310.pyc
[1.876s] byte-compiling /home/julien/Documents/ros/robot_arm/ros2_ws_robot/install/tictactoe/lib/python3.10/site-packages/tictactoe/main.py to main.cpython-310.pyc
[1.877s] running install_data
[1.877s] running install_egg_info
[1.877s] removing '/home/julien/Documents/ros/robot_arm/ros2_ws_robot/install/tictactoe/lib/python3.10/site-packages/tictactoe-0.0.0-py3.10.egg-info' (and everything under it)
[1.877s] Copying ../../build/tictactoe/tictactoe.egg-info to /home/julien/Documents/ros/robot_arm/ros2_ws_robot/install/tictactoe/lib/python3.10/site-packages/tictactoe-0.0.0-py3.10.egg-info
[1.884s] running install_scripts
[1.909s] Installing main script to /home/julien/Documents/ros/robot_arm/ros2_ws_robot/install/tictactoe/lib/tictactoe
[1.909s] writing list of installed files to '/home/julien/Documents/ros/robot_arm/ros2_ws_robot/build/tictactoe/install.log'
[1.950s] Invoked command in '/home/julien/Documents/ros/robot_arm/ros2_ws_robot/src/tictactoe' returned '0': PYTHONPATH=/home/julien/Documents/ros/robot_arm/ros2_ws_robot/build/tictactoe/prefix_override:/home/julien/Documents/ros/robot_arm/ros2_ws_robot/install/tictactoe/lib/python3.10/site-packages:${PYTHONPATH} /usr/bin/python3 setup.py egg_info --egg-base ../../build/tictactoe build --build-base /home/julien/Documents/ros/robot_arm/ros2_ws_robot/build/tictactoe/build install --record /home/julien/Documents/ros/robot_arm/ros2_ws_robot/build/tictactoe/install.log --single-version-externally-managed
