[35m[1mConsolidate compiler generated dependencies of target move[0m
[ 20%] Built target hello_moveit
[ 30%] [32mBuilding CXX object CMakeFiles/scene.dir/src/scene.cpp.o[0m
[ 50%] Built target transformation_matrix_calculator
[ 60%] [32mBuilding CXX object CMakeFiles/frame_effector.dir/src/frame_effector.cpp.o[0m
[ 80%] Built target move
[ 90%] [32m[1mLinking CXX executable frame_effector[0m
[ 90%] Built target frame_effector
[100%] [32m[1mLinking CXX executable scene[0m
[100%] Built target scene
-- Install configuration: ""
-- Up-to-date: /home/julien/Documents/ros/robot_arm/ros2_ws_robot/install/prog_robot_cpp/lib/prog_robot_cpp/hello_moveit
-- Installing: /home/julien/Documents/ros/robot_arm/ros2_ws_robot/install/prog_robot_cpp/lib/prog_robot_cpp/scene
-- Set runtime path of "/home/julien/Documents/ros/robot_arm/ros2_ws_robot/install/prog_robot_cpp/lib/prog_robot_cpp/scene" to ""
-- Up-to-date: /home/julien/Documents/ros/robot_arm/ros2_ws_robot/install/prog_robot_cpp/lib/prog_robot_cpp/move
-- Installing: /home/julien/Documents/ros/robot_arm/ros2_ws_robot/install/prog_robot_cpp/lib/prog_robot_cpp/frame_effector
-- Set runtime path of "/home/julien/Documents/ros/robot_arm/ros2_ws_robot/install/prog_robot_cpp/lib/prog_robot_cpp/frame_effector" to ""
-- Up-to-date: /home/julien/Documents/ros/robot_arm/ros2_ws_robot/install/prog_robot_cpp/lib/prog_robot_cpp/transformation_matrix_calculator
-- Up-to-date: /home/julien/Documents/ros/robot_arm/ros2_ws_robot/install/prog_robot_cpp/share/prog_robot_cpp/launch
-- Up-to-date: /home/julien/Documents/ros/robot_arm/ros2_ws_robot/install/prog_robot_cpp/share/prog_robot_cpp/launch/move_cpp.launch.py
-- Up-to-date: /home/julien/Documents/ros/robot_arm/ros2_ws_robot/install/prog_robot_cpp/share/ament_index/resource_index/package_run_dependencies/prog_robot_cpp
-- Up-to-date: /home/julien/Documents/ros/robot_arm/ros2_ws_robot/install/prog_robot_cpp/share/ament_index/resource_index/parent_prefix_path/prog_robot_cpp
-- Up-to-date: /home/julien/Documents/ros/robot_arm/ros2_ws_robot/install/prog_robot_cpp/share/prog_robot_cpp/environment/ament_prefix_path.sh
-- Up-to-date: /home/julien/Documents/ros/robot_arm/ros2_ws_robot/install/prog_robot_cpp/share/prog_robot_cpp/environment/ament_prefix_path.dsv
-- Up-to-date: /home/julien/Documents/ros/robot_arm/ros2_ws_robot/install/prog_robot_cpp/share/prog_robot_cpp/environment/path.sh
-- Up-to-date: /home/julien/Documents/ros/robot_arm/ros2_ws_robot/install/prog_robot_cpp/share/prog_robot_cpp/environment/path.dsv
-- Up-to-date: /home/julien/Documents/ros/robot_arm/ros2_ws_robot/install/prog_robot_cpp/share/prog_robot_cpp/local_setup.bash
-- Up-to-date: /home/julien/Documents/ros/robot_arm/ros2_ws_robot/install/prog_robot_cpp/share/prog_robot_cpp/local_setup.sh
-- Up-to-date: /home/julien/Documents/ros/robot_arm/ros2_ws_robot/install/prog_robot_cpp/share/prog_robot_cpp/local_setup.zsh
-- Up-to-date: /home/julien/Documents/ros/robot_arm/ros2_ws_robot/install/prog_robot_cpp/share/prog_robot_cpp/local_setup.dsv
-- Installing: /home/julien/Documents/ros/robot_arm/ros2_ws_robot/install/prog_robot_cpp/share/prog_robot_cpp/package.dsv
-- Up-to-date: /home/julien/Documents/ros/robot_arm/ros2_ws_robot/install/prog_robot_cpp/share/ament_index/resource_index/packages/prog_robot_cpp
-- Up-to-date: /home/julien/Documents/ros/robot_arm/ros2_ws_robot/install/prog_robot_cpp/share/prog_robot_cpp/cmake/prog_robot_cppConfig.cmake
-- Up-to-date: /home/julien/Documents/ros/robot_arm/ros2_ws_robot/install/prog_robot_cpp/share/prog_robot_cpp/cmake/prog_robot_cppConfig-version.cmake
-- Up-to-date: /home/julien/Documents/ros/robot_arm/ros2_ws_robot/install/prog_robot_cpp/share/prog_robot_cpp/package.xml
