[0.088s] Invoking command in '/home/julien/Documents/ros/robot_arm/build/Robot_description': CMAKE_PREFIX_PATH=${CMAKE_PREFIX_PATH}:/home/julien/Documents/ros/ws_moveit2/install/ros2controlcli:/home/julien/Documents/ros/ws_moveit2/install/moveit_configs_utils:/opt/ros/humble /usr/bin/cmake --build /home/julien/Documents/ros/robot_arm/build/Robot_description -- -j4 -l4
[0.208s] -- Found ament_cmake: 1.3.3 (/opt/ros/humble/share/ament_cmake/cmake)
[0.829s] -- Found ament_lint_auto: 0.12.5 (/opt/ros/humble/share/ament_lint_auto/cmake)
[1.056s] WARNING: Package name "Robot_description" does not follow the naming conventions. It should start with a lower case letter and only contain lower case letters, digits, underscores, and dashes.
[1.118s] -- Added test 'flake8' to check Python code syntax and style conventions
[1.126s] -- Added test 'lint_cmake' to check CMake code style
[1.128s] -- Added test 'pep257' to check Python code against some of the docstring style conventions in PEP 257
[1.141s] -- Added test 'xmllint' to check XML markup files
[1.144s] -- Configuring done
[1.155s] -- Generating done
[1.159s] -- Build files have been written to: /home/julien/Documents/ros/robot_arm/build/Robot_description
[1.273s] Invoked command in '/home/julien/Documents/ros/robot_arm/build/Robot_description' returned '0': CMAKE_PREFIX_PATH=${CMAKE_PREFIX_PATH}:/home/julien/Documents/ros/ws_moveit2/install/ros2controlcli:/home/julien/Documents/ros/ws_moveit2/install/moveit_configs_utils:/opt/ros/humble /usr/bin/cmake --build /home/julien/Documents/ros/robot_arm/build/Robot_description -- -j4 -l4
[1.491s] Invoking command in '/home/julien/Documents/ros/robot_arm/build/Robot_description': CMAKE_PREFIX_PATH=${CMAKE_PREFIX_PATH}:/home/julien/Documents/ros/ws_moveit2/install/ros2controlcli:/home/julien/Documents/ros/ws_moveit2/install/moveit_configs_utils:/opt/ros/humble /usr/bin/cmake --install /home/julien/Documents/ros/robot_arm/build/Robot_description
[1.533s] -- Install configuration: ""
[1.534s] -- Up-to-date: /home/julien/Documents/ros/robot_arm/install/Robot_description/share/Robot_description/urdf
[1.534s] -- Up-to-date: /home/julien/Documents/ros/robot_arm/install/Robot_description/share/Robot_description/urdf/materials.xacro
[1.535s] -- Up-to-date: /home/julien/Documents/ros/robot_arm/install/Robot_description/share/Robot_description/urdf/Robot.gazebo
[1.535s] -- Installing: /home/julien/Documents/ros/robot_arm/install/Robot_description/share/Robot_description/urdf/Robot.xacro
[1.536s] -- Up-to-date: /home/julien/Documents/ros/robot_arm/install/Robot_description/share/Robot_description/urdf/Robot.trans
[1.536s] -- Up-to-date: /home/julien/Documents/ros/robot_arm/install/Robot_description/share/Robot_description/meshes
[1.537s] -- Up-to-date: /home/julien/Documents/ros/robot_arm/install/Robot_description/share/Robot_description/meshes/link5_1.stl
[1.537s] -- Up-to-date: /home/julien/Documents/ros/robot_arm/install/Robot_description/share/Robot_description/meshes/link2_1.stl
[1.537s] -- Up-to-date: /home/julien/Documents/ros/robot_arm/install/Robot_description/share/Robot_description/meshes/link6_1.stl
[1.538s] -- Up-to-date: /home/julien/Documents/ros/robot_arm/install/Robot_description/share/Robot_description/meshes/Servo_Gear_1.stl
[1.538s] -- Up-to-date: /home/julien/Documents/ros/robot_arm/install/Robot_description/share/Robot_description/meshes/link1_1.stl
[1.538s] -- Up-to-date: /home/julien/Documents/ros/robot_arm/install/Robot_description/share/Robot_description/meshes/link3_1.stl
[1.539s] -- Up-to-date: /home/julien/Documents/ros/robot_arm/install/Robot_description/share/Robot_description/meshes/base_link.stl
[1.539s] -- Up-to-date: /home/julien/Documents/ros/robot_arm/install/Robot_description/share/Robot_description/meshes/Idol_Gear_1.stl
[1.539s] -- Up-to-date: /home/julien/Documents/ros/robot_arm/install/Robot_description/share/Robot_description/meshes/link4_1.stl
[1.539s] -- Installing: /home/julien/Documents/ros/robot_arm/install/Robot_description/share/Robot_description/launch
[1.540s] -- Installing: /home/julien/Documents/ros/robot_arm/install/Robot_description/share/Robot_description/launch/visualize.launch.py
[1.540s] -- Installing: /home/julien/Documents/ros/robot_arm/install/Robot_description/share/Robot_description/rviz
[1.541s] -- Installing: /home/julien/Documents/ros/robot_arm/install/Robot_description/share/Robot_description/rviz/config.rviz
[1.541s] -- Up-to-date: /home/julien/Documents/ros/robot_arm/install/Robot_description/share/ament_index/resource_index/package_run_dependencies/Robot_description
[1.541s] -- Up-to-date: /home/julien/Documents/ros/robot_arm/install/Robot_description/share/ament_index/resource_index/parent_prefix_path/Robot_description
[1.541s] -- Up-to-date: /home/julien/Documents/ros/robot_arm/install/Robot_description/share/Robot_description/environment/ament_prefix_path.sh
[1.542s] -- Installing: /home/julien/Documents/ros/robot_arm/install/Robot_description/share/Robot_description/environment/ament_prefix_path.dsv
[1.542s] -- Up-to-date: /home/julien/Documents/ros/robot_arm/install/Robot_description/share/Robot_description/environment/path.sh
[1.542s] -- Installing: /home/julien/Documents/ros/robot_arm/install/Robot_description/share/Robot_description/environment/path.dsv
[1.542s] -- Up-to-date: /home/julien/Documents/ros/robot_arm/install/Robot_description/share/Robot_description/local_setup.bash
[1.543s] -- Up-to-date: /home/julien/Documents/ros/robot_arm/install/Robot_description/share/Robot_description/local_setup.sh
[1.543s] -- Up-to-date: /home/julien/Documents/ros/robot_arm/install/Robot_description/share/Robot_description/local_setup.zsh
[1.543s] -- Installing: /home/julien/Documents/ros/robot_arm/install/Robot_description/share/Robot_description/local_setup.dsv
[1.543s] -- Installing: /home/julien/Documents/ros/robot_arm/install/Robot_description/share/Robot_description/package.dsv
[1.544s] -- Up-to-date: /home/julien/Documents/ros/robot_arm/install/Robot_description/share/ament_index/resource_index/packages/Robot_description
[1.544s] -- Up-to-date: /home/julien/Documents/ros/robot_arm/install/Robot_description/share/Robot_description/cmake/Robot_descriptionConfig.cmake
[1.544s] -- Up-to-date: /home/julien/Documents/ros/robot_arm/install/Robot_description/share/Robot_description/cmake/Robot_descriptionConfig-version.cmake
[1.544s] -- Up-to-date: /home/julien/Documents/ros/robot_arm/install/Robot_description/share/Robot_description/package.xml
[1.550s] Invoked command in '/home/julien/Documents/ros/robot_arm/build/Robot_description' returned '0': CMAKE_PREFIX_PATH=${CMAKE_PREFIX_PATH}:/home/julien/Documents/ros/ws_moveit2/install/ros2controlcli:/home/julien/Documents/ros/ws_moveit2/install/moveit_configs_utils:/opt/ros/humble /usr/bin/cmake --install /home/julien/Documents/ros/robot_arm/build/Robot_description
