[3.416s] Invoking command in '/home/julien/Documents/ros/robot_arm/ros2_ws_robot/src/prog_robot': PYTHONPATH=/home/julien/Documents/ros/robot_arm/ros2_ws_robot/build/prog_robot/prefix_override:/home/julien/Documents/ros/robot_arm/ros2_ws_robot/install/prog_robot/lib/python3.10/site-packages:${PYTHONPATH} /usr/bin/python3 setup.py egg_info --egg-base ../../build/prog_robot build --build-base /home/julien/Documents/ros/robot_arm/ros2_ws_robot/build/prog_robot/build install --record /home/julien/Documents/ros/robot_arm/ros2_ws_robot/build/prog_robot/install.log --single-version-externally-managed
[4.764s] running egg_info
[4.767s] writing ../../build/prog_robot/prog_robot.egg-info/PKG-INFO
[4.767s] writing dependency_links to ../../build/prog_robot/prog_robot.egg-info/dependency_links.txt
[4.768s] writing entry points to ../../build/prog_robot/prog_robot.egg-info/entry_points.txt
[4.769s] writing requirements to ../../build/prog_robot/prog_robot.egg-info/requires.txt
[4.769s] writing top-level names to ../../build/prog_robot/prog_robot.egg-info/top_level.txt
[4.776s] reading manifest file '../../build/prog_robot/prog_robot.egg-info/SOURCES.txt'
[4.779s] writing manifest file '../../build/prog_robot/prog_robot.egg-info/SOURCES.txt'
[4.780s] running build
[4.780s] running build_py
[4.781s] copying prog_robot/camera.py -> /home/julien/Documents/ros/robot_arm/ros2_ws_robot/build/prog_robot/build/lib/prog_robot
[4.782s] running install
[4.784s] running install_lib
[4.787s] copying /home/julien/Documents/ros/robot_arm/ros2_ws_robot/build/prog_robot/build/lib/prog_robot/camera.py -> /home/julien/Documents/ros/robot_arm/ros2_ws_robot/install/prog_robot/lib/python3.10/site-packages/prog_robot
[4.791s] byte-compiling /home/julien/Documents/ros/robot_arm/ros2_ws_robot/install/prog_robot/lib/python3.10/site-packages/prog_robot/camera.py to camera.cpython-310.pyc
[4.793s] running install_data
[4.795s] running install_egg_info
[4.803s] removing '/home/julien/Documents/ros/robot_arm/ros2_ws_robot/install/prog_robot/lib/python3.10/site-packages/prog_robot-0.0.0-py3.10.egg-info' (and everything under it)
[4.804s] Copying ../../build/prog_robot/prog_robot.egg-info to /home/julien/Documents/ros/robot_arm/ros2_ws_robot/install/prog_robot/lib/python3.10/site-packages/prog_robot-0.0.0-py3.10.egg-info
[4.807s] running install_scripts
[4.898s] Installing camera script to /home/julien/Documents/ros/robot_arm/ros2_ws_robot/install/prog_robot/lib/prog_robot
[4.899s] Installing go_home script to /home/julien/Documents/ros/robot_arm/ros2_ws_robot/install/prog_robot/lib/prog_robot
[4.900s] Installing move script to /home/julien/Documents/ros/robot_arm/ros2_ws_robot/install/prog_robot/lib/prog_robot
[4.900s] Installing pub_to_arduino script to /home/julien/Documents/ros/robot_arm/ros2_ws_robot/install/prog_robot/lib/prog_robot
[4.901s] writing list of installed files to '/home/julien/Documents/ros/robot_arm/ros2_ws_robot/build/prog_robot/install.log'
[4.979s] Invoked command in '/home/julien/Documents/ros/robot_arm/ros2_ws_robot/src/prog_robot' returned '0': PYTHONPATH=/home/julien/Documents/ros/robot_arm/ros2_ws_robot/build/prog_robot/prefix_override:/home/julien/Documents/ros/robot_arm/ros2_ws_robot/install/prog_robot/lib/python3.10/site-packages:${PYTHONPATH} /usr/bin/python3 setup.py egg_info --egg-base ../../build/prog_robot build --build-base /home/julien/Documents/ros/robot_arm/ros2_ws_robot/build/prog_robot/build install --record /home/julien/Documents/ros/robot_arm/ros2_ws_robot/build/prog_robot/install.log --single-version-externally-managed
