[1.071s] Invoking command in '/home/julien/Documents/ros/robot_arm/ros2_ws_robot/src/prog_robot': PYTHONPATH=/home/julien/Documents/ros/robot_arm/ros2_ws_robot/build/prog_robot/prefix_override:/home/julien/Documents/ros/robot_arm/ros2_ws_robot/install/prog_robot/lib/python3.10/site-packages:${PYTHONPATH} /usr/bin/python3 setup.py egg_info --egg-base ../../build/prog_robot build --build-base /home/julien/Documents/ros/robot_arm/ros2_ws_robot/build/prog_robot/build install --record /home/julien/Documents/ros/robot_arm/ros2_ws_robot/build/prog_robot/install.log --single-version-externally-managed
[1.476s] running egg_info
[1.477s] writing ../../build/prog_robot/prog_robot.egg-info/PKG-INFO
[1.478s] writing dependency_links to ../../build/prog_robot/prog_robot.egg-info/dependency_links.txt
[1.478s] writing entry points to ../../build/prog_robot/prog_robot.egg-info/entry_points.txt
[1.478s] writing requirements to ../../build/prog_robot/prog_robot.egg-info/requires.txt
[1.479s] writing top-level names to ../../build/prog_robot/prog_robot.egg-info/top_level.txt
[1.481s] reading manifest file '../../build/prog_robot/prog_robot.egg-info/SOURCES.txt'
[1.483s] writing manifest file '../../build/prog_robot/prog_robot.egg-info/SOURCES.txt'
[1.483s] running build
[1.483s] running build_py
[1.483s] copying prog_robot/pub_to_arduino.py -> /home/julien/Documents/ros/robot_arm/ros2_ws_robot/build/prog_robot/build/lib/prog_robot
[1.484s] running install
[1.484s] /usr/lib/python3/dist-packages/setuptools/command/install.py:34: SetuptoolsDeprecationWarning: setup.py install is deprecated. Use build and pip and other standards-based tools.
[1.484s]   warnings.warn(
[1.484s] running install_lib
[1.487s] copying /home/julien/Documents/ros/robot_arm/ros2_ws_robot/build/prog_robot/build/lib/prog_robot/pub_to_arduino.py -> /home/julien/Documents/ros/robot_arm/ros2_ws_robot/install/prog_robot/lib/python3.10/site-packages/prog_robot
[1.488s] byte-compiling /home/julien/Documents/ros/robot_arm/ros2_ws_robot/install/prog_robot/lib/python3.10/site-packages/prog_robot/pub_to_arduino.py to pub_to_arduino.cpython-310.pyc
[1.489s] running install_data
[1.490s] running install_egg_info
[1.492s] removing '/home/julien/Documents/ros/robot_arm/ros2_ws_robot/install/prog_robot/lib/python3.10/site-packages/prog_robot-0.0.0-py3.10.egg-info' (and everything under it)
[1.492s] Copying ../../build/prog_robot/prog_robot.egg-info to /home/julien/Documents/ros/robot_arm/ros2_ws_robot/install/prog_robot/lib/python3.10/site-packages/prog_robot-0.0.0-py3.10.egg-info
[1.493s] running install_scripts
[1.525s] Installing go_home script to /home/julien/Documents/ros/robot_arm/ros2_ws_robot/install/prog_robot/lib/prog_robot
[1.525s] Installing move script to /home/julien/Documents/ros/robot_arm/ros2_ws_robot/install/prog_robot/lib/prog_robot
[1.525s] Installing pub_to_arduino script to /home/julien/Documents/ros/robot_arm/ros2_ws_robot/install/prog_robot/lib/prog_robot
[1.525s] writing list of installed files to '/home/julien/Documents/ros/robot_arm/ros2_ws_robot/build/prog_robot/install.log'
[1.566s] Invoked command in '/home/julien/Documents/ros/robot_arm/ros2_ws_robot/src/prog_robot' returned '0': PYTHONPATH=/home/julien/Documents/ros/robot_arm/ros2_ws_robot/build/prog_robot/prefix_override:/home/julien/Documents/ros/robot_arm/ros2_ws_robot/install/prog_robot/lib/python3.10/site-packages:${PYTHONPATH} /usr/bin/python3 setup.py egg_info --egg-base ../../build/prog_robot build --build-base /home/julien/Documents/ros/robot_arm/ros2_ws_robot/build/prog_robot/build install --record /home/julien/Documents/ros/robot_arm/ros2_ws_robot/build/prog_robot/install.log --single-version-externally-managed
