[0.844s] Invoking command in '/home/julien/Documents/ros/robot_arm/src/prog_robot': PYTHONPATH=/home/julien/Documents/ros/robot_arm/build/prog_robot/prefix_override:/home/julien/Documents/ros/robot_arm/install/prog_robot/lib/python3.10/site-packages:${PYTHONPATH} /usr/bin/python3 setup.py egg_info --egg-base ../../build/prog_robot build --build-base /home/julien/Documents/ros/robot_arm/build/prog_robot/build install --record /home/julien/Documents/ros/robot_arm/build/prog_robot/install.log --single-version-externally-managed
[1.143s] running egg_info
[1.144s] writing ../../build/prog_robot/prog_robot.egg-info/PKG-INFO
[1.144s] writing dependency_links to ../../build/prog_robot/prog_robot.egg-info/dependency_links.txt
[1.144s] writing entry points to ../../build/prog_robot/prog_robot.egg-info/entry_points.txt
[1.145s] writing requirements to ../../build/prog_robot/prog_robot.egg-info/requires.txt
[1.145s] writing top-level names to ../../build/prog_robot/prog_robot.egg-info/top_level.txt
[1.147s] reading manifest file '../../build/prog_robot/prog_robot.egg-info/SOURCES.txt'
[1.148s] writing manifest file '../../build/prog_robot/prog_robot.egg-info/SOURCES.txt'
[1.148s] running build
[1.148s] running build_py
[1.148s] copying prog_robot/go_home.py -> /home/julien/Documents/ros/robot_arm/build/prog_robot/build/lib/prog_robot
[1.149s] running install
[1.149s] /usr/lib/python3/dist-packages/setuptools/command/install.py:34: SetuptoolsDeprecationWarning: setup.py install is deprecated. Use build and pip and other standards-based tools.
[1.149s]   warnings.warn(
[1.149s] running install_lib
[1.150s] copying /home/julien/Documents/ros/robot_arm/build/prog_robot/build/lib/prog_robot/go_home.py -> /home/julien/Documents/ros/robot_arm/install/prog_robot/lib/python3.10/site-packages/prog_robot
[1.151s] byte-compiling /home/julien/Documents/ros/robot_arm/install/prog_robot/lib/python3.10/site-packages/prog_robot/go_home.py to go_home.cpython-310.pyc
[1.152s] running install_data
[1.152s] running install_egg_info
[1.155s] removing '/home/julien/Documents/ros/robot_arm/install/prog_robot/lib/python3.10/site-packages/prog_robot-0.0.0-py3.10.egg-info' (and everything under it)
[1.156s] Copying ../../build/prog_robot/prog_robot.egg-info to /home/julien/Documents/ros/robot_arm/install/prog_robot/lib/python3.10/site-packages/prog_robot-0.0.0-py3.10.egg-info
[1.157s] running install_scripts
[1.180s] Installing go_home script to /home/julien/Documents/ros/robot_arm/install/prog_robot/lib/prog_robot
[1.180s] Installing move script to /home/julien/Documents/ros/robot_arm/install/prog_robot/lib/prog_robot
[1.181s] Installing pub_to_arduino script to /home/julien/Documents/ros/robot_arm/install/prog_robot/lib/prog_robot
[1.181s] writing list of installed files to '/home/julien/Documents/ros/robot_arm/build/prog_robot/install.log'
[1.205s] Invoked command in '/home/julien/Documents/ros/robot_arm/src/prog_robot' returned '0': PYTHONPATH=/home/julien/Documents/ros/robot_arm/build/prog_robot/prefix_override:/home/julien/Documents/ros/robot_arm/install/prog_robot/lib/python3.10/site-packages:${PYTHONPATH} /usr/bin/python3 setup.py egg_info --egg-base ../../build/prog_robot build --build-base /home/julien/Documents/ros/robot_arm/build/prog_robot/build install --record /home/julien/Documents/ros/robot_arm/build/prog_robot/install.log --single-version-externally-managed
