[0.032s] Invoking command in '/home/julien/Documents/ros/robot_arm/ros2_ws_robot/build/prog_robot_cpp': CMAKE_PREFIX_PATH=${CMAKE_PREFIX_PATH}:/home/julien/Documents/ros/ws_ros2/install/simple_pub_sub:/home/julien/Documents/ros/ws_ros2/install/py_pubsub:/home/julien/Documents/ros/microros_ws/install/sensor_msgs_py:/home/julien/Documents/ros/ws_moveit2/install/moveit_configs_utils:/home/julien/Documents/ros/ws_moveit2/install/launch_param_builder:/home/julien/Documents/ros/robot_arm/ros2_ws_robot/install/prog_robot:/opt/ros/humble /usr/bin/cmake --build /home/julien/Documents/ros/robot_arm/ros2_ws_robot/build/prog_robot_cpp -- -j4 -l4
[0.142s] [35m[1mConsolidate compiler generated dependencies of target scene[0m
[0.188s] [ 50%] Built target hello_moveit
[0.196s] [ 75%] [32mBuilding CXX object CMakeFiles/scene.dir/src/scene.cpp.o[0m
[5.586s] [01m[K/home/julien/Documents/ros/robot_arm/ros2_ws_robot/src/prog_robot_cpp/src/scene.cpp:7:33:[m[K [01;35m[Kwarning: [m[Kuse of ‘[01m[Kauto[m[K’ in parameter declaration only available with ‘[01m[K-std=c++20[m[K’ or ‘[01m[K-fconcepts[m[K’
[5.587s]     7 | auto const create_collision_box([01;35m[Kauto[m[K move_group_interface, std::string id, float dim_x, float dim_Y, float dim_Z, float pos_X, float pos_Y, float pos_Z)
[5.587s]       |                                 [01;35m[K^~~~[m[K
[5.587s] [01m[K/home/julien/Documents/ros/robot_arm/ros2_ws_robot/src/prog_robot_cpp/src/scene.cpp:[m[K In function ‘[01m[Kint main(int, char**)[m[K’:
[5.588s] [01m[K/home/julien/Documents/ros/robot_arm/ros2_ws_robot/src/prog_robot_cpp/src/scene.cpp:78:45:[m[K [01;31m[Kerror: [m[Kuse of deleted function ‘[01m[Kmoveit::planning_interface::MoveGroupInterface::MoveGroupInterface(const moveit::planning_interface::MoveGroupInterface&)[m[K’
[5.588s]    78 |     auto const ground = [01;31m[Kcreate_collision_box(move_group_interface, "ground", 0.8, 0.4, 0.06, 0.1, 0.0, -0.03)[m[K;
[5.588s]       |                         [01;31m[K~~~~~~~~~~~~~~~~~~~~^~~~~~~~~~~~~~~~~~~~~~~~~~~~~~~~~~~~~~~~~~~~~~~~~~~~~~~~~~~~~~~~~[m[K
[5.588s] In file included from [01m[K/home/julien/Documents/ros/robot_arm/ros2_ws_robot/src/prog_robot_cpp/src/scene.cpp:4[m[K:
[5.588s] [01m[K/home/julien/Documents/ros/ws_moveit2/install/moveit_ros_planning_interface/include/moveit/move_group_interface/move_group_interface.h:156:3:[m[K [01;36m[Knote: [m[Kdeclared here
[5.588s]   156 |   [01;36m[KMoveGroupInterface[m[K(const MoveGroupInterface&) = delete;
[5.588s]       |   [01;36m[K^~~~~~~~~~~~~~~~~~[m[K
[5.588s] [01m[K/home/julien/Documents/ros/robot_arm/ros2_ws_robot/src/prog_robot_cpp/src/scene.cpp:7:38:[m[K [01;36m[Knote: [m[K  initializing argument 1 of ‘[01m[Kconst auto create_collision_box(auto:40, std::string, float, float, float, float, float, float) [with auto:40 = moveit::planning_interface::MoveGroupInterface; std::string = std::__cxx11::basic_string<char>][m[K’
[5.588s]     7 | auto const create_collision_box([01;36m[Kauto move_group_interface[m[K, std::string id, float dim_x, float dim_Y, float dim_Z, float pos_X, float pos_Y, float pos_Z)
[5.588s]       |                                 [01;36m[K~~~~~^~~~~~~~~~~~~~~~~~~~[m[K
[7.997s] gmake[2]: *** [CMakeFiles/scene.dir/build.make:76: CMakeFiles/scene.dir/src/scene.cpp.o] Error 1
[7.997s] gmake[1]: *** [CMakeFiles/Makefile2:165: CMakeFiles/scene.dir/all] Error 2
[7.997s] gmake: *** [Makefile:146: all] Error 2
[8.000s] Invoked command in '/home/julien/Documents/ros/robot_arm/ros2_ws_robot/build/prog_robot_cpp' returned '2': CMAKE_PREFIX_PATH=${CMAKE_PREFIX_PATH}:/home/julien/Documents/ros/ws_ros2/install/simple_pub_sub:/home/julien/Documents/ros/ws_ros2/install/py_pubsub:/home/julien/Documents/ros/microros_ws/install/sensor_msgs_py:/home/julien/Documents/ros/ws_moveit2/install/moveit_configs_utils:/home/julien/Documents/ros/ws_moveit2/install/launch_param_builder:/home/julien/Documents/ros/robot_arm/ros2_ws_robot/install/prog_robot:/opt/ros/humble /usr/bin/cmake --build /home/julien/Documents/ros/robot_arm/ros2_ws_robot/build/prog_robot_cpp -- -j4 -l4
