running egg_info
writing ../../build/prog_robot/prog_robot.egg-info/PKG-INFO
writing dependency_links to ../../build/prog_robot/prog_robot.egg-info/dependency_links.txt
writing entry points to ../../build/prog_robot/prog_robot.egg-info/entry_points.txt
writing requirements to ../../build/prog_robot/prog_robot.egg-info/requires.txt
writing top-level names to ../../build/prog_robot/prog_robot.egg-info/top_level.txt
reading manifest file '../../build/prog_robot/prog_robot.egg-info/SOURCES.txt'
writing manifest file '../../build/prog_robot/prog_robot.egg-info/SOURCES.txt'
running build
running build_py
copying prog_robot/kinematics.py -> /home/julien/Documents/ros/robot_arm/build/prog_robot/build/lib/prog_robot
running install
running install_lib
copying /home/julien/Documents/ros/robot_arm/build/prog_robot/build/lib/prog_robot/kinematics.py -> /home/julien/Documents/ros/robot_arm/install/prog_robot/lib/python3.10/site-packages/prog_robot
byte-compiling /home/julien/Documents/ros/robot_arm/install/prog_robot/lib/python3.10/site-packages/prog_robot/kinematics.py to kinematics.cpython-310.pyc
running install_data
running install_egg_info
removing '/home/julien/Documents/ros/robot_arm/install/prog_robot/lib/python3.10/site-packages/prog_robot-0.0.0-py3.10.egg-info' (and everything under it)
Copying ../../build/prog_robot/prog_robot.egg-info to /home/julien/Documents/ros/robot_arm/install/prog_robot/lib/python3.10/site-packages/prog_robot-0.0.0-py3.10.egg-info
running install_scripts
Installing go_home script to /home/julien/Documents/ros/robot_arm/install/prog_robot/lib/prog_robot
Installing move script to /home/julien/Documents/ros/robot_arm/install/prog_robot/lib/prog_robot
Installing pub_to_arduino script to /home/julien/Documents/ros/robot_arm/install/prog_robot/lib/prog_robot
writing list of installed files to '/home/julien/Documents/ros/robot_arm/build/prog_robot/install.log'
