running egg_info
writing ../../build/tictactoe/tictactoe.egg-info/PKG-INFO
writing dependency_links to ../../build/tictactoe/tictactoe.egg-info/dependency_links.txt
writing entry points to ../../build/tictactoe/tictactoe.egg-info/entry_points.txt
writing requirements to ../../build/tictactoe/tictactoe.egg-info/requires.txt
writing top-level names to ../../build/tictactoe/tictactoe.egg-info/top_level.txt
reading manifest file '../../build/tictactoe/tictactoe.egg-info/SOURCES.txt'
writing manifest file '../../build/tictactoe/tictactoe.egg-info/SOURCES.txt'
running build
running build_py
running install
running install_lib
running install_data
copying launch/tictactoe.launch.py -> /home/julien/Documents/ros/robot_arm/ros2_ws_robot/install/tictactoe/share/tictactoe
running install_egg_info
removing '/home/julien/Documents/ros/robot_arm/ros2_ws_robot/install/tictactoe/lib/python3.10/site-packages/tictactoe-0.0.0-py3.10.egg-info' (and everything under it)
Copying ../../build/tictactoe/tictactoe.egg-info to /home/julien/Documents/ros/robot_arm/ros2_ws_robot/install/tictactoe/lib/python3.10/site-packages/tictactoe-0.0.0-py3.10.egg-info
running install_scripts
Installing main script to /home/julien/Documents/ros/robot_arm/ros2_ws_robot/install/tictactoe/lib/tictactoe
writing list of installed files to '/home/julien/Documents/ros/robot_arm/ros2_ws_robot/build/tictactoe/install.log'
