[3.485s] Invoking command in '/home/julien/Documents/ros/robot_arm/ros2_ws_robot/src/tictactoe': PYTHONPATH=/home/julien/Documents/ros/robot_arm/ros2_ws_robot/build/tictactoe/prefix_override:/home/julien/Documents/ros/robot_arm/ros2_ws_robot/install/tictactoe/lib/python3.10/site-packages:${PYTHONPATH} /usr/bin/python3 setup.py egg_info --egg-base ../../build/tictactoe build --build-base /home/julien/Documents/ros/robot_arm/ros2_ws_robot/build/tictactoe/build install --record /home/julien/Documents/ros/robot_arm/ros2_ws_robot/build/tictactoe/install.log --single-version-externally-managed
[4.852s] running egg_info
[4.854s] writing ../../build/tictactoe/tictactoe.egg-info/PKG-INFO
[4.854s] writing dependency_links to ../../build/tictactoe/tictactoe.egg-info/dependency_links.txt
[4.855s] writing entry points to ../../build/tictactoe/tictactoe.egg-info/entry_points.txt
[4.855s] writing requirements to ../../build/tictactoe/tictactoe.egg-info/requires.txt
[4.856s] writing top-level names to ../../build/tictactoe/tictactoe.egg-info/top_level.txt
[4.863s] reading manifest file '../../build/tictactoe/tictactoe.egg-info/SOURCES.txt'
[4.866s] writing manifest file '../../build/tictactoe/tictactoe.egg-info/SOURCES.txt'
[4.867s] running build
[4.867s] running build_py
[4.868s] running install
[4.870s] running install_lib
[4.876s] running install_data
[4.879s] copying launch/tictactoe.launch.py -> /home/julien/Documents/ros/robot_arm/ros2_ws_robot/install/tictactoe/share/tictactoe
[4.879s] running install_egg_info
[4.887s] removing '/home/julien/Documents/ros/robot_arm/ros2_ws_robot/install/tictactoe/lib/python3.10/site-packages/tictactoe-0.0.0-py3.10.egg-info' (and everything under it)
[4.888s] Copying ../../build/tictactoe/tictactoe.egg-info to /home/julien/Documents/ros/robot_arm/ros2_ws_robot/install/tictactoe/lib/python3.10/site-packages/tictactoe-0.0.0-py3.10.egg-info
[4.891s] running install_scripts
[4.984s] Installing main script to /home/julien/Documents/ros/robot_arm/ros2_ws_robot/install/tictactoe/lib/tictactoe
[4.985s] writing list of installed files to '/home/julien/Documents/ros/robot_arm/ros2_ws_robot/build/tictactoe/install.log'
[5.063s] Invoked command in '/home/julien/Documents/ros/robot_arm/ros2_ws_robot/src/tictactoe' returned '0': PYTHONPATH=/home/julien/Documents/ros/robot_arm/ros2_ws_robot/build/tictactoe/prefix_override:/home/julien/Documents/ros/robot_arm/ros2_ws_robot/install/tictactoe/lib/python3.10/site-packages:${PYTHONPATH} /usr/bin/python3 setup.py egg_info --egg-base ../../build/tictactoe build --build-base /home/julien/Documents/ros/robot_arm/ros2_ws_robot/build/tictactoe/build install --record /home/julien/Documents/ros/robot_arm/ros2_ws_robot/build/tictactoe/install.log --single-version-externally-managed
