[0.435s] Invoking command in '/home/julien/Documents/ros/robot_arm/ros2_ws_robot/build/prog_robot_cpp': CMAKE_PREFIX_PATH=${CMAKE_PREFIX_PATH}:/home/julien/Documents/ros/ws_ros2/install/simple_pub_sub:/home/julien/Documents/ros/ws_ros2/install/py_pubsub:/home/julien/Documents/ros/microros_ws/install/sensor_msgs_py:/home/julien/Documents/ros/ws_moveit2/install/moveit_configs_utils:/home/julien/Documents/ros/ws_moveit2/install/launch_param_builder:/home/julien/Documents/ros/robot_arm/ros2_ws_robot/install/prog_robot:/opt/ros/humble /usr/bin/cmake --build /home/julien/Documents/ros/robot_arm/ros2_ws_robot/build/prog_robot_cpp -- -j4 -l4
[0.584s] [ 25%] [32mBuilding CXX object CMakeFiles/scene.dir/src/scene.cpp.o[0m
[0.587s] [ 75%] Built target hello_moveit
[6.165s] [01m[K/home/julien/Documents/ros/robot_arm/ros2_ws_robot/src/prog_robot_cpp/src/scene.cpp:8:27:[m[K [01;31m[Kerror: [m[K‘[01m[KString[m[K’ was not declared in this scope
[6.165s]     8 | auto create_collision_box([01;31m[KString[m[K id, float dim_x, float dim_Y, float dim_Z, float pos_X, float pos_Y, float pos_Z){
[6.165s]       |                           [01;31m[K^~~~~~[m[K
[6.165s] [01m[K/home/julien/Documents/ros/robot_arm/ros2_ws_robot/src/prog_robot_cpp/src/scene.cpp:8:38:[m[K [01;31m[Kerror: [m[Kexpected primary-expression before ‘[01m[Kfloat[m[K’
[6.166s]     8 | auto create_collision_box(String id, [01;31m[Kfloat[m[K dim_x, float dim_Y, float dim_Z, float pos_X, float pos_Y, float pos_Z){
[6.166s]       |                                      [01;31m[K^~~~~[m[K
[6.166s] [01m[K/home/julien/Documents/ros/robot_arm/ros2_ws_robot/src/prog_robot_cpp/src/scene.cpp:8:51:[m[K [01;31m[Kerror: [m[Kexpected primary-expression before ‘[01m[Kfloat[m[K’
[6.166s]     8 | auto create_collision_box(String id, float dim_x, [01;31m[Kfloat[m[K dim_Y, float dim_Z, float pos_X, float pos_Y, float pos_Z){
[6.166s]       |                                                   [01;31m[K^~~~~[m[K
[6.166s] [01m[K/home/julien/Documents/ros/robot_arm/ros2_ws_robot/src/prog_robot_cpp/src/scene.cpp:8:64:[m[K [01;31m[Kerror: [m[Kexpected primary-expression before ‘[01m[Kfloat[m[K’
[6.166s]     8 | auto create_collision_box(String id, float dim_x, float dim_Y, [01;31m[Kfloat[m[K dim_Z, float pos_X, float pos_Y, float pos_Z){
[6.166s]       |                                                                [01;31m[K^~~~~[m[K
[6.166s] [01m[K/home/julien/Documents/ros/robot_arm/ros2_ws_robot/src/prog_robot_cpp/src/scene.cpp:8:77:[m[K [01;31m[Kerror: [m[Kexpected primary-expression before ‘[01m[Kfloat[m[K’
[6.166s]     8 | auto create_collision_box(String id, float dim_x, float dim_Y, float dim_Z, [01;31m[Kfloat[m[K pos_X, float pos_Y, float pos_Z){
[6.166s]       |                                                                             [01;31m[K^~~~~[m[K
[6.166s] [01m[K/home/julien/Documents/ros/robot_arm/ros2_ws_robot/src/prog_robot_cpp/src/scene.cpp:8:90:[m[K [01;31m[Kerror: [m[Kexpected primary-expression before ‘[01m[Kfloat[m[K’
[6.166s]     8 | auto create_collision_box(String id, float dim_x, float dim_Y, float dim_Z, float pos_X, [01;31m[Kfloat[m[K pos_Y, float pos_Z){
[6.166s]       |                                                                                          [01;31m[K^~~~~[m[K
[6.167s] [01m[K/home/julien/Documents/ros/robot_arm/ros2_ws_robot/src/prog_robot_cpp/src/scene.cpp:8:103:[m[K [01;31m[Kerror: [m[Kexpected primary-expression before ‘[01m[Kfloat[m[K’
[6.167s]     8 | auto create_collision_box(String id, float dim_x, float dim_Y, float dim_Z, float pos_X, float pos_Y, [01;31m[Kfloat[m[K pos_Z){
[6.167s]       |                                                                                                       [01;31m[K^~~~~[m[K
[6.168s] [01m[K/home/julien/Documents/ros/robot_arm/ros2_ws_robot/src/prog_robot_cpp/src/scene.cpp:8:114:[m[K [01;31m[Kerror: [m[Kexpression list treated as compound expression in initializer [[01;31m[K]8;;https://gcc.gnu.org/onlinedocs/gcc/Warning-Options.html#index-fpermissive-fpermissive]8;;[m[K]
[6.168s]     8 | auto create_collision_box(String id, float dim_x, float dim_Y, float dim_Z, float pos_X, float pos_Y, float pos_Z[01;31m[K)[m[K{
[6.168s]       |                                                                                                                  [01;31m[K^[m[K
[6.168s] [01m[K/home/julien/Documents/ros/robot_arm/ros2_ws_robot/src/prog_robot_cpp/src/scene.cpp:8:115:[m[K [01;31m[Kerror: [m[Kexpected ‘[01m[K,[m[K’ or ‘[01m[K;[m[K’ before ‘[01m[K{[m[K’ token
[6.168s]     8 | auto create_collision_box(String id, float dim_x, float dim_Y, float dim_Z, float pos_X, float pos_Y, float pos_Z)[01;31m[K{[m[K
[6.168s]       |                                                                                                                   [01;31m[K^[m[K
[8.619s] gmake[2]: *** [CMakeFiles/scene.dir/build.make:76: CMakeFiles/scene.dir/src/scene.cpp.o] Error 1
[8.619s] gmake[1]: *** [CMakeFiles/Makefile2:165: CMakeFiles/scene.dir/all] Error 2
[8.619s] gmake: *** [Makefile:146: all] Error 2
[8.622s] Invoked command in '/home/julien/Documents/ros/robot_arm/ros2_ws_robot/build/prog_robot_cpp' returned '2': CMAKE_PREFIX_PATH=${CMAKE_PREFIX_PATH}:/home/julien/Documents/ros/ws_ros2/install/simple_pub_sub:/home/julien/Documents/ros/ws_ros2/install/py_pubsub:/home/julien/Documents/ros/microros_ws/install/sensor_msgs_py:/home/julien/Documents/ros/ws_moveit2/install/moveit_configs_utils:/home/julien/Documents/ros/ws_moveit2/install/launch_param_builder:/home/julien/Documents/ros/robot_arm/ros2_ws_robot/install/prog_robot:/opt/ros/humble /usr/bin/cmake --build /home/julien/Documents/ros/robot_arm/ros2_ws_robot/build/prog_robot_cpp -- -j4 -l4
