[0.051s] Invoking command in '/home/julien/Documents/ros/robot_arm/ros2_ws_robot/build/prog_robot_cpp': CMAKE_PREFIX_PATH=${CMAKE_PREFIX_PATH}:/home/julien/Documents/ros/ws_ros2/install/simple_pub_sub:/home/julien/Documents/ros/ws_ros2/install/py_pubsub:/home/julien/Documents/ros/microros_ws/install/sensor_msgs_py:/home/julien/Documents/ros/ws_moveit2/install/moveit_configs_utils:/home/julien/Documents/ros/ws_moveit2/install/launch_param_builder:/home/julien/Documents/ros/robot_arm/ros2_ws_robot/install/tictactoe:/home/julien/Documents/ros/robot_arm/ros2_ws_robot/install/prog_robot:/opt/ros/humble /usr/bin/cmake --build /home/julien/Documents/ros/robot_arm/ros2_ws_robot/build/prog_robot_cpp -- -j4 -l4
[0.189s] [35m[1mConsolidate compiler generated dependencies of target scene[0m
[0.246s] [ 50%] Built target hello_moveit
[0.255s] [ 75%] [32mBuilding CXX object CMakeFiles/scene.dir/src/scene.cpp.o[0m
[11.801s] [100%] [32m[1mLinking CXX executable scene[0m
[12.413s] [100%] Built target scene
[12.448s] Invoked command in '/home/julien/Documents/ros/robot_arm/ros2_ws_robot/build/prog_robot_cpp' returned '0': CMAKE_PREFIX_PATH=${CMAKE_PREFIX_PATH}:/home/julien/Documents/ros/ws_ros2/install/simple_pub_sub:/home/julien/Documents/ros/ws_ros2/install/py_pubsub:/home/julien/Documents/ros/microros_ws/install/sensor_msgs_py:/home/julien/Documents/ros/ws_moveit2/install/moveit_configs_utils:/home/julien/Documents/ros/ws_moveit2/install/launch_param_builder:/home/julien/Documents/ros/robot_arm/ros2_ws_robot/install/tictactoe:/home/julien/Documents/ros/robot_arm/ros2_ws_robot/install/prog_robot:/opt/ros/humble /usr/bin/cmake --build /home/julien/Documents/ros/robot_arm/ros2_ws_robot/build/prog_robot_cpp -- -j4 -l4
[12.628s] Invoking command in '/home/julien/Documents/ros/robot_arm/ros2_ws_robot/build/prog_robot_cpp': CMAKE_PREFIX_PATH=${CMAKE_PREFIX_PATH}:/home/julien/Documents/ros/ws_ros2/install/simple_pub_sub:/home/julien/Documents/ros/ws_ros2/install/py_pubsub:/home/julien/Documents/ros/microros_ws/install/sensor_msgs_py:/home/julien/Documents/ros/ws_moveit2/install/moveit_configs_utils:/home/julien/Documents/ros/ws_moveit2/install/launch_param_builder:/home/julien/Documents/ros/robot_arm/ros2_ws_robot/install/tictactoe:/home/julien/Documents/ros/robot_arm/ros2_ws_robot/install/prog_robot:/opt/ros/humble /usr/bin/cmake --install /home/julien/Documents/ros/robot_arm/ros2_ws_robot/build/prog_robot_cpp
[12.657s] -- Install configuration: ""
[12.659s] -- Up-to-date: /home/julien/Documents/ros/robot_arm/ros2_ws_robot/install/prog_robot_cpp/lib/prog_robot_cpp/hello_moveit
[12.659s] -- Installing: /home/julien/Documents/ros/robot_arm/ros2_ws_robot/install/prog_robot_cpp/lib/prog_robot_cpp/scene
[12.660s] -- Set runtime path of "/home/julien/Documents/ros/robot_arm/ros2_ws_robot/install/prog_robot_cpp/lib/prog_robot_cpp/scene" to ""
[12.661s] -- Up-to-date: /home/julien/Documents/ros/robot_arm/ros2_ws_robot/install/prog_robot_cpp/share/ament_index/resource_index/package_run_dependencies/prog_robot_cpp
[12.661s] -- Up-to-date: /home/julien/Documents/ros/robot_arm/ros2_ws_robot/install/prog_robot_cpp/share/ament_index/resource_index/parent_prefix_path/prog_robot_cpp
[12.661s] -- Up-to-date: /home/julien/Documents/ros/robot_arm/ros2_ws_robot/install/prog_robot_cpp/share/prog_robot_cpp/environment/ament_prefix_path.sh
[12.661s] -- Up-to-date: /home/julien/Documents/ros/robot_arm/ros2_ws_robot/install/prog_robot_cpp/share/prog_robot_cpp/environment/ament_prefix_path.dsv
[12.661s] -- Up-to-date: /home/julien/Documents/ros/robot_arm/ros2_ws_robot/install/prog_robot_cpp/share/prog_robot_cpp/environment/path.sh
[12.661s] -- Up-to-date: /home/julien/Documents/ros/robot_arm/ros2_ws_robot/install/prog_robot_cpp/share/prog_robot_cpp/environment/path.dsv
[12.661s] -- Up-to-date: /home/julien/Documents/ros/robot_arm/ros2_ws_robot/install/prog_robot_cpp/share/prog_robot_cpp/local_setup.bash
[12.661s] -- Up-to-date: /home/julien/Documents/ros/robot_arm/ros2_ws_robot/install/prog_robot_cpp/share/prog_robot_cpp/local_setup.sh
[12.661s] -- Up-to-date: /home/julien/Documents/ros/robot_arm/ros2_ws_robot/install/prog_robot_cpp/share/prog_robot_cpp/local_setup.zsh
[12.661s] -- Up-to-date: /home/julien/Documents/ros/robot_arm/ros2_ws_robot/install/prog_robot_cpp/share/prog_robot_cpp/local_setup.dsv
[12.661s] -- Installing: /home/julien/Documents/ros/robot_arm/ros2_ws_robot/install/prog_robot_cpp/share/prog_robot_cpp/package.dsv
[12.662s] -- Up-to-date: /home/julien/Documents/ros/robot_arm/ros2_ws_robot/install/prog_robot_cpp/share/ament_index/resource_index/packages/prog_robot_cpp
[12.662s] -- Up-to-date: /home/julien/Documents/ros/robot_arm/ros2_ws_robot/install/prog_robot_cpp/share/prog_robot_cpp/cmake/prog_robot_cppConfig.cmake
[12.662s] -- Up-to-date: /home/julien/Documents/ros/robot_arm/ros2_ws_robot/install/prog_robot_cpp/share/prog_robot_cpp/cmake/prog_robot_cppConfig-version.cmake
[12.662s] -- Up-to-date: /home/julien/Documents/ros/robot_arm/ros2_ws_robot/install/prog_robot_cpp/share/prog_robot_cpp/package.xml
[12.673s] Invoked command in '/home/julien/Documents/ros/robot_arm/ros2_ws_robot/build/prog_robot_cpp' returned '0': CMAKE_PREFIX_PATH=${CMAKE_PREFIX_PATH}:/home/julien/Documents/ros/ws_ros2/install/simple_pub_sub:/home/julien/Documents/ros/ws_ros2/install/py_pubsub:/home/julien/Documents/ros/microros_ws/install/sensor_msgs_py:/home/julien/Documents/ros/ws_moveit2/install/moveit_configs_utils:/home/julien/Documents/ros/ws_moveit2/install/launch_param_builder:/home/julien/Documents/ros/robot_arm/ros2_ws_robot/install/tictactoe:/home/julien/Documents/ros/robot_arm/ros2_ws_robot/install/prog_robot:/opt/ros/humble /usr/bin/cmake --install /home/julien/Documents/ros/robot_arm/ros2_ws_robot/build/prog_robot_cpp
