[0.466s] Invoking command in '/home/julien/Documents/ros/robot_arm/ros2_ws_robot/build/prog_robot_cpp': CMAKE_PREFIX_PATH=${CMAKE_PREFIX_PATH}:/home/julien/Documents/ros/ws_ros2/install/simple_pub_sub:/home/julien/Documents/ros/ws_ros2/install/py_pubsub:/home/julien/Documents/ros/microros_ws/install/sensor_msgs_py:/home/julien/Documents/ros/ws_moveit2/install/moveit_configs_utils:/home/julien/Documents/ros/ws_moveit2/install/launch_param_builder:/home/julien/Documents/ros/robot_arm/ros2_ws_robot/install/prog_robot:/opt/ros/humble /usr/bin/cmake /home/julien/Documents/ros/robot_arm/ros2_ws_robot/src/prog_robot_cpp -DCMAKE_INSTALL_PREFIX=/home/julien/Documents/ros/robot_arm/ros2_ws_robot/install/prog_robot_cpp
[0.622s] -- The C compiler identification is GNU 11.3.0
[0.737s] -- The CXX compiler identification is GNU 11.3.0
[0.762s] -- Detecting C compiler ABI info
[0.942s] -- Detecting C compiler ABI info - done
[0.951s] -- Check for working C compiler: /usr/bin/cc - skipped
[0.952s] -- Detecting C compile features
[0.953s] -- Detecting C compile features - done
[0.956s] -- Detecting CXX compiler ABI info
[1.202s] -- Detecting CXX compiler ABI info - done
[1.210s] -- Check for working CXX compiler: /usr/bin/c++ - skipped
[1.210s] -- Detecting CXX compile features
[1.210s] -- Detecting CXX compile features - done
[1.228s] -- Found ament_cmake: 1.3.4 (/opt/ros/humble/share/ament_cmake/cmake)
[1.651s] -- Found Python3: /usr/bin/python3.10 (found version "3.10.6") found components: Interpreter 
[1.994s] -- Found moveit_ros_planning_interface: 2.5.4 (/home/julien/Documents/ros/ws_moveit2/install/moveit_ros_planning_interface/share/moveit_ros_planning_interface/cmake)
[2.475s] -- Found Boost: /usr/lib/x86_64-linux-gnu/cmake/Boost-1.74.0/BoostConfig.cmake (found version "1.74.0") found components: date_time filesystem program_options system thread 
[2.688s] -- Found rosidl_generator_c: 3.1.4 (/opt/ros/humble/share/rosidl_generator_c/cmake)
[2.725s] -- Found rosidl_adapter: 3.1.4 (/opt/ros/humble/share/rosidl_adapter/cmake)
[2.776s] -- Found rosidl_generator_cpp: 3.1.4 (/opt/ros/humble/share/rosidl_generator_cpp/cmake)
[2.841s] -- Using all available rosidl_typesupport_c: rosidl_typesupport_microxrcedds_c;rosidl_typesupport_fastrtps_c;rosidl_typesupport_introspection_c
[2.947s] -- Using all available rosidl_typesupport_cpp: rosidl_typesupport_microxrcedds_cpp;rosidl_typesupport_fastrtps_cpp;rosidl_typesupport_introspection_cpp
[4.678s] -- Found Boost: /usr/lib/x86_64-linux-gnu/cmake/Boost-1.74.0/BoostConfig.cmake (found version "1.74.0") found components: chrono date_time filesystem iostreams program_options regex serialization system thread 
[4.775s] -- Found parameter_traits: 0.3.3 (/opt/ros/humble/share/parameter_traits/cmake)
[5.006s] -- Found rmw_implementation_cmake: 6.1.1 (/opt/ros/humble/share/rmw_implementation_cmake/cmake)
[5.031s] -- Found rmw_cyclonedds_cpp: 1.3.4 (/opt/ros/humble/share/rmw_cyclonedds_cpp/cmake)
[5.174s] -- Using RMW implementation 'rmw_cyclonedds_cpp' as default
[5.225s] -- Found Threads: TRUE  
[5.486s] -- Found rclcpp_lifecycle: 16.0.4 (/opt/ros/humble/share/rclcpp_lifecycle/cmake)
[5.575s] -- Found Boost: /usr/lib/x86_64-linux-gnu/cmake/Boost-1.74.0/BoostConfig.cmake (found version "1.74.0") found components: filesystem 
[5.874s] -- library: /usr/lib/x86_64-linux-gnu/libcurl.so
[6.123s] -- Found Eigen3: TRUE (found version "3.4.0") 
[6.123s] -- Ensuring Eigen3 include directory is part of orocos-kdl CMake target
[7.085s] -- Found Boost: /usr/lib/x86_64-linux-gnu/cmake/Boost-1.74.0/BoostConfig.cmake (found version "1.74.0") found components: system filesystem date_time program_options thread chrono 
[7.798s] -- Found Boost: /usr/lib/x86_64-linux-gnu/cmake/Boost-1.74.0/BoostConfig.cmake (found version "1.74.0") found components: thread system filesystem regex date_time program_options 
[8.283s] -- Found Boost: /usr/lib/x86_64-linux-gnu/cmake/Boost-1.74.0/BoostConfig.cmake (found version "1.74.0") found components: system filesystem date_time program_options thread 
[8.844s] -- Found moveit_visual_tools: 4.1.0 (/home/julien/Documents/ros/ws_moveit2/install/moveit_visual_tools/share/moveit_visual_tools/cmake)
[9.539s] -- Setting OGRE_DIR to: '/opt/ros/humble/share/rviz_ogre_vendor/cmake/../../../opt/rviz_ogre_vendor/lib/OGRE/cmake'
[9.541s] -- Found OGRE
[9.541s] --   static     : OFF
[9.542s] --   components : HLMS;MeshLodGenerator;Overlay;Paging;Property;RTShaderSystem;Terrain;Volume
[9.542s] --   plugins    : Plugin_BSPSceneManager;Plugin_OctreeSceneManager;Plugin_PCZSceneManager;Plugin_ParticleFX;RenderSystem_GL;RenderSystem_GL3Plus;Codec_STBI
[9.542s] --   media      : /opt/ros/humble/opt/rviz_ogre_vendor/share/OGRE/Media
[9.542s] -- OGRE_LIBRARIES: OgreHLMS;OgreMeshLodGenerator;OgreOverlay;OgrePaging;OgreProperty;OgreRTShaderSystem;OgreTerrain;OgreVolume;OgreMain
[9.542s] -- OGRE_LIBRARY_DIRS: /opt/ros/humble/opt/rviz_ogre_vendor/lib
[9.542s] -- OGRE_PLUGINS: Plugin_BSPSceneManager;Plugin_OctreeSceneManager;Plugin_PCZSceneManager;Plugin_ParticleFX;RenderSystem_GL;RenderSystem_GL3Plus;Codec_STBI
[9.542s] -- OGRE_PLUGIN_DIR: /opt/ros/humble/opt/rviz_ogre_vendor/lib/OGRE
[9.542s] -- rviz_ogre_vendor::OgreOverlay for IMPORTED_LOCATION_RELEASE: /opt/ros/humble/opt/rviz_ogre_vendor/lib/libOgreOverlay.so
[9.543s] -- rviz_ogre_vendor::OgreOverlay for IMPORTED_LOCATION_DEBUG: /opt/ros/humble/opt/rviz_ogre_vendor/lib/libOgreOverlay.so
[9.543s] -- rviz_ogre_vendor::OgreMain for IMPORTED_LOCATION_RELEASE: /opt/ros/humble/opt/rviz_ogre_vendor/lib/libOgreMain.so
[9.543s] -- rviz_ogre_vendor::OgreMain for IMPORTED_LOCATION_DEBUG: /opt/ros/humble/opt/rviz_ogre_vendor/lib/libOgreMain.so
[9.545s] -- Could not find freeimage library
[9.596s] -- Found ZLIB: /usr/lib/x86_64-linux-gnu/libz.so (found version "1.2.11") 
[9.615s] -- Found OpenGL: /usr/lib/x86_64-linux-gnu/libOpenGL.so   
[9.890s] -- Found X11: /usr/include   
[9.891s] -- Looking for XOpenDisplay in /usr/lib/x86_64-linux-gnu/libX11.so;/usr/lib/x86_64-linux-gnu/libXext.so
[10.028s] -- Looking for XOpenDisplay in /usr/lib/x86_64-linux-gnu/libX11.so;/usr/lib/x86_64-linux-gnu/libXext.so - found
[10.029s] -- Looking for gethostbyname
[10.170s] -- Looking for gethostbyname - found
[10.171s] -- Looking for connect
[10.298s] -- Looking for connect - found
[10.299s] -- Looking for remove
[10.419s] -- Looking for remove - found
[10.419s] -- Looking for shmat
[10.543s] -- Looking for shmat - found
[10.543s] -- Looking for IceConnectionNumber in ICE
[10.668s] -- Looking for IceConnectionNumber in ICE - found
[10.672s] -- rviz_ogre_vendor::RenderSystem_GL for IMPORTED_LOCATION_RELEASE: _render_system_gl_static_library_abs-NOTFOUND
[10.672s] -- rviz_ogre_vendor::RenderSystem_GL for IMPORTED_LOCATION_DEBUG: _render_system_gl_static_library_abs-NOTFOUND
[11.788s] -- Found ament_lint_auto: 0.12.6 (/opt/ros/humble/share/ament_lint_auto/cmake)
[11.986s] -- Added test 'cppcheck' to perform static code analysis on C / C++ code
[11.987s] -- Configured cppcheck include dirs: 
[11.987s] -- Configured cppcheck exclude dirs and/or files: 
[11.991s] -- Added test 'lint_cmake' to check CMake code style
[11.995s] -- Added test 'uncrustify' to check C / C++ code style
[11.995s] -- Configured uncrustify additional arguments: 
[11.998s] -- Added test 'xmllint' to check XML markup files
[12.005s] -- Configuring done
[12.137s] -- Generating done
[12.139s] -- Build files have been written to: /home/julien/Documents/ros/robot_arm/ros2_ws_robot/build/prog_robot_cpp
[12.157s] Invoked command in '/home/julien/Documents/ros/robot_arm/ros2_ws_robot/build/prog_robot_cpp' returned '0': CMAKE_PREFIX_PATH=${CMAKE_PREFIX_PATH}:/home/julien/Documents/ros/ws_ros2/install/simple_pub_sub:/home/julien/Documents/ros/ws_ros2/install/py_pubsub:/home/julien/Documents/ros/microros_ws/install/sensor_msgs_py:/home/julien/Documents/ros/ws_moveit2/install/moveit_configs_utils:/home/julien/Documents/ros/ws_moveit2/install/launch_param_builder:/home/julien/Documents/ros/robot_arm/ros2_ws_robot/install/prog_robot:/opt/ros/humble /usr/bin/cmake /home/julien/Documents/ros/robot_arm/ros2_ws_robot/src/prog_robot_cpp -DCMAKE_INSTALL_PREFIX=/home/julien/Documents/ros/robot_arm/ros2_ws_robot/install/prog_robot_cpp
[12.159s] Invoking command in '/home/julien/Documents/ros/robot_arm/ros2_ws_robot/build/prog_robot_cpp': CMAKE_PREFIX_PATH=${CMAKE_PREFIX_PATH}:/home/julien/Documents/ros/ws_ros2/install/simple_pub_sub:/home/julien/Documents/ros/ws_ros2/install/py_pubsub:/home/julien/Documents/ros/microros_ws/install/sensor_msgs_py:/home/julien/Documents/ros/ws_moveit2/install/moveit_configs_utils:/home/julien/Documents/ros/ws_moveit2/install/launch_param_builder:/home/julien/Documents/ros/robot_arm/ros2_ws_robot/install/prog_robot:/opt/ros/humble /usr/bin/cmake --build /home/julien/Documents/ros/robot_arm/ros2_ws_robot/build/prog_robot_cpp -- -j4 -l4
[12.273s] [ 25%] [32mBuilding CXX object CMakeFiles/scene.dir/src/scene.cpp.o[0m
[12.273s] [ 50%] [32mBuilding CXX object CMakeFiles/hello_moveit.dir/src/hello_moveit.cpp.o[0m
[20.621s] [ 75%] [32m[1mLinking CXX executable scene[0m
[21.144s] [ 75%] Built target scene
[23.905s] [100%] [32m[1mLinking CXX executable hello_moveit[0m
[24.455s] [100%] Built target hello_moveit
[24.477s] Invoked command in '/home/julien/Documents/ros/robot_arm/ros2_ws_robot/build/prog_robot_cpp' returned '0': CMAKE_PREFIX_PATH=${CMAKE_PREFIX_PATH}:/home/julien/Documents/ros/ws_ros2/install/simple_pub_sub:/home/julien/Documents/ros/ws_ros2/install/py_pubsub:/home/julien/Documents/ros/microros_ws/install/sensor_msgs_py:/home/julien/Documents/ros/ws_moveit2/install/moveit_configs_utils:/home/julien/Documents/ros/ws_moveit2/install/launch_param_builder:/home/julien/Documents/ros/robot_arm/ros2_ws_robot/install/prog_robot:/opt/ros/humble /usr/bin/cmake --build /home/julien/Documents/ros/robot_arm/ros2_ws_robot/build/prog_robot_cpp -- -j4 -l4
[24.572s] Invoking command in '/home/julien/Documents/ros/robot_arm/ros2_ws_robot/build/prog_robot_cpp': CMAKE_PREFIX_PATH=${CMAKE_PREFIX_PATH}:/home/julien/Documents/ros/ws_ros2/install/simple_pub_sub:/home/julien/Documents/ros/ws_ros2/install/py_pubsub:/home/julien/Documents/ros/microros_ws/install/sensor_msgs_py:/home/julien/Documents/ros/ws_moveit2/install/moveit_configs_utils:/home/julien/Documents/ros/ws_moveit2/install/launch_param_builder:/home/julien/Documents/ros/robot_arm/ros2_ws_robot/install/prog_robot:/opt/ros/humble /usr/bin/cmake --install /home/julien/Documents/ros/robot_arm/ros2_ws_robot/build/prog_robot_cpp
[24.588s] -- Install configuration: ""
[24.588s] -- Installing: /home/julien/Documents/ros/robot_arm/ros2_ws_robot/install/prog_robot_cpp/lib/prog_robot_cpp/hello_moveit
[24.590s] -- Set runtime path of "/home/julien/Documents/ros/robot_arm/ros2_ws_robot/install/prog_robot_cpp/lib/prog_robot_cpp/hello_moveit" to ""
[24.590s] -- Installing: /home/julien/Documents/ros/robot_arm/ros2_ws_robot/install/prog_robot_cpp/lib/prog_robot_cpp/scene
[24.591s] -- Set runtime path of "/home/julien/Documents/ros/robot_arm/ros2_ws_robot/install/prog_robot_cpp/lib/prog_robot_cpp/scene" to ""
[24.591s] -- Installing: /home/julien/Documents/ros/robot_arm/ros2_ws_robot/install/prog_robot_cpp/share/ament_index/resource_index/package_run_dependencies/prog_robot_cpp
[24.591s] -- Installing: /home/julien/Documents/ros/robot_arm/ros2_ws_robot/install/prog_robot_cpp/share/ament_index/resource_index/parent_prefix_path/prog_robot_cpp
[24.592s] -- Installing: /home/julien/Documents/ros/robot_arm/ros2_ws_robot/install/prog_robot_cpp/share/prog_robot_cpp/environment/ament_prefix_path.sh
[24.592s] -- Installing: /home/julien/Documents/ros/robot_arm/ros2_ws_robot/install/prog_robot_cpp/share/prog_robot_cpp/environment/ament_prefix_path.dsv
[24.592s] -- Installing: /home/julien/Documents/ros/robot_arm/ros2_ws_robot/install/prog_robot_cpp/share/prog_robot_cpp/environment/path.sh
[24.592s] -- Installing: /home/julien/Documents/ros/robot_arm/ros2_ws_robot/install/prog_robot_cpp/share/prog_robot_cpp/environment/path.dsv
[24.592s] -- Installing: /home/julien/Documents/ros/robot_arm/ros2_ws_robot/install/prog_robot_cpp/share/prog_robot_cpp/local_setup.bash
[24.593s] -- Installing: /home/julien/Documents/ros/robot_arm/ros2_ws_robot/install/prog_robot_cpp/share/prog_robot_cpp/local_setup.sh
[24.593s] -- Installing: /home/julien/Documents/ros/robot_arm/ros2_ws_robot/install/prog_robot_cpp/share/prog_robot_cpp/local_setup.zsh
[24.593s] -- Installing: /home/julien/Documents/ros/robot_arm/ros2_ws_robot/install/prog_robot_cpp/share/prog_robot_cpp/local_setup.dsv
[24.594s] -- Installing: /home/julien/Documents/ros/robot_arm/ros2_ws_robot/install/prog_robot_cpp/share/prog_robot_cpp/package.dsv
[24.594s] -- Installing: /home/julien/Documents/ros/robot_arm/ros2_ws_robot/install/prog_robot_cpp/share/ament_index/resource_index/packages/prog_robot_cpp
[24.594s] -- Installing: /home/julien/Documents/ros/robot_arm/ros2_ws_robot/install/prog_robot_cpp/share/prog_robot_cpp/cmake/prog_robot_cppConfig.cmake
[24.594s] -- Installing: /home/julien/Documents/ros/robot_arm/ros2_ws_robot/install/prog_robot_cpp/share/prog_robot_cpp/cmake/prog_robot_cppConfig-version.cmake
[24.594s] -- Installing: /home/julien/Documents/ros/robot_arm/ros2_ws_robot/install/prog_robot_cpp/share/prog_robot_cpp/package.xml
[24.599s] Invoked command in '/home/julien/Documents/ros/robot_arm/ros2_ws_robot/build/prog_robot_cpp' returned '0': CMAKE_PREFIX_PATH=${CMAKE_PREFIX_PATH}:/home/julien/Documents/ros/ws_ros2/install/simple_pub_sub:/home/julien/Documents/ros/ws_ros2/install/py_pubsub:/home/julien/Documents/ros/microros_ws/install/sensor_msgs_py:/home/julien/Documents/ros/ws_moveit2/install/moveit_configs_utils:/home/julien/Documents/ros/ws_moveit2/install/launch_param_builder:/home/julien/Documents/ros/robot_arm/ros2_ws_robot/install/prog_robot:/opt/ros/humble /usr/bin/cmake --install /home/julien/Documents/ros/robot_arm/ros2_ws_robot/build/prog_robot_cpp
