[0.988s] Invoking command in '/home/julien/Documents/ros/robot_arm/ros2_ws_robot/src/prog_robot': PYTHONPATH=/home/julien/Documents/ros/robot_arm/ros2_ws_robot/build/prog_robot/prefix_override:/home/julien/Documents/ros/robot_arm/ros2_ws_robot/install/prog_robot/lib/python3.10/site-packages:${PYTHONPATH} /usr/bin/python3 setup.py egg_info --egg-base ../../build/prog_robot build --build-base /home/julien/Documents/ros/robot_arm/ros2_ws_robot/build/prog_robot/build install --record /home/julien/Documents/ros/robot_arm/ros2_ws_robot/build/prog_robot/install.log --single-version-externally-managed
[1.321s] running egg_info
[1.322s] writing ../../build/prog_robot/prog_robot.egg-info/PKG-INFO
[1.322s] writing dependency_links to ../../build/prog_robot/prog_robot.egg-info/dependency_links.txt
[1.323s] writing entry points to ../../build/prog_robot/prog_robot.egg-info/entry_points.txt
[1.323s] writing requirements to ../../build/prog_robot/prog_robot.egg-info/requires.txt
[1.323s] writing top-level names to ../../build/prog_robot/prog_robot.egg-info/top_level.txt
[1.325s] reading manifest file '../../build/prog_robot/prog_robot.egg-info/SOURCES.txt'
[1.327s] writing manifest file '../../build/prog_robot/prog_robot.egg-info/SOURCES.txt'
[1.327s] running build
[1.327s] running build_py
[1.327s] running install
[1.327s] /usr/lib/python3/dist-packages/setuptools/command/install.py:34: SetuptoolsDeprecationWarning: setup.py install is deprecated. Use build and pip and other standards-based tools.
[1.327s]   warnings.warn(
[1.328s] running install_lib
[1.331s] running install_data
[1.332s] copying launch/simu.launch.py -> /home/julien/Documents/ros/robot_arm/ros2_ws_robot/install/prog_robot/share/prog_robot
[1.332s] running install_egg_info
[1.334s] removing '/home/julien/Documents/ros/robot_arm/ros2_ws_robot/install/prog_robot/lib/python3.10/site-packages/prog_robot-0.0.0-py3.10.egg-info' (and everything under it)
[1.335s] Copying ../../build/prog_robot/prog_robot.egg-info to /home/julien/Documents/ros/robot_arm/ros2_ws_robot/install/prog_robot/lib/python3.10/site-packages/prog_robot-0.0.0-py3.10.egg-info
[1.336s] running install_scripts
[1.362s] Installing go_home script to /home/julien/Documents/ros/robot_arm/ros2_ws_robot/install/prog_robot/lib/prog_robot
[1.362s] Installing move script to /home/julien/Documents/ros/robot_arm/ros2_ws_robot/install/prog_robot/lib/prog_robot
[1.362s] Installing pub_to_arduino script to /home/julien/Documents/ros/robot_arm/ros2_ws_robot/install/prog_robot/lib/prog_robot
[1.363s] writing list of installed files to '/home/julien/Documents/ros/robot_arm/ros2_ws_robot/build/prog_robot/install.log'
[1.391s] Invoked command in '/home/julien/Documents/ros/robot_arm/ros2_ws_robot/src/prog_robot' returned '0': PYTHONPATH=/home/julien/Documents/ros/robot_arm/ros2_ws_robot/build/prog_robot/prefix_override:/home/julien/Documents/ros/robot_arm/ros2_ws_robot/install/prog_robot/lib/python3.10/site-packages:${PYTHONPATH} /usr/bin/python3 setup.py egg_info --egg-base ../../build/prog_robot build --build-base /home/julien/Documents/ros/robot_arm/ros2_ws_robot/build/prog_robot/build install --record /home/julien/Documents/ros/robot_arm/ros2_ws_robot/build/prog_robot/install.log --single-version-externally-managed
