[7.524s] Invoking command in '/home/julien/Documents/ros/robot_arm/ros2_ws_robot/src/tictactoe': PYTHONPATH=/home/julien/Documents/ros/robot_arm/ros2_ws_robot/build/tictactoe/prefix_override:/home/julien/Documents/ros/robot_arm/ros2_ws_robot/install/tictactoe/lib/python3.10/site-packages:${PYTHONPATH} /usr/bin/python3 setup.py egg_info --egg-base ../../build/tictactoe build --build-base /home/julien/Documents/ros/robot_arm/ros2_ws_robot/build/tictactoe/build install --record /home/julien/Documents/ros/robot_arm/ros2_ws_robot/build/tictactoe/install.log --single-version-externally-managed
[9.134s] running egg_info
[9.137s] writing ../../build/tictactoe/tictactoe.egg-info/PKG-INFO
[9.138s] writing dependency_links to ../../build/tictactoe/tictactoe.egg-info/dependency_links.txt
[9.138s] writing entry points to ../../build/tictactoe/tictactoe.egg-info/entry_points.txt
[9.139s] writing requirements to ../../build/tictactoe/tictactoe.egg-info/requires.txt
[9.140s] writing top-level names to ../../build/tictactoe/tictactoe.egg-info/top_level.txt
[9.151s] reading manifest file '../../build/tictactoe/tictactoe.egg-info/SOURCES.txt'
[9.155s] writing manifest file '../../build/tictactoe/tictactoe.egg-info/SOURCES.txt'
[9.155s] running build
[9.155s] running build_py
[9.157s] running install
[9.159s] running install_lib
[9.168s] running install_data
[9.170s] running install_egg_info
[9.179s] removing '/home/julien/Documents/ros/robot_arm/ros2_ws_robot/install/tictactoe/lib/python3.10/site-packages/tictactoe-0.0.0-py3.10.egg-info' (and everything under it)
[9.189s] Copying ../../build/tictactoe/tictactoe.egg-info to /home/julien/Documents/ros/robot_arm/ros2_ws_robot/install/tictactoe/lib/python3.10/site-packages/tictactoe-0.0.0-py3.10.egg-info
[9.195s] running install_scripts
[9.317s] Installing main script to /home/julien/Documents/ros/robot_arm/ros2_ws_robot/install/tictactoe/lib/tictactoe
[9.318s] writing list of installed files to '/home/julien/Documents/ros/robot_arm/ros2_ws_robot/build/tictactoe/install.log'
[9.430s] Invoked command in '/home/julien/Documents/ros/robot_arm/ros2_ws_robot/src/tictactoe' returned '0': PYTHONPATH=/home/julien/Documents/ros/robot_arm/ros2_ws_robot/build/tictactoe/prefix_override:/home/julien/Documents/ros/robot_arm/ros2_ws_robot/install/tictactoe/lib/python3.10/site-packages:${PYTHONPATH} /usr/bin/python3 setup.py egg_info --egg-base ../../build/tictactoe build --build-base /home/julien/Documents/ros/robot_arm/ros2_ws_robot/build/tictactoe/build install --record /home/julien/Documents/ros/robot_arm/ros2_ws_robot/build/tictactoe/install.log --single-version-externally-managed
