-- Install configuration: ""
-- Up-to-date: /home/julien/Documents/ros/robot_arm/install/Robot_description/share/Robot_description/urdf
-- Up-to-date: /home/julien/Documents/ros/robot_arm/install/Robot_description/share/Robot_description/urdf/materials.xacro
-- Up-to-date: /home/julien/Documents/ros/robot_arm/install/Robot_description/share/Robot_description/urdf/Robot.gazebo
-- Installing: /home/julien/Documents/ros/robot_arm/install/Robot_description/share/Robot_description/urdf/Robot.xacro
-- Up-to-date: /home/julien/Documents/ros/robot_arm/install/Robot_description/share/Robot_description/urdf/Robot.trans
-- Up-to-date: /home/julien/Documents/ros/robot_arm/install/Robot_description/share/Robot_description/meshes
-- Up-to-date: /home/julien/Documents/ros/robot_arm/install/Robot_description/share/Robot_description/meshes/link5_1.stl
-- Up-to-date: /home/julien/Documents/ros/robot_arm/install/Robot_description/share/Robot_description/meshes/link2_1.stl
-- Up-to-date: /home/julien/Documents/ros/robot_arm/install/Robot_description/share/Robot_description/meshes/link6_1.stl
-- Up-to-date: /home/julien/Documents/ros/robot_arm/install/Robot_description/share/Robot_description/meshes/Servo_Gear_1.stl
-- Up-to-date: /home/julien/Documents/ros/robot_arm/install/Robot_description/share/Robot_description/meshes/link1_1.stl
-- Up-to-date: /home/julien/Documents/ros/robot_arm/install/Robot_description/share/Robot_description/meshes/link3_1.stl
-- Up-to-date: /home/julien/Documents/ros/robot_arm/install/Robot_description/share/Robot_description/meshes/base_link.stl
-- Up-to-date: /home/julien/Documents/ros/robot_arm/install/Robot_description/share/Robot_description/meshes/Idol_Gear_1.stl
-- Up-to-date: /home/julien/Documents/ros/robot_arm/install/Robot_description/share/Robot_description/meshes/link4_1.stl
-- Up-to-date: /home/julien/Documents/ros/robot_arm/install/Robot_description/share/Robot_description/launch
-- Up-to-date: /home/julien/Documents/ros/robot_arm/install/Robot_description/share/Robot_description/launch/visualize.launch.py
-- Up-to-date: /home/julien/Documents/ros/robot_arm/install/Robot_description/share/Robot_description/rviz
-- Installing: /home/julien/Documents/ros/robot_arm/install/Robot_description/share/Robot_description/rviz/config.rviz
-- Up-to-date: /home/julien/Documents/ros/robot_arm/install/Robot_description/share/ament_index/resource_index/package_run_dependencies/Robot_description
-- Up-to-date: /home/julien/Documents/ros/robot_arm/install/Robot_description/share/ament_index/resource_index/parent_prefix_path/Robot_description
-- Up-to-date: /home/julien/Documents/ros/robot_arm/install/Robot_description/share/Robot_description/environment/ament_prefix_path.sh
-- Up-to-date: /home/julien/Documents/ros/robot_arm/install/Robot_description/share/Robot_description/environment/ament_prefix_path.dsv
-- Up-to-date: /home/julien/Documents/ros/robot_arm/install/Robot_description/share/Robot_description/environment/path.sh
-- Up-to-date: /home/julien/Documents/ros/robot_arm/install/Robot_description/share/Robot_description/environment/path.dsv
-- Up-to-date: /home/julien/Documents/ros/robot_arm/install/Robot_description/share/Robot_description/local_setup.bash
-- Up-to-date: /home/julien/Documents/ros/robot_arm/install/Robot_description/share/Robot_description/local_setup.sh
-- Up-to-date: /home/julien/Documents/ros/robot_arm/install/Robot_description/share/Robot_description/local_setup.zsh
-- Up-to-date: /home/julien/Documents/ros/robot_arm/install/Robot_description/share/Robot_description/local_setup.dsv
-- Installing: /home/julien/Documents/ros/robot_arm/install/Robot_description/share/Robot_description/package.dsv
-- Up-to-date: /home/julien/Documents/ros/robot_arm/install/Robot_description/share/ament_index/resource_index/packages/Robot_description
-- Up-to-date: /home/julien/Documents/ros/robot_arm/install/Robot_description/share/Robot_description/cmake/Robot_descriptionConfig.cmake
-- Up-to-date: /home/julien/Documents/ros/robot_arm/install/Robot_description/share/Robot_description/cmake/Robot_descriptionConfig-version.cmake
-- Up-to-date: /home/julien/Documents/ros/robot_arm/install/Robot_description/share/Robot_description/package.xml
